Information	10/10/2025 11:59:00	Microsoft-Windows-HttpService	113	HTTP Configuration Property Trace Task	Tentative d’ajout de l’URL (http://*:2869/upnp/eventing/) au groupe d’URL (0xFE00000620000005). État : 0x0. ID de processus 0x20C4 \Device\HarddiskVolume5\Windows\System32\svchost.exe de chemin d’accès de l’exécutable, SERVICE LOCAL  utilisateur
Information	10/10/2025 11:58:59	Microsoft-Windows-HttpService	114	HTTP Configuration Property Trace Task	URL (http://*:2869/upnp/eventing/) supprimée du groupe d’URL (0xFE00000020000007). ID de processus 0x20C4 chemin d’accès de l’exécutable \Device\HarddiskVolume5\Windows\System32\svchost.exe, SERVICE LOCAL  utilisateur
Information	10/10/2025 11:58:59	Microsoft-Windows-HttpService	113	HTTP Configuration Property Trace Task	Tentative d’ajout de l’URL (http://*:2869/upnp/eventing/) au groupe d’URL (0xFE00000020000007). État : 0x0. ID de processus 0x20C4 \Device\HarddiskVolume5\Windows\System32\svchost.exe de chemin d’accès de l’exécutable, SERVICE LOCAL  utilisateur
Information	10/10/2025 11:58:58	Microsoft-Windows-HttpService	114	HTTP Configuration Property Trace Task	URL (http://*:2869/upnp/eventing/) supprimée du groupe d’URL (0xFF00000220000005). ID de processus 0x20C4 chemin d’accès de l’exécutable \Device\HarddiskVolume5\Windows\System32\svchost.exe, SERVICE LOCAL  utilisateur
Information	10/10/2025 11:58:58	Microsoft-Windows-HttpService	113	HTTP Configuration Property Trace Task	Tentative d’ajout de l’URL (http://*:2869/upnp/eventing/) au groupe d’URL (0xFF00000220000005). État : 0x0. ID de processus 0x20C4 \Device\HarddiskVolume5\Windows\System32\svchost.exe de chemin d’accès de l’exécutable, SERVICE LOCAL  utilisateur
Information	10/10/2025 11:58:58	Microsoft-Windows-HttpService	114	HTTP Configuration Property Trace Task	URL (http://*:2869/upnp/eventing/) supprimée du groupe d’URL (0xFF00000420000005). ID de processus 0x20C4 chemin d’accès de l’exécutable \Device\HarddiskVolume5\Windows\System32\svchost.exe, SERVICE LOCAL  utilisateur
Information	10/10/2025 11:58:58	Microsoft-Windows-HttpService	113	HTTP Configuration Property Trace Task	Tentative d’ajout de l’URL (http://*:2869/upnp/eventing/) au groupe d’URL (0xFF00000420000005). État : 0x0. ID de processus 0x20C4 \Device\HarddiskVolume5\Windows\System32\svchost.exe de chemin d’accès de l’exécutable, SERVICE LOCAL  utilisateur
Information	10/10/2025 11:58:58	Microsoft-Windows-HttpService	114	HTTP Configuration Property Trace Task	URL (http://*:2869/upnp/eventing/) supprimée du groupe d’URL (0xFE00000020000006). ID de processus 0x20C4 chemin d’accès de l’exécutable \Device\HarddiskVolume5\Windows\System32\svchost.exe, SERVICE LOCAL  utilisateur
Information	10/10/2025 11:58:58	Microsoft-Windows-HttpService	113	HTTP Configuration Property Trace Task	Tentative d’ajout de l’URL (http://*:2869/upnp/eventing/) au groupe d’URL (0xFE00000020000006). État : 0x0. ID de processus 0x20C4 \Device\HarddiskVolume5\Windows\System32\svchost.exe de chemin d’accès de l’exécutable, SERVICE LOCAL  utilisateur
Information	10/10/2025 11:58:54	Service Control Manager	7040	Aucun	Le type de démarrage du service Service de transfert intelligent en arrière-plan est passé de Démarrage à la demande à Démarrage automatique.
Information	10/10/2025 11:07:30	Microsoft-Windows-WindowsUpdateClient	19	Agent de mise à jour automatique Windows Update	Installation réussie : Windows a installé la mise à jour suivante : Mise à jour de la sélection disjointe pour Microsoft Defender Antivirus – 2267602 Ko (version 1.439.61.0) – Canal actuel (large)
Information	10/10/2025 11:07:21	Microsoft-Windows-WindowsUpdateClient	43	Agent de mise à jour automatique Windows Update	Installation démarrée : Windows a commencé l'installation de la mise à jour suivante : Mise à jour de la sélection disjointe pour Microsoft Defender Antivirus – 2267602 Ko (version 1.439.61.0) – Canal actuel (large)
Information	10/10/2025 11:07:21	Microsoft-Windows-WindowsUpdateClient	44	Agent de mise à jour automatique Windows Update	Windows Update a démarré le téléchargement d'une mise à jour.
Information	10/10/2025 08:00:49	Netwtw10	7021	Aucun	7021 - Connection telemetry fields and analysis usage
Information	10/10/2025 08:00:42	Netwtw10	7021	Aucun	7021 - Connection telemetry fields and analysis usage
Information	10/10/2025 08:00:35	Netwtw10	7021	Aucun	7021 - Connection telemetry fields and analysis usage
Information	10/10/2025 08:00:33	Netwtw10	7021	Aucun	7021 - Connection telemetry fields and analysis usage
Information	10/10/2025 08:00:31	Netwtw10	7021	Aucun	7021 - Connection telemetry fields and analysis usage
Information	10/10/2025 08:00:28	Netwtw10	7021	Aucun	7021 - Connection telemetry fields and analysis usage
Information	10/10/2025 08:00:19	Netwtw10	7021	Aucun	7021 - Connection telemetry fields and analysis usage
Information	10/10/2025 08:00:15	Netwtw10	7021	Aucun	7021 - Connection telemetry fields and analysis usage
Information	10/10/2025 08:00:11	Netwtw10	7021	Aucun	7021 - Connection telemetry fields and analysis usage
Information	10/10/2025 08:00:04	Netwtw10	7021	Aucun	7021 - Connection telemetry fields and analysis usage
Information	10/10/2025 08:00:00	Netwtw10	7021	Aucun	7021 - Connection telemetry fields and analysis usage
Information	10/10/2025 07:59:55	Netwtw10	7021	Aucun	7021 - Connection telemetry fields and analysis usage
Information	10/10/2025 07:59:53	Netwtw10	7021	Aucun	7021 - Connection telemetry fields and analysis usage
Information	10/10/2025 07:59:50	Netwtw10	7021	Aucun	7021 - Connection telemetry fields and analysis usage
Information	10/10/2025 07:59:40	Netwtw10	7021	Aucun	7021 - Connection telemetry fields and analysis usage
Information	10/10/2025 02:59:54	Service Control Manager	7040	Aucun	Le type de démarrage du service Service de transfert intelligent en arrière-plan est passé de Démarrage automatique à Démarrage à la demande.
Information	10/10/2025 02:57:50	Service Control Manager	7040	Aucun	Le type de démarrage du service Service de transfert intelligent en arrière-plan est passé de Démarrage à la demande à Démarrage automatique.
Information	10/10/2025 02:31:45	Microsoft-Windows-Kernel-General	16	Aucun	L’historique des accès de la ruche \??\C:\Users\Perceval\AppData\Local\Packages\microsoft.windowscommunicationsapps_8wekyb3d8bbwe\Settings\settings.dat a été effacé, mettant à jour 19 clés et créant 4 pages modifiées.
Information	10/10/2025 02:01:10	Service Control Manager	7040	Aucun	Le type de démarrage du service Service de transfert intelligent en arrière-plan est passé de Démarrage automatique à Démarrage à la demande.
Information	10/10/2025 01:59:04	Microsoft-Windows-HttpService	114	HTTP Configuration Property Trace Task	URL (http://*:2869/upnp/eventing/) supprimée du groupe d’URL (0xFE00000620000004). ID de processus 0x20C4 chemin d’accès de l’exécutable \Device\HarddiskVolume5\Windows\System32\svchost.exe, SERVICE LOCAL  utilisateur
Information	10/10/2025 01:59:04	Microsoft-Windows-HttpService	113	HTTP Configuration Property Trace Task	Tentative d’ajout de l’URL (http://*:2869/upnp/eventing/) au groupe d’URL (0xFE00000620000004). État : 0x0. ID de processus 0x20C4 \Device\HarddiskVolume5\Windows\System32\svchost.exe de chemin d’accès de l’exécutable, SERVICE LOCAL  utilisateur
Information	10/10/2025 01:59:03	Microsoft-Windows-HttpService	114	HTTP Configuration Property Trace Task	URL (http://*:2869/upnp/eventing/) supprimée du groupe d’URL (0xFE00000620000003). ID de processus 0x20C4 chemin d’accès de l’exécutable \Device\HarddiskVolume5\Windows\System32\svchost.exe, SERVICE LOCAL  utilisateur
Information	10/10/2025 01:59:03	Microsoft-Windows-HttpService	113	HTTP Configuration Property Trace Task	Tentative d’ajout de l’URL (http://*:2869/upnp/eventing/) au groupe d’URL (0xFE00000620000003). État : 0x0. ID de processus 0x20C4 \Device\HarddiskVolume5\Windows\System32\svchost.exe de chemin d’accès de l’exécutable, SERVICE LOCAL  utilisateur
Information	10/10/2025 01:59:03	Microsoft-Windows-HttpService	114	HTTP Configuration Property Trace Task	URL (http://*:2869/upnp/eventing/) supprimée du groupe d’URL (0xFE00000A20000001). ID de processus 0x20C4 chemin d’accès de l’exécutable \Device\HarddiskVolume5\Windows\System32\svchost.exe, SERVICE LOCAL  utilisateur
Information	10/10/2025 01:59:03	Microsoft-Windows-HttpService	113	HTTP Configuration Property Trace Task	Tentative d’ajout de l’URL (http://*:2869/upnp/eventing/) au groupe d’URL (0xFE00000A20000001). État : 0x0. ID de processus 0x20C4 \Device\HarddiskVolume5\Windows\System32\svchost.exe de chemin d’accès de l’exécutable, SERVICE LOCAL  utilisateur
Information	10/10/2025 01:59:02	Microsoft-Windows-HttpService	114	HTTP Configuration Property Trace Task	URL (http://*:2869/upnp/eventing/) supprimée du groupe d’URL (0xFF00000220000004). ID de processus 0x20C4 chemin d’accès de l’exécutable \Device\HarddiskVolume5\Windows\System32\svchost.exe, SERVICE LOCAL  utilisateur
Information	10/10/2025 01:59:02	Microsoft-Windows-HttpService	113	HTTP Configuration Property Trace Task	Tentative d’ajout de l’URL (http://*:2869/upnp/eventing/) au groupe d’URL (0xFF00000220000004). État : 0x0. ID de processus 0x20C4 \Device\HarddiskVolume5\Windows\System32\svchost.exe de chemin d’accès de l’exécutable, SERVICE LOCAL  utilisateur
Information	10/10/2025 01:59:02	Microsoft-Windows-HttpService	114	HTTP Configuration Property Trace Task	URL (http://*:2869/upnp/eventing/) supprimée du groupe d’URL (0xFE00000620000002). ID de processus 0x20C4 chemin d’accès de l’exécutable \Device\HarddiskVolume5\Windows\System32\svchost.exe, SERVICE LOCAL  utilisateur
Information	10/10/2025 01:59:02	Microsoft-Windows-HttpService	113	HTTP Configuration Property Trace Task	Tentative d’ajout de l’URL (http://*:2869/upnp/eventing/) au groupe d’URL (0xFE00000620000002). État : 0x0. ID de processus 0x20C4 \Device\HarddiskVolume5\Windows\System32\svchost.exe de chemin d’accès de l’exécutable, SERVICE LOCAL  utilisateur
Information	10/10/2025 01:59:01	Microsoft-Windows-HttpService	114	HTTP Configuration Property Trace Task	URL (http://*:2869/upnp/eventing/) supprimée du groupe d’URL (0xFF00000420000004). ID de processus 0x20C4 chemin d’accès de l’exécutable \Device\HarddiskVolume5\Windows\System32\svchost.exe, SERVICE LOCAL  utilisateur
Information	10/10/2025 01:59:01	Microsoft-Windows-HttpService	113	HTTP Configuration Property Trace Task	Tentative d’ajout de l’URL (http://*:2869/upnp/eventing/) au groupe d’URL (0xFF00000420000004). État : 0x0. ID de processus 0x20C4 \Device\HarddiskVolume5\Windows\System32\svchost.exe de chemin d’accès de l’exécutable, SERVICE LOCAL  utilisateur
Information	10/10/2025 01:59:01	Microsoft-Windows-HttpService	114	HTTP Configuration Property Trace Task	URL (http://*:2869/upnp/eventing/) supprimée du groupe d’URL (0xFE00000820000003). ID de processus 0x20C4 chemin d’accès de l’exécutable \Device\HarddiskVolume5\Windows\System32\svchost.exe, SERVICE LOCAL  utilisateur
Information	10/10/2025 01:59:01	Microsoft-Windows-HttpService	113	HTTP Configuration Property Trace Task	Tentative d’ajout de l’URL (http://*:2869/upnp/eventing/) au groupe d’URL (0xFE00000820000003). État : 0x0. ID de processus 0x20C4 \Device\HarddiskVolume5\Windows\System32\svchost.exe de chemin d’accès de l’exécutable, SERVICE LOCAL  utilisateur
Information	10/10/2025 01:58:59	Microsoft-Windows-HttpService	114	HTTP Configuration Property Trace Task	URL (http://*:2869/upnp/eventing/) supprimée du groupe d’URL (0xFE00000020000005). ID de processus 0x20C4 chemin d’accès de l’exécutable \Device\HarddiskVolume5\Windows\System32\svchost.exe, SERVICE LOCAL  utilisateur
Information	10/10/2025 01:58:59	Microsoft-Windows-HttpService	113	HTTP Configuration Property Trace Task	Tentative d’ajout de l’URL (http://*:2869/upnp/eventing/) au groupe d’URL (0xFE00000020000005). État : 0x0. ID de processus 0x20C4 \Device\HarddiskVolume5\Windows\System32\svchost.exe de chemin d’accès de l’exécutable, SERVICE LOCAL  utilisateur
Information	10/10/2025 01:58:59	Microsoft-Windows-HttpService	114	HTTP Configuration Property Trace Task	URL (http://*:2869/upnp/eventing/) supprimée du groupe d’URL (0xFF00000220000003). ID de processus 0x20C4 chemin d’accès de l’exécutable \Device\HarddiskVolume5\Windows\System32\svchost.exe, SERVICE LOCAL  utilisateur
Information	10/10/2025 01:58:59	Microsoft-Windows-HttpService	113	HTTP Configuration Property Trace Task	Tentative d’ajout de l’URL (http://*:2869/upnp/eventing/) au groupe d’URL (0xFF00000220000003). État : 0x0. ID de processus 0x20C4 \Device\HarddiskVolume5\Windows\System32\svchost.exe de chemin d’accès de l’exécutable, SERVICE LOCAL  utilisateur
Information	10/10/2025 01:58:59	Microsoft-Windows-HttpService	114	HTTP Configuration Property Trace Task	URL (http://*:2869/upnp/eventing/) supprimée du groupe d’URL (0xFE00000820000002). ID de processus 0x20C4 chemin d’accès de l’exécutable \Device\HarddiskVolume5\Windows\System32\svchost.exe, SERVICE LOCAL  utilisateur
Information	10/10/2025 01:58:59	Microsoft-Windows-HttpService	113	HTTP Configuration Property Trace Task	Tentative d’ajout de l’URL (http://*:2869/upnp/eventing/) au groupe d’URL (0xFE00000820000002). État : 0x0. ID de processus 0x20C4 \Device\HarddiskVolume5\Windows\System32\svchost.exe de chemin d’accès de l’exécutable, SERVICE LOCAL  utilisateur
Information	10/10/2025 01:58:59	Microsoft-Windows-HttpService	114	HTTP Configuration Property Trace Task	URL (http://*:2869/upnp/eventing/) supprimée du groupe d’URL (0xFE00000720000003). ID de processus 0x20C4 chemin d’accès de l’exécutable \Device\HarddiskVolume5\Windows\System32\svchost.exe, SERVICE LOCAL  utilisateur
Information	10/10/2025 01:58:59	Microsoft-Windows-HttpService	113	HTTP Configuration Property Trace Task	Tentative d’ajout de l’URL (http://*:2869/upnp/eventing/) au groupe d’URL (0xFE00000720000003). État : 0x0. ID de processus 0x20C4 \Device\HarddiskVolume5\Windows\System32\svchost.exe de chemin d’accès de l’exécutable, SERVICE LOCAL  utilisateur
Information	10/10/2025 01:58:54	Service Control Manager	7040	Aucun	Le type de démarrage du service Service de transfert intelligent en arrière-plan est passé de Démarrage à la demande à Démarrage automatique.
Information	09/10/2025 23:20:20	Microsoft-Windows-WindowsUpdateClient	19	Agent de mise à jour automatique Windows Update	Installation réussie : Windows a installé la mise à jour suivante : Mise à jour de la sélection disjointe pour Microsoft Defender Antivirus – 2267602 Ko (version 1.439.45.0) – Canal actuel (large)
Information	09/10/2025 23:20:12	Microsoft-Windows-WindowsUpdateClient	43	Agent de mise à jour automatique Windows Update	Installation démarrée : Windows a commencé l'installation de la mise à jour suivante : Mise à jour de la sélection disjointe pour Microsoft Defender Antivirus – 2267602 Ko (version 1.439.45.0) – Canal actuel (large)
Information	09/10/2025 23:20:12	Microsoft-Windows-WindowsUpdateClient	44	Agent de mise à jour automatique Windows Update	Windows Update a démarré le téléchargement d'une mise à jour.
Avertissement	09/10/2025 21:10:23	Tcpip	4266	Aucun	Une demande d’allocation d’un numéro de port éphémère de l’espace de port UDP global a échoué car tous les ports de ce type sont utilisés.
Information	09/10/2025 21:01:19	Service Control Manager	7040	Aucun	Le type de démarrage du service Service de transfert intelligent en arrière-plan est passé de Démarrage automatique à Démarrage à la demande.
Information	09/10/2025 20:59:15	Microsoft-Windows-HttpService	114	HTTP Configuration Property Trace Task	URL (http://*:2869/upnp/eventing/) supprimée du groupe d’URL (0xFE00000920000003). ID de processus 0x20C4 chemin d’accès de l’exécutable \Device\HarddiskVolume5\Windows\System32\svchost.exe, SERVICE LOCAL  utilisateur
Information	09/10/2025 20:59:15	Microsoft-Windows-HttpService	113	HTTP Configuration Property Trace Task	Tentative d’ajout de l’URL (http://*:2869/upnp/eventing/) au groupe d’URL (0xFE00000920000003). État : 0x0. ID de processus 0x20C4 \Device\HarddiskVolume5\Windows\System32\svchost.exe de chemin d’accès de l’exécutable, SERVICE LOCAL  utilisateur
Information	09/10/2025 20:59:11	Microsoft-Windows-HttpService	114	HTTP Configuration Property Trace Task	URL (http://*:2869/upnp/eventing/) supprimée du groupe d’URL (0xFE00000520000002). ID de processus 0x20C4 chemin d’accès de l’exécutable \Device\HarddiskVolume5\Windows\System32\svchost.exe, SERVICE LOCAL  utilisateur
Information	09/10/2025 20:59:11	Microsoft-Windows-HttpService	113	HTTP Configuration Property Trace Task	Tentative d’ajout de l’URL (http://*:2869/upnp/eventing/) au groupe d’URL (0xFE00000520000002). État : 0x0. ID de processus 0x20C4 \Device\HarddiskVolume5\Windows\System32\svchost.exe de chemin d’accès de l’exécutable, SERVICE LOCAL  utilisateur
Information	09/10/2025 20:59:04	Microsoft-Windows-HttpService	114	HTTP Configuration Property Trace Task	URL (http://*:2869/upnp/eventing/) supprimée du groupe d’URL (0xFE00000520000001). ID de processus 0x20C4 chemin d’accès de l’exécutable \Device\HarddiskVolume5\Windows\System32\svchost.exe, SERVICE LOCAL  utilisateur
Information	09/10/2025 20:59:04	Microsoft-Windows-HttpService	113	HTTP Configuration Property Trace Task	Tentative d’ajout de l’URL (http://*:2869/upnp/eventing/) au groupe d’URL (0xFE00000520000001). État : 0x0. ID de processus 0x20C4 \Device\HarddiskVolume5\Windows\System32\svchost.exe de chemin d’accès de l’exécutable, SERVICE LOCAL  utilisateur
Information	09/10/2025 20:59:03	Microsoft-Windows-HttpService	114	HTTP Configuration Property Trace Task	URL (http://*:2869/upnp/eventing/) supprimée du groupe d’URL (0xFE00000020000004). ID de processus 0x20C4 chemin d’accès de l’exécutable \Device\HarddiskVolume5\Windows\System32\svchost.exe, SERVICE LOCAL  utilisateur
Information	09/10/2025 20:59:03	Microsoft-Windows-HttpService	113	HTTP Configuration Property Trace Task	Tentative d’ajout de l’URL (http://*:2869/upnp/eventing/) au groupe d’URL (0xFE00000020000004). État : 0x0. ID de processus 0x20C4 \Device\HarddiskVolume5\Windows\System32\svchost.exe de chemin d’accès de l’exécutable, SERVICE LOCAL  utilisateur
Information	09/10/2025 20:59:03	Microsoft-Windows-HttpService	114	HTTP Configuration Property Trace Task	URL (http://*:2869/upnp/eventing/) supprimée du groupe d’URL (0xFE00000020000003). ID de processus 0x20C4 chemin d’accès de l’exécutable \Device\HarddiskVolume5\Windows\System32\svchost.exe, SERVICE LOCAL  utilisateur
Information	09/10/2025 20:59:03	Microsoft-Windows-HttpService	113	HTTP Configuration Property Trace Task	Tentative d’ajout de l’URL (http://*:2869/upnp/eventing/) au groupe d’URL (0xFE00000020000003). État : 0x0. ID de processus 0x20C4 \Device\HarddiskVolume5\Windows\System32\svchost.exe de chemin d’accès de l’exécutable, SERVICE LOCAL  utilisateur
Information	09/10/2025 20:59:02	Microsoft-Windows-HttpService	114	HTTP Configuration Property Trace Task	URL (http://*:2869/upnp/eventing/) supprimée du groupe d’URL (0xFF00000420000003). ID de processus 0x20C4 chemin d’accès de l’exécutable \Device\HarddiskVolume5\Windows\System32\svchost.exe, SERVICE LOCAL  utilisateur
Information	09/10/2025 20:59:02	Microsoft-Windows-HttpService	113	HTTP Configuration Property Trace Task	Tentative d’ajout de l’URL (http://*:2869/upnp/eventing/) au groupe d’URL (0xFF00000420000003). État : 0x0. ID de processus 0x20C4 \Device\HarddiskVolume5\Windows\System32\svchost.exe de chemin d’accès de l’exécutable, SERVICE LOCAL  utilisateur
Information	09/10/2025 20:59:02	Microsoft-Windows-HttpService	114	HTTP Configuration Property Trace Task	URL (http://*:2869/upnp/eventing/) supprimée du groupe d’URL (0xFE00000820000001). ID de processus 0x20C4 chemin d’accès de l’exécutable \Device\HarddiskVolume5\Windows\System32\svchost.exe, SERVICE LOCAL  utilisateur
Information	09/10/2025 20:59:02	Microsoft-Windows-HttpService	113	HTTP Configuration Property Trace Task	Tentative d’ajout de l’URL (http://*:2869/upnp/eventing/) au groupe d’URL (0xFE00000820000001). État : 0x0. ID de processus 0x20C4 \Device\HarddiskVolume5\Windows\System32\svchost.exe de chemin d’accès de l’exécutable, SERVICE LOCAL  utilisateur
Information	09/10/2025 20:59:01	Microsoft-Windows-HttpService	114	HTTP Configuration Property Trace Task	URL (http://*:2869/upnp/eventing/) supprimée du groupe d’URL (0xFE00000920000002). ID de processus 0x20C4 chemin d’accès de l’exécutable \Device\HarddiskVolume5\Windows\System32\svchost.exe, SERVICE LOCAL  utilisateur
Information	09/10/2025 20:59:01	Microsoft-Windows-HttpService	113	HTTP Configuration Property Trace Task	Tentative d’ajout de l’URL (http://*:2869/upnp/eventing/) au groupe d’URL (0xFE00000920000002). État : 0x0. ID de processus 0x20C4 \Device\HarddiskVolume5\Windows\System32\svchost.exe de chemin d’accès de l’exécutable, SERVICE LOCAL  utilisateur
Information	09/10/2025 20:59:01	Microsoft-Windows-HttpService	114	HTTP Configuration Property Trace Task	URL (http://*:2869/upnp/eventing/) supprimée du groupe d’URL (0xFE00000620000001). ID de processus 0x20C4 chemin d’accès de l’exécutable \Device\HarddiskVolume5\Windows\System32\svchost.exe, SERVICE LOCAL  utilisateur
Information	09/10/2025 20:59:01	Microsoft-Windows-HttpService	113	HTTP Configuration Property Trace Task	Tentative d’ajout de l’URL (http://*:2869/upnp/eventing/) au groupe d’URL (0xFE00000620000001). État : 0x0. ID de processus 0x20C4 \Device\HarddiskVolume5\Windows\System32\svchost.exe de chemin d’accès de l’exécutable, SERVICE LOCAL  utilisateur
Information	09/10/2025 20:58:59	Microsoft-Windows-HttpService	114	HTTP Configuration Property Trace Task	URL (http://*:2869/upnp/eventing/) supprimée du groupe d’URL (0xFE00000720000002). ID de processus 0x20C4 chemin d’accès de l’exécutable \Device\HarddiskVolume5\Windows\System32\svchost.exe, SERVICE LOCAL  utilisateur
Information	09/10/2025 20:58:59	Microsoft-Windows-HttpService	113	HTTP Configuration Property Trace Task	Tentative d’ajout de l’URL (http://*:2869/upnp/eventing/) au groupe d’URL (0xFE00000720000002). État : 0x0. ID de processus 0x20C4 \Device\HarddiskVolume5\Windows\System32\svchost.exe de chemin d’accès de l’exécutable, SERVICE LOCAL  utilisateur
Information	09/10/2025 20:58:59	Microsoft-Windows-HttpService	114	HTTP Configuration Property Trace Task	URL (http://*:2869/upnp/eventing/) supprimée du groupe d’URL (0xFE00000320000001). ID de processus 0x20C4 chemin d’accès de l’exécutable \Device\HarddiskVolume5\Windows\System32\svchost.exe, SERVICE LOCAL  utilisateur
Information	09/10/2025 20:58:59	Microsoft-Windows-HttpService	113	HTTP Configuration Property Trace Task	Tentative d’ajout de l’URL (http://*:2869/upnp/eventing/) au groupe d’URL (0xFE00000320000001). État : 0x0. ID de processus 0x20C4 \Device\HarddiskVolume5\Windows\System32\svchost.exe de chemin d’accès de l’exécutable, SERVICE LOCAL  utilisateur
Information	09/10/2025 20:58:59	Microsoft-Windows-HttpService	114	HTTP Configuration Property Trace Task	URL (http://*:2869/upnp/eventing/) supprimée du groupe d’URL (0xFE00000920000001). ID de processus 0x20C4 chemin d’accès de l’exécutable \Device\HarddiskVolume5\Windows\System32\svchost.exe, SERVICE LOCAL  utilisateur
Information	09/10/2025 20:58:59	Microsoft-Windows-HttpService	113	HTTP Configuration Property Trace Task	Tentative d’ajout de l’URL (http://*:2869/upnp/eventing/) au groupe d’URL (0xFE00000920000001). État : 0x0. ID de processus 0x20C4 \Device\HarddiskVolume5\Windows\System32\svchost.exe de chemin d’accès de l’exécutable, SERVICE LOCAL  utilisateur
Information	09/10/2025 20:58:59	Microsoft-Windows-HttpService	114	HTTP Configuration Property Trace Task	URL (http://*:2869/upnp/eventing/) supprimée du groupe d’URL (0xFE00000720000001). ID de processus 0x20C4 chemin d’accès de l’exécutable \Device\HarddiskVolume5\Windows\System32\svchost.exe, SERVICE LOCAL  utilisateur
Information	09/10/2025 20:58:59	Microsoft-Windows-HttpService	113	HTTP Configuration Property Trace Task	Tentative d’ajout de l’URL (http://*:2869/upnp/eventing/) au groupe d’URL (0xFE00000720000001). État : 0x0. ID de processus 0x20C4 \Device\HarddiskVolume5\Windows\System32\svchost.exe de chemin d’accès de l’exécutable, SERVICE LOCAL  utilisateur
Information	09/10/2025 20:58:54	Service Control Manager	7040	Aucun	Le type de démarrage du service Service de transfert intelligent en arrière-plan est passé de Démarrage à la demande à Démarrage automatique.
Information	09/10/2025 20:05:10	Microsoft-Windows-Kernel-General	1	(5)	"L’heure système est passée de ‎2025‎-‎10‎-‎09T18:05:10.026648900Z.
heure ‎2025‎-‎10‎-‎09T18:05:10.027117700Z 0 ms

Raison du changement : An application or system component changed the time.
Processus : '\Device\HarddiskVolume5\Windows\System32\svchost.exe' (pid 6324).

heure RTC : ‎2025‎-‎10‎-‎09T20:05:10.027117700Z
Décalage horaire actuel : -120
'heure RTC est au format UTC: false
L’heure système était basée sur l’heure RTC : false"
Information	09/10/2025 20:05:10	Microsoft-Windows-Kernel-General	24	(11)	Les informations de fuseau horaire ont été actualisées avec le motif de sortie 0. Le décalage de fuseau horaire actuel est de -120.
Information	09/10/2025 20:05:10	Microsoft-Windows-Time-Service	35	Aucun	Le service de temps est en train de synchroniser l'heure du système avec la source de temps time.windows.com,0x9 (ntp.m|0x9|0.0.0.0:123->51.145.123.29:123) (ID de référence 494637363). Nombre actuel de couches locales : 4.
Information	09/10/2025 20:05:10	Microsoft-Windows-Kernel-General	1	(5)	"L’heure système est passée de ‎2025‎-‎10‎-‎09T18:05:08.209648000Z.
heure ‎2025‎-‎10‎-‎09T18:05:10.024225000Z 1814 ms

Raison du changement : An application or system component changed the time.
Processus : '\Device\HarddiskVolume5\Windows\System32\svchost.exe' (pid 6324).

heure RTC : ‎2025‎-‎10‎-‎09T20:05:10.024225000Z
Décalage horaire actuel : -120
'heure RTC est au format UTC: false
L’heure système était basée sur l’heure RTC : false"
Information	09/10/2025 20:05:10	Microsoft-Windows-Kernel-General	24	(11)	Les informations de fuseau horaire ont été actualisées avec le motif de sortie 0. Le décalage de fuseau horaire actuel est de -120.
Information	09/10/2025 20:05:08	Microsoft-Windows-Time-Service	37	Aucun	Le fournisseur de temps NtpClient reçoit actuellement des données de temps valides à partir de time.windows.com,0x9 (ntp.m|0x9|0.0.0.0:123->51.145.123.29:123).
Information	09/10/2025 19:53:39	Netwtw10	7021	Aucun	7021 - Connection telemetry fields and analysis usage
Information	09/10/2025 19:53:36	Netwtw10	7021	Aucun	7021 - Connection telemetry fields and analysis usage
Information	09/10/2025 19:53:31	Netwtw10	7021	Aucun	7021 - Connection telemetry fields and analysis usage
Information	09/10/2025 19:20:23	Microsoft-Windows-Kernel-General	16	Aucun	L’historique des accès de la ruche \??\C:\ProgramData\Packages\Microsoft.XboxGamingOverlay_8wekyb3d8bbwe\S-1-5-21-279605357-448217104-2738636231-1001\SystemAppData\Helium\Cache\3757351680b3c655_COM15.dat a été effacé, mettant à jour 1 clés et créant 1 pages modifiées.
Information	09/10/2025 19:20:23	Microsoft-Windows-Kernel-General	16	Aucun	L’historique des accès de la ruche \??\C:\Users\Perceval\AppData\Local\Packages\Microsoft.XboxGamingOverlay_8wekyb3d8bbwe\Settings\settings.dat a été effacé, mettant à jour 5 clés et créant 3 pages modifiées.
Information	09/10/2025 19:11:25	Microsoft-Windows-Kernel-General	16	Aucun	L’historique des accès de la ruche \??\C:\Users\Perceval\AppData\Local\Packages\Microsoft.Windows.ShellExperienceHost_cw5n1h2txyewy\Settings\settings.dat a été effacé, mettant à jour 2 clés et créant 1 pages modifiées.
Avertissement	09/10/2025 19:06:06	Microsoft-Windows-EnhancedPhishingProtection-Events	8265	Aucun	Aggregated Threat assessment of current system instance
Information	09/10/2025 16:19:42	Microsoft-Windows-Ntfs	98	Aucun	Volume ?? (\Device\HarddiskVolumeShadowCopy4) est sain. Aucune action n’est nécessaire.
Information	09/10/2025 15:41:01	Microsoft-Windows-Kernel-General	16	Aucun	L’historique des accès de la ruche \??\C:\Users\Perceval\AppData\Local\Packages\Microsoft.Windows.Photos_8wekyb3d8bbwe\Settings\settings.dat a été effacé, mettant à jour 22 clés et créant 7 pages modifiées.
Information	09/10/2025 15:41:01	Microsoft-Windows-Kernel-General	16	Aucun	L’historique des accès de la ruche \??\C:\ProgramData\Packages\Microsoft.Windows.Photos_8wekyb3d8bbwe\S-1-5-21-279605357-448217104-2738636231-1001\SystemAppData\Helium\Cache\26e997904203b5ad_COM15.dat a été effacé, mettant à jour 1 clés et créant 1 pages modifiées.
Information	09/10/2025 15:41:01	Microsoft-Windows-Kernel-General	16	Aucun	L’historique des accès de la ruche \??\C:\Users\Perceval\AppData\Local\Packages\Microsoft.Windows.Photos_8wekyb3d8bbwe\SystemAppData\Helium\UserClasses.dat a été effacé, mettant à jour 12 clés et créant 2 pages modifiées.
Information	09/10/2025 15:41:01	Microsoft-Windows-Kernel-General	16	Aucun	L’historique des accès de la ruche \??\C:\Users\Perceval\AppData\Local\Packages\Microsoft.Windows.Photos_8wekyb3d8bbwe\SystemAppData\Helium\User.dat a été effacé, mettant à jour 20 clés et créant 2 pages modifiées.
Avertissement	09/10/2025 15:40:27	Tcpip	4231	Aucun	Une demande d’allocation d’un numéro de port éphémère de l’espace de port TCP global a échoué car tous les ports de ce type sont utilisés.
Information	09/10/2025 12:19:08	Microsoft-Windows-WindowsUpdateClient	44	Agent de mise à jour automatique Windows Update	Windows Update a démarré le téléchargement d'une mise à jour.
Information	09/10/2025 12:07:32	Microsoft-Windows-Time-Service	158	Aucun	Le fournisseur de temps VMICTimeProvider a indiqué que le matériel et l'environnement d'exploitation actuels ne sont pas pris en charge et ont été arrêtés. Ce comportement est attendu de VMICTimeProvider dans des environnements invités non HyperV. Il peut également être attendu du fournisseur actuel dans l'environnement d'exploitation utilisé.
Information	09/10/2025 12:00:00	EventLog	6013	Aucun	La durée active du système est de 3800 secondes.
Information	09/10/2025 11:50:28	Microsoft-Windows-Time-Service	158	Aucun	Le fournisseur de temps VMICTimeProvider a indiqué que le matériel et l'environnement d'exploitation actuels ne sont pas pris en charge et ont été arrêtés. Ce comportement est attendu de VMICTimeProvider dans des environnements invités non HyperV. Il peut également être attendu du fournisseur actuel dans l'environnement d'exploitation utilisé.
Information	09/10/2025 11:33:24	Microsoft-Windows-Time-Service	158	Aucun	Le fournisseur de temps VMICTimeProvider a indiqué que le matériel et l'environnement d'exploitation actuels ne sont pas pris en charge et ont été arrêtés. Ce comportement est attendu de VMICTimeProvider dans des environnements invités non HyperV. Il peut également être attendu du fournisseur actuel dans l'environnement d'exploitation utilisé.
Avertissement	09/10/2025 11:21:06	Microsoft-Windows-DistributedCOM	10016	Aucun	"Les paramètres d’autorisation propres à l’application n’accordent pas l’autorisation Local Activation pour l’application serveur COM avec le CLSID 
{2593F8B9-4EAF-457C-B68A-50F6B8EA6B54}
 et l’APPID 
{15C20B67-12E7-4BB6-92BB-7AFF07997402}
 au SID DESKTOP-5P6VHHK\Perceval de l’utilisateur (S-1-5-21-279605357-448217104-2738636231-1001) depuis l’adresse LocalHost (avec LRPC) s’exécutant dans le SID Non disponible du conteneur d’applications (Non disponible). Cette autorisation de sécurité peut être modifiée à l’aide de l’outil d’administration Services de composants."
Avertissement	09/10/2025 11:20:40	Microsoft-Windows-DistributedCOM	10016	Aucun	"Les paramètres d’autorisation propres à l’application n’accordent pas l’autorisation Local Activation pour l’application serveur COM avec le CLSID 
{2593F8B9-4EAF-457C-B68A-50F6B8EA6B54}
 et l’APPID 
{15C20B67-12E7-4BB6-92BB-7AFF07997402}
 au SID DESKTOP-5P6VHHK\Perceval de l’utilisateur (S-1-5-21-279605357-448217104-2738636231-1001) depuis l’adresse LocalHost (avec LRPC) s’exécutant dans le SID Non disponible du conteneur d’applications (Non disponible). Cette autorisation de sécurité peut être modifiée à l’aide de l’outil d’administration Services de composants."
Information	09/10/2025 11:16:20	Microsoft-Windows-Time-Service	158	Aucun	Le fournisseur de temps VMICTimeProvider a indiqué que le matériel et l'environnement d'exploitation actuels ne sont pas pris en charge et ont été arrêtés. Ce comportement est attendu de VMICTimeProvider dans des environnements invités non HyperV. Il peut également être attendu du fournisseur actuel dans l'environnement d'exploitation utilisé.
Information	09/10/2025 11:07:31	Microsoft-Windows-WindowsUpdateClient	19	Agent de mise à jour automatique Windows Update	Installation réussie : Windows a installé la mise à jour suivante : Mise à jour de la sélection disjointe pour Microsoft Defender Antivirus – 2267602 Ko (version 1.439.35.0) – Canal actuel (large)
Information	09/10/2025 11:07:24	Microsoft-Windows-Kernel-General	16	Aucun	L’historique des accès de la ruche \??\C:\ProgramData\Microsoft\Provisioning\Microsoft-Desktop-Provisioning-Sequence.dat a été effacé, mettant à jour 0 clés et créant 0 pages modifiées.
Information	09/10/2025 11:07:23	Microsoft-Windows-WindowsUpdateClient	43	Agent de mise à jour automatique Windows Update	Installation démarrée : Windows a commencé l'installation de la mise à jour suivante : Mise à jour de la sélection disjointe pour Microsoft Defender Antivirus – 2267602 Ko (version 1.439.35.0) – Canal actuel (large)
Information	09/10/2025 11:07:23	Microsoft-Windows-WindowsUpdateClient	44	Agent de mise à jour automatique Windows Update	Windows Update a démarré le téléchargement d'une mise à jour.
Information	09/10/2025 11:05:00	Netwtw10	7021	Aucun	7021 - Connection telemetry fields and analysis usage
Information	09/10/2025 11:04:58	Netwtw10	7021	Aucun	7021 - Connection telemetry fields and analysis usage
Information	09/10/2025 11:04:55	Netwtw10	7021	Aucun	7021 - Connection telemetry fields and analysis usage
Information	09/10/2025 11:04:53	Netwtw10	7021	Aucun	7021 - Connection telemetry fields and analysis usage
Information	09/10/2025 11:04:49	Netwtw10	7021	Aucun	7021 - Connection telemetry fields and analysis usage
Information	09/10/2025 11:04:44	Netwtw10	7021	Aucun	7021 - Connection telemetry fields and analysis usage
Information	09/10/2025 11:04:42	Netwtw10	7021	Aucun	7021 - Connection telemetry fields and analysis usage
Information	09/10/2025 11:04:38	Netwtw10	7021	Aucun	7021 - Connection telemetry fields and analysis usage
Information	09/10/2025 11:04:32	Netwtw10	7021	Aucun	7021 - Connection telemetry fields and analysis usage
Information	09/10/2025 11:04:30	Netwtw10	7021	Aucun	7021 - Connection telemetry fields and analysis usage
Information	09/10/2025 11:04:28	Netwtw10	7021	Aucun	7021 - Connection telemetry fields and analysis usage
Avertissement	09/10/2025 11:04:26	Microsoft-Windows-DistributedCOM	10016	Aucun	"Les paramètres d’autorisation par défaut de l’ordinateur n’accordent pas l’autorisation Local Activation pour l’application serveur COM avec le CLSID 
{C2F03A33-21F5-47FA-B4BB-156362A2F239}
 et l’APPID 
{316CDED5-E4AE-4B15-9113-7055D84DCC97}
 au SID AUTORITE NT\SERVICE LOCAL de l’utilisateur (S-1-5-19) depuis l’adresse LocalHost (avec LRPC) s’exécutant dans le SID Non disponible du conteneur d’applications (Non disponible). Cette autorisation de sécurité peut être modifiée à l’aide de l’outil d’administration Services de composants."
Avertissement	09/10/2025 11:04:26	Microsoft-Windows-DistributedCOM	10016	Aucun	"Les paramètres d’autorisation propres à l’application n’accordent pas l’autorisation Local Activation pour l’application serveur COM avec le CLSID 
{6B3B8D23-FA8D-40B9-8DBD-B950333E2C52}
 et l’APPID 
{4839DDB7-58C2-48F5-8283-E1D1807D0D7D}
 au SID AUTORITE NT\SERVICE LOCAL de l’utilisateur (S-1-5-19) depuis l’adresse LocalHost (avec LRPC) s’exécutant dans le SID Non disponible du conteneur d’applications (Non disponible). Cette autorisation de sécurité peut être modifiée à l’aide de l’outil d’administration Services de composants."
Avertissement	09/10/2025 11:04:26	Microsoft-Windows-DistributedCOM	10016	Aucun	"Les paramètres d’autorisation par défaut de l’ordinateur n’accordent pas l’autorisation Local Activation pour l’application serveur COM avec le CLSID 
{C2F03A33-21F5-47FA-B4BB-156362A2F239}
 et l’APPID 
{316CDED5-E4AE-4B15-9113-7055D84DCC97}
 au SID AUTORITE NT\SERVICE LOCAL de l’utilisateur (S-1-5-19) depuis l’adresse LocalHost (avec LRPC) s’exécutant dans le SID Non disponible du conteneur d’applications (Non disponible). Cette autorisation de sécurité peut être modifiée à l’aide de l’outil d’administration Services de composants."
Avertissement	09/10/2025 11:04:26	Microsoft-Windows-DistributedCOM	10016	Aucun	"Les paramètres d’autorisation propres à l’application n’accordent pas l’autorisation Local Activation pour l’application serveur COM avec le CLSID 
{6B3B8D23-FA8D-40B9-8DBD-B950333E2C52}
 et l’APPID 
{4839DDB7-58C2-48F5-8283-E1D1807D0D7D}
 au SID AUTORITE NT\SERVICE LOCAL de l’utilisateur (S-1-5-19) depuis l’adresse LocalHost (avec LRPC) s’exécutant dans le SID Non disponible du conteneur d’applications (Non disponible). Cette autorisation de sécurité peut être modifiée à l’aide de l’outil d’administration Services de composants."
Information	09/10/2025 11:04:23	Netwtw10	7021	Aucun	7021 - Connection telemetry fields and analysis usage
Information	09/10/2025 11:04:21	Netwtw10	7021	Aucun	7021 - Connection telemetry fields and analysis usage
Information	09/10/2025 11:04:16	Netwtw10	7021	Aucun	7021 - Connection telemetry fields and analysis usage
Information	09/10/2025 11:04:14	Netwtw10	7021	Aucun	7021 - Connection telemetry fields and analysis usage
Information	09/10/2025 11:04:10	Netwtw10	7021	Aucun	7021 - Connection telemetry fields and analysis usage
Information	09/10/2025 11:04:07	Netwtw10	7021	Aucun	7021 - Connection telemetry fields and analysis usage
Avertissement	09/10/2025 10:59:00	Microsoft-Windows-DistributedCOM	10016	Aucun	"Les paramètres d’autorisation propres à l’application n’accordent pas l’autorisation Local Exécution pour l’application serveur COM avec le CLSID 
Windows.SecurityCenter.WscDataProtection
 et l’APPID 
Non disponible
 au SID AUTORITE NT\Système de l’utilisateur (S-1-5-18) depuis l’adresse LocalHost (avec LRPC) s’exécutant dans le SID Non disponible du conteneur d’applications (Non disponible). Cette autorisation de sécurité peut être modifiée à l’aide de l’outil d’administration Services de composants."
Avertissement	09/10/2025 10:59:00	Microsoft-Windows-DistributedCOM	10016	Aucun	"Les paramètres d’autorisation propres à l’application n’accordent pas l’autorisation Local Exécution pour l’application serveur COM avec le CLSID 
Windows.SecurityCenter.SecurityAppBroker
 et l’APPID 
Non disponible
 au SID AUTORITE NT\Système de l’utilisateur (S-1-5-18) depuis l’adresse LocalHost (avec LRPC) s’exécutant dans le SID Non disponible du conteneur d’applications (Non disponible). Cette autorisation de sécurité peut être modifiée à l’aide de l’outil d’administration Services de composants."
Avertissement	09/10/2025 10:59:00	Microsoft-Windows-DistributedCOM	10016	Aucun	"Les paramètres d’autorisation propres à l’application n’accordent pas l’autorisation Local Exécution pour l’application serveur COM avec le CLSID 
Windows.SecurityCenter.WscBrokerManager
 et l’APPID 
Non disponible
 au SID AUTORITE NT\Système de l’utilisateur (S-1-5-18) depuis l’adresse LocalHost (avec LRPC) s’exécutant dans le SID Non disponible du conteneur d’applications (Non disponible). Cette autorisation de sécurité peut être modifiée à l’aide de l’outil d’administration Services de composants."
Information	09/10/2025 10:59:00	Microsoft-Windows-Time-Service	37	Aucun	Le fournisseur de temps NtpClient reçoit actuellement des données de temps valides à partir de time.windows.com,0x9 (ntp.m|0x9|0.0.0.0:123->51.145.123.29:123).
Information	09/10/2025 10:59:00	Microsoft-Windows-Time-Service	158	Aucun	Le fournisseur de temps VMICTimeProvider a indiqué que le matériel et l'environnement d'exploitation actuels ne sont pas pris en charge et ont été arrêtés. Ce comportement est attendu de VMICTimeProvider dans des environnements invités non HyperV. Il peut également être attendu du fournisseur actuel dans l'environnement d'exploitation utilisé.
Erreur	09/10/2025 10:58:59	Service Control Manager	7000	Aucun	"Le service Service Google Update (gupdate) n’a pas pu démarrer en raison de l’erreur : 
Le service n’a pas répondu assez vite à la demande de lancement ou de contrôle."
Erreur	09/10/2025 10:58:59	Service Control Manager	7009	Aucun	Le dépassement de délai (30000 millisecondes) a été atteint lors de l’attente de la connexion du service Service Google Update (gupdate).
Information	09/10/2025 10:58:58	Microsoft-Windows-Kernel-General	16	Aucun	L’historique des accès de la ruche \??\C:\Users\Perceval\AppData\Local\Packages\Microsoft.DesktopAppInstaller_8wekyb3d8bbwe\Settings\settings.dat a été effacé, mettant à jour 2 clés et créant 1 pages modifiées.
Information	09/10/2025 10:58:57	Microsoft-Windows-Kernel-General	16	Aucun	L’historique des accès de la ruche \??\C:\ProgramData\Packages\Microsoft.DesktopAppInstaller_8wekyb3d8bbwe\S-1-5-21-279605357-448217104-2738636231-1001\SystemAppData\Helium\Cache\727693cea5122f4d_COM15.dat a été effacé, mettant à jour 1 clés et créant 1 pages modifiées.
Information	09/10/2025 10:58:42	Microsoft-Windows-WindowsUpdateClient	19	Agent de mise à jour automatique Windows Update	Installation réussie : Windows a installé la mise à jour suivante : 2025-09 Mise à jour cumulative pour .NET Framework 3.5 pour et 4.8.1 pour Windows 11, version 25H2 pour les systèmes x64 (KB5066613)
Information	09/10/2025 10:57:13	Microsoft-Windows-Kernel-General	16	Aucun	L’historique des accès de la ruche \??\C:\Users\Perceval\AppData\Local\Packages\Microsoft.WindowsStore_8wekyb3d8bbwe\Settings\settings.dat a été effacé, mettant à jour 20 clés et créant 6 pages modifiées.
Information	09/10/2025 10:57:12	Microsoft-Windows-Kernel-General	16	Aucun	L’historique des accès de la ruche \??\C:\Users\Perceval\AppData\Local\Packages\AD2F1837.OMENCommandCenter_v10z8vjag6ke6\Settings\settings.dat a été effacé, mettant à jour 3 clés et créant 1 pages modifiées.
Information	09/10/2025 10:57:12	Microsoft-Windows-Kernel-General	16	Aucun	L’historique des accès de la ruche \??\C:\ProgramData\Packages\AD2F1837.OMENCommandCenter_v10z8vjag6ke6\S-1-5-21-279605357-448217104-2738636231-1001\SystemAppData\Helium\Cache\e317930b156ca077_COM15.dat a été effacé, mettant à jour 1 clés et créant 1 pages modifiées.
Information	09/10/2025 10:57:12	Microsoft-Windows-Kernel-General	16	Aucun	L’historique des accès de la ruche \??\C:\Users\Perceval\AppData\Local\Packages\AD2F1837.OMENCommandCenter_v10z8vjag6ke6\SystemAppData\Helium\UserClasses.dat a été effacé, mettant à jour 9 clés et créant 3 pages modifiées.
Information	09/10/2025 10:57:12	Microsoft-Windows-Kernel-General	16	Aucun	L’historique des accès de la ruche \??\C:\Users\Perceval\AppData\Local\Packages\AD2F1837.OMENCommandCenter_v10z8vjag6ke6\SystemAppData\Helium\User.dat a été effacé, mettant à jour 50 clés et créant 12 pages modifiées.
Information	09/10/2025 10:57:09	Microsoft-Windows-Kernel-General	16	Aucun	L’historique des accès de la ruche \??\C:\ProgramData\Packages\Microsoft.StartExperiencesApp_8wekyb3d8bbwe\S-1-5-21-279605357-448217104-2738636231-1001\SystemAppData\Helium\Cache\4e785235b9281de5_COM15.dat a été effacé, mettant à jour 1 clés et créant 1 pages modifiées.
Information	09/10/2025 10:57:09	Microsoft-Windows-Kernel-General	16	Aucun	L’historique des accès de la ruche \??\C:\Users\Perceval\AppData\Local\Packages\Microsoft.StartExperiencesApp_8wekyb3d8bbwe\SystemAppData\Helium\UserClasses.dat a été effacé, mettant à jour 13 clés et créant 1 pages modifiées.
Information	09/10/2025 10:57:09	Microsoft-Windows-Kernel-General	16	Aucun	L’historique des accès de la ruche \??\C:\Users\Perceval\AppData\Local\Packages\Microsoft.StartExperiencesApp_8wekyb3d8bbwe\SystemAppData\Helium\User.dat a été effacé, mettant à jour 17 clés et créant 1 pages modifiées.
Information	09/10/2025 10:57:09	nhi	9007	Aucun	"The driver entered RTD3.
 All the connected devices will be removed from driver's internal state, so it is expected that DeviceDisconnected events will happen."
Information	09/10/2025 10:57:06	Microsoft-Windows-TPM-WMI	1025	Aucun	Le Module de plateforme sécurisée (TPM) a été correctement approvisionné et est prêt à être utilisé.
Information	09/10/2025 10:57:05	Microsoft-Windows-TPM-WMI	1282	Aucun	L'identificateur de périphérique TBS a été généré.
Information	09/10/2025 10:57:03	Microsoft-Windows-IsolatedUserMode	1	Aucun	Secure Trustlet \??\C:\WINDOWS\System32\NgcIso.exe Id 6 and Pid 12180 started with status STATUS_SUCCESS.
Information	09/10/2025 10:57:03	Microsoft-Windows-IsolatedUserMode	5	Aucun	Secure Trustlet NULL Id 0 and Pid 0 started with status STATUS_SUCCESS.
Information	09/10/2025 10:57:03	Microsoft-Windows-Kernel-General	16	Aucun	L’historique des accès de la ruche \??\C:\ProgramData\Packages\MicrosoftWindows.Client.CBS_cw5n1h2txyewy\S-1-5-21-279605357-448217104-2738636231-1001\SystemAppData\Helium\Cache\4e2eca14eaa67b63_COM15.dat a été effacé, mettant à jour 1 clés et créant 1 pages modifiées.
Information	09/10/2025 10:57:03	TPM	18	Aucun	Cet événement déclenche l’exécution de la vérification de l’état/la configuration du module de plateforme sécurisée (TPM).
Information	09/10/2025 10:57:02	Netwtw10	7021	Aucun	7021 - Connection telemetry fields and analysis usage
Information	09/10/2025 10:57:02	Microsoft-Windows-Winlogon	7001	(1101)	Notification d’ouverture de session utilisateur pour le Programme d’amélioration de l’expérience utilisateur
Information	09/10/2025 10:57:01	Service Control Manager	7040	Aucun	Le type de démarrage du service Programme d’installation pour les modules Windows est passé de Démarrage automatique à Démarrage à la demande.
Information	09/10/2025 10:57:00	Microsoft-Windows-FilterManager	6	Aucun	Le filtre de système de fichiers « gameflt » (Version 10.0, ‎2009‎-‎11‎-‎22T21:11:52.000000000Z) s’est chargé et s’est inscrit correctement auprès du gestionnaire de filtres.
Information	09/10/2025 10:56:59	Microsoft-Windows-HttpService	113	HTTP Configuration Property Trace Task	Tentative d’ajout de l’URL (http://*:5357/191a253b-edc2-4532-a37a-1f3c80c58d8b/) au groupe d’URL (0xFE00000120000001). État : 0x0. ID de processus 0x1904 \Device\HarddiskVolume5\Windows\System32\svchost.exe de chemin d’accès de l’exécutable, SERVICE LOCAL  utilisateur
Information	09/10/2025 10:56:59	Microsoft-Windows-HttpService	111	HTTP Configuration Property Trace Task	Créez un 0xFE00000120000001 de groupe d’URL. État 0x0. ID de processus 0x1904 chemin d’accès de l’exécutable \Device\HarddiskVolume5\Windows\System32\svchost.exe, SERVICE LOCAL  utilisateur
Information	09/10/2025 10:56:59	Microsoft-Windows-WLAN-AutoConfig	10001	Aucun	"Le module d’extensibilité WLAN a démarré correctement.

Chemin d’accès du module : C:\WINDOWS\system32\IntelIHVRouter10.dll
"
Information	09/10/2025 10:56:59	Service Control Manager	7026	Aucun	"Le ou les pilotes de démarrage système ou d’amorçage suivants n’ont pas pu se charger : 
dam"
Information	09/10/2025 10:56:59	Microsoft-Windows-WLAN-AutoConfig	4000	Aucun	"Le Service d’autoconfiguration WLAN a démarré correctement.
"
Information	09/10/2025 10:56:58	Microsoft-Windows-TPM-WMI	1038	Aucun	"Les vérifications d’intégrité de pré-attestation confirment que l’appareil doit réussir l’attestation.
 Consultez C:\WINDOWS\Logs\MeasuredBoot\0000000249-0000000000.json pour plus d’informations sur les vérifications effectuées."
Information	09/10/2025 10:56:58	Microsoft-Windows-TPM-WMI	1041	Aucun	"Informations détaillées sur la vérification d’intégrité préalable à l’attestation : {""Version"":1,""HealthStatus"":""Attestable"",""Required"":[{""Field"":""TpmPresent"",""Value"":true,""DesiredValue"":true},{""Field"":""TpmMeetsMinimumVersion"",""Value"":true,""DesiredValue"":true},{""Field"":""TpmIsResponsive"",""Value"":true,""DesiredValue"":true},{""Field"":""EkCertIsAvailable"",""Value"":true,""DesiredValue"":true},{""Field"":""TcgLogFound"",""Value"":true,""DesiredValue"":true}],""Expected"":[{""Field"":""PcrsMatchTcgLog"",""Value"":true,""DesiredValue"":true}],""Informational"":[{""Field"":""SecureBootEnabled"",""ValueFromComputer"":true,""ValueFromTcgLog"":true,""DesiredValue"":true,""TcgValueIsVerifiable"":true},{""Field"":""VirtualSecureMemory"",""ValueFromComputer"":false,""ValueFromTcgLog"":false,""DesiredValue"":true,""TcgValueIsVerifiable"":true},{""Field"":""SecureCorePCCompliant"",""ValueFromComputer"":false,""ValueFromTcgLog"":false,""DesiredValue"":true,""TcgValueIsVerifiable"":true}]}"
Information	09/10/2025 10:56:57	vmx86	34	Aucun	"La description de l’ID d’événement 34 dans la source vmx86 est introuvable. Le composant qui a déclenché cet événement n’est pas installé sur l’ordinateur local ou l’installation est endommagée. Vous pouvez installer ou réparer le composant sur l’ordinateur local.

Si l’événement provient d’un autre ordinateur, les informations d’affichage doivent être enregistrées avec l’événement.

Les informations suivantes étaient incluses avec l’événement : 

VMX86.SYS: begin DriverEntry

La ressource de message est présente, mais le message est introuvable dans la table des messages
"
Information	09/10/2025 10:56:57	Microsoft-Windows-HttpService	112	HTTP Setup Trace Task	Tentative de réservation de l’URL http://+:10246/MDEServer/. État 0x0. ID de processus 0x4 chemin d’accès de l’exécutable , Système  utilisateur
