Information	15/10/2025 18:46:58	Microsoft-Windows-Ntfs	98	Aucun	Volume D: (\Device\HarddiskVolume1) est sain. Aucune action n’est nécessaire.
Erreur	15/10/2025 18:46:58	VBoxNetLwf	12	Aucun	Le pilote a détecté une erreur de pilote interne sur \Device\VBoxNetLwf.
Information	15/10/2025 18:46:58	Microsoft-Windows-Ntfs	98	Aucun	Volume \\?\Volume{af0ea105-8d30-46b0-918e-e762a5cf62fa} (\Device\HarddiskVolume6) est sain. Aucune action n’est nécessaire.
Information	15/10/2025 18:46:56	VMnetAdapter	36	Aucun	() Starting up the Adapter Driver for VMware Virtual Networks.
Information	15/10/2025 18:46:56	Microsoft-Windows-Kernel-Power	172	(203)	L’état de connectivité est en attente : Disconnected, Motif : NIC compliance
Critique	15/10/2025 18:46:56	Microsoft-Windows-Kernel-Power	41	(63)	Le système a redémarré sans s’arrêter correctement au préalable. Cette erreur peut survenir si le système ne répond plus, s’est bloqué ou n’est plus alimenté de façon inattendue.
Information	15/10/2025 18:46:56	Microsoft-Windows-Kernel-Power	125	(86)	"La zone thermique ACPI \_TZ.TZ02 a été énumérée.             
_PSV = 0K             
_TC1 = 0             
_TC2 = 0             
_TSP = 0ms             
_AC0 = 0K             
_AC1 = 0K             
_AC2 = 0K             
_AC3 = 0K             
_AC4 = 0K             
_AC5 = 0K             
_AC6 = 0K             
_AC7 = 0K             
_AC8 = 0K             
_AC9 = 0K             
_CRT = 0K             
_HOT = 372K             
limitation minimale = 0             
_CR3 = 0K"
Information	15/10/2025 18:46:56	Microsoft-Windows-Kernel-Power	125	(86)	"La zone thermique ACPI \_TZ.TZ00 a été énumérée.             
_PSV = 0K             
_TC1 = 0             
_TC2 = 0             
_TSP = 0ms             
_AC0 = 344K             
_AC1 = 328K             
_AC2 = 323K             
_AC3 = 318K             
_AC4 = 313K             
_AC5 = 0K             
_AC6 = 0K             
_AC7 = 0K             
_AC8 = 0K             
_AC9 = 0K             
_CRT = 392K             
_HOT = 0K             
limitation minimale = 0             
_CR3 = 0K"
Information	15/10/2025 18:46:56	Microsoft-Windows-FilterManager	6	Aucun	Le filtre de système de fichiers « npsvctrig » (Version 10.0, ‎1978‎-‎05‎-‎14T11:13:30.000000000Z) s’est chargé et s’est inscrit correctement auprès du gestionnaire de filtres.
Information	15/10/2025 18:46:56	VfpExt	7036	Aucun	Le service  est entré dans l’état : Driver load complete.
Information	15/10/2025 18:46:56	VfpExt	7036	Aucun	Le service  est entré dans l’état : Driver load start.
Information	15/10/2025 18:46:56	Microsoft-Windows-FilterManager	6	Aucun	Le filtre de système de fichiers « UCPD » (Version 10.0, ‎1979‎-‎01‎-‎22T01:01:06.000000000Z) s’est chargé et s’est inscrit correctement auprès du gestionnaire de filtres.
Information	15/10/2025 18:46:56	Microsoft-Windows-FilterManager	6	Aucun	Le filtre de système de fichiers « FileCrypt » (Version 10.0, ‎2075‎-‎09‎-‎01T00:07:07.000000000Z) s’est chargé et s’est inscrit correctement auprès du gestionnaire de filtres.
Information	15/10/2025 18:46:55	Microsoft-Windows-Ntfs	98	Aucun	Volume C: (\Device\HarddiskVolume5) est sain. Aucune action n’est nécessaire.
Information	15/10/2025 18:46:55	hpdskflt	1001	Aucun	"La description de l’ID d’événement 1001 dans la source hpdskflt est introuvable. Le composant qui a déclenché cet événement n’est pas installé sur l’ordinateur local ou l’installation est endommagée. Vous pouvez installer ou réparer le composant sur l’ordinateur local.

Si l’événement provient d’un autre ordinateur, les informations d’affichage doivent être enregistrées avec l’événement.

Les informations suivantes étaient incluses avec l’événement : 


Le type de ressource spécifié ne peut être trouvé dans le fichier image
"
Information	15/10/2025 18:46:55	hpdskflt	1001	Aucun	"La description de l’ID d’événement 1001 dans la source hpdskflt est introuvable. Le composant qui a déclenché cet événement n’est pas installé sur l’ordinateur local ou l’installation est endommagée. Vous pouvez installer ou réparer le composant sur l’ordinateur local.

Si l’événement provient d’un autre ordinateur, les informations d’affichage doivent être enregistrées avec l’événement.

Les informations suivantes étaient incluses avec l’événement : 


Le type de ressource spécifié ne peut être trouvé dans le fichier image
"
Information	15/10/2025 18:46:55	Microsoft-Windows-FilterManager	6	Aucun	Le filtre de système de fichiers « WdFilter » (Version 10.0, ‎2028‎-‎06‎-‎06T11:57:32.000000000Z) s’est chargé et s’est inscrit correctement auprès du gestionnaire de filtres.
Information	15/10/2025 18:46:55	Microsoft-Windows-FilterManager	6	Aucun	Le filtre de système de fichiers « Wof » (Version 10.0, ‎2089‎-‎07‎-‎15T04:58:05.000000000Z) s’est chargé et s’est inscrit correctement auprès du gestionnaire de filtres.
Information	15/10/2025 18:46:55	Microsoft-Windows-FilterManager	6	Aucun	Le filtre de système de fichiers « FileInfo » (Version 10.0, ‎2093‎-‎04‎-‎02T03:29:43.000000000Z) s’est chargé et s’est inscrit correctement auprès du gestionnaire de filtres.
Information	15/10/2025 18:47:06	EventLog	6013	Aucun	La durée active du système est de 14 secondes.
Information	15/10/2025 18:47:06	EventLog	6005	Aucun	Le service d’Enregistrement d’événement a démarré.
Information	15/10/2025 18:47:06	EventLog	6009	Aucun	Microsoft (R) Windows (R) 10.00. 26200  Multiprocessor Free.
Erreur	15/10/2025 18:47:06	EventLog	6008	Aucun	L’arrêt système précédant à 18:30:07 le ‎15/‎10/‎2025 n’était pas prévu.
Information	15/10/2025 18:46:52	Microsoft-Windows-HAL	16	Aucun	Le rapport d’erreurs IOMMU a été initialisé.
Information	15/10/2025 18:46:52	Microsoft-Windows-Kernel-General	20	(6)	"La configuration d'une seconde intercalaire a été mise à jour. 
Raison : Leap second data initialized from registry during boot
Secondes intercalaires activées : true
Nouveau nombre de secondes intercalaires : 0
Ancien nombre de secondes intercalaires : 0"
Information	15/10/2025 18:46:52	Microsoft-Windows-Kernel-Boot	30	(21)	Le microprogramme a signalé des mesures de démarrage.
Information	15/10/2025 18:46:52	Microsoft-Windows-IsolatedUserMode	3	Aucun	Secure Kernel started with status STATUS_SUCCESS and flags HvciEnabled,HvciStrictMode.
Avertissement	15/10/2025 18:46:52	Microsoft-Windows-Hyper-V-Hypervisor	167	Aucun	L’hyperviseur n’a pas activé les atténuations des vulnérabilités de canal latéral pour les machines virtuelles, car HyperThreading est activé. Pour activer les atténuations pour les machines virtuelles, désactivez HyperThreading.
Information	15/10/2025 18:46:52	Microsoft-Windows-Hyper-V-Hypervisor	165	Aucun	"L’hyperviseur a configuré des atténuations pour CVE-2019-11091, CVE-2018-12126, CVE-2018-12127, CVE-2018-12130 pour les ordinateurs virtuels.

Processeur non affecté : true
Famille de processeurs non affectée : false
Processeur prend en charge le vidage de mémoire tampon microarchitique : true
Vidage de mémoire tampon nécessaire : true
"
Information	15/10/2025 18:46:52	Microsoft-Windows-Hyper-V-Hypervisor	156	Aucun	"L’hyperviseur a configuré des atténuations pour CVE-2018-3646 pour les machines virtuelles.

Processeur non affecté : true
Famille de processeurs non affectée : false
Le processeur prend en charge le vidage du cache : true
HyperThreading activé : true
'hyperviseur parent applique des atténuations : false
Atténuations désactivées par bcdedit: false
Atténuations activées : true
Vidage du cache nécessaire : false
"
Information	15/10/2025 18:46:52	Microsoft-Windows-Hyper-V-Hypervisor	129	Aucun	"L'hyperviseur a initialisé le remappage E/S.

Matériel présent : true
Matériel activé : true
Politique : 0x0
Fonctions activées : 0x43
Informations internes : 0x0
Problèmes : 0x0
Informations supplémentaires : 0x0 "
Information	15/10/2025 18:46:52	Microsoft-Windows-Hyper-V-Hypervisor	2	Aucun	Le type du planificateur de l’hyperviseur est 0x4.
Information	15/10/2025 18:46:52	Microsoft-Windows-Hyper-V-Hypervisor	1	Aucun	Hyperviseur démarré.
Information	15/10/2025 18:46:52	Microsoft-Windows-Kernel-Boot	27	(33)	Le type de démarrage était 0x0.
Information	15/10/2025 18:46:52	Microsoft-Windows-Kernel-Boot	25	(32)	La stratégie de menu de démarrage était 0x1.
Information	15/10/2025 18:46:52	Microsoft-Windows-Kernel-Boot	238	(101)	Décalage du fuseau horaire EFI : 2047. Indicateurs d’heure d’été : 0. Durée du microprogramme : ‎2018‎-‎01‎-‎01T00:00:12.000000000Z. 
Information	15/10/2025 18:46:52	Microsoft-Windows-Kernel-Boot	247	(99)	Impossible de charger Pluton-Windows microprogramme. StatusCode : STATUS_SUCCESS, Raison :  Failed to apply firmware.
Information	15/10/2025 18:46:52	Microsoft-Windows-Kernel-Boot	20	(31)	L’état de réussite du dernier arrêt était false. L’état de réussite du dernier démarrage était true.
Information	15/10/2025 18:46:52	Microsoft-Windows-Kernel-Boot	32	(58)	Le gestionnaire de démarrage a attendu 0 ms l’entrée utilisateur.
Information	15/10/2025 18:46:52	Microsoft-Windows-Kernel-Boot	18	(57)	Ce système dispose de 0x1 options de démarrage.
Information	15/10/2025 18:46:52	Microsoft-Windows-Kernel-Boot	153	(62)	La sécurité basée sur la virtualisation (stratégies : VBS Enabled,VSM Required,Hvci,Boot Chain Signer Soft Enforced) est enabled due to VBS registry configuration.
Information	15/10/2025 18:46:52	Microsoft-Windows-Kernel-General	25	(12)	"L’heure système a été initialisée sur ‎2025‎-‎10‎-‎15T16:46:52.438495700Z. 

Heure du chargeur : ‎2025‎-‎10‎-‎15T16:46:50.996000000Z
Indicateurs de démarrage internes : 0x1
Code d’erreur HAL RTC :  0x0
'heure RTC est au format UTC : false
Démarrage à chaud : false
Réussite : true
Phase : 1"
Information	15/10/2025 18:46:52	Microsoft-Windows-Kernel-General	12	(1)	Le système d'exploitation a démarré à l'heure système ‎2025‎-‎10‎-‎15T16:46:52.438495700Z.
Information	15/10/2025 18:36:58	BTHUSB	18	Aucun	Windows ne peut pas stocker les codes d’authentification Bluetooth (clés de liaison) sur la carte locale. Les claviers Bluetooth ne fonctionnent peut-être pas dans le BIOS système lors du démarrage.
Avertissement	15/10/2025 18:36:56	BTHUSB	7	Aucun	Une erreur matérielle s'est produite. L'événement contient le code d'erreur spécifique au fournisseur.
Information	15/10/2025 18:30:06	BTHUSB	18	Aucun	Windows ne peut pas stocker les codes d’authentification Bluetooth (clés de liaison) sur la carte locale. Les claviers Bluetooth ne fonctionnent peut-être pas dans le BIOS système lors du démarrage.
Avertissement	15/10/2025 18:29:58	BTHUSB	7	Aucun	Une erreur matérielle s'est produite. L'événement contient le code d'erreur spécifique au fournisseur.
Information	15/10/2025 18:17:32	BTHUSB	18	Aucun	Windows ne peut pas stocker les codes d’authentification Bluetooth (clés de liaison) sur la carte locale. Les claviers Bluetooth ne fonctionnent peut-être pas dans le BIOS système lors du démarrage.
Avertissement	15/10/2025 18:17:30	BTHUSB	7	Aucun	Une erreur matérielle s'est produite. L'événement contient le code d'erreur spécifique au fournisseur.
Avertissement	15/10/2025 17:58:37	Microsoft-Windows-DistributedCOM	10016	Aucun	"Les paramètres d’autorisation propres à l’application n’accordent pas l’autorisation Local Activation pour l’application serveur COM avec le CLSID 
{2593F8B9-4EAF-457C-B68A-50F6B8EA6B54}
 et l’APPID 
{15C20B67-12E7-4BB6-92BB-7AFF07997402}
 au SID DESKTOP-5P6VHHK\Perceval de l’utilisateur (S-1-5-21-279605357-448217104-2738636231-1001) depuis l’adresse LocalHost (avec LRPC) s’exécutant dans le SID AD2F1837.OMENCommandCenter_1101.2509.4.0_x64__v10z8vjag6ke6 du conteneur d’applications (Non disponible). Cette autorisation de sécurité peut être modifiée à l’aide de l’outil d’administration Services de composants."
Information	15/10/2025 17:50:57	Microsoft-Windows-Kernel-General	16	Aucun	L’historique des accès de la ruche \??\C:\ProgramData\Packages\Microsoft.OneDriveSync_8wekyb3d8bbwe\S-1-5-21-279605357-448217104-2738636231-1001\SystemAppData\Helium\Cache\e78327179c2a319c_COM15.dat a été effacé, mettant à jour 1 clés et créant 1 pages modifiées.
Information	15/10/2025 17:50:57	Microsoft-Windows-Kernel-General	16	Aucun	L’historique des accès de la ruche \??\C:\ProgramData\Packages\WinRAR.ShellExtension_s4jet1zx4n14a\S-1-5-21-279605357-448217104-2738636231-1001\SystemAppData\Helium\Cache\404089864fa344cb_COM15.dat a été effacé, mettant à jour 1 clés et créant 1 pages modifiées.
Information	15/10/2025 17:50:57	Microsoft-Windows-Kernel-General	16	Aucun	L’historique des accès de la ruche \??\C:\ProgramData\Packages\NotepadPlusPlus_7njy0v32s6xk6\S-1-5-21-279605357-448217104-2738636231-1001\SystemAppData\Helium\Cache\f3851eb54fd8cf6f_COM15.dat a été effacé, mettant à jour 1 clés et créant 1 pages modifiées.
Information	15/10/2025 17:50:57	Microsoft-Windows-Kernel-General	16	Aucun	L’historique des accès de la ruche \??\C:\Users\Perceval\AppData\Local\Packages\NotepadPlusPlus_7njy0v32s6xk6\SystemAppData\Helium\UserClasses.dat a été effacé, mettant à jour 1 clés et créant 1 pages modifiées.
Information	15/10/2025 17:50:57	Microsoft-Windows-Kernel-General	16	Aucun	L’historique des accès de la ruche \??\C:\Users\Perceval\AppData\Local\Packages\NotepadPlusPlus_7njy0v32s6xk6\SystemAppData\Helium\User.dat a été effacé, mettant à jour 1 clés et créant 1 pages modifiées.
Avertissement	15/10/2025 17:40:37	HidBth	2	Aucun	Le périphérique HID Bluetooth  est hors de portée ou ne répond plus.
Information	15/10/2025 17:39:20	Netwtw10	7003	Aucun	7003 - Roam Complete
Information	15/10/2025 17:39:20	Netwtw10	7021	Aucun	7021 - Connection telemetry fields and analysis usage
Information	15/10/2025 17:28:04	BTHUSB	18	Aucun	Windows ne peut pas stocker les codes d’authentification Bluetooth (clés de liaison) sur la carte locale. Les claviers Bluetooth ne fonctionnent peut-être pas dans le BIOS système lors du démarrage.
Avertissement	15/10/2025 17:28:02	HidBth	2	Aucun	Le périphérique HID Bluetooth  est hors de portée ou ne répond plus.
Avertissement	15/10/2025 17:28:02	BTHUSB	7	Aucun	Une erreur matérielle s'est produite. L'événement contient le code d'erreur spécifique au fournisseur.
Information	15/10/2025 16:54:02	Netwtw10	7003	Aucun	7003 - Roam Complete
Information	15/10/2025 16:51:10	Microsoft-Windows-UserPnp	20003	(7005)	La gestion des pilotes a terminé le processus d’ajout du service BTHMODEM pour l’ID d’instance de périphérique BTHENUM\{00001101-0000-1000-8000-00805F9B34FB}_VID&000105D6_PID&000A\7&348D555&2&146C271789C3_C00000000 avec le statut suivant : 0.
Information	15/10/2025 16:51:09	Microsoft-Windows-UserPnp	20003	(7005)	La gestion des pilotes a terminé le processus d’ajout du service BTHMODEM pour l’ID d’instance de périphérique BTHENUM\{00001101-0000-1000-8000-00805F9B34FB}_LOCALMFG&0000\7&348D555&2&000000000000_00000006 avec le statut suivant : 0.
Information	15/10/2025 16:51:09	Microsoft-Windows-DeviceAssociationService	2500	(7000)	Association d’appareil (couplage) réussie.
Information	15/10/2025 16:51:09	BTHUSB	8	Aucun	La carte distante (14:6c:27:17:89:c3) s'est connectée correctement à la carte locale.
Information	15/10/2025 16:51:01	Netwtw10	7003	Aucun	7003 - Roam Complete
Information	15/10/2025 16:51:01	Netwtw10	7021	Aucun	7021 - Connection telemetry fields and analysis usage
Information	15/10/2025 16:50:55	BTHUSB	18	Aucun	Windows ne peut pas stocker les codes d’authentification Bluetooth (clés de liaison) sur la carte locale. Les claviers Bluetooth ne fonctionnent peut-être pas dans le BIOS système lors du démarrage.
Avertissement	15/10/2025 16:50:53	BTHUSB	7	Aucun	Une erreur matérielle s'est produite. L'événement contient le code d'erreur spécifique au fournisseur.
Information	15/10/2025 16:48:26	BTHUSB	18	Aucun	Windows ne peut pas stocker les codes d’authentification Bluetooth (clés de liaison) sur la carte locale. Les claviers Bluetooth ne fonctionnent peut-être pas dans le BIOS système lors du démarrage.
Avertissement	15/10/2025 16:48:24	BTHUSB	7	Aucun	Une erreur matérielle s'est produite. L'événement contient le code d'erreur spécifique au fournisseur.
Erreur	15/10/2025 16:33:31	Microsoft-Windows-DeviceAssociationService	3503	(5000)	Device Association Service a détecté un échec de découverte de point de terminaison.
Information	15/10/2025 16:15:28	BTHUSB	18	Aucun	Windows ne peut pas stocker les codes d’authentification Bluetooth (clés de liaison) sur la carte locale. Les claviers Bluetooth ne fonctionnent peut-être pas dans le BIOS système lors du démarrage.
Avertissement	15/10/2025 16:15:26	BTHUSB	7	Aucun	Une erreur matérielle s'est produite. L'événement contient le code d'erreur spécifique au fournisseur.
Information	15/10/2025 16:07:01	BTHUSB	18	Aucun	Windows ne peut pas stocker les codes d’authentification Bluetooth (clés de liaison) sur la carte locale. Les claviers Bluetooth ne fonctionnent peut-être pas dans le BIOS système lors du démarrage.
Avertissement	15/10/2025 16:06:59	BTHUSB	7	Aucun	Une erreur matérielle s'est produite. L'événement contient le code d'erreur spécifique au fournisseur.
Information	15/10/2025 15:56:42	BTHUSB	18	Aucun	Windows ne peut pas stocker les codes d’authentification Bluetooth (clés de liaison) sur la carte locale. Les claviers Bluetooth ne fonctionnent peut-être pas dans le BIOS système lors du démarrage.
Avertissement	15/10/2025 15:56:40	BTHUSB	7	Aucun	Une erreur matérielle s'est produite. L'événement contient le code d'erreur spécifique au fournisseur.
Information	15/10/2025 15:47:48	Netwtw10	7003	Aucun	7003 - Roam Complete
Information	15/10/2025 15:47:48	Netwtw10	7021	Aucun	7021 - Connection telemetry fields and analysis usage
Information	15/10/2025 15:47:46	BTHUSB	18	Aucun	Windows ne peut pas stocker les codes d’authentification Bluetooth (clés de liaison) sur la carte locale. Les claviers Bluetooth ne fonctionnent peut-être pas dans le BIOS système lors du démarrage.
Avertissement	15/10/2025 15:47:44	BTHUSB	7	Aucun	Une erreur matérielle s'est produite. L'événement contient le code d'erreur spécifique au fournisseur.
Information	15/10/2025 15:36:39	BTHUSB	18	Aucun	Windows ne peut pas stocker les codes d’authentification Bluetooth (clés de liaison) sur la carte locale. Les claviers Bluetooth ne fonctionnent peut-être pas dans le BIOS système lors du démarrage.
Avertissement	15/10/2025 15:36:37	BTHUSB	7	Aucun	Une erreur matérielle s'est produite. L'événement contient le code d'erreur spécifique au fournisseur.
Information	15/10/2025 15:29:25	BTHUSB	18	Aucun	Windows ne peut pas stocker les codes d’authentification Bluetooth (clés de liaison) sur la carte locale. Les claviers Bluetooth ne fonctionnent peut-être pas dans le BIOS système lors du démarrage.
Avertissement	15/10/2025 15:29:23	BTHUSB	7	Aucun	Une erreur matérielle s'est produite. L'événement contient le code d'erreur spécifique au fournisseur.
Information	15/10/2025 15:12:59	BTHUSB	18	Aucun	Windows ne peut pas stocker les codes d’authentification Bluetooth (clés de liaison) sur la carte locale. Les claviers Bluetooth ne fonctionnent peut-être pas dans le BIOS système lors du démarrage.
Avertissement	15/10/2025 15:12:57	BTHUSB	7	Aucun	Une erreur matérielle s'est produite. L'événement contient le code d'erreur spécifique au fournisseur.
Information	15/10/2025 15:00:48	Microsoft-Windows-Time-Service	158	Aucun	Le fournisseur de temps VMICTimeProvider a indiqué que le matériel et l'environnement d'exploitation actuels ne sont pas pris en charge et ont été arrêtés. Ce comportement est attendu de VMICTimeProvider dans des environnements invités non HyperV. Il peut également être attendu du fournisseur actuel dans l'environnement d'exploitation utilisé.
Information	15/10/2025 14:46:04	Microsoft-Windows-Kernel-General	16	Aucun	L’historique des accès de la ruche \??\C:\ProgramData\Microsoft\Provisioning\Microsoft-Desktop-Provisioning-Sequence.dat a été effacé, mettant à jour 0 clés et créant 0 pages modifiées.
Information	15/10/2025 14:43:44	Microsoft-Windows-Time-Service	158	Aucun	Le fournisseur de temps VMICTimeProvider a indiqué que le matériel et l'environnement d'exploitation actuels ne sont pas pris en charge et ont été arrêtés. Ce comportement est attendu de VMICTimeProvider dans des environnements invités non HyperV. Il peut également être attendu du fournisseur actuel dans l'environnement d'exploitation utilisé.
Information	15/10/2025 14:33:04	BTHUSB	18	Aucun	Windows ne peut pas stocker les codes d’authentification Bluetooth (clés de liaison) sur la carte locale. Les claviers Bluetooth ne fonctionnent peut-être pas dans le BIOS système lors du démarrage.
Avertissement	15/10/2025 14:33:01	BTHUSB	7	Aucun	Une erreur matérielle s'est produite. L'événement contient le code d'erreur spécifique au fournisseur.
Information	15/10/2025 14:28:57	BTHUSB	18	Aucun	Windows ne peut pas stocker les codes d’authentification Bluetooth (clés de liaison) sur la carte locale. Les claviers Bluetooth ne fonctionnent peut-être pas dans le BIOS système lors du démarrage.
Avertissement	15/10/2025 14:28:55	BTHUSB	7	Aucun	Une erreur matérielle s'est produite. L'événement contient le code d'erreur spécifique au fournisseur.
Information	15/10/2025 14:26:40	Microsoft-Windows-Time-Service	158	Aucun	Le fournisseur de temps VMICTimeProvider a indiqué que le matériel et l'environnement d'exploitation actuels ne sont pas pris en charge et ont été arrêtés. Ce comportement est attendu de VMICTimeProvider dans des environnements invités non HyperV. Il peut également être attendu du fournisseur actuel dans l'environnement d'exploitation utilisé.
Information	15/10/2025 14:24:56	BTHUSB	18	Aucun	Windows ne peut pas stocker les codes d’authentification Bluetooth (clés de liaison) sur la carte locale. Les claviers Bluetooth ne fonctionnent peut-être pas dans le BIOS système lors du démarrage.
Avertissement	15/10/2025 14:24:54	BTHUSB	7	Aucun	Une erreur matérielle s'est produite. L'événement contient le code d'erreur spécifique au fournisseur.
Information	15/10/2025 14:17:06	Microsoft-Windows-Kernel-General	16	Aucun	L’historique des accès de la ruche \??\C:\ProgramData\Packages\Microsoft.ScreenSketch_8wekyb3d8bbwe\S-1-5-21-279605357-448217104-2738636231-1001\SystemAppData\Helium\Cache\504dcb11d03621f0_COM15.dat a été effacé, mettant à jour 1 clés et créant 1 pages modifiées.
Information	15/10/2025 14:16:42	BTHUSB	18	Aucun	Windows ne peut pas stocker les codes d’authentification Bluetooth (clés de liaison) sur la carte locale. Les claviers Bluetooth ne fonctionnent peut-être pas dans le BIOS système lors du démarrage.
Avertissement	15/10/2025 14:16:40	BTHUSB	7	Aucun	Une erreur matérielle s'est produite. L'événement contient le code d'erreur spécifique au fournisseur.
Information	15/10/2025 14:14:02	BTHUSB	18	Aucun	Windows ne peut pas stocker les codes d’authentification Bluetooth (clés de liaison) sur la carte locale. Les claviers Bluetooth ne fonctionnent peut-être pas dans le BIOS système lors du démarrage.
Avertissement	15/10/2025 14:14:00	BTHUSB	7	Aucun	Une erreur matérielle s'est produite. L'événement contient le code d'erreur spécifique au fournisseur.
Information	15/10/2025 14:11:36	BTHUSB	18	Aucun	Windows ne peut pas stocker les codes d’authentification Bluetooth (clés de liaison) sur la carte locale. Les claviers Bluetooth ne fonctionnent peut-être pas dans le BIOS système lors du démarrage.
Avertissement	15/10/2025 14:11:34	BTHUSB	7	Aucun	Une erreur matérielle s'est produite. L'événement contient le code d'erreur spécifique au fournisseur.
Information	15/10/2025 14:09:36	Microsoft-Windows-Time-Service	158	Aucun	Le fournisseur de temps VMICTimeProvider a indiqué que le matériel et l'environnement d'exploitation actuels ne sont pas pris en charge et ont été arrêtés. Ce comportement est attendu de VMICTimeProvider dans des environnements invités non HyperV. Il peut également être attendu du fournisseur actuel dans l'environnement d'exploitation utilisé.
Information	15/10/2025 14:02:31	BTHUSB	18	Aucun	Windows ne peut pas stocker les codes d’authentification Bluetooth (clés de liaison) sur la carte locale. Les claviers Bluetooth ne fonctionnent peut-être pas dans le BIOS système lors du démarrage.
Avertissement	15/10/2025 14:02:29	BTHUSB	7	Aucun	Une erreur matérielle s'est produite. L'événement contient le code d'erreur spécifique au fournisseur.
Information	15/10/2025 14:00:36	Microsoft-Windows-WindowsUpdateClient	19	Agent de mise à jour automatique Windows Update	Installation réussie : Windows a installé la mise à jour suivante : Mise à jour de la sélection disjointe pour Microsoft Defender Antivirus – 2267602 Ko (version 1.439.199.0) – Canal actuel (large)
Information	15/10/2025 14:00:26	Microsoft-Windows-WindowsUpdateClient	43	Agent de mise à jour automatique Windows Update	Installation démarrée : Windows a commencé l'installation de la mise à jour suivante : Mise à jour de la sélection disjointe pour Microsoft Defender Antivirus – 2267602 Ko (version 1.439.199.0) – Canal actuel (large)
Information	15/10/2025 14:00:26	Microsoft-Windows-WindowsUpdateClient	44	Agent de mise à jour automatique Windows Update	Windows Update a démarré le téléchargement d'une mise à jour.
Avertissement	15/10/2025 14:00:11	Microsoft-Windows-EnhancedPhishingProtection-Events	8265	Aucun	Aggregated Threat assessment of current system instance
Avertissement	15/10/2025 13:57:12	Microsoft-Windows-DistributedCOM	10016	Aucun	"Les paramètres d’autorisation propres à l’application n’accordent pas l’autorisation Local Activation pour l’application serveur COM avec le CLSID 
{2593F8B9-4EAF-457C-B68A-50F6B8EA6B54}
 et l’APPID 
{15C20B67-12E7-4BB6-92BB-7AFF07997402}
 au SID DESKTOP-5P6VHHK\Perceval de l’utilisateur (S-1-5-21-279605357-448217104-2738636231-1001) depuis l’adresse LocalHost (avec LRPC) s’exécutant dans le SID Non disponible du conteneur d’applications (Non disponible). Cette autorisation de sécurité peut être modifiée à l’aide de l’outil d’administration Services de composants."
Information	15/10/2025 13:57:10	BTHUSB	18	Aucun	Windows ne peut pas stocker les codes d’authentification Bluetooth (clés de liaison) sur la carte locale. Les claviers Bluetooth ne fonctionnent peut-être pas dans le BIOS système lors du démarrage.
Avertissement	15/10/2025 13:57:08	BTHUSB	7	Aucun	Une erreur matérielle s'est produite. L'événement contient le code d'erreur spécifique au fournisseur.
Avertissement	15/10/2025 13:56:59	Microsoft-Windows-DistributedCOM	10016	Aucun	"Les paramètres d’autorisation propres à l’application n’accordent pas l’autorisation Local Activation pour l’application serveur COM avec le CLSID 
{2593F8B9-4EAF-457C-B68A-50F6B8EA6B54}
 et l’APPID 
{15C20B67-12E7-4BB6-92BB-7AFF07997402}
 au SID DESKTOP-5P6VHHK\Perceval de l’utilisateur (S-1-5-21-279605357-448217104-2738636231-1001) depuis l’adresse LocalHost (avec LRPC) s’exécutant dans le SID Non disponible du conteneur d’applications (Non disponible). Cette autorisation de sécurité peut être modifiée à l’aide de l’outil d’administration Services de composants."
Information	15/10/2025 13:55:08	Microsoft-Windows-TPM-WMI	1034	Aucun	Mise à jour Secure Boot Dbx appliquée avec succès
Erreur	15/10/2025 13:55:07	Microsoft-Windows-TPM-WMI	1801	Aucun	"Les clés/l’autorité de certification de démarrage sécurisé doivent être mises à jour. Ces informations de signature d’appareil sont incluses ici.
DeviceAttributes : FirmwareManufacturer:AMI;FirmwareVersion:F.44;OEMModelBaseBoard:8748;OEMManufacturerName:HP;OSArchitecture:amd64;
BucketId : 0545b05c786ea9c0595afba6e534093fd9e24ab163b360c0b5e5adcf4897f615
BucketConfidenceLevel : 
UpdateType : 0
HResult : L’opération a réussi."
Information	15/10/2025 13:54:42	Service Control Manager	7040	Aucun	Le type de démarrage du service Service de transfert intelligent en arrière-plan est passé de Démarrage automatique à Démarrage à la demande.
Avertissement	15/10/2025 13:54:09	Tcpip	4266	Aucun	Une demande d’allocation d’un numéro de port éphémère de l’espace de port UDP global a échoué car tous les ports de ce type sont utilisés.
Avertissement	15/10/2025 13:53:56	Microsoft-Windows-EnhancedPhishingProtection-Events	8265	Aucun	Aggregated Threat assessment of current system instance
Avertissement	15/10/2025 13:53:37	Microsoft-Windows-DistributedCOM	10016	Aucun	"Les paramètres d’autorisation propres à l’application n’accordent pas l’autorisation Local Activation pour l’application serveur COM avec le CLSID 
{2593F8B9-4EAF-457C-B68A-50F6B8EA6B54}
 et l’APPID 
{15C20B67-12E7-4BB6-92BB-7AFF07997402}
 au SID DESKTOP-5P6VHHK\Perceval de l’utilisateur (S-1-5-21-279605357-448217104-2738636231-1001) depuis l’adresse LocalHost (avec LRPC) s’exécutant dans le SID Non disponible du conteneur d’applications (Non disponible). Cette autorisation de sécurité peut être modifiée à l’aide de l’outil d’administration Services de composants."
Information	15/10/2025 13:52:34	Microsoft-Windows-HttpService	114	HTTP Configuration Property Trace Task	URL (http://*:2869/upnp/eventing/) supprimée du groupe d’URL (0xFE00000320000001). ID de processus 0x15DC chemin d’accès de l’exécutable \Device\HarddiskVolume5\Windows\System32\svchost.exe, SERVICE LOCAL  utilisateur
Information	15/10/2025 13:52:34	Microsoft-Windows-HttpService	113	HTTP Configuration Property Trace Task	Tentative d’ajout de l’URL (http://*:2869/upnp/eventing/) au groupe d’URL (0xFE00000320000001). État : 0x0. ID de processus 0x15DC \Device\HarddiskVolume5\Windows\System32\svchost.exe de chemin d’accès de l’exécutable, SERVICE LOCAL  utilisateur
Information	15/10/2025 13:52:30	Microsoft-Windows-HttpService	114	HTTP Configuration Property Trace Task	URL (http://*:2869/upnp/eventing/) supprimée du groupe d’URL (0xFE00000620000001). ID de processus 0x15DC chemin d’accès de l’exécutable \Device\HarddiskVolume5\Windows\System32\svchost.exe, SERVICE LOCAL  utilisateur
Information	15/10/2025 13:52:30	Microsoft-Windows-HttpService	113	HTTP Configuration Property Trace Task	Tentative d’ajout de l’URL (http://*:2869/upnp/eventing/) au groupe d’URL (0xFE00000620000001). État : 0x0. ID de processus 0x15DC \Device\HarddiskVolume5\Windows\System32\svchost.exe de chemin d’accès de l’exécutable, SERVICE LOCAL  utilisateur
Information	15/10/2025 13:52:25	Microsoft-Windows-WindowsUpdateClient	19	Agent de mise à jour automatique Windows Update	Installation réussie : Windows a installé la mise à jour suivante : 2025-10 Mise à jour cumulative pour Windows 11, version 25H2 pour les systèmes x64 (KB5066835) (26200.6899)
Information	15/10/2025 13:52:22	Microsoft-Windows-HttpService	114	HTTP Configuration Property Trace Task	URL (http://*:2869/upnp/eventing/) supprimée du groupe d’URL (0xFE00000820000001). ID de processus 0x15DC chemin d’accès de l’exécutable \Device\HarddiskVolume5\Windows\System32\svchost.exe, SERVICE LOCAL  utilisateur
Information	15/10/2025 13:52:22	Microsoft-Windows-HttpService	113	HTTP Configuration Property Trace Task	Tentative d’ajout de l’URL (http://*:2869/upnp/eventing/) au groupe d’URL (0xFE00000820000001). État : 0x0. ID de processus 0x15DC \Device\HarddiskVolume5\Windows\System32\svchost.exe de chemin d’accès de l’exécutable, SERVICE LOCAL  utilisateur
Avertissement	15/10/2025 13:52:16	Microsoft-Windows-DistributedCOM	10016	Aucun	"Les paramètres d’autorisation propres à l’application n’accordent pas l’autorisation Local Exécution pour l’application serveur COM avec le CLSID 
Windows.SecurityCenter.SecurityAppBroker
 et l’APPID 
Non disponible
 au SID AUTORITE NT\Système de l’utilisateur (S-1-5-18) depuis l’adresse LocalHost (avec LRPC) s’exécutant dans le SID Non disponible du conteneur d’applications (Non disponible). Cette autorisation de sécurité peut être modifiée à l’aide de l’outil d’administration Services de composants."
Avertissement	15/10/2025 13:52:16	Microsoft-Windows-DistributedCOM	10016	Aucun	"Les paramètres d’autorisation propres à l’application n’accordent pas l’autorisation Local Exécution pour l’application serveur COM avec le CLSID 
Windows.SecurityCenter.WscDataProtection
 et l’APPID 
Non disponible
 au SID AUTORITE NT\Système de l’utilisateur (S-1-5-18) depuis l’adresse LocalHost (avec LRPC) s’exécutant dans le SID Non disponible du conteneur d’applications (Non disponible). Cette autorisation de sécurité peut être modifiée à l’aide de l’outil d’administration Services de composants."
Avertissement	15/10/2025 13:52:16	Microsoft-Windows-DistributedCOM	10016	Aucun	"Les paramètres d’autorisation propres à l’application n’accordent pas l’autorisation Local Exécution pour l’application serveur COM avec le CLSID 
Windows.SecurityCenter.WscBrokerManager
 et l’APPID 
Non disponible
 au SID AUTORITE NT\Système de l’utilisateur (S-1-5-18) depuis l’adresse LocalHost (avec LRPC) s’exécutant dans le SID Non disponible du conteneur d’applications (Non disponible). Cette autorisation de sécurité peut être modifiée à l’aide de l’outil d’administration Services de composants."
Information	15/10/2025 13:52:16	Microsoft-Windows-Time-Service	158	Aucun	Le fournisseur de temps VMICTimeProvider a indiqué que le matériel et l'environnement d'exploitation actuels ne sont pas pris en charge et ont été arrêtés. Ce comportement est attendu de VMICTimeProvider dans des environnements invités non HyperV. Il peut également être attendu du fournisseur actuel dans l'environnement d'exploitation utilisé.
Erreur	15/10/2025 13:52:15	Service Control Manager	7000	Aucun	"Le service Service Google Update (gupdate) n’a pas pu démarrer en raison de l’erreur : 
Le service n’a pas répondu assez vite à la demande de lancement ou de contrôle."
Erreur	15/10/2025 13:52:15	Service Control Manager	7009	Aucun	Le dépassement de délai (30000 millisecondes) a été atteint lors de l’attente de la connexion du service Service Google Update (gupdate).
Information	15/10/2025 13:51:08	Netwtw10	7021	Aucun	7021 - Connection telemetry fields and analysis usage
Information	15/10/2025 13:50:35	Microsoft-Windows-Kernel-General	16	Aucun	L’historique des accès de la ruche \??\C:\Users\Perceval\AppData\Local\Packages\Microsoft.People_8wekyb3d8bbwe\Settings\settings.dat a été effacé, mettant à jour 2 clés et créant 1 pages modifiées.
Information	15/10/2025 13:50:35	Microsoft-Windows-Kernel-General	16	Aucun	L’historique des accès de la ruche \??\C:\ProgramData\Packages\AD2F1837.OMENLightStudio_v10z8vjag6ke6\S-1-5-21-279605357-448217104-2738636231-1001\SystemAppData\Helium\Cache\fb4b1d64be5af1b8_COM15.dat a été effacé, mettant à jour 1 clés et créant 1 pages modifiées.
Information	15/10/2025 13:50:35	Microsoft-Windows-Kernel-General	16	Aucun	L’historique des accès de la ruche \??\C:\Users\Perceval\AppData\Local\Packages\AD2F1837.OMENLightStudio_v10z8vjag6ke6\SystemAppData\Helium\UserClasses.dat a été effacé, mettant à jour 7 clés et créant 2 pages modifiées.
Information	15/10/2025 13:50:35	Microsoft-Windows-Kernel-General	16	Aucun	L’historique des accès de la ruche \??\C:\Users\Perceval\AppData\Local\Packages\AD2F1837.OMENLightStudio_v10z8vjag6ke6\SystemAppData\Helium\User.dat a été effacé, mettant à jour 12 clés et créant 2 pages modifiées.
Information	15/10/2025 13:50:34	Microsoft-Windows-Kernel-General	16	Aucun	L’historique des accès de la ruche \??\C:\ProgramData\Packages\AD2F1837.HPSystemEventUtility_v10z8vjag6ke6\S-1-5-21-279605357-448217104-2738636231-1001\SystemAppData\Helium\Cache\3fb80b09ff483e25_COM15.dat a été effacé, mettant à jour 1 clés et créant 1 pages modifiées.
Information	15/10/2025 13:50:34	Microsoft-Windows-Kernel-General	16	Aucun	L’historique des accès de la ruche \??\C:\Users\Perceval\AppData\Local\Packages\AD2F1837.HPSystemEventUtility_v10z8vjag6ke6\SystemAppData\Helium\UserClasses.dat a été effacé, mettant à jour 1 clés et créant 1 pages modifiées.
Information	15/10/2025 13:50:34	Microsoft-Windows-Kernel-General	16	Aucun	L’historique des accès de la ruche \??\C:\Users\Perceval\AppData\Local\Packages\AD2F1837.HPSystemEventUtility_v10z8vjag6ke6\SystemAppData\Helium\User.dat a été effacé, mettant à jour 12 clés et créant 1 pages modifiées.
Information	15/10/2025 13:50:32	Microsoft-Windows-Kernel-General	16	Aucun	L’historique des accès de la ruche \??\C:\ProgramData\Packages\Microsoft.WidgetsPlatformRuntime_8wekyb3d8bbwe\S-1-5-21-279605357-448217104-2738636231-1001\SystemAppData\Helium\Cache\81d060ca2aba6fa4_COM15.dat a été effacé, mettant à jour 1 clés et créant 1 pages modifiées.
Information	15/10/2025 13:50:32	Microsoft-Windows-Kernel-General	16	Aucun	L’historique des accès de la ruche \??\C:\Users\Perceval\AppData\Local\Packages\Microsoft.WidgetsPlatformRuntime_8wekyb3d8bbwe\SystemAppData\Helium\UserClasses.dat a été effacé, mettant à jour 15 clés et créant 5 pages modifiées.
Information	15/10/2025 13:50:32	Microsoft-Windows-Kernel-General	16	Aucun	L’historique des accès de la ruche \??\C:\Users\Perceval\AppData\Local\Packages\Microsoft.WidgetsPlatformRuntime_8wekyb3d8bbwe\SystemAppData\Helium\User.dat a été effacé, mettant à jour 1 clés et créant 1 pages modifiées.
Information	15/10/2025 13:50:31	Microsoft-Windows-Kernel-General	16	Aucun	L’historique des accès de la ruche \??\C:\Users\Perceval\AppData\Local\Packages\Microsoft.Windows.StartMenuExperienceHost_cw5n1h2txyewy\Settings\settings.dat a été effacé, mettant à jour 11 clés et créant 1 pages modifiées.
Information	15/10/2025 13:50:31	Microsoft-Windows-Kernel-General	16	Aucun	L’historique des accès de la ruche \??\C:\Users\Perceval\AppData\Local\Packages\MicrosoftWindows.Client.CBS_cw5n1h2txyewy\Settings\settings.dat a été effacé, mettant à jour 17 clés et créant 9 pages modifiées.
Information	15/10/2025 13:50:31	Microsoft-Windows-Kernel-General	16	Aucun	L’historique des accès de la ruche \??\C:\ProgramData\Packages\MicrosoftWindows.Client.WebExperience_cw5n1h2txyewy\S-1-5-21-279605357-448217104-2738636231-1001\SystemAppData\Helium\Cache\26fe02ce68e5babf_COM15.dat a été effacé, mettant à jour 1 clés et créant 1 pages modifiées.
Information	15/10/2025 13:50:31	Microsoft-Windows-Kernel-General	16	Aucun	L’historique des accès de la ruche \??\C:\Users\Perceval\AppData\Local\Packages\MicrosoftWindows.Client.WebExperience_cw5n1h2txyewy\SystemAppData\Helium\UserClasses.dat a été effacé, mettant à jour 15 clés et créant 3 pages modifiées.
Information	15/10/2025 13:50:31	Microsoft-Windows-Kernel-General	16	Aucun	L’historique des accès de la ruche \??\C:\Users\Perceval\AppData\Local\Packages\MicrosoftWindows.Client.WebExperience_cw5n1h2txyewy\SystemAppData\Helium\User.dat a été effacé, mettant à jour 14 clés et créant 2 pages modifiées.
Information	15/10/2025 13:50:29	Microsoft-Windows-Kernel-General	16	Aucun	L’historique des accès de la ruche \??\C:\Users\Perceval\AppData\Local\Packages\MicrosoftWindows.Client.CoreAI_cw5n1h2txyewy\Settings\settings.dat a été effacé, mettant à jour 1 clés et créant 1 pages modifiées.
Avertissement	15/10/2025 13:50:24	Microsoft-Windows-DistributedCOM	10016	Aucun	"Les paramètres d’autorisation propres à l’application n’accordent pas l’autorisation Local Activation pour l’application serveur COM avec le CLSID 
{6B3B8D23-FA8D-40B9-8DBD-B950333E2C52}
 et l’APPID 
{4839DDB7-58C2-48F5-8283-E1D1807D0D7D}
 au SID AUTORITE NT\SERVICE LOCAL de l’utilisateur (S-1-5-19) depuis l’adresse LocalHost (avec LRPC) s’exécutant dans le SID Non disponible du conteneur d’applications (Non disponible). Cette autorisation de sécurité peut être modifiée à l’aide de l’outil d’administration Services de composants."
Avertissement	15/10/2025 13:50:24	Microsoft-Windows-DistributedCOM	10016	Aucun	"Les paramètres d’autorisation propres à l’application n’accordent pas l’autorisation Local Activation pour l’application serveur COM avec le CLSID 
{6B3B8D23-FA8D-40B9-8DBD-B950333E2C52}
 et l’APPID 
{4839DDB7-58C2-48F5-8283-E1D1807D0D7D}
 au SID AUTORITE NT\SERVICE LOCAL de l’utilisateur (S-1-5-19) depuis l’adresse LocalHost (avec LRPC) s’exécutant dans le SID Non disponible du conteneur d’applications (Non disponible). Cette autorisation de sécurité peut être modifiée à l’aide de l’outil d’administration Services de composants."
Information	15/10/2025 13:50:23	Microsoft-Windows-Kernel-General	16	Aucun	L’historique des accès de la ruche \??\C:\Users\Perceval\AppData\Local\Microsoft\Windows\UsrClass.dat a été effacé, mettant à jour 23318 clés et créant 2307 pages modifiées.
Information	15/10/2025 13:50:23	Microsoft-Windows-Kernel-General	15	(10)	La ruche \??\C:\Users\Perceval\ntuser.dat a été réorganisée avec une taille de départ de 32919552 octets et une taille de fin de 34287616 octets.
Information	15/10/2025 13:50:23	Microsoft-Windows-Winlogon	7001	(1101)	Notification d’ouverture de session utilisateur pour le Programme d’amélioration de l’expérience utilisateur
Information	15/10/2025 13:50:20	nhi	9007	Aucun	"The driver entered RTD3.
 All the connected devices will be removed from driver's internal state, so it is expected that DeviceDisconnected events will happen."
Information	15/10/2025 13:50:19	Service Control Manager	7040	Aucun	Le type de démarrage du service Programme d’installation pour les modules Windows est passé de Démarrage automatique à Démarrage à la demande.
Information	15/10/2025 13:50:17	Microsoft-Windows-TPM-WMI	1025	Aucun	Le Module de plateforme sécurisée (TPM) a été correctement approvisionné et est prêt à être utilisé.
Information	15/10/2025 13:50:16	Microsoft-Windows-TPM-WMI	1282	Aucun	L'identificateur de périphérique TBS a été généré.
Information	15/10/2025 13:50:15	Microsoft-Windows-IsolatedUserMode	1	Aucun	Secure Trustlet \??\C:\WINDOWS\System32\NgcIso.exe Id 6 and Pid 9888 started with status STATUS_SUCCESS.
Information	15/10/2025 13:50:15	Microsoft-Windows-IsolatedUserMode	5	Aucun	Secure Trustlet NULL Id 0 and Pid 0 started with status STATUS_SUCCESS.
Information	15/10/2025 13:50:15	TPM	18	Aucun	Cet événement déclenche l’exécution de la vérification de l’état/la configuration du module de plateforme sécurisée (TPM).
Information	15/10/2025 13:50:11	Microsoft-Windows-FilterManager	6	Aucun	Le filtre de système de fichiers « gameflt » (Version 10.0, ‎2009‎-‎11‎-‎22T21:11:52.000000000Z) s’est chargé et s’est inscrit correctement auprès du gestionnaire de filtres.
Information	15/10/2025 13:50:10	Microsoft-Windows-HttpService	113	HTTP Configuration Property Trace Task	Tentative d’ajout de l’URL (http://*:5357/191a253b-edc2-4532-a37a-1f3c80c58d8b/) au groupe d’URL (0xFE00000B20000001). État : 0x0. ID de processus 0x1928 \Device\HarddiskVolume5\Windows\System32\svchost.exe de chemin d’accès de l’exécutable, SERVICE LOCAL  utilisateur
Information	15/10/2025 13:50:10	Microsoft-Windows-HttpService	111	HTTP Configuration Property Trace Task	Créez un 0xFE00000B20000001 de groupe d’URL. État 0x0. ID de processus 0x1928 chemin d’accès de l’exécutable \Device\HarddiskVolume5\Windows\System32\svchost.exe, SERVICE LOCAL  utilisateur
Information	15/10/2025 13:50:10	Microsoft-Windows-WLAN-AutoConfig	10001	Aucun	"Le module d’extensibilité WLAN a démarré correctement.

Chemin d’accès du module : C:\WINDOWS\system32\IntelIHVRouter10.dll
"
Information	15/10/2025 13:50:10	Microsoft-Windows-WLAN-AutoConfig	4000	Aucun	"Le Service d’autoconfiguration WLAN a démarré correctement.
"
Information	15/10/2025 13:50:10	Service Control Manager	7026	Aucun	"Le ou les pilotes de démarrage système ou d’amorçage suivants n’ont pas pu se charger : 
dam"
Information	15/10/2025 13:50:09	Microsoft-Windows-TPM-WMI	1038	Aucun	"Les vérifications d’intégrité de pré-attestation confirment que l’appareil doit réussir l’attestation.
 Consultez C:\WINDOWS\Logs\MeasuredBoot\0000000254-0000000000.json pour plus d’informations sur les vérifications effectuées."
Information	15/10/2025 13:50:09	Microsoft-Windows-TPM-WMI	1041	Aucun	"Informations détaillées sur la vérification d’intégrité préalable à l’attestation : {""Version"":1,""HealthStatus"":""Attestable"",""Required"":[{""Field"":""TpmPresent"",""Value"":true,""DesiredValue"":true},{""Field"":""TpmMeetsMinimumVersion"",""Value"":true,""DesiredValue"":true},{""Field"":""TpmIsResponsive"",""Value"":true,""DesiredValue"":true},{""Field"":""EkCertIsAvailable"",""Value"":true,""DesiredValue"":true},{""Field"":""TcgLogFound"",""Value"":true,""DesiredValue"":true}],""Expected"":[{""Field"":""PcrsMatchTcgLog"",""Value"":true,""DesiredValue"":true}],""Informational"":[{""Field"":""SecureBootEnabled"",""ValueFromComputer"":true,""ValueFromTcgLog"":true,""DesiredValue"":true,""TcgValueIsVerifiable"":true},{""Field"":""VirtualSecureMemory"",""ValueFromComputer"":false,""ValueFromTcgLog"":false,""DesiredValue"":true,""TcgValueIsVerifiable"":true},{""Field"":""SecureCorePCCompliant"",""ValueFromComputer"":false,""ValueFromTcgLog"":false,""DesiredValue"":true,""TcgValueIsVerifiable"":true}]}"
Information	15/10/2025 13:50:08	RST Middleware	27	Aucun	Found passthru disk: SCSI Port: 0, SCSI Bus: 0, SCSI Target: 0, SATA HDD, 1000204886016 bytes, WDC WD10SPSX-60A6WT0                   
Information	15/10/2025 13:50:08	vmx86	34	Aucun	"La description de l’ID d’événement 34 dans la source vmx86 est introuvable. Le composant qui a déclenché cet événement n’est pas installé sur l’ordinateur local ou l’installation est endommagée. Vous pouvez installer ou réparer le composant sur l’ordinateur local.

Si l’événement provient d’un autre ordinateur, les informations d’affichage doivent être enregistrées avec l’événement.

Les informations suivantes étaient incluses avec l’événement : 

VMX86.SYS: begin DriverEntry

La ressource de message est présente, mais le message est introuvable dans la table des messages
"
Information	15/10/2025 13:50:07	Microsoft-Windows-HttpService	112	HTTP Setup Trace Task	Tentative de réservation de l’URL http://+:3387/rdp/. État 0x0. ID de processus 0x4 chemin d’accès de l’exécutable , Système  utilisateur
Information	15/10/2025 13:50:07	Microsoft-Windows-HttpService	112	HTTP Setup Trace Task	Tentative de réservation de l’URL https://+:3392/rdp/. État 0x0. ID de processus 0x4 chemin d’accès de l’exécutable , Système  utilisateur
Information	15/10/2025 13:50:07	Microsoft-Windows-HttpService	112	HTTP Setup Trace Task	Tentative de réservation de l’URL http://+:10246/MDEServer/. État 0x0. ID de processus 0x4 chemin d’accès de l’exécutable , Système  utilisateur
Information	15/10/2025 13:50:07	Microsoft-Windows-HttpService	112	HTTP Setup Trace Task	Tentative de réservation de l’URL http://+:10243/WMPNSSv4/. État 0x0. ID de processus 0x4 chemin d’accès de l’exécutable , Système  utilisateur
Information	15/10/2025 13:50:07	Microsoft-Windows-HttpService	112	HTTP Setup Trace Task	Tentative de réservation de l’URL https://+:10245/WMPNSSv4/. État 0x0. ID de processus 0x4 chemin d’accès de l’exécutable , Système  utilisateur
Information	15/10/2025 13:50:07	Microsoft-Windows-HttpService	112	HTTP Setup Trace Task	Tentative de réservation de l’URL http://+:10247/apps/. État 0x0. ID de processus 0x4 chemin d’accès de l’exécutable , Système  utilisateur
Information	15/10/2025 13:50:07	Microsoft-Windows-HttpService	112	HTTP Setup Trace Task	Tentative de réservation de l’URL https://+:443/sra_{BA195980-CD49-458b-9E23-C84EE0ADCD75}/. État 0x0. ID de processus 0x4 chemin d’accès de l’exécutable , Système  utilisateur
Information	15/10/2025 13:50:07	Microsoft-Windows-HttpService	112	HTTP Setup Trace Task	Tentative de réservation de l’URL http://+:5985/wsman/. État 0x0. ID de processus 0x4 chemin d’accès de l’exécutable , Système  utilisateur
Information	15/10/2025 13:50:07	Microsoft-Windows-HttpService	112	HTTP Setup Trace Task	Tentative de réservation de l’URL http://+:47001/wsman/. État 0x0. ID de processus 0x4 chemin d’accès de l’exécutable , Système  utilisateur
Information	15/10/2025 13:50:07	Microsoft-Windows-HttpService	112	HTTP Setup Trace Task	Tentative de réservation de l’URL https://+:5986/wsman/. État 0x0. ID de processus 0x4 chemin d’accès de l’exécutable , Système  utilisateur
Information	15/10/2025 13:50:07	Microsoft-Windows-HttpService	112	HTTP Setup Trace Task	Tentative de réservation de l’URL http://*:2869/. État 0x0. ID de processus 0x4 chemin d’accès de l’exécutable , Système  utilisateur
Information	15/10/2025 13:50:07	Microsoft-Windows-HttpService	112	HTTP Setup Trace Task	Tentative de réservation de l’URL https://*:5358/. État 0x0. ID de processus 0x4 chemin d’accès de l’exécutable , Système  utilisateur
Information	15/10/2025 13:50:07	Microsoft-Windows-HttpService	112	HTTP Setup Trace Task	Tentative de réservation de l’URL http://+:80/Temporary_Listen_Addresses/. État 0x0. ID de processus 0x4 chemin d’accès de l’exécutable , Système  utilisateur
Information	15/10/2025 13:50:07	Microsoft-Windows-HttpService	112	HTTP Setup Trace Task	Tentative de réservation de l’URL http://*:5357/. État 0x0. ID de processus 0x4 chemin d’accès de l’exécutable , Système  utilisateur
Information	15/10/2025 13:50:07	Microsoft-Windows-Hyper-V-VmSwitch	277	Aucun	vmswitch. sys build 26100. amd64. ge_release_svc_prod1, false débogage, true officiel, 1 1
Information	15/10/2025 13:50:07	VMnetuserif	1	Aucun	() Starting up the User Interface Driver for VMware Virtual Networks.
Information	15/10/2025 13:50:07	VMnetBridge	10	Aucun	() Starting up the Bridge Driver for VMware Virtual Networks.
Information	15/10/2025 13:50:07	Win32k	267	Aucun	La vérification d'assurance qualité du matériel tactile a réussi.
Information	15/10/2025 13:50:07	Microsoft-Windows-DHCPv6-Client	51046	Service State Event	Le service client DHCPv6 est démarré
Information	15/10/2025 13:50:06	Microsoft-Windows-Dhcp-Client	50036	Événement d’état de service	Le service client DHCPv4 est démarré
Information	15/10/2025 13:50:06	Microsoft-Windows-Dhcp-Client	50103	Événement d’état de service	Le client DHCPv4 s’est inscrit pour une notification d’arrêt
