Information	04/10/2025 23:48:47	Microsoft-Windows-Kernel-General	15	(10)	La ruche \??\Volume{b582b3c3-6e25-4549-9c3d-bfcc021e2b82}\System Volume Information\SPP\SppCbsHiveStore\{cd42efe1-f6f1-427c-b004-033192c625a4}{F8334A3D-3BB6-441E-87E8-5210C0F23BA3} a été réorganisée avec une taille de départ de 128581632 octets et une taille de fin de 111312896 octets.
Information	04/10/2025 23:48:45	Microsoft-Windows-Kernel-General	16	Aucun	L’historique des accès de la ruche \??\Volume{b582b3c3-6e25-4549-9c3d-bfcc021e2b82}\System Volume Information\SPP\SppCbsHiveStore\{cd42efe1-f6f1-427c-b004-033192c625a4}{D0AFA4BA-B4E3-4566-BA6D-A2EEE53411A6} a été effacé, mettant à jour 932 clés et créant 136 pages modifiées.
Information	04/10/2025 23:48:45	Microsoft-Windows-Kernel-General	16	Aucun	L’historique des accès de la ruche \??\Volume{b582b3c3-6e25-4549-9c3d-bfcc021e2b82}\System Volume Information\SPP\SppCbsHiveStore\{cd42efe1-f6f1-427c-b004-033192c625a4}{8F4BDAF4-3263-4204-A851-900C07BDA672} a été effacé, mettant à jour 94 clés et créant 3 pages modifiées.
Information	04/10/2025 23:48:44	Microsoft-Windows-Kernel-General	16	Aucun	L’historique des accès de la ruche \??\Volume{b582b3c3-6e25-4549-9c3d-bfcc021e2b82}\System Volume Information\SPP\SppCbsHiveStore\{cd42efe1-f6f1-427c-b004-033192c625a4}{ACC3B219-135C-423B-A4A0-A635304C1F56} a été effacé, mettant à jour 61 clés et créant 7 pages modifiées.
Information	04/10/2025 23:48:44	Microsoft-Windows-Kernel-General	15	(10)	La ruche \??\Volume{b582b3c3-6e25-4549-9c3d-bfcc021e2b82}\System Volume Information\SPP\SppCbsHiveStore\{cd42efe1-f6f1-427c-b004-033192c625a4}{9F9EA1FB-0BEE-45B6-B036-8BCA40CEB123} a été réorganisée avec une taille de départ de 49844224 octets et une taille de fin de 48340992 octets.
Information	04/10/2025 23:48:36	Microsoft-Windows-Kernel-General	11	Aucun	Phase d’initialisation de TxR pour la ruche \??\GLOBALROOT\Device\HarddiskVolumeShadowCopy5\WINDOWS\System32\config\SOFTWARE (TM : {b78e5e47-a119-11f0-a736-005056c00008}, RM : {b78e5e46-a119-11f0-a736-005056c00008}) terminée avec le résultat=0xC00000A2 (Code interne=7).
Information	04/10/2025 23:48:36	Microsoft-Windows-Kernel-General	15	(10)	La ruche \??\GLOBALROOT\Device\HarddiskVolumeShadowCopy5\WINDOWS\System32\config\SOFTWARE a été réorganisée avec une taille de départ de 128581632 octets et une taille de fin de 111312896 octets.
Information	04/10/2025 23:48:33	Microsoft-Windows-Kernel-General	11	Aucun	Phase d’initialisation de TxR pour la ruche \??\GLOBALROOT\Device\HarddiskVolumeShadowCopy5\WINDOWS\System32\config\DRIVERS (TM : {b78e5e44-a119-11f0-a736-005056c00008}, RM : {b78e5e43-a119-11f0-a736-005056c00008}) terminée avec le résultat=0xC00000A2 (Code interne=7).
Information	04/10/2025 23:48:33	Microsoft-Windows-Kernel-General	11	Aucun	Phase d’initialisation de TxR pour la ruche \??\GLOBALROOT\Device\HarddiskVolumeShadowCopy5\WINDOWS\System32\config\SYSTEM (TM : {b78e5e41-a119-11f0-a736-005056c00008}, RM : {b78e5e40-a119-11f0-a736-005056c00008}) terminée avec le résultat=0xC00000A2 (Code interne=7).
Information	04/10/2025 23:48:33	Microsoft-Windows-Kernel-General	15	(10)	La ruche \??\GLOBALROOT\Device\HarddiskVolumeShadowCopy5\WINDOWS\System32\config\SYSTEM a été réorganisée avec une taille de départ de 49844224 octets et une taille de fin de 48340992 octets.
Information	04/10/2025 18:35:12	Microsoft-Windows-Time-Service	37	Aucun	Le fournisseur de temps NtpClient reçoit actuellement des données de temps valides à partir de time.windows.com,0x9 (ntp.m|0x9|0.0.0.0:123->51.145.123.29:123).
Information	04/10/2025 17:21:34	Service Control Manager	7040	Aucun	Le type de démarrage du service Service de transfert intelligent en arrière-plan est passé de Démarrage automatique à Démarrage à la demande.
Information	04/10/2025 17:19:31	Microsoft-Windows-HttpService	114	HTTP Configuration Property Trace Task	URL (http://*:2869/upnp/eventing/) supprimée du groupe d’URL (0xFE0000012000000A). ID de processus 0x20F4 chemin d’accès de l’exécutable \Device\HarddiskVolume5\Windows\System32\svchost.exe, SERVICE LOCAL  utilisateur
Information	04/10/2025 17:19:31	Microsoft-Windows-HttpService	113	HTTP Configuration Property Trace Task	Tentative d’ajout de l’URL (http://*:2869/upnp/eventing/) au groupe d’URL (0xFE0000012000000A). État : 0x0. ID de processus 0x20F4 \Device\HarddiskVolume5\Windows\System32\svchost.exe de chemin d’accès de l’exécutable, SERVICE LOCAL  utilisateur
Information	04/10/2025 17:19:30	Microsoft-Windows-HttpService	114	HTTP Configuration Property Trace Task	URL (http://*:2869/upnp/eventing/) supprimée du groupe d’URL (0xFE00000620000007). ID de processus 0x20F4 chemin d’accès de l’exécutable \Device\HarddiskVolume5\Windows\System32\svchost.exe, SERVICE LOCAL  utilisateur
Information	04/10/2025 17:19:30	Microsoft-Windows-HttpService	113	HTTP Configuration Property Trace Task	Tentative d’ajout de l’URL (http://*:2869/upnp/eventing/) au groupe d’URL (0xFE00000620000007). État : 0x0. ID de processus 0x20F4 \Device\HarddiskVolume5\Windows\System32\svchost.exe de chemin d’accès de l’exécutable, SERVICE LOCAL  utilisateur
Information	04/10/2025 17:19:30	Microsoft-Windows-HttpService	114	HTTP Configuration Property Trace Task	URL (http://*:2869/upnp/eventing/) supprimée du groupe d’URL (0xFE00000120000009). ID de processus 0x20F4 chemin d’accès de l’exécutable \Device\HarddiskVolume5\Windows\System32\svchost.exe, SERVICE LOCAL  utilisateur
Information	04/10/2025 17:19:30	Microsoft-Windows-HttpService	113	HTTP Configuration Property Trace Task	Tentative d’ajout de l’URL (http://*:2869/upnp/eventing/) au groupe d’URL (0xFE00000120000009). État : 0x0. ID de processus 0x20F4 \Device\HarddiskVolume5\Windows\System32\svchost.exe de chemin d’accès de l’exécutable, SERVICE LOCAL  utilisateur
Information	04/10/2025 17:19:29	Microsoft-Windows-HttpService	114	HTTP Configuration Property Trace Task	URL (http://*:2869/upnp/eventing/) supprimée du groupe d’URL (0xFE00000120000008). ID de processus 0x20F4 chemin d’accès de l’exécutable \Device\HarddiskVolume5\Windows\System32\svchost.exe, SERVICE LOCAL  utilisateur
Information	04/10/2025 17:19:29	Microsoft-Windows-HttpService	113	HTTP Configuration Property Trace Task	Tentative d’ajout de l’URL (http://*:2869/upnp/eventing/) au groupe d’URL (0xFE00000120000008). État : 0x0. ID de processus 0x20F4 \Device\HarddiskVolume5\Windows\System32\svchost.exe de chemin d’accès de l’exécutable, SERVICE LOCAL  utilisateur
Information	04/10/2025 17:19:29	Microsoft-Windows-HttpService	114	HTTP Configuration Property Trace Task	URL (http://*:2869/upnp/eventing/) supprimée du groupe d’URL (0xFE00000720000004). ID de processus 0x20F4 chemin d’accès de l’exécutable \Device\HarddiskVolume5\Windows\System32\svchost.exe, SERVICE LOCAL  utilisateur
Information	04/10/2025 17:19:29	Microsoft-Windows-HttpService	113	HTTP Configuration Property Trace Task	Tentative d’ajout de l’URL (http://*:2869/upnp/eventing/) au groupe d’URL (0xFE00000720000004). État : 0x0. ID de processus 0x20F4 \Device\HarddiskVolume5\Windows\System32\svchost.exe de chemin d’accès de l’exécutable, SERVICE LOCAL  utilisateur
Information	04/10/2025 17:19:28	Microsoft-Windows-HttpService	114	HTTP Configuration Property Trace Task	URL (http://*:2869/upnp/eventing/) supprimée du groupe d’URL (0xFE00000120000007). ID de processus 0x20F4 chemin d’accès de l’exécutable \Device\HarddiskVolume5\Windows\System32\svchost.exe, SERVICE LOCAL  utilisateur
Information	04/10/2025 17:19:28	Microsoft-Windows-HttpService	113	HTTP Configuration Property Trace Task	Tentative d’ajout de l’URL (http://*:2869/upnp/eventing/) au groupe d’URL (0xFE00000120000007). État : 0x0. ID de processus 0x20F4 \Device\HarddiskVolume5\Windows\System32\svchost.exe de chemin d’accès de l’exécutable, SERVICE LOCAL  utilisateur
Information	04/10/2025 17:19:28	Microsoft-Windows-HttpService	114	HTTP Configuration Property Trace Task	URL (http://*:2869/upnp/eventing/) supprimée du groupe d’URL (0xFE00000120000006). ID de processus 0x20F4 chemin d’accès de l’exécutable \Device\HarddiskVolume5\Windows\System32\svchost.exe, SERVICE LOCAL  utilisateur
Information	04/10/2025 17:19:28	Microsoft-Windows-HttpService	113	HTTP Configuration Property Trace Task	Tentative d’ajout de l’URL (http://*:2869/upnp/eventing/) au groupe d’URL (0xFE00000120000006). État : 0x0. ID de processus 0x20F4 \Device\HarddiskVolume5\Windows\System32\svchost.exe de chemin d’accès de l’exécutable, SERVICE LOCAL  utilisateur
Information	04/10/2025 17:19:26	Microsoft-Windows-HttpService	114	HTTP Configuration Property Trace Task	URL (http://*:2869/upnp/eventing/) supprimée du groupe d’URL (0xFF00000820000012). ID de processus 0x20F4 chemin d’accès de l’exécutable \Device\HarddiskVolume5\Windows\System32\svchost.exe, SERVICE LOCAL  utilisateur
Information	04/10/2025 17:19:26	Microsoft-Windows-HttpService	113	HTTP Configuration Property Trace Task	Tentative d’ajout de l’URL (http://*:2869/upnp/eventing/) au groupe d’URL (0xFF00000820000012). État : 0x0. ID de processus 0x20F4 \Device\HarddiskVolume5\Windows\System32\svchost.exe de chemin d’accès de l’exécutable, SERVICE LOCAL  utilisateur
Information	04/10/2025 17:19:26	Microsoft-Windows-HttpService	114	HTTP Configuration Property Trace Task	URL (http://*:2869/upnp/eventing/) supprimée du groupe d’URL (0xFE00000A2000000C). ID de processus 0x20F4 chemin d’accès de l’exécutable \Device\HarddiskVolume5\Windows\System32\svchost.exe, SERVICE LOCAL  utilisateur
Information	04/10/2025 17:19:26	Microsoft-Windows-HttpService	113	HTTP Configuration Property Trace Task	Tentative d’ajout de l’URL (http://*:2869/upnp/eventing/) au groupe d’URL (0xFE00000A2000000C). État : 0x0. ID de processus 0x20F4 \Device\HarddiskVolume5\Windows\System32\svchost.exe de chemin d’accès de l’exécutable, SERVICE LOCAL  utilisateur
Information	04/10/2025 17:19:26	Microsoft-Windows-HttpService	114	HTTP Configuration Property Trace Task	URL (http://*:2869/upnp/eventing/) supprimée du groupe d’URL (0xFC0000002000001D). ID de processus 0x20F4 chemin d’accès de l’exécutable \Device\HarddiskVolume5\Windows\System32\svchost.exe, SERVICE LOCAL  utilisateur
Information	04/10/2025 17:19:26	Microsoft-Windows-HttpService	113	HTTP Configuration Property Trace Task	Tentative d’ajout de l’URL (http://*:2869/upnp/eventing/) au groupe d’URL (0xFC0000002000001D). État : 0x0. ID de processus 0x20F4 \Device\HarddiskVolume5\Windows\System32\svchost.exe de chemin d’accès de l’exécutable, SERVICE LOCAL  utilisateur
Information	04/10/2025 17:19:26	Microsoft-Windows-HttpService	114	HTTP Configuration Property Trace Task	URL (http://*:2869/upnp/eventing/) supprimée du groupe d’URL (0xFF00000820000011). ID de processus 0x20F4 chemin d’accès de l’exécutable \Device\HarddiskVolume5\Windows\System32\svchost.exe, SERVICE LOCAL  utilisateur
Information	04/10/2025 17:19:26	Microsoft-Windows-HttpService	113	HTTP Configuration Property Trace Task	Tentative d’ajout de l’URL (http://*:2869/upnp/eventing/) au groupe d’URL (0xFF00000820000011). État : 0x0. ID de processus 0x20F4 \Device\HarddiskVolume5\Windows\System32\svchost.exe de chemin d’accès de l’exécutable, SERVICE LOCAL  utilisateur
Information	04/10/2025 17:19:22	Service Control Manager	7040	Aucun	Le type de démarrage du service Service de transfert intelligent en arrière-plan est passé de Démarrage à la demande à Démarrage automatique.
Information	04/10/2025 16:37:44	Virtual Disk Service	4	Aucun	Le service s’est arrêté.
Avertissement	04/10/2025 16:37:02	disk	51	Aucun	Une erreur a été détectée sur le périphérique \Device\Harddisk3\DR7 lors d'une opération de pagination.
Avertissement	04/10/2025 16:37:02	disk	51	Aucun	Une erreur a été détectée sur le périphérique \Device\Harddisk3\DR7 lors d'une opération de pagination.
Avertissement	04/10/2025 16:37:02	disk	51	Aucun	Une erreur a été détectée sur le périphérique \Device\Harddisk3\DR7 lors d'une opération de pagination.
Avertissement	04/10/2025 16:37:02	disk	51	Aucun	Une erreur a été détectée sur le périphérique \Device\Harddisk3\DR7 lors d'une opération de pagination.
Avertissement	04/10/2025 16:37:02	disk	51	Aucun	Une erreur a été détectée sur le périphérique \Device\Harddisk3\DR7 lors d'une opération de pagination.
Avertissement	04/10/2025 16:37:02	disk	51	Aucun	Une erreur a été détectée sur le périphérique \Device\Harddisk3\DR7 lors d'une opération de pagination.
Information	04/10/2025 16:36:19	Microsoft-Windows-UserPnp	20003	(7005)	La gestion des pilotes a terminé le processus d’ajout du service WUDFWpdFs pour l’ID d’instance de périphérique SWD\WPDBUSENUM\{FB2EB1A2-A0C6-11F0-A736-005056C00008}#0000000020100000 avec le statut suivant : 0.
Information	04/10/2025 16:36:19	Microsoft-Windows-DriverFrameworks-UserMode	10100	Installation or update of device drivers.	L’installation du package de pilotes a réussi.
Information	04/10/2025 16:36:19	Microsoft-Windows-DriverFrameworks-UserMode	10002	Installation or update of device drivers.	Le service UMDF WpdFs (CLSID {112de495-ac4c-46f8-b663-6a4266c53313}) a été mis à niveau. Il requiert une infrastructure version 2.35.0 ou supérieure.
Information	04/10/2025 16:36:19	Microsoft-Windows-DriverFrameworks-UserMode	10000	Installation or update of device drivers.	Un package de pilotes utilisant une infrastructure de pilotes mode-utilisateur version 2.35.0 est en cours d’installation sur le périphérique SWD\WPDBUSENUM\{FB2EB1A2-A0C6-11F0-A736-005056C00008}#0000000020100000.
Information	04/10/2025 16:36:19	Microsoft-Windows-WPDClassInstaller	24579	Driver Post-Install Configuration	L’inscription de la lecture automatique a été ignorée pour le périphérique %1.
Information	04/10/2025 16:36:19	Microsoft-Windows-WPDClassInstaller	24577	Driver Post-Install Configuration	Inscription réussie des couches de compatibilité du programme d’acquisition d’images et du lecteur multimédia pour le périphérique %1. Des bits de couche %2 ont été demandés, des bits de couche %3 ont été inscrits.
Information	04/10/2025 16:36:19	Microsoft-Windows-WPDClassInstaller	24576	Driver Installation	L’installation des pilotes pour le périphérique WPD Device s’est correctement déroulée.
Information	04/10/2025 16:35:54	Virtual Disk Service	3	Aucun	Le service a démarré.
Information	04/10/2025 16:21:29	Netwtw10	7021	Aucun	7021 - Connection telemetry fields and analysis usage
Information	04/10/2025 16:21:19	Netwtw10	7021	Aucun	7021 - Connection telemetry fields and analysis usage
Information	04/10/2025 16:21:13	Netwtw10	7021	Aucun	7021 - Connection telemetry fields and analysis usage
Information	04/10/2025 16:21:10	Netwtw10	7021	Aucun	7021 - Connection telemetry fields and analysis usage
Information	04/10/2025 16:21:08	Netwtw10	7021	Aucun	7021 - Connection telemetry fields and analysis usage
Information	04/10/2025 16:16:30	Virtual Disk Service	4	Aucun	Le service s’est arrêté.
Information	04/10/2025 16:16:27	Virtual Disk Service	3	Aucun	Le service a démarré.
Information	04/10/2025 14:27:46	Microsoft-Windows-WPDClassInstaller	24579	Driver Post-Install Configuration	L’inscription de la lecture automatique a été ignorée pour le périphérique %1.
Information	04/10/2025 14:27:46	Microsoft-Windows-WPDClassInstaller	24577	Driver Post-Install Configuration	Inscription réussie des couches de compatibilité du programme d’acquisition d’images et du lecteur multimédia pour le périphérique %1. Des bits de couche %2 ont été demandés, des bits de couche %3 ont été inscrits.
Information	04/10/2025 14:27:39	Microsoft-Windows-WPDClassInstaller	24576	Driver Installation	L’installation des pilotes pour le périphérique WPD Device s’est correctement déroulée.
Information	04/10/2025 14:27:38	Microsoft-Windows-UserPnp	20003	(7005)	La gestion des pilotes a terminé le processus d’ajout du service WUDFWpdFs pour l’ID d’instance de périphérique SWD\WPDBUSENUM\_??_USBSTOR#DISK&VEN_HP&PROD_V222W&REV_PMAP#070195F924276B55&0#{53F56307-B6BF-11D0-94F2-00A0C91EFB8B} avec le statut suivant : 0.
Information	04/10/2025 14:27:38	Microsoft-Windows-DriverFrameworks-UserMode	10100	Installation or update of device drivers.	L’installation du package de pilotes a réussi.
Information	04/10/2025 14:27:38	Microsoft-Windows-DriverFrameworks-UserMode	10002	Installation or update of device drivers.	Le service UMDF WpdFs (CLSID {112de495-ac4c-46f8-b663-6a4266c53313}) a été mis à niveau. Il requiert une infrastructure version 2.35.0 ou supérieure.
Information	04/10/2025 14:27:38	Microsoft-Windows-DriverFrameworks-UserMode	10000	Installation or update of device drivers.	Un package de pilotes utilisant une infrastructure de pilotes mode-utilisateur version 2.35.0 est en cours d’installation sur le périphérique SWD\WPDBUSENUM\_??_USBSTOR#DISK&VEN_HP&PROD_V222W&REV_PMAP#070195F924276B55&0#{53F56307-B6BF-11D0-94F2-00A0C91EFB8B}.
Information	04/10/2025 13:40:57	Virtual Disk Service	4	Aucun	Le service s’est arrêté.
Information	04/10/2025 13:40:54	Virtual Disk Service	3	Aucun	Le service a démarré.
Information	04/10/2025 13:38:09	Microsoft-Windows-UserPnp	20003	(7005)	La gestion des pilotes a terminé le processus d’ajout du service WUDFWpdFs pour l’ID d’instance de périphérique SWD\WPDBUSENUM\_??_USBSTOR#DISK&VEN_MASS&PROD_STORAGE_DEVICE&REV_1.00#121220160204&0#{53F56307-B6BF-11D0-94F2-00A0C91EFB8B} avec le statut suivant : 0.
Information	04/10/2025 13:38:09	Microsoft-Windows-DriverFrameworks-UserMode	10100	Installation or update of device drivers.	L’installation du package de pilotes a réussi.
Information	04/10/2025 13:38:09	Microsoft-Windows-DriverFrameworks-UserMode	10002	Installation or update of device drivers.	Le service UMDF WpdFs (CLSID {112de495-ac4c-46f8-b663-6a4266c53313}) a été mis à niveau. Il requiert une infrastructure version 2.35.0 ou supérieure.
Information	04/10/2025 13:38:09	Microsoft-Windows-DriverFrameworks-UserMode	10000	Installation or update of device drivers.	Un package de pilotes utilisant une infrastructure de pilotes mode-utilisateur version 2.35.0 est en cours d’installation sur le périphérique SWD\WPDBUSENUM\_??_USBSTOR#DISK&VEN_MASS&PROD_STORAGE_DEVICE&REV_1.00#121220160204&0#{53F56307-B6BF-11D0-94F2-00A0C91EFB8B}.
Information	04/10/2025 13:38:09	Microsoft-Windows-WPDClassInstaller	24579	Driver Post-Install Configuration	L’inscription de la lecture automatique a été ignorée pour le périphérique %1.
Information	04/10/2025 13:38:09	Microsoft-Windows-WPDClassInstaller	24577	Driver Post-Install Configuration	Inscription réussie des couches de compatibilité du programme d’acquisition d’images et du lecteur multimédia pour le périphérique %1. Des bits de couche %2 ont été demandés, des bits de couche %3 ont été inscrits.
Information	04/10/2025 13:38:09	Microsoft-Windows-WPDClassInstaller	24576	Driver Installation	L’installation des pilotes pour le périphérique WPD Device s’est correctement déroulée.
Information	04/10/2025 13:36:43	Microsoft-Windows-WindowsUpdateClient	19	Agent de mise à jour automatique Windows Update	Installation réussie : Windows a installé la mise à jour suivante : Mise à jour de la sélection disjointe pour Microsoft Defender Antivirus – 2267602 Ko (version 1.437.315.0) – Canal actuel (large)
Information	04/10/2025 13:36:33	Microsoft-Windows-WindowsUpdateClient	43	Agent de mise à jour automatique Windows Update	Installation démarrée : Windows a commencé l'installation de la mise à jour suivante : Mise à jour de la sélection disjointe pour Microsoft Defender Antivirus – 2267602 Ko (version 1.437.315.0) – Canal actuel (large)
Information	04/10/2025 13:36:27	Microsoft-Windows-WindowsUpdateClient	44	Agent de mise à jour automatique Windows Update	Windows Update a démarré le téléchargement d'une mise à jour.
Information	04/10/2025 12:37:47	Volsnap	33	Aucun	L’ancien cliché instantané du volume C: a été abandonné pour conserver l’utilisation d’espace disque pour les clichés instantanés de volume C: sous la limite définie par l’utilisateur.
Information	04/10/2025 12:21:34	Service Control Manager	7040	Aucun	Le type de démarrage du service Service de transfert intelligent en arrière-plan est passé de Démarrage automatique à Démarrage à la demande.
Information	04/10/2025 12:19:31	Microsoft-Windows-HttpService	114	HTTP Configuration Property Trace Task	URL (http://*:2869/upnp/eventing/) supprimée du groupe d’URL (0xFF00000820000010). ID de processus 0x20F4 chemin d’accès de l’exécutable \Device\HarddiskVolume5\Windows\System32\svchost.exe, SERVICE LOCAL  utilisateur
Information	04/10/2025 12:19:31	Microsoft-Windows-HttpService	113	HTTP Configuration Property Trace Task	Tentative d’ajout de l’URL (http://*:2869/upnp/eventing/) au groupe d’URL (0xFF00000820000010). État : 0x0. ID de processus 0x20F4 \Device\HarddiskVolume5\Windows\System32\svchost.exe de chemin d’accès de l’exécutable, SERVICE LOCAL  utilisateur
Information	04/10/2025 12:19:30	Microsoft-Windows-HttpService	114	HTTP Configuration Property Trace Task	URL (http://*:2869/upnp/eventing/) supprimée du groupe d’URL (0xFE0000022000000B). ID de processus 0x20F4 chemin d’accès de l’exécutable \Device\HarddiskVolume5\Windows\System32\svchost.exe, SERVICE LOCAL  utilisateur
Information	04/10/2025 12:19:30	Microsoft-Windows-HttpService	113	HTTP Configuration Property Trace Task	Tentative d’ajout de l’URL (http://*:2869/upnp/eventing/) au groupe d’URL (0xFE0000022000000B). État : 0x0. ID de processus 0x20F4 \Device\HarddiskVolume5\Windows\System32\svchost.exe de chemin d’accès de l’exécutable, SERVICE LOCAL  utilisateur
Information	04/10/2025 12:19:30	Microsoft-Windows-HttpService	114	HTTP Configuration Property Trace Task	URL (http://*:2869/upnp/eventing/) supprimée du groupe d’URL (0xFC0000002000001C). ID de processus 0x20F4 chemin d’accès de l’exécutable \Device\HarddiskVolume5\Windows\System32\svchost.exe, SERVICE LOCAL  utilisateur
Information	04/10/2025 12:19:30	Microsoft-Windows-HttpService	113	HTTP Configuration Property Trace Task	Tentative d’ajout de l’URL (http://*:2869/upnp/eventing/) au groupe d’URL (0xFC0000002000001C). État : 0x0. ID de processus 0x20F4 \Device\HarddiskVolume5\Windows\System32\svchost.exe de chemin d’accès de l’exécutable, SERVICE LOCAL  utilisateur
Information	04/10/2025 12:19:29	Microsoft-Windows-HttpService	114	HTTP Configuration Property Trace Task	URL (http://*:2869/upnp/eventing/) supprimée du groupe d’URL (0xFC0000002000001B). ID de processus 0x20F4 chemin d’accès de l’exécutable \Device\HarddiskVolume5\Windows\System32\svchost.exe, SERVICE LOCAL  utilisateur
Information	04/10/2025 12:19:29	Microsoft-Windows-HttpService	113	HTTP Configuration Property Trace Task	Tentative d’ajout de l’URL (http://*:2869/upnp/eventing/) au groupe d’URL (0xFC0000002000001B). État : 0x0. ID de processus 0x20F4 \Device\HarddiskVolume5\Windows\System32\svchost.exe de chemin d’accès de l’exécutable, SERVICE LOCAL  utilisateur
Information	04/10/2025 12:19:29	Microsoft-Windows-HttpService	114	HTTP Configuration Property Trace Task	URL (http://*:2869/upnp/eventing/) supprimée du groupe d’URL (0xFE00000B20000006). ID de processus 0x20F4 chemin d’accès de l’exécutable \Device\HarddiskVolume5\Windows\System32\svchost.exe, SERVICE LOCAL  utilisateur
Information	04/10/2025 12:19:29	Microsoft-Windows-HttpService	113	HTTP Configuration Property Trace Task	Tentative d’ajout de l’URL (http://*:2869/upnp/eventing/) au groupe d’URL (0xFE00000B20000006). État : 0x0. ID de processus 0x20F4 \Device\HarddiskVolume5\Windows\System32\svchost.exe de chemin d’accès de l’exécutable, SERVICE LOCAL  utilisateur
Information	04/10/2025 12:19:28	Microsoft-Windows-HttpService	114	HTTP Configuration Property Trace Task	URL (http://*:2869/upnp/eventing/) supprimée du groupe d’URL (0xFE00000B20000005). ID de processus 0x20F4 chemin d’accès de l’exécutable \Device\HarddiskVolume5\Windows\System32\svchost.exe, SERVICE LOCAL  utilisateur
Information	04/10/2025 12:19:28	Microsoft-Windows-HttpService	113	HTTP Configuration Property Trace Task	Tentative d’ajout de l’URL (http://*:2869/upnp/eventing/) au groupe d’URL (0xFE00000B20000005). État : 0x0. ID de processus 0x20F4 \Device\HarddiskVolume5\Windows\System32\svchost.exe de chemin d’accès de l’exécutable, SERVICE LOCAL  utilisateur
Information	04/10/2025 12:19:28	Microsoft-Windows-HttpService	114	HTTP Configuration Property Trace Task	URL (http://*:2869/upnp/eventing/) supprimée du groupe d’URL (0xFE00000B20000004). ID de processus 0x20F4 chemin d’accès de l’exécutable \Device\HarddiskVolume5\Windows\System32\svchost.exe, SERVICE LOCAL  utilisateur
Information	04/10/2025 12:19:28	Microsoft-Windows-HttpService	113	HTTP Configuration Property Trace Task	Tentative d’ajout de l’URL (http://*:2869/upnp/eventing/) au groupe d’URL (0xFE00000B20000004). État : 0x0. ID de processus 0x20F4 \Device\HarddiskVolume5\Windows\System32\svchost.exe de chemin d’accès de l’exécutable, SERVICE LOCAL  utilisateur
Information	04/10/2025 12:19:26	Microsoft-Windows-HttpService	114	HTTP Configuration Property Trace Task	URL (http://*:2869/upnp/eventing/) supprimée du groupe d’URL (0xFC0000002000001A). ID de processus 0x20F4 chemin d’accès de l’exécutable \Device\HarddiskVolume5\Windows\System32\svchost.exe, SERVICE LOCAL  utilisateur
Information	04/10/2025 12:19:26	Microsoft-Windows-HttpService	113	HTTP Configuration Property Trace Task	Tentative d’ajout de l’URL (http://*:2869/upnp/eventing/) au groupe d’URL (0xFC0000002000001A). État : 0x0. ID de processus 0x20F4 \Device\HarddiskVolume5\Windows\System32\svchost.exe de chemin d’accès de l’exécutable, SERVICE LOCAL  utilisateur
Information	04/10/2025 12:19:26	Microsoft-Windows-HttpService	114	HTTP Configuration Property Trace Task	URL (http://*:2869/upnp/eventing/) supprimée du groupe d’URL (0xFC00000020000019). ID de processus 0x20F4 chemin d’accès de l’exécutable \Device\HarddiskVolume5\Windows\System32\svchost.exe, SERVICE LOCAL  utilisateur
Information	04/10/2025 12:19:26	Microsoft-Windows-HttpService	113	HTTP Configuration Property Trace Task	Tentative d’ajout de l’URL (http://*:2869/upnp/eventing/) au groupe d’URL (0xFC00000020000019). État : 0x0. ID de processus 0x20F4 \Device\HarddiskVolume5\Windows\System32\svchost.exe de chemin d’accès de l’exécutable, SERVICE LOCAL  utilisateur
Information	04/10/2025 12:19:26	Microsoft-Windows-HttpService	114	HTTP Configuration Property Trace Task	URL (http://*:2869/upnp/eventing/) supprimée du groupe d’URL (0xFF0000082000000F). ID de processus 0x20F4 chemin d’accès de l’exécutable \Device\HarddiskVolume5\Windows\System32\svchost.exe, SERVICE LOCAL  utilisateur
Information	04/10/2025 12:19:26	Microsoft-Windows-HttpService	113	HTTP Configuration Property Trace Task	Tentative d’ajout de l’URL (http://*:2869/upnp/eventing/) au groupe d’URL (0xFF0000082000000F). État : 0x0. ID de processus 0x20F4 \Device\HarddiskVolume5\Windows\System32\svchost.exe de chemin d’accès de l’exécutable, SERVICE LOCAL  utilisateur
Information	04/10/2025 12:19:26	Microsoft-Windows-HttpService	114	HTTP Configuration Property Trace Task	URL (http://*:2869/upnp/eventing/) supprimée du groupe d’URL (0xFE00000120000005). ID de processus 0x20F4 chemin d’accès de l’exécutable \Device\HarddiskVolume5\Windows\System32\svchost.exe, SERVICE LOCAL  utilisateur
Information	04/10/2025 12:19:26	Microsoft-Windows-HttpService	113	HTTP Configuration Property Trace Task	Tentative d’ajout de l’URL (http://*:2869/upnp/eventing/) au groupe d’URL (0xFE00000120000005). État : 0x0. ID de processus 0x20F4 \Device\HarddiskVolume5\Windows\System32\svchost.exe de chemin d’accès de l’exécutable, SERVICE LOCAL  utilisateur
Information	04/10/2025 12:19:22	Service Control Manager	7040	Aucun	Le type de démarrage du service Service de transfert intelligent en arrière-plan est passé de Démarrage à la demande à Démarrage automatique.
Information	04/10/2025 12:00:00	EventLog	6013	Aucun	La durée active du système est de 271082 secondes.
Information	04/10/2025 11:59:59	EventLog	6013	Aucun	La durée active du système est de 271081 secondes.
Erreur	04/10/2025 09:35:23	Microsoft-Windows-WindowsUpdateClient	20	Agent de mise à jour automatique Windows Update	Échec de l’installation : l’installation de la mise à jour suivante a échoue avec l’erreur 0x80073D02 : 9MV0B5HZVK9Z-Microsoft.GamingApp.
Information	04/10/2025 09:35:23	Microsoft-Windows-Ntfs	98	Aucun	Volume ?? (\Device\HarddiskVolumeShadowCopy6) est sain. Aucune action n’est nécessaire.
Information	04/10/2025 09:35:22	Microsoft-Windows-WindowsUpdateClient	43	Agent de mise à jour automatique Windows Update	Installation démarrée : Windows a commencé l'installation de la mise à jour suivante : 9MV0B5HZVK9Z-Microsoft.GamingApp
Information	04/10/2025 09:35:12	Microsoft-Windows-WindowsUpdateClient	19	Agent de mise à jour automatique Windows Update	Installation réussie : Windows a installé la mise à jour suivante : 9WZDNCRFJBMP-MICROSOFT.WINDOWSSTORE
Information	04/10/2025 09:35:10	Microsoft-Windows-Ntfs	98	Aucun	Volume ?? (\Device\HarddiskVolumeShadowCopy5) est sain. Aucune action n’est nécessaire.
Information	04/10/2025 09:35:10	Microsoft-Windows-WindowsUpdateClient	43	Agent de mise à jour automatique Windows Update	Installation démarrée : Windows a commencé l'installation de la mise à jour suivante : 9WZDNCRFJBMP-MICROSOFT.WINDOWSSTORE
Erreur	04/10/2025 09:35:09	Microsoft-Windows-WindowsUpdateClient	20	Agent de mise à jour automatique Windows Update	Échec de l’installation : l’installation de la mise à jour suivante a échoue avec l’erreur 0x80073D02 : 9NKSQGP7F2NH-5319275A.WhatsAppDesktop.
Information	04/10/2025 09:35:09	Microsoft-Windows-WindowsUpdateClient	43	Agent de mise à jour automatique Windows Update	Installation démarrée : Windows a commencé l'installation de la mise à jour suivante : 9NKSQGP7F2NH-5319275A.WhatsAppDesktop
Information	04/10/2025 09:35:09	Microsoft-Windows-WindowsUpdateClient	44	Agent de mise à jour automatique Windows Update	Windows Update a démarré le téléchargement d'une mise à jour.
Information	04/10/2025 09:35:09	Microsoft-Windows-WindowsUpdateClient	44	Agent de mise à jour automatique Windows Update	Windows Update a démarré le téléchargement d'une mise à jour.
Erreur	04/10/2025 09:35:00	Microsoft-Windows-WindowsUpdateClient	20	Agent de mise à jour automatique Windows Update	Échec de l’installation : l’installation de la mise à jour suivante a échoue avec l’erreur 0x80073D02 : 9NKSQGP7F2NH-5319275A.WhatsAppDesktop.
Information	04/10/2025 09:34:59	Microsoft-Windows-Ntfs	98	Aucun	Volume ?? (\Device\HarddiskVolumeShadowCopy4) est sain. Aucune action n’est nécessaire.
Information	04/10/2025 09:34:59	Microsoft-Windows-WindowsUpdateClient	43	Agent de mise à jour automatique Windows Update	Installation démarrée : Windows a commencé l'installation de la mise à jour suivante : 9NKSQGP7F2NH-5319275A.WhatsAppDesktop
Information	04/10/2025 09:34:52	Microsoft-Windows-Kernel-General	16	Aucun	L’historique des accès de la ruche \??\C:\ProgramData\Microsoft\Windows\AppRepository\Packages\Microsoft.WindowsStore_22508.1401.7.0_x64__8wekyb3d8bbwe\ActivationStore.dat a été effacé, mettant à jour 0 clés et créant 0 pages modifiées.
Information	04/10/2025 09:34:46	Microsoft-Windows-WindowsUpdateClient	44	Agent de mise à jour automatique Windows Update	Windows Update a démarré le téléchargement d'une mise à jour.
Information	04/10/2025 09:34:46	Microsoft-Windows-WindowsUpdateClient	44	Agent de mise à jour automatique Windows Update	Windows Update a démarré le téléchargement d'une mise à jour.
Information	04/10/2025 09:34:46	Microsoft-Windows-WindowsUpdateClient	44	Agent de mise à jour automatique Windows Update	Windows Update a démarré le téléchargement d'une mise à jour.
Information	04/10/2025 09:29:04	Microsoft-Windows-Time-Service	37	Aucun	Le fournisseur de temps NtpClient reçoit actuellement des données de temps valides à partir de time.windows.com,0x9 (ntp.m|0x9|0.0.0.0:123->51.145.123.29:123).
Information	04/10/2025 09:23:54	Microsoft-Windows-IsolatedUserMode	5	Aucun	Secure Trustlet NULL Id 0 and Pid 0 started with status STATUS_SUCCESS.
Information	04/10/2025 09:23:54	Microsoft-Windows-IsolatedUserMode	2	Aucun	Secure Trustlet Id 0 and Pid 0 stopped with status STATUS_SUCCESS.
Information	04/10/2025 08:52:36	Microsoft-Windows-WindowsUpdateClient	19	Agent de mise à jour automatique Windows Update	Installation réussie : Windows a installé la mise à jour suivante : Mise à jour de la sélection disjointe pour Microsoft Defender Antivirus – 2267602 Ko (version 1.437.309.0) – Canal actuel (large)
Information	04/10/2025 08:52:27	Microsoft-Windows-WindowsUpdateClient	43	Agent de mise à jour automatique Windows Update	Installation démarrée : Windows a commencé l'installation de la mise à jour suivante : Mise à jour de la sélection disjointe pour Microsoft Defender Antivirus – 2267602 Ko (version 1.437.309.0) – Canal actuel (large)
Information	04/10/2025 08:52:27	Microsoft-Windows-WindowsUpdateClient	44	Agent de mise à jour automatique Windows Update	Windows Update a démarré le téléchargement d'une mise à jour.
Information	04/10/2025 04:20:16	Microsoft-Windows-Kernel-General	15	(10)	La ruche \SystemRoot\System32\config\DRIVERS a été réorganisée avec une taille de départ de 14159872 octets et une taille de fin de 13041664 octets.
Information	04/10/2025 02:22:26	Service Control Manager	7040	Aucun	Le type de démarrage du service Service de transfert intelligent en arrière-plan est passé de Démarrage automatique à Démarrage à la demande.
Information	04/10/2025 02:20:20	Netwtw10	7021	Aucun	7021 - Connection telemetry fields and analysis usage
Information	04/10/2025 02:20:13	Netwtw10	7021	Aucun	7021 - Connection telemetry fields and analysis usage
Information	04/10/2025 02:20:06	Netwtw10	7021	Aucun	7021 - Connection telemetry fields and analysis usage
Information	04/10/2025 02:20:01	Microsoft-Windows-HttpService	114	HTTP Configuration Property Trace Task	URL (http://*:2869/upnp/eventing/) supprimée du groupe d’URL (0xFF0000042000000D). ID de processus 0x20F4 chemin d’accès de l’exécutable \Device\HarddiskVolume5\Windows\System32\svchost.exe, SERVICE LOCAL  utilisateur
Information	04/10/2025 02:20:01	Microsoft-Windows-HttpService	113	HTTP Configuration Property Trace Task	Tentative d’ajout de l’URL (http://*:2869/upnp/eventing/) au groupe d’URL (0xFF0000042000000D). État : 0x0. ID de processus 0x20F4 \Device\HarddiskVolume5\Windows\System32\svchost.exe de chemin d’accès de l’exécutable, SERVICE LOCAL  utilisateur
Information	04/10/2025 02:20:00	Netwtw10	7021	Aucun	7021 - Connection telemetry fields and analysis usage
Information	04/10/2025 02:19:58	Netwtw10	7021	Aucun	7021 - Connection telemetry fields and analysis usage
Information	04/10/2025 02:19:56	Netwtw10	7021	Aucun	7021 - Connection telemetry fields and analysis usage
Information	04/10/2025 02:19:39	Microsoft-Windows-HttpService	114	HTTP Configuration Property Trace Task	URL (http://*:2869/upnp/eventing/) supprimée du groupe d’URL (0xFC00000020000018). ID de processus 0x20F4 chemin d’accès de l’exécutable \Device\HarddiskVolume5\Windows\System32\svchost.exe, SERVICE LOCAL  utilisateur
Information	04/10/2025 02:19:39	Microsoft-Windows-HttpService	113	HTTP Configuration Property Trace Task	Tentative d’ajout de l’URL (http://*:2869/upnp/eventing/) au groupe d’URL (0xFC00000020000018). État : 0x0. ID de processus 0x20F4 \Device\HarddiskVolume5\Windows\System32\svchost.exe de chemin d’accès de l’exécutable, SERVICE LOCAL  utilisateur
Information	04/10/2025 02:19:32	Microsoft-Windows-HttpService	114	HTTP Configuration Property Trace Task	URL (http://*:2869/upnp/eventing/) supprimée du groupe d’URL (0xFE0000022000000A). ID de processus 0x20F4 chemin d’accès de l’exécutable \Device\HarddiskVolume5\Windows\System32\svchost.exe, SERVICE LOCAL  utilisateur
Information	04/10/2025 02:19:32	Microsoft-Windows-HttpService	113	HTTP Configuration Property Trace Task	Tentative d’ajout de l’URL (http://*:2869/upnp/eventing/) au groupe d’URL (0xFE0000022000000A). État : 0x0. ID de processus 0x20F4 \Device\HarddiskVolume5\Windows\System32\svchost.exe de chemin d’accès de l’exécutable, SERVICE LOCAL  utilisateur
Information	04/10/2025 02:19:31	Microsoft-Windows-HttpService	114	HTTP Configuration Property Trace Task	URL (http://*:2869/upnp/eventing/) supprimée du groupe d’URL (0xFE00000920000007). ID de processus 0x20F4 chemin d’accès de l’exécutable \Device\HarddiskVolume5\Windows\System32\svchost.exe, SERVICE LOCAL  utilisateur
Information	04/10/2025 02:19:31	Microsoft-Windows-HttpService	113	HTTP Configuration Property Trace Task	Tentative d’ajout de l’URL (http://*:2869/upnp/eventing/) au groupe d’URL (0xFE00000920000007). État : 0x0. ID de processus 0x20F4 \Device\HarddiskVolume5\Windows\System32\svchost.exe de chemin d’accès de l’exécutable, SERVICE LOCAL  utilisateur
Information	04/10/2025 02:19:31	Microsoft-Windows-HttpService	114	HTTP Configuration Property Trace Task	URL (http://*:2869/upnp/eventing/) supprimée du groupe d’URL (0xFC00000020000017). ID de processus 0x20F4 chemin d’accès de l’exécutable \Device\HarddiskVolume5\Windows\System32\svchost.exe, SERVICE LOCAL  utilisateur
Information	04/10/2025 02:19:31	Microsoft-Windows-HttpService	113	HTTP Configuration Property Trace Task	Tentative d’ajout de l’URL (http://*:2869/upnp/eventing/) au groupe d’URL (0xFC00000020000017). État : 0x0. ID de processus 0x20F4 \Device\HarddiskVolume5\Windows\System32\svchost.exe de chemin d’accès de l’exécutable, SERVICE LOCAL  utilisateur
Information	04/10/2025 02:19:30	Microsoft-Windows-HttpService	114	HTTP Configuration Property Trace Task	URL (http://*:2869/upnp/eventing/) supprimée du groupe d’URL (0xFE00000220000009). ID de processus 0x20F4 chemin d’accès de l’exécutable \Device\HarddiskVolume5\Windows\System32\svchost.exe, SERVICE LOCAL  utilisateur
Information	04/10/2025 02:19:30	Microsoft-Windows-HttpService	113	HTTP Configuration Property Trace Task	Tentative d’ajout de l’URL (http://*:2869/upnp/eventing/) au groupe d’URL (0xFE00000220000009). État : 0x0. ID de processus 0x20F4 \Device\HarddiskVolume5\Windows\System32\svchost.exe de chemin d’accès de l’exécutable, SERVICE LOCAL  utilisateur
Information	04/10/2025 02:19:30	Microsoft-Windows-HttpService	114	HTTP Configuration Property Trace Task	URL (http://*:2869/upnp/eventing/) supprimée du groupe d’URL (0xFE00000220000008). ID de processus 0x20F4 chemin d’accès de l’exécutable \Device\HarddiskVolume5\Windows\System32\svchost.exe, SERVICE LOCAL  utilisateur
Information	04/10/2025 02:19:30	Microsoft-Windows-HttpService	113	HTTP Configuration Property Trace Task	Tentative d’ajout de l’URL (http://*:2869/upnp/eventing/) au groupe d’URL (0xFE00000220000008). État : 0x0. ID de processus 0x20F4 \Device\HarddiskVolume5\Windows\System32\svchost.exe de chemin d’accès de l’exécutable, SERVICE LOCAL  utilisateur
Information	04/10/2025 02:19:29	Microsoft-Windows-HttpService	114	HTTP Configuration Property Trace Task	URL (http://*:2869/upnp/eventing/) supprimée du groupe d’URL (0xFE00000120000004). ID de processus 0x20F4 chemin d’accès de l’exécutable \Device\HarddiskVolume5\Windows\System32\svchost.exe, SERVICE LOCAL  utilisateur
Information	04/10/2025 02:19:29	Microsoft-Windows-HttpService	113	HTTP Configuration Property Trace Task	Tentative d’ajout de l’URL (http://*:2869/upnp/eventing/) au groupe d’URL (0xFE00000120000004). État : 0x0. ID de processus 0x20F4 \Device\HarddiskVolume5\Windows\System32\svchost.exe de chemin d’accès de l’exécutable, SERVICE LOCAL  utilisateur
Information	04/10/2025 02:19:29	Microsoft-Windows-HttpService	114	HTTP Configuration Property Trace Task	URL (http://*:2869/upnp/eventing/) supprimée du groupe d’URL (0xFC00000020000016). ID de processus 0x20F4 chemin d’accès de l’exécutable \Device\HarddiskVolume5\Windows\System32\svchost.exe, SERVICE LOCAL  utilisateur
Information	04/10/2025 02:19:29	Microsoft-Windows-HttpService	113	HTTP Configuration Property Trace Task	Tentative d’ajout de l’URL (http://*:2869/upnp/eventing/) au groupe d’URL (0xFC00000020000016). État : 0x0. ID de processus 0x20F4 \Device\HarddiskVolume5\Windows\System32\svchost.exe de chemin d’accès de l’exécutable, SERVICE LOCAL  utilisateur
Information	04/10/2025 02:19:27	Microsoft-Windows-HttpService	114	HTTP Configuration Property Trace Task	URL (http://*:2869/upnp/eventing/) supprimée du groupe d’URL (0xFC00000020000015). ID de processus 0x20F4 chemin d’accès de l’exécutable \Device\HarddiskVolume5\Windows\System32\svchost.exe, SERVICE LOCAL  utilisateur
Information	04/10/2025 02:19:27	Microsoft-Windows-HttpService	113	HTTP Configuration Property Trace Task	Tentative d’ajout de l’URL (http://*:2869/upnp/eventing/) au groupe d’URL (0xFC00000020000015). État : 0x0. ID de processus 0x20F4 \Device\HarddiskVolume5\Windows\System32\svchost.exe de chemin d’accès de l’exécutable, SERVICE LOCAL  utilisateur
Information	04/10/2025 02:19:27	Microsoft-Windows-HttpService	114	HTTP Configuration Property Trace Task	URL (http://*:2869/upnp/eventing/) supprimée du groupe d’URL (0xFC00000020000014). ID de processus 0x20F4 chemin d’accès de l’exécutable \Device\HarddiskVolume5\Windows\System32\svchost.exe, SERVICE LOCAL  utilisateur
Information	04/10/2025 02:19:27	Microsoft-Windows-HttpService	113	HTTP Configuration Property Trace Task	Tentative d’ajout de l’URL (http://*:2869/upnp/eventing/) au groupe d’URL (0xFC00000020000014). État : 0x0. ID de processus 0x20F4 \Device\HarddiskVolume5\Windows\System32\svchost.exe de chemin d’accès de l’exécutable, SERVICE LOCAL  utilisateur
Information	04/10/2025 02:19:27	Microsoft-Windows-HttpService	114	HTTP Configuration Property Trace Task	URL (http://*:2869/upnp/eventing/) supprimée du groupe d’URL (0xFE00000920000006). ID de processus 0x20F4 chemin d’accès de l’exécutable \Device\HarddiskVolume5\Windows\System32\svchost.exe, SERVICE LOCAL  utilisateur
Information	04/10/2025 02:19:27	Microsoft-Windows-HttpService	113	HTTP Configuration Property Trace Task	Tentative d’ajout de l’URL (http://*:2869/upnp/eventing/) au groupe d’URL (0xFE00000920000006). État : 0x0. ID de processus 0x20F4 \Device\HarddiskVolume5\Windows\System32\svchost.exe de chemin d’accès de l’exécutable, SERVICE LOCAL  utilisateur
Information	04/10/2025 02:19:27	Microsoft-Windows-HttpService	114	HTTP Configuration Property Trace Task	URL (http://*:2869/upnp/eventing/) supprimée du groupe d’URL (0xFE00000720000003). ID de processus 0x20F4 chemin d’accès de l’exécutable \Device\HarddiskVolume5\Windows\System32\svchost.exe, SERVICE LOCAL  utilisateur
Information	04/10/2025 02:19:27	Microsoft-Windows-HttpService	113	HTTP Configuration Property Trace Task	Tentative d’ajout de l’URL (http://*:2869/upnp/eventing/) au groupe d’URL (0xFE00000720000003). État : 0x0. ID de processus 0x20F4 \Device\HarddiskVolume5\Windows\System32\svchost.exe de chemin d’accès de l’exécutable, SERVICE LOCAL  utilisateur
Information	04/10/2025 02:19:22	Service Control Manager	7040	Aucun	Le type de démarrage du service Service de transfert intelligent en arrière-plan est passé de Démarrage à la demande à Démarrage automatique.
Information	04/10/2025 01:19:37	Microsoft-Windows-WindowsUpdateClient	19	Agent de mise à jour automatique Windows Update	Installation réussie : Windows a installé la mise à jour suivante : Mise à jour de la sélection disjointe pour Microsoft Defender Antivirus – 2267602 Ko (version 1.437.297.0) – Canal actuel (large)
Information	04/10/2025 01:19:26	Microsoft-Windows-WindowsUpdateClient	43	Agent de mise à jour automatique Windows Update	Installation démarrée : Windows a commencé l'installation de la mise à jour suivante : Mise à jour de la sélection disjointe pour Microsoft Defender Antivirus – 2267602 Ko (version 1.437.297.0) – Canal actuel (large)
Information	04/10/2025 01:19:26	Microsoft-Windows-WindowsUpdateClient	44	Agent de mise à jour automatique Windows Update	Windows Update a démarré le téléchargement d'une mise à jour.
Information	04/10/2025 00:22:56	Microsoft-Windows-Time-Service	37	Aucun	Le fournisseur de temps NtpClient reçoit actuellement des données de temps valides à partir de time.windows.com,0x9 (ntp.m|0x9|0.0.0.0:123->51.145.123.29:123).
Information	03/10/2025 23:59:21	Microsoft-Windows-Kernel-General	16	Aucun	L’historique des accès de la ruche \??\C:\ProgramData\Packages\Microsoft.6365217CE6EB4_8wekyb3d8bbwe\S-1-5-21-279605357-448217104-2738636231-1001\SystemAppData\Helium\Cache\8bebb8ffd75b1624_COM15.dat a été effacé, mettant à jour 1 clés et créant 1 pages modifiées.
Information	03/10/2025 23:59:21	Microsoft-Windows-Kernel-General	16	Aucun	L’historique des accès de la ruche \??\C:\Users\Perceval\AppData\Local\Packages\Microsoft.6365217CE6EB4_8wekyb3d8bbwe\SystemAppData\Helium\UserClasses.dat a été effacé, mettant à jour 12 clés et créant 1 pages modifiées.
Information	03/10/2025 23:59:21	Microsoft-Windows-Kernel-General	16	Aucun	L’historique des accès de la ruche \??\C:\Users\Perceval\AppData\Local\Packages\Microsoft.6365217CE6EB4_8wekyb3d8bbwe\SystemAppData\Helium\User.dat a été effacé, mettant à jour 14 clés et créant 1 pages modifiées.
Information	03/10/2025 22:51:27	Netwtw10	7021	Aucun	7021 - Connection telemetry fields and analysis usage
Information	03/10/2025 22:51:22	Netwtw10	7021	Aucun	7021 - Connection telemetry fields and analysis usage
Information	03/10/2025 20:35:52	Netwtw10	7021	Aucun	7021 - Connection telemetry fields and analysis usage
Information	03/10/2025 18:27:14	Service Control Manager	7040	Aucun	Le type de démarrage du service Service de transfert intelligent en arrière-plan est passé de Démarrage automatique à Démarrage à la demande.
Information	03/10/2025 18:25:04	Microsoft-Windows-HttpService	114	HTTP Configuration Property Trace Task	URL (http://*:2869/upnp/eventing/) supprimée du groupe d’URL (0xFE00000320000005). ID de processus 0x20F4 chemin d’accès de l’exécutable \Device\HarddiskVolume5\Windows\System32\svchost.exe, SERVICE LOCAL  utilisateur
Information	03/10/2025 18:25:04	Microsoft-Windows-HttpService	113	HTTP Configuration Property Trace Task	Tentative d’ajout de l’URL (http://*:2869/upnp/eventing/) au groupe d’URL (0xFE00000320000005). État : 0x0. ID de processus 0x20F4 \Device\HarddiskVolume5\Windows\System32\svchost.exe de chemin d’accès de l’exécutable, SERVICE LOCAL  utilisateur
Information	03/10/2025 18:25:03	Microsoft-Windows-HttpService	114	HTTP Configuration Property Trace Task	URL (http://*:2869/upnp/eventing/) supprimée du groupe d’URL (0xFE00000920000005). ID de processus 0x20F4 chemin d’accès de l’exécutable \Device\HarddiskVolume5\Windows\System32\svchost.exe, SERVICE LOCAL  utilisateur
Information	03/10/2025 18:25:03	Microsoft-Windows-HttpService	113	HTTP Configuration Property Trace Task	Tentative d’ajout de l’URL (http://*:2869/upnp/eventing/) au groupe d’URL (0xFE00000920000005). État : 0x0. ID de processus 0x20F4 \Device\HarddiskVolume5\Windows\System32\svchost.exe de chemin d’accès de l’exécutable, SERVICE LOCAL  utilisateur
Information	03/10/2025 18:25:03	Microsoft-Windows-HttpService	114	HTTP Configuration Property Trace Task	URL (http://*:2869/upnp/eventing/) supprimée du groupe d’URL (0xFC00000020000013). ID de processus 0x20F4 chemin d’accès de l’exécutable \Device\HarddiskVolume5\Windows\System32\svchost.exe, SERVICE LOCAL  utilisateur
Information	03/10/2025 18:25:03	Microsoft-Windows-HttpService	113	HTTP Configuration Property Trace Task	Tentative d’ajout de l’URL (http://*:2869/upnp/eventing/) au groupe d’URL (0xFC00000020000013). État : 0x0. ID de processus 0x20F4 \Device\HarddiskVolume5\Windows\System32\svchost.exe de chemin d’accès de l’exécutable, SERVICE LOCAL  utilisateur
Information	03/10/2025 18:25:02	Microsoft-Windows-HttpService	114	HTTP Configuration Property Trace Task	URL (http://*:2869/upnp/eventing/) supprimée du groupe d’URL (0xFE00000A2000000B). ID de processus 0x20F4 chemin d’accès de l’exécutable \Device\HarddiskVolume5\Windows\System32\svchost.exe, SERVICE LOCAL  utilisateur
Information	03/10/2025 18:25:02	Microsoft-Windows-HttpService	113	HTTP Configuration Property Trace Task	Tentative d’ajout de l’URL (http://*:2869/upnp/eventing/) au groupe d’URL (0xFE00000A2000000B). État : 0x0. ID de processus 0x20F4 \Device\HarddiskVolume5\Windows\System32\svchost.exe de chemin d’accès de l’exécutable, SERVICE LOCAL  utilisateur
Information	03/10/2025 18:25:02	Microsoft-Windows-HttpService	114	HTTP Configuration Property Trace Task	URL (http://*:2869/upnp/eventing/) supprimée du groupe d’URL (0xFE00000A2000000A). ID de processus 0x20F4 chemin d’accès de l’exécutable \Device\HarddiskVolume5\Windows\System32\svchost.exe, SERVICE LOCAL  utilisateur
Information	03/10/2025 18:25:02	Microsoft-Windows-HttpService	113	HTTP Configuration Property Trace Task	Tentative d’ajout de l’URL (http://*:2869/upnp/eventing/) au groupe d’URL (0xFE00000A2000000A). État : 0x0. ID de processus 0x20F4 \Device\HarddiskVolume5\Windows\System32\svchost.exe de chemin d’accès de l’exécutable, SERVICE LOCAL  utilisateur
Information	03/10/2025 18:25:01	Microsoft-Windows-HttpService	114	HTTP Configuration Property Trace Task	URL (http://*:2869/upnp/eventing/) supprimée du groupe d’URL (0xFE00000220000007). ID de processus 0x20F4 chemin d’accès de l’exécutable \Device\HarddiskVolume5\Windows\System32\svchost.exe, SERVICE LOCAL  utilisateur
Information	03/10/2025 18:25:01	Microsoft-Windows-HttpService	113	HTTP Configuration Property Trace Task	Tentative d’ajout de l’URL (http://*:2869/upnp/eventing/) au groupe d’URL (0xFE00000220000007). État : 0x0. ID de processus 0x20F4 \Device\HarddiskVolume5\Windows\System32\svchost.exe de chemin d’accès de l’exécutable, SERVICE LOCAL  utilisateur
