Information	14/10/2025 09:42:44	Microsoft-Windows-WindowsUpdateClient	44	Agent de mise à jour automatique Windows Update	Windows Update a démarré le téléchargement d'une mise à jour.
Avertissement	14/10/2025 09:40:08	Microsoft-Windows-DistributedCOM	10016	Aucun	"Les paramètres d’autorisation par défaut de l’ordinateur n’accordent pas l’autorisation Local Activation pour l’application serveur COM avec le CLSID 
{C2F03A33-21F5-47FA-B4BB-156362A2F239}
 et l’APPID 
{316CDED5-E4AE-4B15-9113-7055D84DCC97}
 au SID AUTORITE NT\SERVICE LOCAL de l’utilisateur (S-1-5-19) depuis l’adresse LocalHost (avec LRPC) s’exécutant dans le SID Non disponible du conteneur d’applications (Non disponible). Cette autorisation de sécurité peut être modifiée à l’aide de l’outil d’administration Services de composants."
Avertissement	14/10/2025 09:40:08	Microsoft-Windows-DistributedCOM	10016	Aucun	"Les paramètres d’autorisation propres à l’application n’accordent pas l’autorisation Local Activation pour l’application serveur COM avec le CLSID 
{6B3B8D23-FA8D-40B9-8DBD-B950333E2C52}
 et l’APPID 
{4839DDB7-58C2-48F5-8283-E1D1807D0D7D}
 au SID AUTORITE NT\SERVICE LOCAL de l’utilisateur (S-1-5-19) depuis l’adresse LocalHost (avec LRPC) s’exécutant dans le SID Non disponible du conteneur d’applications (Non disponible). Cette autorisation de sécurité peut être modifiée à l’aide de l’outil d’administration Services de composants."
Avertissement	14/10/2025 09:40:08	Microsoft-Windows-DistributedCOM	10016	Aucun	"Les paramètres d’autorisation par défaut de l’ordinateur n’accordent pas l’autorisation Local Activation pour l’application serveur COM avec le CLSID 
{C2F03A33-21F5-47FA-B4BB-156362A2F239}
 et l’APPID 
{316CDED5-E4AE-4B15-9113-7055D84DCC97}
 au SID AUTORITE NT\SERVICE LOCAL de l’utilisateur (S-1-5-19) depuis l’adresse LocalHost (avec LRPC) s’exécutant dans le SID Non disponible du conteneur d’applications (Non disponible). Cette autorisation de sécurité peut être modifiée à l’aide de l’outil d’administration Services de composants."
Avertissement	14/10/2025 09:40:08	Microsoft-Windows-DistributedCOM	10016	Aucun	"Les paramètres d’autorisation propres à l’application n’accordent pas l’autorisation Local Activation pour l’application serveur COM avec le CLSID 
{6B3B8D23-FA8D-40B9-8DBD-B950333E2C52}
 et l’APPID 
{4839DDB7-58C2-48F5-8283-E1D1807D0D7D}
 au SID AUTORITE NT\SERVICE LOCAL de l’utilisateur (S-1-5-19) depuis l’adresse LocalHost (avec LRPC) s’exécutant dans le SID Non disponible du conteneur d’applications (Non disponible). Cette autorisation de sécurité peut être modifiée à l’aide de l’outil d’administration Services de composants."
Information	14/10/2025 09:37:38	Service Control Manager	7040	Aucun	Le type de démarrage du service Service de transfert intelligent en arrière-plan est passé de Démarrage automatique à Démarrage à la demande.
Information	14/10/2025 09:37:32	Microsoft-Windows-Kernel-General	16	Aucun	L’historique des accès de la ruche \??\C:\WINDOWS\System32\SMI\Store\Machine\schema.dat a été effacé, mettant à jour 14876 clés et créant 2510 pages modifiées.
Information	14/10/2025 09:37:26	Microsoft-Windows-Kernel-General	16	Aucun	L’historique des accès de la ruche \??\C:\Users\Perceval\AppData\Local\Packages\Microsoft.Windows.ContentDeliveryManager_cw5n1h2txyewy\Settings\settings.dat a été effacé, mettant à jour 2411 clés et créant 212 pages modifiées.
Information	14/10/2025 09:37:23	Microsoft-Windows-Time-Service	37	Aucun	Le fournisseur de temps NtpClient reçoit actuellement des données de temps valides à partir de time.windows.com,0x9 (ntp.m|0x9|0.0.0.0:123->51.145.123.29:123).
Information	14/10/2025 09:37:23	Microsoft-Windows-Time-Service	158	Aucun	Le fournisseur de temps VMICTimeProvider a indiqué que le matériel et l'environnement d'exploitation actuels ne sont pas pris en charge et ont été arrêtés. Ce comportement est attendu de VMICTimeProvider dans des environnements invités non HyperV. Il peut également être attendu du fournisseur actuel dans l'environnement d'exploitation utilisé.
Avertissement	14/10/2025 09:37:23	Microsoft-Windows-Time-Service	52	Aucun	Le service de temps a réglé l’heure avec un décalage de 63634 secondes.
Information	14/10/2025 09:37:23	Microsoft-Windows-Kernel-General	1	(5)	"L’heure système est passée de ‎2025‎-‎10‎-‎13T13:56:48.381033000Z.
heure ‎2025‎-‎10‎-‎14T07:37:23.321998200Z 63634940 ms

Raison du changement : An application or system component changed the time.
Processus : '\Device\HarddiskVolume5\Windows\System32\svchost.exe' (pid 18544).

heure RTC : ‎2025‎-‎10‎-‎14T09:37:23.321998200Z
Décalage horaire actuel : -120
'heure RTC est au format UTC: false
L’heure système était basée sur l’heure RTC : false"
Information	14/10/2025 09:37:23	Microsoft-Windows-Kernel-General	24	(11)	Les informations de fuseau horaire ont été actualisées avec le motif de sortie 0. Le décalage de fuseau horaire actuel est de -120.
Avertissement	13/10/2025 15:54:07	Microsoft-Windows-DistributedCOM	10016	Aucun	"Les paramètres d’autorisation propres à l’application n’accordent pas l’autorisation Local Exécution pour l’application serveur COM avec le CLSID 
Windows.SecurityCenter.WscDataProtection
 et l’APPID 
Non disponible
 au SID AUTORITE NT\Système de l’utilisateur (S-1-5-18) depuis l’adresse LocalHost (avec LRPC) s’exécutant dans le SID Non disponible du conteneur d’applications (Non disponible). Cette autorisation de sécurité peut être modifiée à l’aide de l’outil d’administration Services de composants."
Avertissement	13/10/2025 15:54:07	Microsoft-Windows-DistributedCOM	10016	Aucun	"Les paramètres d’autorisation propres à l’application n’accordent pas l’autorisation Local Exécution pour l’application serveur COM avec le CLSID 
Windows.SecurityCenter.WscBrokerManager
 et l’APPID 
Non disponible
 au SID AUTORITE NT\Système de l’utilisateur (S-1-5-18) depuis l’adresse LocalHost (avec LRPC) s’exécutant dans le SID Non disponible du conteneur d’applications (Non disponible). Cette autorisation de sécurité peut être modifiée à l’aide de l’outil d’administration Services de composants."
Avertissement	13/10/2025 15:54:07	Microsoft-Windows-DistributedCOM	10016	Aucun	"Les paramètres d’autorisation propres à l’application n’accordent pas l’autorisation Local Exécution pour l’application serveur COM avec le CLSID 
Windows.SecurityCenter.SecurityAppBroker
 et l’APPID 
Non disponible
 au SID AUTORITE NT\Système de l’utilisateur (S-1-5-18) depuis l’adresse LocalHost (avec LRPC) s’exécutant dans le SID Non disponible du conteneur d’applications (Non disponible). Cette autorisation de sécurité peut être modifiée à l’aide de l’outil d’administration Services de composants."
Erreur	13/10/2025 15:54:07	Service Control Manager	7000	Aucun	"Le service Service Google Update (gupdate) n’a pas pu démarrer en raison de l’erreur : 
Le service n’a pas répondu assez vite à la demande de lancement ou de contrôle."
Erreur	13/10/2025 15:54:07	Service Control Manager	7009	Aucun	Le dépassement de délai (30000 millisecondes) a été atteint lors de l’attente de la connexion du service Service Google Update (gupdate).
Information	13/10/2025 15:54:03	Service Control Manager	7040	Aucun	Le type de démarrage du service Service de transfert intelligent en arrière-plan est passé de Démarrage à la demande à Démarrage automatique.
Avertissement	13/10/2025 15:52:51	Microsoft-Windows-Time-Service	134	Aucun	"NtpClient n'a pas pu définir d'homologue manuel utilisable comme source de temps en raison d'une erreur de résolution DNS sur ""time.windows.com,0x9"". NtpClient réessaiera dans 15 minutes, puis doublera l'intervalle d'attente pour les tentatives suivantes. L'erreur était : Hôte inconnu. (0x80072AF9)"
Information	13/10/2025 15:52:38	Microsoft-Windows-Kernel-General	16	Aucun	L’historique des accès de la ruche \??\C:\Users\Perceval\AppData\Local\Packages\Microsoft.Edge.GameAssist_8wekyb3d8bbwe\Settings\settings.dat a été effacé, mettant à jour 2 clés et créant 1 pages modifiées.
Avertissement	13/10/2025 15:52:19	Microsoft-Windows-Time-Service	134	Aucun	"NtpClient n'a pas pu définir d'homologue manuel utilisable comme source de temps en raison d'une erreur de résolution DNS sur ""time.windows.com,0x9"". NtpClient réessaiera dans 15 minutes, puis doublera l'intervalle d'attente pour les tentatives suivantes. L'erreur était : Hôte inconnu. (0x80072AF9)"
Information	13/10/2025 15:52:16	nhi	9007	Aucun	"The driver entered RTD3.
 All the connected devices will be removed from driver's internal state, so it is expected that DeviceDisconnected events will happen."
Information	13/10/2025 15:52:15	Microsoft-Windows-TPM-WMI	1025	Aucun	Le Module de plateforme sécurisée (TPM) a été correctement approvisionné et est prêt à être utilisé.
Information	13/10/2025 15:52:14	Microsoft-Windows-TPM-WMI	1282	Aucun	L'identificateur de périphérique TBS a été généré.
Information	13/10/2025 15:52:11	TPM	18	Aucun	Cet événement déclenche l’exécution de la vérification de l’état/la configuration du module de plateforme sécurisée (TPM).
Information	13/10/2025 15:52:08	Microsoft-Windows-FilterManager	6	Aucun	Le filtre de système de fichiers « gameflt » (Version 10.0, ‎2009‎-‎11‎-‎22T21:11:52.000000000Z) s’est chargé et s’est inscrit correctement auprès du gestionnaire de filtres.
Information	13/10/2025 15:52:08	Microsoft-Windows-IsolatedUserMode	1	Aucun	Secure Trustlet \??\C:\WINDOWS\System32\NgcIso.exe Id 6 and Pid 11760 started with status STATUS_SUCCESS.
Information	13/10/2025 15:52:08	Microsoft-Windows-IsolatedUserMode	5	Aucun	Secure Trustlet NULL Id 0 and Pid 0 started with status STATUS_SUCCESS.
Information	13/10/2025 15:52:07	Microsoft-Windows-HttpService	113	HTTP Configuration Property Trace Task	Tentative d’ajout de l’URL (http://*:5357/191a253b-edc2-4532-a37a-1f3c80c58d8b/) au groupe d’URL (0xFE00000820000001). État : 0x0. ID de processus 0x19DC \Device\HarddiskVolume5\Windows\System32\svchost.exe de chemin d’accès de l’exécutable, SERVICE LOCAL  utilisateur
Information	13/10/2025 15:52:07	Microsoft-Windows-HttpService	111	HTTP Configuration Property Trace Task	Créez un 0xFE00000820000001 de groupe d’URL. État 0x0. ID de processus 0x19DC chemin d’accès de l’exécutable \Device\HarddiskVolume5\Windows\System32\svchost.exe, SERVICE LOCAL  utilisateur
Information	13/10/2025 15:52:06	Microsoft-Windows-WLAN-AutoConfig	10001	Aucun	"Le module d’extensibilité WLAN a démarré correctement.

Chemin d’accès du module : C:\WINDOWS\system32\IntelIHVRouter10.dll
"
Information	13/10/2025 15:52:06	Service Control Manager	7026	Aucun	"Le ou les pilotes de démarrage système ou d’amorçage suivants n’ont pas pu se charger : 
dam"
Information	13/10/2025 15:52:06	Microsoft-Windows-WLAN-AutoConfig	4000	Aucun	"Le Service d’autoconfiguration WLAN a démarré correctement.
"
Information	13/10/2025 15:52:05	Microsoft-Windows-TPM-WMI	1038	Aucun	"Les vérifications d’intégrité de pré-attestation confirment que l’appareil doit réussir l’attestation.
 Consultez C:\WINDOWS\Logs\MeasuredBoot\0000000250-0000000000.json pour plus d’informations sur les vérifications effectuées."
Information	13/10/2025 15:52:05	Microsoft-Windows-TPM-WMI	1041	Aucun	"Informations détaillées sur la vérification d’intégrité préalable à l’attestation : {""Version"":1,""HealthStatus"":""Attestable"",""Required"":[{""Field"":""TpmPresent"",""Value"":true,""DesiredValue"":true},{""Field"":""TpmMeetsMinimumVersion"",""Value"":true,""DesiredValue"":true},{""Field"":""TpmIsResponsive"",""Value"":true,""DesiredValue"":true},{""Field"":""EkCertIsAvailable"",""Value"":true,""DesiredValue"":true},{""Field"":""TcgLogFound"",""Value"":true,""DesiredValue"":true}],""Expected"":[{""Field"":""PcrsMatchTcgLog"",""Value"":true,""DesiredValue"":true}],""Informational"":[{""Field"":""SecureBootEnabled"",""ValueFromComputer"":true,""ValueFromTcgLog"":true,""DesiredValue"":true,""TcgValueIsVerifiable"":true},{""Field"":""VirtualSecureMemory"",""ValueFromComputer"":false,""ValueFromTcgLog"":false,""DesiredValue"":true,""TcgValueIsVerifiable"":true},{""Field"":""SecureCorePCCompliant"",""ValueFromComputer"":false,""ValueFromTcgLog"":false,""DesiredValue"":true,""TcgValueIsVerifiable"":true}]}"
Information	13/10/2025 15:52:04	vmx86	34	Aucun	"La description de l’ID d’événement 34 dans la source vmx86 est introuvable. Le composant qui a déclenché cet événement n’est pas installé sur l’ordinateur local ou l’installation est endommagée. Vous pouvez installer ou réparer le composant sur l’ordinateur local.

Si l’événement provient d’un autre ordinateur, les informations d’affichage doivent être enregistrées avec l’événement.

Les informations suivantes étaient incluses avec l’événement : 

VMX86.SYS: begin DriverEntry

La ressource de message est présente, mais le message est introuvable dans la table des messages
"
Information	13/10/2025 15:52:04	Microsoft-Windows-HttpService	112	HTTP Setup Trace Task	Tentative de réservation de l’URL http://+:10246/MDEServer/. État 0x0. ID de processus 0x4 chemin d’accès de l’exécutable , Système  utilisateur
Information	13/10/2025 15:52:04	Microsoft-Windows-HttpService	112	HTTP Setup Trace Task	Tentative de réservation de l’URL http://+:3387/rdp/. État 0x0. ID de processus 0x4 chemin d’accès de l’exécutable , Système  utilisateur
Information	13/10/2025 15:52:04	Microsoft-Windows-HttpService	112	HTTP Setup Trace Task	Tentative de réservation de l’URL https://+:3392/rdp/. État 0x0. ID de processus 0x4 chemin d’accès de l’exécutable , Système  utilisateur
Information	13/10/2025 15:52:04	Microsoft-Windows-HttpService	112	HTTP Setup Trace Task	Tentative de réservation de l’URL http://+:10243/WMPNSSv4/. État 0x0. ID de processus 0x4 chemin d’accès de l’exécutable , Système  utilisateur
Information	13/10/2025 15:52:04	Microsoft-Windows-HttpService	112	HTTP Setup Trace Task	Tentative de réservation de l’URL https://+:10245/WMPNSSv4/. État 0x0. ID de processus 0x4 chemin d’accès de l’exécutable , Système  utilisateur
Information	13/10/2025 15:52:04	Microsoft-Windows-HttpService	112	HTTP Setup Trace Task	Tentative de réservation de l’URL http://+:10247/apps/. État 0x0. ID de processus 0x4 chemin d’accès de l’exécutable , Système  utilisateur
Information	13/10/2025 15:52:04	Microsoft-Windows-HttpService	112	HTTP Setup Trace Task	Tentative de réservation de l’URL https://+:443/sra_{BA195980-CD49-458b-9E23-C84EE0ADCD75}/. État 0x0. ID de processus 0x4 chemin d’accès de l’exécutable , Système  utilisateur
Information	13/10/2025 15:52:04	Microsoft-Windows-HttpService	112	HTTP Setup Trace Task	Tentative de réservation de l’URL http://+:5985/wsman/. État 0x0. ID de processus 0x4 chemin d’accès de l’exécutable , Système  utilisateur
Information	13/10/2025 15:52:04	Microsoft-Windows-HttpService	112	HTTP Setup Trace Task	Tentative de réservation de l’URL http://+:47001/wsman/. État 0x0. ID de processus 0x4 chemin d’accès de l’exécutable , Système  utilisateur
Information	13/10/2025 15:52:04	Microsoft-Windows-HttpService	112	HTTP Setup Trace Task	Tentative de réservation de l’URL https://+:5986/wsman/. État 0x0. ID de processus 0x4 chemin d’accès de l’exécutable , Système  utilisateur
Information	13/10/2025 15:52:04	Microsoft-Windows-HttpService	112	HTTP Setup Trace Task	Tentative de réservation de l’URL http://*:2869/. État 0x0. ID de processus 0x4 chemin d’accès de l’exécutable , Système  utilisateur
Information	13/10/2025 15:52:04	Microsoft-Windows-HttpService	112	HTTP Setup Trace Task	Tentative de réservation de l’URL https://*:5358/. État 0x0. ID de processus 0x4 chemin d’accès de l’exécutable , Système  utilisateur
Information	13/10/2025 15:52:04	Microsoft-Windows-HttpService	112	HTTP Setup Trace Task	Tentative de réservation de l’URL http://+:80/Temporary_Listen_Addresses/. État 0x0. ID de processus 0x4 chemin d’accès de l’exécutable , Système  utilisateur
Information	13/10/2025 15:52:04	Microsoft-Windows-HttpService	112	HTTP Setup Trace Task	Tentative de réservation de l’URL http://*:5357/. État 0x0. ID de processus 0x4 chemin d’accès de l’exécutable , Système  utilisateur
Avertissement	13/10/2025 15:52:03	Microsoft-Windows-Time-Service	134	Aucun	"NtpClient n'a pas pu définir d'homologue manuel utilisable comme source de temps en raison d'une erreur de résolution DNS sur ""time.windows.com,0x9"". NtpClient réessaiera dans 15 minutes, puis doublera l'intervalle d'attente pour les tentatives suivantes. L'erreur était : Hôte inconnu. (0x80072AF9)"
Information	13/10/2025 15:52:03	Microsoft-Windows-Hyper-V-VmSwitch	277	Aucun	vmswitch. sys build 26100. amd64. ge_release_svc_prod3, false débogage, true officiel, 1 1
Information	13/10/2025 15:52:03	Microsoft-Windows-Time-Service	158	Aucun	Le fournisseur de temps VMICTimeProvider a indiqué que le matériel et l'environnement d'exploitation actuels ne sont pas pris en charge et ont été arrêtés. Ce comportement est attendu de VMICTimeProvider dans des environnements invités non HyperV. Il peut également être attendu du fournisseur actuel dans l'environnement d'exploitation utilisé.
Information	13/10/2025 15:52:03	VMnetuserif	1	Aucun	() Starting up the User Interface Driver for VMware Virtual Networks.
Information	13/10/2025 15:52:03	VMnetBridge	10	Aucun	() Starting up the Bridge Driver for VMware Virtual Networks.
Information	13/10/2025 15:52:03	Microsoft-Windows-Winlogon	7001	(1101)	Notification d’ouverture de session utilisateur pour le Programme d’amélioration de l’expérience utilisateur
Information	13/10/2025 15:52:04	RST Middleware	27	Aucun	Found passthru disk: SCSI Port: 0, SCSI Bus: 0, SCSI Target: 0, SATA HDD, 1000204886016 bytes, WDC WD10SPSX-60A6WT0                   
Information	13/10/2025 15:52:03	Win32k	267	Aucun	La vérification d'assurance qualité du matériel tactile a réussi.
Information	13/10/2025 15:52:03	Microsoft-Windows-DHCPv6-Client	51046	Service State Event	Le service client DHCPv6 est démarré
Information	13/10/2025 15:52:03	Microsoft-Windows-Dhcp-Client	50036	Événement d’état de service	Le service client DHCPv4 est démarré
Information	13/10/2025 15:52:03	Microsoft-Windows-Dhcp-Client	50103	Événement d’état de service	Le client DHCPv4 s’est inscrit pour une notification d’arrêt
Information	13/10/2025 15:52:03	Microsoft-Windows-Dhcp-Client	50036	Événement d’état de service	Le service client DHCPv4 est démarré
Information	13/10/2025 15:52:02	Microsoft-Windows-FilterManager	6	Aucun	Le filtre de système de fichiers « bindflt » (Version 10.0, ‎2066‎-‎06‎-‎09T06:47:19.000000000Z) s’est chargé et s’est inscrit correctement auprès du gestionnaire de filtres.
Information	13/10/2025 15:52:02	Microsoft-Windows-FilterManager	6	Aucun	Le filtre de système de fichiers « storqosflt » (Version 10.0, ‎2021‎-‎03‎-‎19T12:47:34.000000000Z) s’est chargé et s’est inscrit correctement auprès du gestionnaire de filtres.
Information	13/10/2025 15:52:02	Microsoft-Windows-FilterManager	6	Aucun	Le filtre de système de fichiers « UnionFS » (Version 10.0, ‎2047‎-‎02‎-‎21T13:01:20.000000000Z) s’est chargé et s’est inscrit correctement auprès du gestionnaire de filtres.
Information	13/10/2025 15:52:02	Microsoft-Windows-FilterManager	6	Aucun	Le filtre de système de fichiers « CldFlt » (Version 10.0, ‎2023‎-‎07‎-‎04T19:29:47.000000000Z) s’est chargé et s’est inscrit correctement auprès du gestionnaire de filtres.
Information	13/10/2025 15:52:02	Microsoft-Windows-FilterManager	1	Aucun	Filtre de système de fichiers « CldFlt » (Version 10.0, ‎2023‎-‎07‎-‎04T19:29:47.000000000Z) déchargé correctement.
Information	13/10/2025 15:52:02	Microsoft-Windows-FilterManager	6	Aucun	Le filtre de système de fichiers « CldFlt » (Version 10.0, ‎2023‎-‎07‎-‎04T19:29:47.000000000Z) s’est chargé et s’est inscrit correctement auprès du gestionnaire de filtres.
Information	13/10/2025 15:52:02	Microsoft-Windows-FilterManager	6	Aucun	Le filtre de système de fichiers « luafv » (Version 10.0, ‎1988‎-‎07‎-‎19T16:24:59.000000000Z) s’est chargé et s’est inscrit correctement auprès du gestionnaire de filtres.
Information	13/10/2025 15:52:02	Microsoft-Windows-FilterManager	6	Aucun	Le filtre de système de fichiers « wcifs » (Version 10.0, ‎2037‎-‎05‎-‎28T05:10:06.000000000Z) s’est chargé et s’est inscrit correctement auprès du gestionnaire de filtres.
Information	13/10/2025 15:52:02	Microsoft-Windows-FilterManager	6	Aucun	Le filtre de système de fichiers « bfs » (Version 10.0, ‎2075‎-‎07‎-‎29T00:11:00.000000000Z) s’est chargé et s’est inscrit correctement auprès du gestionnaire de filtres.
Information	13/10/2025 15:52:02	Microsoft-Windows-Directory-Services-SAM	16983	Aucun	"Le gestionnaire de comptes de sécurité enregistre désormais des événements de résumé périodiques pour les clients distants qui appellent une modification de mot de passe héritée ou des méthodes RPC définies. 

Pour plus d’informations, voir https://go.microsoft.com/fwlink/?linkid=2150956.
"
Information	13/10/2025 15:52:02	Microsoft-Windows-Directory-Services-SAM	16977	Aucun	"Le domaine est configuré avec les paramètres suivants relatifs à la longueur minimale des mots de passe. 

MinimumPasswordLength : 0

RelaxMinimumPasswordLengthLimits : 0

MinimumPasswordLengthAudit : -1

Pour plus d’informations, voir https://go.microsoft.com/fwlink/?LinkId=2097191. 
"
Information	13/10/2025 15:52:02	Microsoft-Windows-Directory-Services-SAM	16962	Aucun	"Les appels distants vers la base de données SAM sont restreints à l’aide du descripteur de sécurité par défaut : O:SYG:SYD:(A;;RC;;;BA).
Pour plus d’informations, voir http://go.microsoft.com/fwlink/?LinkId=787651."
Information	13/10/2025 15:52:02	Microsoft-Windows-IsolatedUserMode	5	Aucun	Secure Trustlet NULL Id 0 and Pid 0 started with status STATUS_SUCCESS.
Information	13/10/2025 15:52:02	LsaSrv	6156	Aucun	"État de l’activation automatique de Credential Guard.

Exigences matérielles pour la sécurité basée sur la virtualisation :	1
Domaine joint :	0
Azure AD joint :	0
 Sous licence pour Credential Guard :	0
Contrôleur de domaine :	0"
Information	13/10/2025 15:52:02	Microsoft-Windows-Wininit	12	Aucun	LSASS.exe a démarré en tant que processus protégé avec le niveau : 4.
Information	13/10/2025 15:52:02	Microsoft-Windows-Wininit	18	Aucun	L’isolation de clé VBS a démarré et protégera les clés isolées par VSM.
Information	13/10/2025 15:52:02	Microsoft-Windows-IsolatedUserMode	1	Aucun	Secure Trustlet \??\C:\WINDOWS\system32\lsaiso.exe Id 1 and Pid 1456 started with status STATUS_SUCCESS.
Information	13/10/2025 15:52:02	Microsoft-Windows-IsolatedUserMode	5	Aucun	Secure Trustlet NULL Id 0 and Pid 0 started with status STATUS_SUCCESS.
Information	13/10/2025 15:52:02	Microsoft-Windows-Wininit	14	Aucun	"Configuration d’Credential Guard : configuration du Registre 

:  0x0
configuration de test : activation automatique  0
:  0"
Information	13/10/2025 15:52:01	Microsoft-Windows-Wininit	23	Aucun	"Anti-restauration de l’application de démarrage : initialisation terminée avec status :
HRESULT : L’opération a réussi.
Nouveau minuteur nécessaire : false
Nouveau minuteur en attente de la fin de la mise à jour du système : false
Le minuteur de verrou précédent existe mais il est désactivé par Registry : false
"
Information	13/10/2025 15:52:01	Microsoft-Windows-Wininit	25	Aucun	"Anti-restauration de l’application de démarrage : le minuteur précédent a repris avec status :

HRESULT : L’opération a réussi.
Minuteur précédent présent : true
Heure de début : ‎2025‎-‎09‎-‎10T05:59:05.268480600Z
Période de grâce : 51840000000000
Réussite de l’application de la tentative de récupération : false
"
Information	13/10/2025 15:52:01	Microsoft-Windows-Wininit	24	Aucun	"Anti-restauration de l’application de démarrage : démarrage du minuteur terminé avec status :

Win32Error : 0
Heure de début : ‎2025‎-‎09‎-‎10T05:59:05.268480600Z
Période de grâce : 51840000000000
Heure d’échéance : ‎2025‎-‎11‎-‎09T05:59:05.268480600Z
"
Information	13/10/2025 15:52:01	Microsoft-Windows-Wininit	19	Aucun	"État de création du nouveau minuteur de sécurité basé sur la virtualisation

HRESULT : L’opération a réussi.
Nouveau minuteur de verrou requis : false
Nouveau minuteur de verrou en attente de la fin de la mise à jour du système : false
Le minuteur de verrou précédent existe mais est désactivé par le registre : false
Le fichier de stratégie existe : false
"
Avertissement	13/10/2025 15:51:56	Microsoft-Windows-Kernel-PnP	219	(212)	"Échec du chargement du pilote \Driver\WUDFRd.
Périphérique : {DD8E82AE-334B-49A2-AEAE-AEB0FD5C40DD}\DetectionVerification\5&2c1f7258&0&0
État : 0xC0000365"
Information	13/10/2025 15:51:56	Microsoft-Windows-DriverFrameworks-UserMode	10118	Startup of the UMDF reflector	Le réflecteur UMDF n'est pas en mesure de se connecter au Gestionnaire de contrôle des services. Ce comportement est normal pendant le démarrage, quand le Gestionnaire de contrôle des services n'a pas encore démarré. Une nouvelle tentative aura lieu après son démarrage.
Information	13/10/2025 15:51:55	Microsoft-Windows-Kernel-General	24	(11)	Les informations de fuseau horaire ont été actualisées avec le motif de sortie 0. Le décalage de fuseau horaire actuel est de -120.
Information	13/10/2025 15:51:55	Microsoft-Windows-Ntfs	98	Aucun	Volume \\?\Volume{c8003e95-36b3-4dfd-8462-1e725ba1c118} (\Device\HarddiskVolume7) est sain. Aucune action n’est nécessaire.
Information	13/10/2025 15:51:55	Microsoft-Windows-Ntfs	98	Aucun	Volume E: (\Device\HarddiskVolume2) est sain. Aucune action n’est nécessaire.
Information	13/10/2025 15:51:55	Netwtw10	7023	Aucun	7023 - secure boot debug logging Quasar
Information	13/10/2025 15:51:55	Netwtw10	7017	Aucun	7017 - secure boot (SB) configuration
Information	13/10/2025 15:51:55	Netwtw10	7010	Aucun	7010 - driver enabled (miniport init)
Information	13/10/2025 15:51:55	Microsoft-Windows-Ntfs	98	Aucun	Volume D: (\Device\HarddiskVolume1) est sain. Aucune action n’est nécessaire.
Information	13/10/2025 15:51:55	nhi	9001	Aucun	"Thunderbolt driver is loaded and initialized connection to HW.
 Driver version: 1.41.1420.0
 NVM version: 61:0
"
Information	13/10/2025 15:51:55	MEIx64	2	Aucun	Intel(R) Management Engine Interface driver has started successfully.
Information	13/10/2025 15:51:55	Netwtw10	7002	Aucun	7002 - CTDP power limit value (SPLC)
Information	13/10/2025 15:51:55	Netwtw10	7005	Aucun	7005 - SAR value max TX power (WRDS)
Information	13/10/2025 15:51:55	Netwtw10	7027	Aucun	7027 - get Nic Manufacturere on init
Information	13/10/2025 15:51:55	Netwtw10	7036	Aucun	Le service \Device\NDMP5 est entré dans l’état : Intel(R) Wi-Fi 6 AX201 160MHz.
Information	13/10/2025 15:51:55	Microsoft-Windows-Kernel-Power	521	(220)	Changement du nombre de batteries actives.
Information	13/10/2025 15:51:55	Microsoft-Windows-Kernel-Processor-Power	55	(47)	"Le processeur 11 du groupe 0 présente les caractéristiques de gestion de l’alimentation suivantes :

Type d’état d’inactivité : ACPI Idle (C) States (3 état(s))

Type d’état de performances : ACPI Collaborative Processor Performance Control
Fréquence nominale (MHz) : 2592
Pourcentage de performances maximales : 192
Pourcentage de performances minimales : 42
Pourcentage d’accélération minimale : 3"
Information	13/10/2025 15:51:55	Microsoft-Windows-Kernel-Processor-Power	55	(47)	"Le processeur 9 du groupe 0 présente les caractéristiques de gestion de l’alimentation suivantes :

Type d’état d’inactivité : ACPI Idle (C) States (3 état(s))

Type d’état de performances : ACPI Collaborative Processor Performance Control
Fréquence nominale (MHz) : 2592
Pourcentage de performances maximales : 192
Pourcentage de performances minimales : 42
Pourcentage d’accélération minimale : 3"
Information	13/10/2025 15:51:55	Microsoft-Windows-Kernel-Processor-Power	55	(47)	"Le processeur 7 du groupe 0 présente les caractéristiques de gestion de l’alimentation suivantes :

Type d’état d’inactivité : ACPI Idle (C) States (3 état(s))

Type d’état de performances : ACPI Collaborative Processor Performance Control
Fréquence nominale (MHz) : 2592
Pourcentage de performances maximales : 192
Pourcentage de performances minimales : 42
Pourcentage d’accélération minimale : 3"
Information	13/10/2025 15:51:55	Microsoft-Windows-Kernel-Processor-Power	55	(47)	"Le processeur 5 du groupe 0 présente les caractéristiques de gestion de l’alimentation suivantes :

Type d’état d’inactivité : ACPI Idle (C) States (3 état(s))

Type d’état de performances : ACPI Collaborative Processor Performance Control
Fréquence nominale (MHz) : 2592
Pourcentage de performances maximales : 192
Pourcentage de performances minimales : 42
Pourcentage d’accélération minimale : 3"
Information	13/10/2025 15:51:55	Microsoft-Windows-Kernel-Processor-Power	55	(47)	"Le processeur 3 du groupe 0 présente les caractéristiques de gestion de l’alimentation suivantes :

Type d’état d’inactivité : ACPI Idle (C) States (3 état(s))

Type d’état de performances : ACPI Collaborative Processor Performance Control
Fréquence nominale (MHz) : 2592
Pourcentage de performances maximales : 192
Pourcentage de performances minimales : 42
Pourcentage d’accélération minimale : 3"
Information	13/10/2025 15:51:55	Microsoft-Windows-Kernel-Processor-Power	55	(47)	"Le processeur 1 du groupe 0 présente les caractéristiques de gestion de l’alimentation suivantes :

Type d’état d’inactivité : ACPI Idle (C) States (3 état(s))

Type d’état de performances : ACPI Collaborative Processor Performance Control
Fréquence nominale (MHz) : 2592
Pourcentage de performances maximales : 192
Pourcentage de performances minimales : 42
Pourcentage d’accélération minimale : 3"
Information	13/10/2025 15:51:55	Microsoft-Windows-Kernel-Processor-Power	55	(47)	"Le processeur 10 du groupe 0 présente les caractéristiques de gestion de l’alimentation suivantes :

Type d’état d’inactivité : ACPI Idle (C) States (3 état(s))

Type d’état de performances : ACPI Collaborative Processor Performance Control
Fréquence nominale (MHz) : 2592
Pourcentage de performances maximales : 192
Pourcentage de performances minimales : 42
Pourcentage d’accélération minimale : 3"
Information	13/10/2025 15:51:55	Microsoft-Windows-Kernel-Processor-Power	55	(47)	"Le processeur 8 du groupe 0 présente les caractéristiques de gestion de l’alimentation suivantes :

Type d’état d’inactivité : ACPI Idle (C) States (3 état(s))

Type d’état de performances : ACPI Collaborative Processor Performance Control
Fréquence nominale (MHz) : 2592
Pourcentage de performances maximales : 192
Pourcentage de performances minimales : 42
Pourcentage d’accélération minimale : 3"
Information	13/10/2025 15:51:55	Microsoft-Windows-Kernel-Processor-Power	55	(47)	"Le processeur 6 du groupe 0 présente les caractéristiques de gestion de l’alimentation suivantes :

Type d’état d’inactivité : ACPI Idle (C) States (3 état(s))

Type d’état de performances : ACPI Collaborative Processor Performance Control
Fréquence nominale (MHz) : 2592
Pourcentage de performances maximales : 192
Pourcentage de performances minimales : 42
Pourcentage d’accélération minimale : 3"
Information	13/10/2025 15:51:55	Microsoft-Windows-Kernel-Processor-Power	55	(47)	"Le processeur 4 du groupe 0 présente les caractéristiques de gestion de l’alimentation suivantes :

Type d’état d’inactivité : ACPI Idle (C) States (3 état(s))

Type d’état de performances : ACPI Collaborative Processor Performance Control
Fréquence nominale (MHz) : 2592
Pourcentage de performances maximales : 192
Pourcentage de performances minimales : 42
Pourcentage d’accélération minimale : 3"
Information	13/10/2025 15:51:55	Microsoft-Windows-Kernel-Processor-Power	55	(47)	"Le processeur 2 du groupe 0 présente les caractéristiques de gestion de l’alimentation suivantes :

Type d’état d’inactivité : ACPI Idle (C) States (3 état(s))

Type d’état de performances : ACPI Collaborative Processor Performance Control
Fréquence nominale (MHz) : 2592
Pourcentage de performances maximales : 192
Pourcentage de performances minimales : 42
Pourcentage d’accélération minimale : 3"
Information	13/10/2025 15:51:55	Microsoft-Windows-Kernel-Processor-Power	55	(47)	"Le processeur 0 du groupe 0 présente les caractéristiques de gestion de l’alimentation suivantes :

Type d’état d’inactivité : ACPI Idle (C) States (3 état(s))

Type d’état de performances : ACPI Collaborative Processor Performance Control
Fréquence nominale (MHz) : 2592
Pourcentage de performances maximales : 192
Pourcentage de performances minimales : 30
Pourcentage d’accélération minimale : 3"
Erreur	13/10/2025 15:51:55	VBoxNetLwf	12	Aucun	Le pilote a détecté une erreur de pilote interne sur \Device\VBoxNetLwf.
Information	13/10/2025 15:51:54	Microsoft-Windows-Ntfs	98	Aucun	Volume \\?\Volume{af0ea105-8d30-46b0-918e-e762a5cf62fa} (\Device\HarddiskVolume6) est sain. Aucune action n’est nécessaire.
Information	13/10/2025 15:51:52	VMnetAdapter	36	Aucun	() Starting up the Adapter Driver for VMware Virtual Networks.
Information	13/10/2025 15:51:52	Microsoft-Windows-Kernel-Power	172	(203)	L’état de connectivité est en attente : Disconnected, Motif : NIC compliance
Information	13/10/2025 15:51:52	Microsoft-Windows-Kernel-Power	125	(86)	"La zone thermique ACPI \_TZ.TZ02 a été énumérée.             
_PSV = 0K             
_TC1 = 0             
_TC2 = 0             
_TSP = 0ms             
_AC0 = 0K             
_AC1 = 0K             
_AC2 = 0K             
_AC3 = 0K             
_AC4 = 0K             
_AC5 = 0K             
_AC6 = 0K             
_AC7 = 0K             
_AC8 = 0K             
_AC9 = 0K             
_CRT = 0K             
_HOT = 372K             
limitation minimale = 0             
_CR3 = 0K"
Information	13/10/2025 15:51:52	Microsoft-Windows-Kernel-Power	125	(86)	"La zone thermique ACPI \_TZ.TZ00 a été énumérée.             
_PSV = 0K             
_TC1 = 0             
_TC2 = 0             
_TSP = 0ms             
_AC0 = 344K             
_AC1 = 328K             
_AC2 = 323K             
_AC3 = 318K             
_AC4 = 313K             
_AC5 = 0K             
_AC6 = 0K             
_AC7 = 0K             
_AC8 = 0K             
_AC9 = 0K             
_CRT = 392K             
_HOT = 0K             
limitation minimale = 0             
_CR3 = 0K"
Information	13/10/2025 15:51:52	Microsoft-Windows-FilterManager	6	Aucun	Le filtre de système de fichiers « npsvctrig » (Version 10.0, ‎1978‎-‎05‎-‎14T11:13:30.000000000Z) s’est chargé et s’est inscrit correctement auprès du gestionnaire de filtres.
Information	13/10/2025 15:51:52	VfpExt	7036	Aucun	Le service  est entré dans l’état : Driver load complete.
Information	13/10/2025 15:51:52	VfpExt	7036	Aucun	Le service  est entré dans l’état : Driver load start.
Information	13/10/2025 15:51:52	Microsoft-Windows-FilterManager	6	Aucun	Le filtre de système de fichiers « UCPD » (Version 10.0, ‎2037‎-‎11‎-‎17T14:30:48.000000000Z) s’est chargé et s’est inscrit correctement auprès du gestionnaire de filtres.
Information	13/10/2025 15:51:52	Microsoft-Windows-FilterManager	6	Aucun	Le filtre de système de fichiers « FileCrypt » (Version 10.0, ‎2075‎-‎09‎-‎01T00:07:07.000000000Z) s’est chargé et s’est inscrit correctement auprès du gestionnaire de filtres.
Information	13/10/2025 15:51:52	Microsoft-Windows-Ntfs	98	Aucun	Volume C: (\Device\HarddiskVolume5) est sain. Aucune action n’est nécessaire.
Information	13/10/2025 15:51:52	hpdskflt	1001	Aucun	"La description de l’ID d’événement 1001 dans la source hpdskflt est introuvable. Le composant qui a déclenché cet événement n’est pas installé sur l’ordinateur local ou l’installation est endommagée. Vous pouvez installer ou réparer le composant sur l’ordinateur local.

Si l’événement provient d’un autre ordinateur, les informations d’affichage doivent être enregistrées avec l’événement.

Les informations suivantes étaient incluses avec l’événement : 


Le type de ressource spécifié ne peut être trouvé dans le fichier image
"
Information	13/10/2025 15:51:52	hpdskflt	1001	Aucun	"La description de l’ID d’événement 1001 dans la source hpdskflt est introuvable. Le composant qui a déclenché cet événement n’est pas installé sur l’ordinateur local ou l’installation est endommagée. Vous pouvez installer ou réparer le composant sur l’ordinateur local.

Si l’événement provient d’un autre ordinateur, les informations d’affichage doivent être enregistrées avec l’événement.

Les informations suivantes étaient incluses avec l’événement : 


Le type de ressource spécifié ne peut être trouvé dans le fichier image
"
Information	13/10/2025 15:51:52	Microsoft-Windows-FilterManager	6	Aucun	Le filtre de système de fichiers « WdFilter » (Version 10.0, ‎2028‎-‎06‎-‎06T11:57:32.000000000Z) s’est chargé et s’est inscrit correctement auprès du gestionnaire de filtres.
Information	13/10/2025 15:51:52	Microsoft-Windows-FilterManager	6	Aucun	Le filtre de système de fichiers « Wof » (Version 10.0, ‎2089‎-‎07‎-‎15T04:58:05.000000000Z) s’est chargé et s’est inscrit correctement auprès du gestionnaire de filtres.
Information	13/10/2025 15:51:52	Microsoft-Windows-FilterManager	6	Aucun	Le filtre de système de fichiers « FileInfo » (Version 10.0, ‎2093‎-‎04‎-‎02T03:29:43.000000000Z) s’est chargé et s’est inscrit correctement auprès du gestionnaire de filtres.
Information	13/10/2025 15:51:49	Microsoft-Windows-HAL	16	Aucun	Le rapport d’erreurs IOMMU a été initialisé.
Information	13/10/2025 15:51:49	Microsoft-Windows-Kernel-General	20	(6)	"La configuration d'une seconde intercalaire a été mise à jour. 
Raison : Leap second data initialized from registry during boot
Secondes intercalaires activées : true
Nouveau nombre de secondes intercalaires : 0
Ancien nombre de secondes intercalaires : 0"
Information	13/10/2025 15:51:49	Microsoft-Windows-Kernel-Boot	30	(21)	Le microprogramme a signalé des mesures de démarrage.
Information	13/10/2025 15:51:49	Microsoft-Windows-IsolatedUserMode	3	Aucun	Secure Kernel started with status STATUS_SUCCESS and flags HvciEnabled,HvciStrictMode.
Avertissement	13/10/2025 15:51:49	Microsoft-Windows-Hyper-V-Hypervisor	167	Aucun	L’hyperviseur n’a pas activé les atténuations des vulnérabilités de canal latéral pour les machines virtuelles, car HyperThreading est activé. Pour activer les atténuations pour les machines virtuelles, désactivez HyperThreading.
Information	13/10/2025 15:51:49	Microsoft-Windows-Hyper-V-Hypervisor	165	Aucun	"L’hyperviseur a configuré des atténuations pour CVE-2019-11091, CVE-2018-12126, CVE-2018-12127, CVE-2018-12130 pour les ordinateurs virtuels.

Processeur non affecté : true
Famille de processeurs non affectée : false
Processeur prend en charge le vidage de mémoire tampon microarchitique : true
Vidage de mémoire tampon nécessaire : true
"
Information	13/10/2025 15:51:49	Microsoft-Windows-Hyper-V-Hypervisor	156	Aucun	"L’hyperviseur a configuré des atténuations pour CVE-2018-3646 pour les machines virtuelles.

Processeur non affecté : true
Famille de processeurs non affectée : false
Le processeur prend en charge le vidage du cache : true
HyperThreading activé : true
'hyperviseur parent applique des atténuations : false
Atténuations désactivées par bcdedit: false
Atténuations activées : true
Vidage du cache nécessaire : false
"
Information	13/10/2025 15:51:49	Microsoft-Windows-Hyper-V-Hypervisor	129	Aucun	"L'hyperviseur a initialisé le remappage E/S.

Matériel présent : true
Matériel activé : true
Politique : 0x0
Fonctions activées : 0x43
Informations internes : 0x0
Problèmes : 0x0
Informations supplémentaires : 0x0 "
Information	13/10/2025 15:51:49	Microsoft-Windows-Hyper-V-Hypervisor	2	Aucun	Le type du planificateur de l’hyperviseur est 0x4.
Information	13/10/2025 15:51:49	Microsoft-Windows-Hyper-V-Hypervisor	1	Aucun	Hyperviseur démarré.
Information	13/10/2025 15:51:49	Microsoft-Windows-Kernel-Boot	27	(33)	Le type de démarrage était 0x0.
Information	13/10/2025 15:51:49	Microsoft-Windows-Kernel-Boot	25	(32)	La stratégie de menu de démarrage était 0x1.
Information	13/10/2025 15:51:49	Microsoft-Windows-Kernel-Boot	238	(101)	Décalage du fuseau horaire EFI : 2047. Indicateurs d’heure d’été : 0. Durée du microprogramme : ‎2018‎-‎01‎-‎01T00:00:39.000000000Z. 
Information	13/10/2025 15:51:49	Microsoft-Windows-Kernel-Boot	247	(99)	Impossible de charger Pluton-Windows microprogramme. StatusCode : STATUS_SUCCESS, Raison :  Failed to apply firmware.
Information	13/10/2025 15:51:49	Microsoft-Windows-Kernel-Boot	20	(31)	L’état de réussite du dernier arrêt était true. L’état de réussite du dernier démarrage était true.
Information	13/10/2025 15:51:49	Microsoft-Windows-Kernel-Boot	32	(58)	Le gestionnaire de démarrage a attendu 0 ms l’entrée utilisateur.
Information	13/10/2025 15:51:49	Microsoft-Windows-Kernel-Boot	18	(57)	Ce système dispose de 0x1 options de démarrage.
Information	13/10/2025 15:51:49	Microsoft-Windows-Kernel-Boot	153	(62)	La sécurité basée sur la virtualisation (stratégies : VBS Enabled,VSM Required,Hvci,Boot Chain Signer Soft Enforced) est enabled due to VBS registry configuration.
Information	13/10/2025 15:51:49	Microsoft-Windows-Kernel-General	25	(12)	"L’heure système a été initialisée sur ‎2025‎-‎10‎-‎13T13:51:49.188116400Z. 

Heure du chargeur : ‎2025‎-‎10‎-‎13T13:51:48.077000000Z
Indicateurs de démarrage internes : 0x1
Code d’erreur HAL RTC :  0x0
'heure RTC est au format UTC : false
Démarrage à chaud : false
Réussite : true
Phase : 1"
Information	13/10/2025 15:51:49	Microsoft-Windows-Kernel-General	12	(1)	Le système d'exploitation a démarré à l'heure système ‎2025‎-‎10‎-‎13T13:51:49.188116400Z.
Information	13/10/2025 15:51:48	Microsoft-Windows-Kernel-General	13	(2)	Le système d’exploitation s’est arrêté à l’heure système ‎2025‎-‎10‎-‎13T13:51:48.028864500Z.
Information	13/10/2025 15:51:47	Microsoft-Windows-Kernel-Power	577	(280)	Le système s’est préparé pour qu’un redémarrage du système soit lancé à partir Active.
Information	13/10/2025 15:51:47	nhi	9008	Aucun	"Driver exit RTD3.
 All the connected devices will now cause DeviceConnected events."
Information	13/10/2025 15:51:46	Microsoft-Windows-Kernel-Power	109	(103)	"Le gestionnaire d’alimentation du noyau a lancé une transition d’arrêt.

Action : Power Action Shutdown Off 
Code d’événement : 0x0 
Raison : Kernel API"
Information	13/10/2025 15:51:43	Microsoft-Windows-WLAN-AutoConfig	4001	Aucun	"Le Service d’autoconfiguration WLAN s’est arrêté correctement.
"
Avertissement	13/10/2025 15:51:43	Microsoft-Windows-WLAN-AutoConfig	10002	Aucun	"Le module d’extensibilité WLAN s’est arrêté.

Chemin d’accès du module : C:\WINDOWS\system32\IntelIHVRouter10.dll
"
Information	13/10/2025 15:51:42	Microsoft-Windows-HttpService	117	HTTP Configuration Property Trace Task	Supprimez le 0xFE00000120000001 du groupe d’URL. État 0x0. ID de processus 0x1904 chemin d’accès de l’exécutable \Device\HarddiskVolume5\Windows\System32\svchost.exe, SERVICE LOCAL  utilisateur
Information	13/10/2025 15:51:42	Microsoft-Windows-HttpService	114	HTTP Configuration Property Trace Task	URL (http://*:5357/191a253b-edc2-4532-a37a-1f3c80c58d8b/) supprimée du groupe d’URL (0xFE00000120000001). ID de processus 0x1904 chemin d’accès de l’exécutable \Device\HarddiskVolume5\Windows\System32\svchost.exe, SERVICE LOCAL  utilisateur
Information	13/10/2025 15:52:03	EventLog	6013	Aucun	La durée active du système est de 13 secondes.
Information	13/10/2025 15:52:03	EventLog	6005	Aucun	Le service d’Enregistrement d’événement a démarré.
Information	13/10/2025 15:52:03	EventLog	6009	Aucun	Microsoft (R) Windows (R) 10.00. 26200  Multiprocessor Free.
Information	13/10/2025 15:51:41	Microsoft-Windows-Dhcp-Client	50037	Événement d’état de service	Le service client DHCPv4 est arrêté. La valeur de l’indicateur d’arrêt est 1
Information	13/10/2025 15:51:41	Microsoft-Windows-Dhcp-Client	50106	Événement d’état de service	DHCPv4 attend l’arrêt du service DHCPv6
Information	13/10/2025 15:51:41	Microsoft-Windows-DHCPv6-Client	51057	Service State Event	L’arrêt du service du client DHCPv6 est presque effectué. Nombre de références de contexte DHCP : 1
Information	13/10/2025 15:51:41	Microsoft-Windows-DHCPv6-Client	51057	Service State Event	L’arrêt du service du client DHCPv6 est presque effectué. Nombre de références de contexte DHCP : 1
Information	13/10/2025 15:51:41	Microsoft-Windows-DHCPv6-Client	51057	Service State Event	L’arrêt du service du client DHCPv6 est presque effectué. Nombre de références de contexte DHCP : 1
Information	13/10/2025 15:51:41	Microsoft-Windows-DHCPv6-Client	51057	Service State Event	L’arrêt du service du client DHCPv6 est presque effectué. Nombre de références de contexte DHCP : 1
Information	13/10/2025 15:51:41	Microsoft-Windows-DHCPv6-Client	51047	Service State Event	Le service client DHCPv6 est arrêté. La valeur de l’indicateur d’arrêt est 1
Information	13/10/2025 15:51:41	Microsoft-Windows-Dhcp-Client	50105	Événement d’état de service	Client DHCPv4 ProcessDHCPRequestForever reçu TERMINATE_EVENT
Information	13/10/2025 15:51:41	Microsoft-Windows-Dhcp-Client	50104	Événement d’état de service	Le client DHCPv4 a reçu une notification d’arrêt
Information	13/10/2025 15:51:41	Microsoft-Windows-Kernel-General	1	(5)	"L’heure système est passée de ‎2025‎-‎10‎-‎13T13:51:41.292253100Z.
heure ‎2025‎-‎10‎-‎13T13:51:41.292631000Z 0 ms

Raison du changement : An application or system component changed the time.
Processus : '\Device\HarddiskVolume5\Windows\System32\svchost.exe' (pid 6324).

heure RTC : ‎2025‎-‎10‎-‎13T15:51:41.292631000Z
Décalage horaire actuel : -120
'heure RTC est au format UTC: false
L’heure système était basée sur l’heure RTC : false"
Information	13/10/2025 15:51:41	Microsoft-Windows-Kernel-General	24	(11)	Les informations de fuseau horaire ont été actualisées avec le motif de sortie 0. Le décalage de fuseau horaire actuel est de -120.
Information	13/10/2025 15:51:40	Microsoft-Windows-IsolatedUserMode	2	Aucun	Secure Trustlet Id 6 and Pid 12180 stopped with status STATUS_SUCCESS.
Information	13/10/2025 15:51:41	EventLog	6006	Aucun	Le service d’Enregistrement d’événement a été arrêté.
Information	13/10/2025 15:51:40	Microsoft-Windows-Winlogon	7002	(1102)	Notification de fermeture de session utilisateur pour le Programme d’amélioration de l’expérience utilisateur
Information	13/10/2025 15:51:38	User32	1074	Aucun	"Le processus C:\WINDOWS\SystemApps\Microsoft.Windows.StartMenuExperienceHost_cw5n1h2txyewy\StartMenuExperienceHost.exe (DESKTOP-5P6VHHK) a lancé le se mettre hors tension. de l’ordinateur DESKTOP-5P6VHHK pour l’utilisateur DESKTOP-5P6VHHK\Perceval pour la raison suivante : Autre (non planifié)
  Code : 0x0
  Type d’extinction : se mettre hors tension.
 Commentaire : "
Avertissement	13/10/2025 15:49:04	Microsoft-Windows-DistributedCOM	10016	Aucun	"Les paramètres d’autorisation propres à l’application n’accordent pas l’autorisation Local Activation pour l’application serveur COM avec le CLSID 
{2593F8B9-4EAF-457C-B68A-50F6B8EA6B54}
 et l’APPID 
{15C20B67-12E7-4BB6-92BB-7AFF07997402}
 au SID DESKTOP-5P6VHHK\Perceval de l’utilisateur (S-1-5-21-279605357-448217104-2738636231-1001) depuis l’adresse LocalHost (avec LRPC) s’exécutant dans le SID Non disponible du conteneur d’applications (Non disponible). Cette autorisation de sécurité peut être modifiée à l’aide de l’outil d’administration Services de composants."
Information	13/10/2025 15:06:28	Microsoft-Windows-Time-Service	37	Aucun	Le fournisseur de temps NtpClient reçoit actuellement des données de temps valides à partir de time.windows.com,0x9 (ntp.m|0x9|0.0.0.0:123->51.145.123.29:123).
Information	13/10/2025 14:57:21	Microsoft-Windows-WindowsUpdateClient	19	Agent de mise à jour automatique Windows Update	Installation réussie : Windows a installé la mise à jour suivante : Mise à jour de la sélection disjointe pour Microsoft Defender Antivirus – 2267602 Ko (version 1.439.140.0) – Canal actuel (large)
Information	13/10/2025 14:57:12	Microsoft-Windows-WindowsUpdateClient	43	Agent de mise à jour automatique Windows Update	Installation démarrée : Windows a commencé l'installation de la mise à jour suivante : Mise à jour de la sélection disjointe pour Microsoft Defender Antivirus – 2267602 Ko (version 1.439.140.0) – Canal actuel (large)
Information	13/10/2025 14:57:12	Microsoft-Windows-WindowsUpdateClient	44	Agent de mise à jour automatique Windows Update	Windows Update a démarré le téléchargement d'une mise à jour.
Information	13/10/2025 14:38:55	Microsoft-Windows-Kernel-General	16	Aucun	L’historique des accès de la ruche \??\C:\Users\Perceval\AppData\Local\Packages\Microsoft.WindowsNotepad_8wekyb3d8bbwe\Settings\settings.dat a été effacé, mettant à jour 2 clés et créant 0 pages modifiées.
Information	13/10/2025 14:31:39	Service Control Manager	7040	Aucun	Le type de démarrage du service Service de transfert intelligent en arrière-plan est passé de Démarrage automatique à Démarrage à la demande.
Information	13/10/2025 14:29:32	Microsoft-Windows-HttpService	114	HTTP Configuration Property Trace Task	URL (http://*:2869/upnp/eventing/) supprimée du groupe d’URL (0xFE0000062000000A). ID de processus 0x20C4 chemin d’accès de l’exécutable \Device\HarddiskVolume5\Windows\System32\svchost.exe, SERVICE LOCAL  utilisateur
Information	13/10/2025 14:29:32	Microsoft-Windows-HttpService	113	HTTP Configuration Property Trace Task	Tentative d’ajout de l’URL (http://*:2869/upnp/eventing/) au groupe d’URL (0xFE0000062000000A). État : 0x0. ID de processus 0x20C4 \Device\HarddiskVolume5\Windows\System32\svchost.exe de chemin d’accès de l’exécutable, SERVICE LOCAL  utilisateur
