Information	14/10/2025 17:01:55	Microsoft-Windows-IsolatedUserMode	5	Aucun	Secure Trustlet NULL Id 0 and Pid 0 started with status STATUS_SUCCESS.
Information	14/10/2025 17:01:55	Microsoft-Windows-Wininit	14	Aucun	"Configuration d’Credential Guard : configuration du Registre 

:  0x0
configuration de test : activation automatique  0
:  0"
Information	14/10/2025 17:01:54	Microsoft-Windows-Wininit	23	Aucun	"Anti-restauration de l’application de démarrage : initialisation terminée avec status :
HRESULT : L’opération a réussi.
Nouveau minuteur nécessaire : false
Nouveau minuteur en attente de la fin de la mise à jour du système : false
Le minuteur de verrou précédent existe mais il est désactivé par Registry : false
"
Information	14/10/2025 17:01:54	Microsoft-Windows-Wininit	25	Aucun	"Anti-restauration de l’application de démarrage : le minuteur précédent a repris avec status :

HRESULT : L’opération a réussi.
Minuteur précédent présent : true
Heure de début : ‎2025‎-‎09‎-‎10T05:59:05.268480600Z
Période de grâce : 51840000000000
Réussite de l’application de la tentative de récupération : false
"
Information	14/10/2025 17:01:54	Microsoft-Windows-Wininit	24	Aucun	"Anti-restauration de l’application de démarrage : démarrage du minuteur terminé avec status :

Win32Error : 0
Heure de début : ‎2025‎-‎09‎-‎10T05:59:05.268480600Z
Période de grâce : 51840000000000
Heure d’échéance : ‎2025‎-‎11‎-‎09T05:59:05.268480600Z
"
Information	14/10/2025 17:01:54	Microsoft-Windows-Wininit	19	Aucun	"État de création du nouveau minuteur de sécurité basé sur la virtualisation

HRESULT : L’opération a réussi.
Nouveau minuteur de verrou requis : false
Nouveau minuteur de verrou en attente de la fin de la mise à jour du système : false
Le minuteur de verrou précédent existe mais est désactivé par le registre : false
Le fichier de stratégie existe : false
"
Information	14/10/2025 17:01:52	BTHUSB	18	Aucun	Windows ne peut pas stocker les codes d’authentification Bluetooth (clés de liaison) sur la carte locale. Les claviers Bluetooth ne fonctionnent peut-être pas dans le BIOS système lors du démarrage.
Avertissement	14/10/2025 17:01:49	Microsoft-Windows-Kernel-PnP	219	(212)	"Échec du chargement du pilote \Driver\WUDFRd.
Périphérique : {DD8E82AE-334B-49A2-AEAE-AEB0FD5C40DD}\DetectionVerification\5&2c1f7258&0&0
État : 0xC0000365"
Information	14/10/2025 17:01:49	Microsoft-Windows-DriverFrameworks-UserMode	10118	Startup of the UMDF reflector	Le réflecteur UMDF n'est pas en mesure de se connecter au Gestionnaire de contrôle des services. Ce comportement est normal pendant le démarrage, quand le Gestionnaire de contrôle des services n'a pas encore démarré. Une nouvelle tentative aura lieu après son démarrage.
Information	14/10/2025 17:01:48	Netwtw10	7023	Aucun	7023 - secure boot debug logging Quasar
Information	14/10/2025 17:01:48	Netwtw10	7017	Aucun	7017 - secure boot (SB) configuration
Information	14/10/2025 17:01:48	Netwtw10	7010	Aucun	7010 - driver enabled (miniport init)
Information	14/10/2025 17:01:48	nhi	9001	Aucun	"Thunderbolt driver is loaded and initialized connection to HW.
 Driver version: 1.41.1420.0
 NVM version: 61:0
"
Information	14/10/2025 17:01:48	Microsoft-Windows-Kernel-General	24	(11)	Les informations de fuseau horaire ont été actualisées avec le motif de sortie 0. Le décalage de fuseau horaire actuel est de -120.
Information	14/10/2025 17:01:48	Netwtw10	7002	Aucun	7002 - CTDP power limit value (SPLC)
Information	14/10/2025 17:01:48	MEIx64	2	Aucun	Intel(R) Management Engine Interface driver has started successfully.
Information	14/10/2025 17:01:48	Netwtw10	7005	Aucun	7005 - SAR value max TX power (WRDS)
Information	14/10/2025 17:01:48	Microsoft-Windows-Ntfs	98	Aucun	Volume \\?\Volume{c8003e95-36b3-4dfd-8462-1e725ba1c118} (\Device\HarddiskVolume7) est sain. Aucune action n’est nécessaire.
Information	14/10/2025 17:01:48	Netwtw10	7027	Aucun	7027 - get Nic Manufacturere on init
Information	14/10/2025 17:01:48	Microsoft-Windows-Ntfs	98	Aucun	Volume E: (\Device\HarddiskVolume2) est sain. Aucune action n’est nécessaire.
Information	14/10/2025 17:01:48	Netwtw10	7036	Aucun	Le service \Device\NDMP5 est entré dans l’état : Intel(R) Wi-Fi 6 AX201 160MHz.
Information	14/10/2025 17:01:48	Microsoft-Windows-Kernel-Power	521	(220)	Changement du nombre de batteries actives.
Information	14/10/2025 17:01:48	Microsoft-Windows-Kernel-Processor-Power	55	(47)	"Le processeur 11 du groupe 0 présente les caractéristiques de gestion de l’alimentation suivantes :

Type d’état d’inactivité : ACPI Idle (C) States (3 état(s))

Type d’état de performances : ACPI Collaborative Processor Performance Control
Fréquence nominale (MHz) : 2592
Pourcentage de performances maximales : 192
Pourcentage de performances minimales : 42
Pourcentage d’accélération minimale : 3"
Information	14/10/2025 17:01:48	Microsoft-Windows-Kernel-Processor-Power	55	(47)	"Le processeur 9 du groupe 0 présente les caractéristiques de gestion de l’alimentation suivantes :

Type d’état d’inactivité : ACPI Idle (C) States (3 état(s))

Type d’état de performances : ACPI Collaborative Processor Performance Control
Fréquence nominale (MHz) : 2592
Pourcentage de performances maximales : 192
Pourcentage de performances minimales : 42
Pourcentage d’accélération minimale : 3"
Information	14/10/2025 17:01:48	Microsoft-Windows-Kernel-Processor-Power	55	(47)	"Le processeur 7 du groupe 0 présente les caractéristiques de gestion de l’alimentation suivantes :

Type d’état d’inactivité : ACPI Idle (C) States (3 état(s))

Type d’état de performances : ACPI Collaborative Processor Performance Control
Fréquence nominale (MHz) : 2592
Pourcentage de performances maximales : 192
Pourcentage de performances minimales : 42
Pourcentage d’accélération minimale : 3"
Information	14/10/2025 17:01:47	Microsoft-Windows-Kernel-Processor-Power	55	(47)	"Le processeur 5 du groupe 0 présente les caractéristiques de gestion de l’alimentation suivantes :

Type d’état d’inactivité : ACPI Idle (C) States (3 état(s))

Type d’état de performances : ACPI Collaborative Processor Performance Control
Fréquence nominale (MHz) : 2592
Pourcentage de performances maximales : 192
Pourcentage de performances minimales : 42
Pourcentage d’accélération minimale : 3"
Information	14/10/2025 17:01:47	Microsoft-Windows-Kernel-Processor-Power	55	(47)	"Le processeur 3 du groupe 0 présente les caractéristiques de gestion de l’alimentation suivantes :

Type d’état d’inactivité : ACPI Idle (C) States (3 état(s))

Type d’état de performances : ACPI Collaborative Processor Performance Control
Fréquence nominale (MHz) : 2592
Pourcentage de performances maximales : 192
Pourcentage de performances minimales : 42
Pourcentage d’accélération minimale : 3"
Information	14/10/2025 17:01:47	Microsoft-Windows-Kernel-Processor-Power	55	(47)	"Le processeur 1 du groupe 0 présente les caractéristiques de gestion de l’alimentation suivantes :

Type d’état d’inactivité : ACPI Idle (C) States (3 état(s))

Type d’état de performances : ACPI Collaborative Processor Performance Control
Fréquence nominale (MHz) : 2592
Pourcentage de performances maximales : 192
Pourcentage de performances minimales : 42
Pourcentage d’accélération minimale : 3"
Information	14/10/2025 17:01:47	Microsoft-Windows-Kernel-Processor-Power	55	(47)	"Le processeur 10 du groupe 0 présente les caractéristiques de gestion de l’alimentation suivantes :

Type d’état d’inactivité : ACPI Idle (C) States (3 état(s))

Type d’état de performances : ACPI Collaborative Processor Performance Control
Fréquence nominale (MHz) : 2592
Pourcentage de performances maximales : 192
Pourcentage de performances minimales : 42
Pourcentage d’accélération minimale : 3"
Information	14/10/2025 17:01:47	Microsoft-Windows-Kernel-Processor-Power	55	(47)	"Le processeur 8 du groupe 0 présente les caractéristiques de gestion de l’alimentation suivantes :

Type d’état d’inactivité : ACPI Idle (C) States (3 état(s))

Type d’état de performances : ACPI Collaborative Processor Performance Control
Fréquence nominale (MHz) : 2592
Pourcentage de performances maximales : 192
Pourcentage de performances minimales : 42
Pourcentage d’accélération minimale : 3"
Information	14/10/2025 17:01:47	Microsoft-Windows-Kernel-Processor-Power	55	(47)	"Le processeur 6 du groupe 0 présente les caractéristiques de gestion de l’alimentation suivantes :

Type d’état d’inactivité : ACPI Idle (C) States (3 état(s))

Type d’état de performances : ACPI Collaborative Processor Performance Control
Fréquence nominale (MHz) : 2592
Pourcentage de performances maximales : 192
Pourcentage de performances minimales : 46
Pourcentage d’accélération minimale : 3"
Information	14/10/2025 17:01:47	Microsoft-Windows-Kernel-Processor-Power	55	(47)	"Le processeur 4 du groupe 0 présente les caractéristiques de gestion de l’alimentation suivantes :

Type d’état d’inactivité : ACPI Idle (C) States (3 état(s))

Type d’état de performances : ACPI Collaborative Processor Performance Control
Fréquence nominale (MHz) : 2592
Pourcentage de performances maximales : 192
Pourcentage de performances minimales : 42
Pourcentage d’accélération minimale : 3"
Information	14/10/2025 17:01:47	Microsoft-Windows-Kernel-Processor-Power	55	(47)	"Le processeur 2 du groupe 0 présente les caractéristiques de gestion de l’alimentation suivantes :

Type d’état d’inactivité : ACPI Idle (C) States (3 état(s))

Type d’état de performances : ACPI Collaborative Processor Performance Control
Fréquence nominale (MHz) : 2592
Pourcentage de performances maximales : 192
Pourcentage de performances minimales : 42
Pourcentage d’accélération minimale : 3"
Information	14/10/2025 17:01:47	Microsoft-Windows-Ntfs	98	Aucun	Volume D: (\Device\HarddiskVolume1) est sain. Aucune action n’est nécessaire.
Information	14/10/2025 17:01:47	Microsoft-Windows-Kernel-Processor-Power	55	(47)	"Le processeur 0 du groupe 0 présente les caractéristiques de gestion de l’alimentation suivantes :

Type d’état d’inactivité : ACPI Idle (C) States (3 état(s))

Type d’état de performances : ACPI Collaborative Processor Performance Control
Fréquence nominale (MHz) : 2592
Pourcentage de performances maximales : 192
Pourcentage de performances minimales : 30
Pourcentage d’accélération minimale : 3"
Erreur	14/10/2025 17:01:47	VBoxNetLwf	12	Aucun	Le pilote a détecté une erreur de pilote interne sur \Device\VBoxNetLwf.
Information	14/10/2025 17:01:47	Microsoft-Windows-Ntfs	98	Aucun	Volume \\?\Volume{af0ea105-8d30-46b0-918e-e762a5cf62fa} (\Device\HarddiskVolume6) est sain. Aucune action n’est nécessaire.
Information	14/10/2025 17:01:45	VMnetAdapter	36	Aucun	() Starting up the Adapter Driver for VMware Virtual Networks.
Information	14/10/2025 17:01:45	Microsoft-Windows-Kernel-Power	172	(203)	L’état de connectivité est en attente : Disconnected, Motif : NIC compliance
Information	14/10/2025 17:01:45	Microsoft-Windows-Kernel-Power	125	(86)	"La zone thermique ACPI \_TZ.TZ02 a été énumérée.             
_PSV = 0K             
_TC1 = 0             
_TC2 = 0             
_TSP = 0ms             
_AC0 = 0K             
_AC1 = 0K             
_AC2 = 0K             
_AC3 = 0K             
_AC4 = 0K             
_AC5 = 0K             
_AC6 = 0K             
_AC7 = 0K             
_AC8 = 0K             
_AC9 = 0K             
_CRT = 0K             
_HOT = 372K             
limitation minimale = 0             
_CR3 = 0K"
Information	14/10/2025 17:01:45	Microsoft-Windows-Kernel-Power	125	(86)	"La zone thermique ACPI \_TZ.TZ00 a été énumérée.             
_PSV = 0K             
_TC1 = 0             
_TC2 = 0             
_TSP = 0ms             
_AC0 = 344K             
_AC1 = 328K             
_AC2 = 323K             
_AC3 = 318K             
_AC4 = 313K             
_AC5 = 0K             
_AC6 = 0K             
_AC7 = 0K             
_AC8 = 0K             
_AC9 = 0K             
_CRT = 392K             
_HOT = 0K             
limitation minimale = 0             
_CR3 = 0K"
Information	14/10/2025 17:01:45	Microsoft-Windows-FilterManager	6	Aucun	Le filtre de système de fichiers « npsvctrig » (Version 10.0, ‎1978‎-‎05‎-‎14T11:13:30.000000000Z) s’est chargé et s’est inscrit correctement auprès du gestionnaire de filtres.
Information	14/10/2025 17:01:45	VfpExt	7036	Aucun	Le service  est entré dans l’état : Driver load complete.
Information	14/10/2025 17:01:45	VfpExt	7036	Aucun	Le service  est entré dans l’état : Driver load start.
Information	14/10/2025 17:01:45	Microsoft-Windows-FilterManager	6	Aucun	Le filtre de système de fichiers « UCPD » (Version 10.0, ‎2037‎-‎11‎-‎17T14:30:48.000000000Z) s’est chargé et s’est inscrit correctement auprès du gestionnaire de filtres.
Information	14/10/2025 17:01:45	Microsoft-Windows-FilterManager	6	Aucun	Le filtre de système de fichiers « FileCrypt » (Version 10.0, ‎2075‎-‎09‎-‎01T00:07:07.000000000Z) s’est chargé et s’est inscrit correctement auprès du gestionnaire de filtres.
Information	14/10/2025 17:01:45	Microsoft-Windows-Ntfs	98	Aucun	Volume C: (\Device\HarddiskVolume5) est sain. Aucune action n’est nécessaire.
Information	14/10/2025 17:01:44	hpdskflt	1001	Aucun	"La description de l’ID d’événement 1001 dans la source hpdskflt est introuvable. Le composant qui a déclenché cet événement n’est pas installé sur l’ordinateur local ou l’installation est endommagée. Vous pouvez installer ou réparer le composant sur l’ordinateur local.

Si l’événement provient d’un autre ordinateur, les informations d’affichage doivent être enregistrées avec l’événement.

Les informations suivantes étaient incluses avec l’événement : 


Le type de ressource spécifié ne peut être trouvé dans le fichier image
"
Information	14/10/2025 17:01:44	hpdskflt	1001	Aucun	"La description de l’ID d’événement 1001 dans la source hpdskflt est introuvable. Le composant qui a déclenché cet événement n’est pas installé sur l’ordinateur local ou l’installation est endommagée. Vous pouvez installer ou réparer le composant sur l’ordinateur local.

Si l’événement provient d’un autre ordinateur, les informations d’affichage doivent être enregistrées avec l’événement.

Les informations suivantes étaient incluses avec l’événement : 


Le type de ressource spécifié ne peut être trouvé dans le fichier image
"
Information	14/10/2025 17:01:44	Microsoft-Windows-FilterManager	6	Aucun	Le filtre de système de fichiers « WdFilter » (Version 10.0, ‎2028‎-‎06‎-‎06T11:57:32.000000000Z) s’est chargé et s’est inscrit correctement auprès du gestionnaire de filtres.
Information	14/10/2025 17:01:44	Microsoft-Windows-FilterManager	6	Aucun	Le filtre de système de fichiers « Wof » (Version 10.0, ‎2089‎-‎07‎-‎15T04:58:05.000000000Z) s’est chargé et s’est inscrit correctement auprès du gestionnaire de filtres.
Information	14/10/2025 17:01:44	Microsoft-Windows-FilterManager	6	Aucun	Le filtre de système de fichiers « FileInfo » (Version 10.0, ‎2093‎-‎04‎-‎02T03:29:43.000000000Z) s’est chargé et s’est inscrit correctement auprès du gestionnaire de filtres.
Information	14/10/2025 17:01:42	Microsoft-Windows-HAL	16	Aucun	Le rapport d’erreurs IOMMU a été initialisé.
Information	14/10/2025 17:01:42	Microsoft-Windows-Kernel-General	20	(6)	"La configuration d'une seconde intercalaire a été mise à jour. 
Raison : Leap second data initialized from registry during boot
Secondes intercalaires activées : true
Nouveau nombre de secondes intercalaires : 0
Ancien nombre de secondes intercalaires : 0"
Information	14/10/2025 17:01:42	Microsoft-Windows-Kernel-Boot	30	(21)	Le microprogramme a signalé des mesures de démarrage.
Information	14/10/2025 17:01:42	Microsoft-Windows-IsolatedUserMode	3	Aucun	Secure Kernel started with status STATUS_SUCCESS and flags HvciEnabled,HvciStrictMode.
Avertissement	14/10/2025 17:01:42	Microsoft-Windows-Hyper-V-Hypervisor	167	Aucun	L’hyperviseur n’a pas activé les atténuations des vulnérabilités de canal latéral pour les machines virtuelles, car HyperThreading est activé. Pour activer les atténuations pour les machines virtuelles, désactivez HyperThreading.
Information	14/10/2025 17:01:42	Microsoft-Windows-Hyper-V-Hypervisor	165	Aucun	"L’hyperviseur a configuré des atténuations pour CVE-2019-11091, CVE-2018-12126, CVE-2018-12127, CVE-2018-12130 pour les ordinateurs virtuels.

Processeur non affecté : true
Famille de processeurs non affectée : false
Processeur prend en charge le vidage de mémoire tampon microarchitique : true
Vidage de mémoire tampon nécessaire : true
"
Information	14/10/2025 17:01:42	Microsoft-Windows-Hyper-V-Hypervisor	156	Aucun	"L’hyperviseur a configuré des atténuations pour CVE-2018-3646 pour les machines virtuelles.

Processeur non affecté : true
Famille de processeurs non affectée : false
Le processeur prend en charge le vidage du cache : true
HyperThreading activé : true
'hyperviseur parent applique des atténuations : false
Atténuations désactivées par bcdedit: false
Atténuations activées : true
Vidage du cache nécessaire : false
"
Information	14/10/2025 17:01:42	Microsoft-Windows-Hyper-V-Hypervisor	129	Aucun	"L'hyperviseur a initialisé le remappage E/S.

Matériel présent : true
Matériel activé : true
Politique : 0x0
Fonctions activées : 0x43
Informations internes : 0x0
Problèmes : 0x0
Informations supplémentaires : 0x0 "
Information	14/10/2025 17:01:42	Microsoft-Windows-Hyper-V-Hypervisor	2	Aucun	Le type du planificateur de l’hyperviseur est 0x4.
Information	14/10/2025 17:01:42	Microsoft-Windows-Hyper-V-Hypervisor	1	Aucun	Hyperviseur démarré.
Information	14/10/2025 17:01:42	Microsoft-Windows-Kernel-Boot	27	(33)	Le type de démarrage était 0x0.
Information	14/10/2025 17:01:42	Microsoft-Windows-Kernel-Boot	25	(32)	La stratégie de menu de démarrage était 0x1.
Information	14/10/2025 17:01:42	Microsoft-Windows-Kernel-Boot	238	(101)	Décalage du fuseau horaire EFI : 2047. Indicateurs d’heure d’été : 0. Durée du microprogramme : ‎2018‎-‎01‎-‎01T00:00:30.000000000Z. 
Information	14/10/2025 17:01:42	Microsoft-Windows-Kernel-Boot	247	(99)	Impossible de charger Pluton-Windows microprogramme. StatusCode : STATUS_SUCCESS, Raison :  Failed to apply firmware.
Information	14/10/2025 17:01:42	Microsoft-Windows-Kernel-Boot	20	(31)	L’état de réussite du dernier arrêt était true. L’état de réussite du dernier démarrage était true.
Information	14/10/2025 17:01:42	Microsoft-Windows-Kernel-Boot	32	(58)	Le gestionnaire de démarrage a attendu 0 ms l’entrée utilisateur.
Information	14/10/2025 17:01:42	Microsoft-Windows-Kernel-Boot	18	(57)	Ce système dispose de 0x1 options de démarrage.
Information	14/10/2025 17:01:42	Microsoft-Windows-Kernel-Boot	153	(62)	La sécurité basée sur la virtualisation (stratégies : VBS Enabled,VSM Required,Hvci,Boot Chain Signer Soft Enforced) est enabled due to VBS registry configuration.
Information	14/10/2025 17:01:42	Microsoft-Windows-Kernel-General	25	(12)	"L’heure système a été initialisée sur ‎2025‎-‎10‎-‎14T15:01:41.777034200Z. 

Heure du chargeur : ‎2025‎-‎10‎-‎14T15:01:40.666000000Z
Indicateurs de démarrage internes : 0x1
Code d’erreur HAL RTC :  0x0
'heure RTC est au format UTC : false
Démarrage à chaud : false
Réussite : true
Phase : 1"
Information	14/10/2025 17:01:42	Microsoft-Windows-Kernel-General	12	(1)	Le système d'exploitation a démarré à l'heure système ‎2025‎-‎10‎-‎14T15:01:41.777034200Z.
Information	14/10/2025 17:01:40	Microsoft-Windows-Kernel-General	13	(2)	Le système d’exploitation s’est arrêté à l’heure système ‎2025‎-‎10‎-‎14T15:01:40.625495400Z.
Information	14/10/2025 17:01:40	Microsoft-Windows-Kernel-Power	577	(280)	Le système s’est préparé pour qu’un redémarrage du système soit lancé à partir Active.
Information	14/10/2025 17:01:39	nhi	9008	Aucun	"Driver exit RTD3.
 All the connected devices will now cause DeviceConnected events."
Information	14/10/2025 17:01:38	Microsoft-Windows-Kernel-Power	109	(103)	"Le gestionnaire d’alimentation du noyau a lancé une transition d’arrêt.

Action : Power Action Shutdown Off 
Code d’événement : 0x0 
Raison : Kernel API"
Information	14/10/2025 17:01:34	Microsoft-Windows-WLAN-AutoConfig	4001	Aucun	"Le Service d’autoconfiguration WLAN s’est arrêté correctement.
"
Avertissement	14/10/2025 17:01:34	Microsoft-Windows-WLAN-AutoConfig	10002	Aucun	"Le module d’extensibilité WLAN s’est arrêté.

Chemin d’accès du module : C:\WINDOWS\system32\IntelIHVRouter10.dll
"
Information	14/10/2025 17:01:34	Microsoft-Windows-HttpService	117	HTTP Configuration Property Trace Task	Supprimez le 0xFE00000820000001 du groupe d’URL. État 0x0. ID de processus 0x19DC chemin d’accès de l’exécutable \Device\HarddiskVolume5\Windows\System32\svchost.exe, SERVICE LOCAL  utilisateur
Information	14/10/2025 17:01:34	Microsoft-Windows-HttpService	114	HTTP Configuration Property Trace Task	URL (http://*:5357/191a253b-edc2-4532-a37a-1f3c80c58d8b/) supprimée du groupe d’URL (0xFE00000820000001). ID de processus 0x19DC chemin d’accès de l’exécutable \Device\HarddiskVolume5\Windows\System32\svchost.exe, SERVICE LOCAL  utilisateur
Information	14/10/2025 17:01:56	EventLog	6013	Aucun	La durée active du système est de 14 secondes.
Information	14/10/2025 17:01:56	EventLog	6005	Aucun	Le service d’Enregistrement d’événement a démarré.
Information	14/10/2025 17:01:56	EventLog	6009	Aucun	Microsoft (R) Windows (R) 10.00. 26200  Multiprocessor Free.
Information	14/10/2025 17:01:33	Microsoft-Windows-Dhcp-Client	50037	Événement d’état de service	Le service client DHCPv4 est arrêté. La valeur de l’indicateur d’arrêt est 1
Information	14/10/2025 17:01:33	Microsoft-Windows-DHCPv6-Client	51057	Service State Event	L’arrêt du service du client DHCPv6 est presque effectué. Nombre de références de contexte DHCP : 1
Information	14/10/2025 17:01:33	Microsoft-Windows-DHCPv6-Client	51057	Service State Event	L’arrêt du service du client DHCPv6 est presque effectué. Nombre de références de contexte DHCP : 1
Information	14/10/2025 17:01:33	Microsoft-Windows-DHCPv6-Client	51057	Service State Event	L’arrêt du service du client DHCPv6 est presque effectué. Nombre de références de contexte DHCP : 1
Information	14/10/2025 17:01:33	Microsoft-Windows-DHCPv6-Client	51047	Service State Event	Le service client DHCPv6 est arrêté. La valeur de l’indicateur d’arrêt est 1
Information	14/10/2025 17:01:33	Microsoft-Windows-Dhcp-Client	50106	Événement d’état de service	DHCPv4 attend l’arrêt du service DHCPv6
Information	14/10/2025 17:01:33	Microsoft-Windows-Dhcp-Client	50105	Événement d’état de service	Client DHCPv4 ProcessDHCPRequestForever reçu TERMINATE_EVENT
Information	14/10/2025 17:01:33	Microsoft-Windows-Dhcp-Client	50104	Événement d’état de service	Le client DHCPv4 a reçu une notification d’arrêt
Information	14/10/2025 17:01:32	Microsoft-Windows-IsolatedUserMode	2	Aucun	Secure Trustlet Id 6 and Pid 11760 stopped with status STATUS_SUCCESS.
Information	14/10/2025 17:01:32	Microsoft-Windows-Winlogon	7002	(1102)	Notification de fermeture de session utilisateur pour le Programme d’amélioration de l’expérience utilisateur
Information	14/10/2025 17:01:33	EventLog	6006	Aucun	Le service d’Enregistrement d’événement a été arrêté.
Information	14/10/2025 17:01:29	User32	1074	Aucun	"Le processus C:\WINDOWS\SystemApps\Microsoft.Windows.StartMenuExperienceHost_cw5n1h2txyewy\StartMenuExperienceHost.exe (DESKTOP-5P6VHHK) a lancé le se mettre hors tension. de l’ordinateur DESKTOP-5P6VHHK pour l’utilisateur DESKTOP-5P6VHHK\Perceval pour la raison suivante : Autre (non planifié)
  Code : 0x0
  Type d’extinction : se mettre hors tension.
 Commentaire : "
Information	14/10/2025 16:53:13	BTHUSB	18	Aucun	Windows ne peut pas stocker les codes d’authentification Bluetooth (clés de liaison) sur la carte locale. Les claviers Bluetooth ne fonctionnent peut-être pas dans le BIOS système lors du démarrage.
Avertissement	14/10/2025 16:53:11	BTHUSB	7	Aucun	Une erreur matérielle s'est produite. L'événement contient le code d'erreur spécifique au fournisseur.
Information	14/10/2025 16:38:38	BTHUSB	18	Aucun	Windows ne peut pas stocker les codes d’authentification Bluetooth (clés de liaison) sur la carte locale. Les claviers Bluetooth ne fonctionnent peut-être pas dans le BIOS système lors du démarrage.
Avertissement	14/10/2025 16:38:36	BTHUSB	7	Aucun	Une erreur matérielle s'est produite. L'événement contient le code d'erreur spécifique au fournisseur.
Information	14/10/2025 16:25:32	BTHUSB	18	Aucun	Windows ne peut pas stocker les codes d’authentification Bluetooth (clés de liaison) sur la carte locale. Les claviers Bluetooth ne fonctionnent peut-être pas dans le BIOS système lors du démarrage.
Avertissement	14/10/2025 16:25:30	BTHUSB	7	Aucun	Une erreur matérielle s'est produite. L'événement contient le code d'erreur spécifique au fournisseur.
Information	14/10/2025 16:13:27	BTHUSB	18	Aucun	Windows ne peut pas stocker les codes d’authentification Bluetooth (clés de liaison) sur la carte locale. Les claviers Bluetooth ne fonctionnent peut-être pas dans le BIOS système lors du démarrage.
Avertissement	14/10/2025 16:13:25	BTHUSB	7	Aucun	Une erreur matérielle s'est produite. L'événement contient le code d'erreur spécifique au fournisseur.
Information	14/10/2025 16:07:36	BTHUSB	18	Aucun	Windows ne peut pas stocker les codes d’authentification Bluetooth (clés de liaison) sur la carte locale. Les claviers Bluetooth ne fonctionnent peut-être pas dans le BIOS système lors du démarrage.
Avertissement	14/10/2025 16:07:34	BTHUSB	7	Aucun	Une erreur matérielle s'est produite. L'événement contient le code d'erreur spécifique au fournisseur.
Information	14/10/2025 16:02:34	BTHUSB	18	Aucun	Windows ne peut pas stocker les codes d’authentification Bluetooth (clés de liaison) sur la carte locale. Les claviers Bluetooth ne fonctionnent peut-être pas dans le BIOS système lors du démarrage.
Avertissement	14/10/2025 16:02:27	BTHUSB	7	Aucun	Une erreur matérielle s'est produite. L'événement contient le code d'erreur spécifique au fournisseur.
Information	14/10/2025 15:53:51	BTHUSB	18	Aucun	Windows ne peut pas stocker les codes d’authentification Bluetooth (clés de liaison) sur la carte locale. Les claviers Bluetooth ne fonctionnent peut-être pas dans le BIOS système lors du démarrage.
Avertissement	14/10/2025 15:53:50	BTHUSB	7	Aucun	Une erreur matérielle s'est produite. L'événement contient le code d'erreur spécifique au fournisseur.
Information	14/10/2025 15:45:24	BTHUSB	18	Aucun	Windows ne peut pas stocker les codes d’authentification Bluetooth (clés de liaison) sur la carte locale. Les claviers Bluetooth ne fonctionnent peut-être pas dans le BIOS système lors du démarrage.
Avertissement	14/10/2025 15:45:22	BTHUSB	7	Aucun	Une erreur matérielle s'est produite. L'événement contient le code d'erreur spécifique au fournisseur.
Information	14/10/2025 15:39:00	BTHUSB	18	Aucun	Windows ne peut pas stocker les codes d’authentification Bluetooth (clés de liaison) sur la carte locale. Les claviers Bluetooth ne fonctionnent peut-être pas dans le BIOS système lors du démarrage.
Avertissement	14/10/2025 15:38:58	BTHUSB	7	Aucun	Une erreur matérielle s'est produite. L'événement contient le code d'erreur spécifique au fournisseur.
Information	14/10/2025 15:32:30	BTHUSB	18	Aucun	Windows ne peut pas stocker les codes d’authentification Bluetooth (clés de liaison) sur la carte locale. Les claviers Bluetooth ne fonctionnent peut-être pas dans le BIOS système lors du démarrage.
Avertissement	14/10/2025 15:32:29	BTHUSB	7	Aucun	Une erreur matérielle s'est produite. L'événement contient le code d'erreur spécifique au fournisseur.
Information	14/10/2025 15:24:17	BTHUSB	18	Aucun	Windows ne peut pas stocker les codes d’authentification Bluetooth (clés de liaison) sur la carte locale. Les claviers Bluetooth ne fonctionnent peut-être pas dans le BIOS système lors du démarrage.
Avertissement	14/10/2025 15:24:15	BTHUSB	7	Aucun	Une erreur matérielle s'est produite. L'événement contient le code d'erreur spécifique au fournisseur.
Information	14/10/2025 15:18:10	BTHUSB	18	Aucun	Windows ne peut pas stocker les codes d’authentification Bluetooth (clés de liaison) sur la carte locale. Les claviers Bluetooth ne fonctionnent peut-être pas dans le BIOS système lors du démarrage.
Avertissement	14/10/2025 15:18:08	BTHUSB	7	Aucun	Une erreur matérielle s'est produite. L'événement contient le code d'erreur spécifique au fournisseur.
Information	14/10/2025 14:41:52	BTHUSB	18	Aucun	Windows ne peut pas stocker les codes d’authentification Bluetooth (clés de liaison) sur la carte locale. Les claviers Bluetooth ne fonctionnent peut-être pas dans le BIOS système lors du démarrage.
Avertissement	14/10/2025 14:41:50	BTHUSB	7	Aucun	Une erreur matérielle s'est produite. L'événement contient le code d'erreur spécifique au fournisseur.
Information	14/10/2025 14:39:43	Service Control Manager	7040	Aucun	Le type de démarrage du service Service de transfert intelligent en arrière-plan est passé de Démarrage automatique à Démarrage à la demande.
Information	14/10/2025 14:36:59	Service Control Manager	7040	Aucun	Le type de démarrage du service Service de transfert intelligent en arrière-plan est passé de Démarrage à la demande à Démarrage automatique.
Information	14/10/2025 14:28:10	BTHUSB	18	Aucun	Windows ne peut pas stocker les codes d’authentification Bluetooth (clés de liaison) sur la carte locale. Les claviers Bluetooth ne fonctionnent peut-être pas dans le BIOS système lors du démarrage.
Avertissement	14/10/2025 14:28:08	BTHUSB	7	Aucun	Une erreur matérielle s'est produite. L'événement contient le code d'erreur spécifique au fournisseur.
Information	14/10/2025 14:23:02	BTHUSB	18	Aucun	Windows ne peut pas stocker les codes d’authentification Bluetooth (clés de liaison) sur la carte locale. Les claviers Bluetooth ne fonctionnent peut-être pas dans le BIOS système lors du démarrage.
Avertissement	14/10/2025 14:22:55	BTHUSB	7	Aucun	Une erreur matérielle s'est produite. L'événement contient le code d'erreur spécifique au fournisseur.
Information	14/10/2025 14:12:46	BTHUSB	18	Aucun	Windows ne peut pas stocker les codes d’authentification Bluetooth (clés de liaison) sur la carte locale. Les claviers Bluetooth ne fonctionnent peut-être pas dans le BIOS système lors du démarrage.
Avertissement	14/10/2025 14:12:44	BTHUSB	7	Aucun	Une erreur matérielle s'est produite. L'événement contient le code d'erreur spécifique au fournisseur.
Information	14/10/2025 14:10:23	BTHUSB	18	Aucun	Windows ne peut pas stocker les codes d’authentification Bluetooth (clés de liaison) sur la carte locale. Les claviers Bluetooth ne fonctionnent peut-être pas dans le BIOS système lors du démarrage.
Avertissement	14/10/2025 14:10:16	BTHUSB	7	Aucun	Une erreur matérielle s'est produite. L'événement contient le code d'erreur spécifique au fournisseur.
Information	14/10/2025 14:07:52	BTHUSB	18	Aucun	Windows ne peut pas stocker les codes d’authentification Bluetooth (clés de liaison) sur la carte locale. Les claviers Bluetooth ne fonctionnent peut-être pas dans le BIOS système lors du démarrage.
Avertissement	14/10/2025 14:07:44	BTHUSB	7	Aucun	Une erreur matérielle s'est produite. L'événement contient le code d'erreur spécifique au fournisseur.
Information	14/10/2025 14:00:03	BTHUSB	18	Aucun	Windows ne peut pas stocker les codes d’authentification Bluetooth (clés de liaison) sur la carte locale. Les claviers Bluetooth ne fonctionnent peut-être pas dans le BIOS système lors du démarrage.
Avertissement	14/10/2025 14:00:01	BTHUSB	7	Aucun	Une erreur matérielle s'est produite. L'événement contient le code d'erreur spécifique au fournisseur.
Information	14/10/2025 13:54:55	BTHUSB	18	Aucun	Windows ne peut pas stocker les codes d’authentification Bluetooth (clés de liaison) sur la carte locale. Les claviers Bluetooth ne fonctionnent peut-être pas dans le BIOS système lors du démarrage.
Avertissement	14/10/2025 13:54:53	BTHUSB	7	Aucun	Une erreur matérielle s'est produite. L'événement contient le code d'erreur spécifique au fournisseur.
Information	14/10/2025 13:51:19	BTHUSB	18	Aucun	Windows ne peut pas stocker les codes d’authentification Bluetooth (clés de liaison) sur la carte locale. Les claviers Bluetooth ne fonctionnent peut-être pas dans le BIOS système lors du démarrage.
Avertissement	14/10/2025 13:51:17	BTHUSB	7	Aucun	Une erreur matérielle s'est produite. L'événement contient le code d'erreur spécifique au fournisseur.
Information	14/10/2025 13:46:03	Microsoft-Windows-WindowsUpdateClient	44	Agent de mise à jour automatique Windows Update	Windows Update a démarré le téléchargement d'une mise à jour.
Information	14/10/2025 13:38:39	BTHUSB	18	Aucun	Windows ne peut pas stocker les codes d’authentification Bluetooth (clés de liaison) sur la carte locale. Les claviers Bluetooth ne fonctionnent peut-être pas dans le BIOS système lors du démarrage.
Avertissement	14/10/2025 13:38:37	BTHUSB	7	Aucun	Une erreur matérielle s'est produite. L'événement contient le code d'erreur spécifique au fournisseur.
Information	14/10/2025 13:33:48	BTHUSB	18	Aucun	Windows ne peut pas stocker les codes d’authentification Bluetooth (clés de liaison) sur la carte locale. Les claviers Bluetooth ne fonctionnent peut-être pas dans le BIOS système lors du démarrage.
Avertissement	14/10/2025 13:33:46	BTHUSB	7	Aucun	Une erreur matérielle s'est produite. L'événement contient le code d'erreur spécifique au fournisseur.
Information	14/10/2025 13:29:29	nhi	9007	Aucun	"The driver entered RTD3.
 All the connected devices will be removed from driver's internal state, so it is expected that DeviceDisconnected events will happen."
Information	14/10/2025 13:29:14	Microsoft-Windows-Power-Troubleshooter	1	Aucun	"Le système est sorti d’un état de faible alimentation.

Temps de veille : ‎2025‎-‎10‎-‎14T10:53:51.219742900Z
Temps de réveil : ‎2025‎-‎10‎-‎14T11:29:13.599706100Z

Source de réveil : Power Button"
Information	14/10/2025 13:29:14	BTHUSB	18	Aucun	Windows ne peut pas stocker les codes d’authentification Bluetooth (clés de liaison) sur la carte locale. Les claviers Bluetooth ne fonctionnent peut-être pas dans le BIOS système lors du démarrage.
Information	14/10/2025 13:29:14	Microsoft-Windows-Kernel-Power	566	(268)	"La session système est passée de 6 à 8.

Raison Unknown 

BootId: 81"
Erreur	14/10/2025 13:29:13	VBoxNetLwf	12	Aucun	Le pilote a détecté une erreur de pilote interne sur \Device\VBoxNetLwf.
Information	14/10/2025 13:29:13	Microsoft-Windows-Kernel-Power	566	(268)	"La session système est passée de 5 à 6.

Raison SxTransition 

BootId: 81"
Information	14/10/2025 13:29:13	Netwtw10	7023	Aucun	7023 - secure boot debug logging Quasar
Information	14/10/2025 13:29:12	Netwtw10	7025	Aucun	7025 - Dump after return from D3 before cmd 
Information	14/10/2025 13:29:11	Microsoft-Windows-Kernel-Power	130	(33)	Temps S3 du microprogramme. SuspendStart : 10189903, SuspendEnd : 10189904
Information	14/10/2025 13:29:11	Microsoft-Windows-Kernel-Power	131	(33)	Temps S3 du microprogramme. ResumeCount : 2, FullResume : 764, AverageResume : 764
Information	14/10/2025 13:29:11	Microsoft-Windows-Kernel-General	1	(5)	"L’heure système est passée de ‎2025‎-‎10‎-‎14T10:53:56.468584900Z.
heure ‎2025‎-‎10‎-‎14T11:29:11.500000000Z 2115031 ms

Raison du changement : System time synchronized with the hardware clock.
Processus : '' (pid 4).

heure RTC : ‎2025‎-‎10‎-‎14T13:29:11.500000000Z
Décalage horaire actuel : -120
'heure RTC est au format UTC: false
L’heure système était basée sur l’heure RTC : false"
Information	14/10/2025 12:53:56	Microsoft-Windows-Kernel-Power	107	(102)	Le système est sorti de la veille.
Information	14/10/2025 12:53:52	Microsoft-Windows-Kernel-Power	42	(64)	"Le système entre en veille.

Motif de la mise en veille : Button or Lid"
Information	14/10/2025 12:53:52	nhi	9008	Aucun	"Driver exit RTD3.
 All the connected devices will now cause DeviceConnected events."
Information	14/10/2025 12:53:51	Microsoft-Windows-Kernel-Power	566	(268)	"La session système est passée de 4 à 5.

Raison Unknown 

BootId: 81"
Information	14/10/2025 12:49:16	BTHUSB	18	Aucun	Windows ne peut pas stocker les codes d’authentification Bluetooth (clés de liaison) sur la carte locale. Les claviers Bluetooth ne fonctionnent peut-être pas dans le BIOS système lors du démarrage.
Avertissement	14/10/2025 12:49:09	BTHUSB	7	Aucun	Une erreur matérielle s'est produite. L'événement contient le code d'erreur spécifique au fournisseur.
Information	14/10/2025 12:42:29	BTHUSB	18	Aucun	Windows ne peut pas stocker les codes d’authentification Bluetooth (clés de liaison) sur la carte locale. Les claviers Bluetooth ne fonctionnent peut-être pas dans le BIOS système lors du démarrage.
Avertissement	14/10/2025 12:42:27	BTHUSB	7	Aucun	Une erreur matérielle s'est produite. L'événement contient le code d'erreur spécifique au fournisseur.
Avertissement	14/10/2025 12:37:44	Microsoft-Windows-EnhancedPhishingProtection-Events	8265	Aucun	Aggregated Threat assessment of current system instance
Erreur	14/10/2025 12:35:20	Microsoft-Windows-DeviceAssociationService	3505	(7000)	Échec de l’association de l’appareil – Énumérer les cérémonies.
Information	14/10/2025 12:34:22	BTHUSB	18	Aucun	Windows ne peut pas stocker les codes d’authentification Bluetooth (clés de liaison) sur la carte locale. Les claviers Bluetooth ne fonctionnent peut-être pas dans le BIOS système lors du démarrage.
Avertissement	14/10/2025 12:33:21	Microsoft-Windows-DistributedCOM	10016	Aucun	"Les paramètres d’autorisation propres à l’application n’accordent pas l’autorisation Local Activation pour l’application serveur COM avec le CLSID 
{2593F8B9-4EAF-457C-B68A-50F6B8EA6B54}
 et l’APPID 
{15C20B67-12E7-4BB6-92BB-7AFF07997402}
 au SID DESKTOP-5P6VHHK\Perceval de l’utilisateur (S-1-5-21-279605357-448217104-2738636231-1001) depuis l’adresse LocalHost (avec LRPC) s’exécutant dans le SID Non disponible du conteneur d’applications (Non disponible). Cette autorisation de sécurité peut être modifiée à l’aide de l’outil d’administration Services de composants."
Information	14/10/2025 12:33:10	nhi	9007	Aucun	"The driver entered RTD3.
 All the connected devices will be removed from driver's internal state, so it is expected that DeviceDisconnected events will happen."
Information	14/10/2025 12:32:55	Microsoft-Windows-Power-Troubleshooter	1	Aucun	"Le système est sorti d’un état de faible alimentation.

Temps de veille : ‎2025‎-‎10‎-‎14T10:00:57.463660500Z
Temps de réveil : ‎2025‎-‎10‎-‎14T10:32:54.590795400Z

Source de réveil : Power Button"
Information	14/10/2025 12:32:55	Microsoft-Windows-Kernel-Power	566	(268)	"La session système est passée de 2 à 4.

Raison Unknown 

BootId: 81"
Erreur	14/10/2025 12:32:54	VBoxNetLwf	12	Aucun	Le pilote a détecté une erreur de pilote interne sur \Device\VBoxNetLwf.
Information	14/10/2025 12:32:54	Microsoft-Windows-Kernel-Power	566	(268)	"La session système est passée de 1 à 2.

Raison SxTransition 

BootId: 81"
Information	14/10/2025 12:32:53	Netwtw10	7023	Aucun	7023 - secure boot debug logging Quasar
Information	14/10/2025 12:32:53	Netwtw10	7025	Aucun	7025 - Dump after return from D3 before cmd 
Information	14/10/2025 12:32:52	Microsoft-Windows-Kernel-Power	130	(33)	Temps S3 du microprogramme. SuspendStart : 8925891, SuspendEnd : 8925892
Information	14/10/2025 12:32:52	Microsoft-Windows-Kernel-Power	131	(33)	Temps S3 du microprogramme. ResumeCount : 1, FullResume : 765, AverageResume : 765
Information	14/10/2025 12:32:52	Microsoft-Windows-Kernel-General	1	(5)	"L’heure système est passée de ‎2025‎-‎10‎-‎14T10:01:02.653916500Z.
heure ‎2025‎-‎10‎-‎14T10:32:52.500000000Z 1909846 ms

Raison du changement : System time synchronized with the hardware clock.
Processus : '' (pid 4).

heure RTC : ‎2025‎-‎10‎-‎14T12:32:52.500000000Z
Décalage horaire actuel : -120
'heure RTC est au format UTC: false
L’heure système était basée sur l’heure RTC : false"
Information	14/10/2025 12:01:02	Microsoft-Windows-Kernel-Power	107	(102)	Le système est sorti de la veille.
Information	14/10/2025 12:00:58	Microsoft-Windows-Kernel-Power	42	(64)	"Le système entre en veille.

Motif de la mise en veille : Button or Lid"
Information	14/10/2025 12:00:58	nhi	9008	Aucun	"Driver exit RTD3.
 All the connected devices will now cause DeviceConnected events."
Information	14/10/2025 12:00:57	Microsoft-Windows-Kernel-Power	566	(268)	"La session système est passée de 0 à 1.

Raison ScreenOffGracePeriod 

BootId: 81"
Information	14/10/2025 12:00:00	EventLog	6013	Aucun	La durée active du système est de 8856 secondes.
Information	14/10/2025 11:53:49	Microsoft-Windows-Kernel-General	16	Aucun	L’historique des accès de la ruche \??\C:\ProgramData\Packages\Microsoft.WindowsNotepad_8wekyb3d8bbwe\S-1-5-21-279605357-448217104-2738636231-1001\SystemAppData\Helium\Cache\532dd674f9566691_COM15.dat a été effacé, mettant à jour 1 clés et créant 1 pages modifiées.
Information	14/10/2025 11:53:49	Microsoft-Windows-Kernel-General	16	Aucun	L’historique des accès de la ruche \??\C:\Users\Perceval\AppData\Local\Packages\Microsoft.WindowsNotepad_8wekyb3d8bbwe\SystemAppData\Helium\UserClasses.dat a été effacé, mettant à jour 51 clés et créant 14 pages modifiées.
Information	14/10/2025 11:53:49	Microsoft-Windows-Kernel-General	16	Aucun	L’historique des accès de la ruche \??\C:\Users\Perceval\AppData\Local\Packages\Microsoft.WindowsNotepad_8wekyb3d8bbwe\SystemAppData\Helium\User.dat a été effacé, mettant à jour 31 clés et créant 4 pages modifiées.
Avertissement	14/10/2025 11:06:09	Microsoft-Windows-DistributedCOM	10016	Aucun	"Les paramètres d’autorisation propres à l’application n’accordent pas l’autorisation Local Activation pour l’application serveur COM avec le CLSID 
{2593F8B9-4EAF-457C-B68A-50F6B8EA6B54}
 et l’APPID 
{15C20B67-12E7-4BB6-92BB-7AFF07997402}
 au SID DESKTOP-5P6VHHK\Perceval de l’utilisateur (S-1-5-21-279605357-448217104-2738636231-1001) depuis l’adresse LocalHost (avec LRPC) s’exécutant dans le SID Non disponible du conteneur d’applications (Non disponible). Cette autorisation de sécurité peut être modifiée à l’aide de l’outil d’administration Services de composants."
Information	14/10/2025 10:45:55	Microsoft-Windows-Time-Service	158	Aucun	Le fournisseur de temps VMICTimeProvider a indiqué que le matériel et l'environnement d'exploitation actuels ne sont pas pris en charge et ont été arrêtés. Ce comportement est attendu de VMICTimeProvider dans des environnements invités non HyperV. Il peut également être attendu du fournisseur actuel dans l'environnement d'exploitation utilisé.
Avertissement	14/10/2025 10:36:18	Microsoft-Windows-DNS-Client	1014	(1014)	La résolution de noms pour le nom www.googleapis.com expirée après qu’aucun des serveurs DNS configurés n’a répondu. PID client 6872.
Information	14/10/2025 10:35:40	Service Control Manager	7040	Aucun	Le type de démarrage du service Programme d’installation pour les modules Windows est passé de Démarrage automatique à Démarrage à la demande.
Avertissement	14/10/2025 10:32:36	Microsoft-Windows-DNS-Client	1014	(1014)	La résolution de noms pour le nom steamcommunity.com expirée après qu’aucun des serveurs DNS configurés n’a répondu. PID client 6872.
Information	14/10/2025 10:28:51	Microsoft-Windows-Time-Service	158	Aucun	Le fournisseur de temps VMICTimeProvider a indiqué que le matériel et l'environnement d'exploitation actuels ne sont pas pris en charge et ont été arrêtés. Ce comportement est attendu de VMICTimeProvider dans des environnements invités non HyperV. Il peut également être attendu du fournisseur actuel dans l'environnement d'exploitation utilisé.
Information	14/10/2025 10:28:21	Volsnap	33	Aucun	L’ancien cliché instantané du volume C: a été abandonné pour conserver l’utilisation d’espace disque pour les clichés instantanés de volume C: sous la limite définie par l’utilisateur.
Information	14/10/2025 10:22:25	Service Control Manager	7040	Aucun	Le type de démarrage du service Programme d’installation pour les modules Windows est passé de Démarrage à la demande à Démarrage automatique.
Information	14/10/2025 10:11:47	Microsoft-Windows-Time-Service	158	Aucun	Le fournisseur de temps VMICTimeProvider a indiqué que le matériel et l'environnement d'exploitation actuels ne sont pas pris en charge et ont été arrêtés. Ce comportement est attendu de VMICTimeProvider dans des environnements invités non HyperV. Il peut également être attendu du fournisseur actuel dans l'environnement d'exploitation utilisé.
Information	14/10/2025 10:11:30	Service Control Manager	7040	Aucun	Le type de démarrage du service Programme d’installation pour les modules Windows est passé de Démarrage automatique à Démarrage à la demande.
Information	14/10/2025 10:06:27	Service Control Manager	7040	Aucun	Le type de démarrage du service Programme d’installation pour les modules Windows est passé de Démarrage à la demande à Démarrage automatique.
Information	14/10/2025 10:02:51	Microsoft-Windows-Kernel-General	16	Aucun	L’historique des accès de la ruche \??\C:\Users\Perceval\AppData\Local\Packages\microsoftwindows.client.cbs_cw5n1h2txyewy\AC\GEH\POF.dat a été effacé, mettant à jour 1 clés et créant 1 pages modifiées.
Information	14/10/2025 10:01:04	Service Control Manager	7040	Aucun	Le type de démarrage du service Programme d’installation pour les modules Windows est passé de Démarrage automatique à Démarrage à la demande.
Information	14/10/2025 09:56:01	Service Control Manager	7040	Aucun	Le type de démarrage du service Programme d’installation pour les modules Windows est passé de Démarrage à la demande à Démarrage automatique.
Information	14/10/2025 09:55:39	Service Control Manager	7040	Aucun	Le type de démarrage du service Programme d’installation pour les modules Windows est passé de Démarrage automatique à Démarrage à la demande.
Information	14/10/2025 09:55:38	Service Control Manager	7040	Aucun	Le type de démarrage du service Programme d’installation pour les modules Windows est passé de Démarrage à la demande à Démarrage automatique.
Information	14/10/2025 09:55:36	Service Control Manager	7040	Aucun	Le type de démarrage du service Programme d’installation pour les modules Windows est passé de Démarrage automatique à Démarrage à la demande.
Information	14/10/2025 09:54:43	Microsoft-Windows-Time-Service	158	Aucun	Le fournisseur de temps VMICTimeProvider a indiqué que le matériel et l'environnement d'exploitation actuels ne sont pas pris en charge et ont été arrêtés. Ce comportement est attendu de VMICTimeProvider dans des environnements invités non HyperV. Il peut également être attendu du fournisseur actuel dans l'environnement d'exploitation utilisé.
Information	14/10/2025 09:51:52	Service Control Manager	7040	Aucun	Le type de démarrage du service Service de transfert intelligent en arrière-plan est passé de Démarrage automatique à Démarrage à la demande.
Information	14/10/2025 09:49:48	Service Control Manager	7040	Aucun	Le type de démarrage du service Service de transfert intelligent en arrière-plan est passé de Démarrage à la demande à Démarrage automatique.
Information	14/10/2025 09:48:55	Service Control Manager	7040	Aucun	Le type de démarrage du service Programme d’installation pour les modules Windows est passé de Démarrage à la demande à Démarrage automatique.
Information	14/10/2025 09:48:22	Microsoft-Windows-Kernel-General	16	Aucun	L’historique des accès de la ruche \??\C:\ProgramData\Microsoft\Provisioning\Microsoft-Desktop-Provisioning-Sequence.dat a été effacé, mettant à jour 0 clés et créant 0 pages modifiées.
Information	14/10/2025 09:42:53	Microsoft-Windows-WindowsUpdateClient	19	Agent de mise à jour automatique Windows Update	Installation réussie : Windows a installé la mise à jour suivante : Mise à jour de la sélection disjointe pour Microsoft Defender Antivirus – 2267602 Ko (version 1.439.160.0) – Canal actuel (large)
Information	14/10/2025 09:42:44	Microsoft-Windows-WindowsUpdateClient	43	Agent de mise à jour automatique Windows Update	Installation démarrée : Windows a commencé l'installation de la mise à jour suivante : Mise à jour de la sélection disjointe pour Microsoft Defender Antivirus – 2267602 Ko (version 1.439.160.0) – Canal actuel (large)
