Niveau	Date et heure	Source	ID de l’événement	Catégorie de la tâche
Avertissement	16/10/2025 12:16:54	Microsoft-Windows-EnhancedPhishingProtection-Events	8265	Aucun	Aggregated Threat assessment of current system instance
Information	16/10/2025 12:00:00	EventLog	6013	Aucun	La durée active du système est de 11044 secondes.
Information	16/10/2025 11:36:28	Microsoft-Windows-Kernel-General	16	Aucun	L’historique des accès de la ruche \??\C:\Users\Perceval\AppData\Local\Packages\Microsoft.DesktopAppInstaller_8wekyb3d8bbwe\Settings\settings.dat a été effacé, mettant à jour 2 clés et créant 1 pages modifiées.
Information	16/10/2025 11:36:27	Microsoft-Windows-Kernel-General	16	Aucun	L’historique des accès de la ruche \??\C:\ProgramData\Packages\Microsoft.DesktopAppInstaller_8wekyb3d8bbwe\S-1-5-21-279605357-448217104-2738636231-1001\SystemAppData\Helium\Cache\727693cea5122f4d_COM15.dat a été effacé, mettant à jour 1 clés et créant 1 pages modifiées.
Information	16/10/2025 10:50:30	BTHUSB	18	Aucun	Windows ne peut pas stocker les codes d’authentification Bluetooth (clés de liaison) sur la carte locale. Les claviers Bluetooth ne fonctionnent peut-être pas dans le BIOS système lors du démarrage.
Avertissement	16/10/2025 10:50:28	BTHUSB	7	Aucun	Une erreur matérielle s'est produite. L'événement contient le code d'erreur spécifique au fournisseur.
Information	16/10/2025 10:37:25	Netwtw10	7003	Aucun	7003 - Roam Complete
Information	16/10/2025 10:37:23	BTHUSB	18	Aucun	Windows ne peut pas stocker les codes d’authentification Bluetooth (clés de liaison) sur la carte locale. Les claviers Bluetooth ne fonctionnent peut-être pas dans le BIOS système lors du démarrage.
Avertissement	16/10/2025 10:37:21	BTHUSB	7	Aucun	Une erreur matérielle s'est produite. L'événement contient le code d'erreur spécifique au fournisseur.
Information	16/10/2025 10:22:48	Service Control Manager	7040	Aucun	Le type de démarrage du service Service de transfert intelligent en arrière-plan est passé de Démarrage automatique à Démarrage à la demande.
Information	16/10/2025 10:20:44	Service Control Manager	7040	Aucun	Le type de démarrage du service Service de transfert intelligent en arrière-plan est passé de Démarrage à la demande à Démarrage automatique.
Information	16/10/2025 10:17:38	Microsoft-Windows-Kernel-General	16	Aucun	L’historique des accès de la ruche \??\C:\ProgramData\Microsoft\Provisioning\Microsoft-Desktop-Provisioning-Sequence.dat a été effacé, mettant à jour 0 clés et créant 0 pages modifiées.
Information	16/10/2025 10:15:01	BTHUSB	18	Aucun	Windows ne peut pas stocker les codes d’authentification Bluetooth (clés de liaison) sur la carte locale. Les claviers Bluetooth ne fonctionnent peut-être pas dans le BIOS système lors du démarrage.
Avertissement	16/10/2025 10:14:59	BTHUSB	7	Aucun	Une erreur matérielle s'est produite. L'événement contient le code d'erreur spécifique au fournisseur.
Information	16/10/2025 10:06:47	Microsoft-Windows-Time-Service	158	Aucun	Le fournisseur de temps VMICTimeProvider a indiqué que le matériel et l'environnement d'exploitation actuels ne sont pas pris en charge et ont été arrêtés. Ce comportement est attendu de VMICTimeProvider dans des environnements invités non HyperV. Il peut également être attendu du fournisseur actuel dans l'environnement d'exploitation utilisé.
Information	16/10/2025 09:49:43	Microsoft-Windows-Time-Service	158	Aucun	Le fournisseur de temps VMICTimeProvider a indiqué que le matériel et l'environnement d'exploitation actuels ne sont pas pris en charge et ont été arrêtés. Ce comportement est attendu de VMICTimeProvider dans des environnements invités non HyperV. Il peut également être attendu du fournisseur actuel dans l'environnement d'exploitation utilisé.
Information	16/10/2025 09:32:39	Microsoft-Windows-Time-Service	158	Aucun	Le fournisseur de temps VMICTimeProvider a indiqué que le matériel et l'environnement d'exploitation actuels ne sont pas pris en charge et ont été arrêtés. Ce comportement est attendu de VMICTimeProvider dans des environnements invités non HyperV. Il peut également être attendu du fournisseur actuel dans l'environnement d'exploitation utilisé.
Information	16/10/2025 09:15:35	Microsoft-Windows-Time-Service	158	Aucun	Le fournisseur de temps VMICTimeProvider a indiqué que le matériel et l'environnement d'exploitation actuels ne sont pas pris en charge et ont été arrêtés. Ce comportement est attendu de VMICTimeProvider dans des environnements invités non HyperV. Il peut également être attendu du fournisseur actuel dans l'environnement d'exploitation utilisé.
Information	16/10/2025 09:06:35	Microsoft-Windows-WindowsUpdateClient	19	Agent de mise à jour automatique Windows Update	Installation réussie : Windows a installé la mise à jour suivante : Mise à jour de la sélection disjointe pour Microsoft Defender Antivirus – 2267602 Ko (version 1.439.210.0) – Canal actuel (large)
Information	16/10/2025 09:06:25	Microsoft-Windows-WindowsUpdateClient	43	Agent de mise à jour automatique Windows Update	Installation démarrée : Windows a commencé l'installation de la mise à jour suivante : Mise à jour de la sélection disjointe pour Microsoft Defender Antivirus – 2267602 Ko (version 1.439.210.0) – Canal actuel (large)
Information	16/10/2025 09:06:25	Microsoft-Windows-WindowsUpdateClient	44	Agent de mise à jour automatique Windows Update	Windows Update a démarré le téléchargement d'une mise à jour.
Information	16/10/2025 09:01:50	Service Control Manager	7040	Aucun	Le type de démarrage du service Service de transfert intelligent en arrière-plan est passé de Démarrage automatique à Démarrage à la demande.
Information	16/10/2025 08:59:46	Microsoft-Windows-HttpService	114	HTTP Configuration Property Trace Task	URL (http://*:2869/upnp/eventing/) supprimée du groupe d’URL (0xFE00000320000001). ID de processus 0x15C8 chemin d’accès de l’exécutable \Device\HarddiskVolume5\Windows\System32\svchost.exe, SERVICE LOCAL  utilisateur
Information	16/10/2025 08:59:46	Microsoft-Windows-HttpService	113	HTTP Configuration Property Trace Task	Tentative d’ajout de l’URL (http://*:2869/upnp/eventing/) au groupe d’URL (0xFE00000320000001). État : 0x0. ID de processus 0x15C8 \Device\HarddiskVolume5\Windows\System32\svchost.exe de chemin d’accès de l’exécutable, SERVICE LOCAL  utilisateur
Information	16/10/2025 08:59:42	Microsoft-Windows-HttpService	114	HTTP Configuration Property Trace Task	URL (http://*:2869/upnp/eventing/) supprimée du groupe d’URL (0xFE00000620000005). ID de processus 0x15C8 chemin d’accès de l’exécutable \Device\HarddiskVolume5\Windows\System32\svchost.exe, SERVICE LOCAL  utilisateur
Information	16/10/2025 08:59:42	Microsoft-Windows-HttpService	113	HTTP Configuration Property Trace Task	Tentative d’ajout de l’URL (http://*:2869/upnp/eventing/) au groupe d’URL (0xFE00000620000005). État : 0x0. ID de processus 0x15C8 \Device\HarddiskVolume5\Windows\System32\svchost.exe de chemin d’accès de l’exécutable, SERVICE LOCAL  utilisateur
Avertissement	16/10/2025 08:59:20	Microsoft-Windows-DistributedCOM	10016	Aucun	"Les paramètres d’autorisation propres à l’application n’accordent pas l’autorisation Local Activation pour l’application serveur COM avec le CLSID 
{2593F8B9-4EAF-457C-B68A-50F6B8EA6B54}
 et l’APPID 
{15C20B67-12E7-4BB6-92BB-7AFF07997402}
 au SID DESKTOP-5P6VHHK\Perceval de l’utilisateur (S-1-5-21-279605357-448217104-2738636231-1001) depuis l’adresse LocalHost (avec LRPC) s’exécutant dans le SID Non disponible du conteneur d’applications (Non disponible). Cette autorisation de sécurité peut être modifiée à l’aide de l’outil d’administration Services de composants."
Information	16/10/2025 08:59:19	Microsoft-Windows-HttpService	114	HTTP Configuration Property Trace Task	URL (http://*:2869/upnp/eventing/) supprimée du groupe d’URL (0xFE00000620000004). ID de processus 0x15C8 chemin d’accès de l’exécutable \Device\HarddiskVolume5\Windows\System32\svchost.exe, SERVICE LOCAL  utilisateur
Information	16/10/2025 08:59:19	Microsoft-Windows-HttpService	113	HTTP Configuration Property Trace Task	Tentative d’ajout de l’URL (http://*:2869/upnp/eventing/) au groupe d’URL (0xFE00000620000004). État : 0x0. ID de processus 0x15C8 \Device\HarddiskVolume5\Windows\System32\svchost.exe de chemin d’accès de l’exécutable, SERVICE LOCAL  utilisateur
Information	16/10/2025 08:59:18	Microsoft-Windows-HttpService	114	HTTP Configuration Property Trace Task	URL (http://*:2869/upnp/eventing/) supprimée du groupe d’URL (0xFC00000420000001). ID de processus 0x15C8 chemin d’accès de l’exécutable \Device\HarddiskVolume5\Windows\System32\svchost.exe, SERVICE LOCAL  utilisateur
Information	16/10/2025 08:59:18	Microsoft-Windows-HttpService	113	HTTP Configuration Property Trace Task	Tentative d’ajout de l’URL (http://*:2869/upnp/eventing/) au groupe d’URL (0xFC00000420000001). État : 0x0. ID de processus 0x15C8 \Device\HarddiskVolume5\Windows\System32\svchost.exe de chemin d’accès de l’exécutable, SERVICE LOCAL  utilisateur
Information	16/10/2025 08:59:18	Microsoft-Windows-HttpService	114	HTTP Configuration Property Trace Task	URL (http://*:2869/upnp/eventing/) supprimée du groupe d’URL (0xFE00000B20000005). ID de processus 0x15C8 chemin d’accès de l’exécutable \Device\HarddiskVolume5\Windows\System32\svchost.exe, SERVICE LOCAL  utilisateur
Information	16/10/2025 08:59:18	Microsoft-Windows-HttpService	113	HTTP Configuration Property Trace Task	Tentative d’ajout de l’URL (http://*:2869/upnp/eventing/) au groupe d’URL (0xFE00000B20000005). État : 0x0. ID de processus 0x15C8 \Device\HarddiskVolume5\Windows\System32\svchost.exe de chemin d’accès de l’exécutable, SERVICE LOCAL  utilisateur
Information	16/10/2025 08:59:18	Microsoft-Windows-HttpService	114	HTTP Configuration Property Trace Task	URL (http://*:2869/upnp/eventing/) supprimée du groupe d’URL (0xFC00000220000002). ID de processus 0x15C8 chemin d’accès de l’exécutable \Device\HarddiskVolume5\Windows\System32\svchost.exe, SERVICE LOCAL  utilisateur
Information	16/10/2025 08:59:17	Microsoft-Windows-HttpService	113	HTTP Configuration Property Trace Task	Tentative d’ajout de l’URL (http://*:2869/upnp/eventing/) au groupe d’URL (0xFC00000220000002). État : 0x0. ID de processus 0x15C8 \Device\HarddiskVolume5\Windows\System32\svchost.exe de chemin d’accès de l’exécutable, SERVICE LOCAL  utilisateur
Information	16/10/2025 08:59:17	Microsoft-Windows-HttpService	114	HTTP Configuration Property Trace Task	URL (http://*:2869/upnp/eventing/) supprimée du groupe d’URL (0xFE00000B20000004). ID de processus 0x15C8 chemin d’accès de l’exécutable \Device\HarddiskVolume5\Windows\System32\svchost.exe, SERVICE LOCAL  utilisateur
Information	16/10/2025 08:59:17	Microsoft-Windows-HttpService	113	HTTP Configuration Property Trace Task	Tentative d’ajout de l’URL (http://*:2869/upnp/eventing/) au groupe d’URL (0xFE00000B20000004). État : 0x0. ID de processus 0x15C8 \Device\HarddiskVolume5\Windows\System32\svchost.exe de chemin d’accès de l’exécutable, SERVICE LOCAL  utilisateur
Information	16/10/2025 08:59:17	Microsoft-Windows-HttpService	114	HTTP Configuration Property Trace Task	URL (http://*:2869/upnp/eventing/) supprimée du groupe d’URL (0xFE00000020000002). ID de processus 0x15C8 chemin d’accès de l’exécutable \Device\HarddiskVolume5\Windows\System32\svchost.exe, SERVICE LOCAL  utilisateur
Information	16/10/2025 08:59:17	Microsoft-Windows-HttpService	113	HTTP Configuration Property Trace Task	Tentative d’ajout de l’URL (http://*:2869/upnp/eventing/) au groupe d’URL (0xFE00000020000002). État : 0x0. ID de processus 0x15C8 \Device\HarddiskVolume5\Windows\System32\svchost.exe de chemin d’accès de l’exécutable, SERVICE LOCAL  utilisateur
Information	16/10/2025 08:59:16	Microsoft-Windows-HttpService	114	HTTP Configuration Property Trace Task	URL (http://*:2869/upnp/eventing/) supprimée du groupe d’URL (0xFE00000B20000003). ID de processus 0x15C8 chemin d’accès de l’exécutable \Device\HarddiskVolume5\Windows\System32\svchost.exe, SERVICE LOCAL  utilisateur
Information	16/10/2025 08:59:16	Microsoft-Windows-HttpService	113	HTTP Configuration Property Trace Task	Tentative d’ajout de l’URL (http://*:2869/upnp/eventing/) au groupe d’URL (0xFE00000B20000003). État : 0x0. ID de processus 0x15C8 \Device\HarddiskVolume5\Windows\System32\svchost.exe de chemin d’accès de l’exécutable, SERVICE LOCAL  utilisateur
Information	16/10/2025 08:59:16	Microsoft-Windows-HttpService	114	HTTP Configuration Property Trace Task	URL (http://*:2869/upnp/eventing/) supprimée du groupe d’URL (0xFE00000020000001). ID de processus 0x15C8 chemin d’accès de l’exécutable \Device\HarddiskVolume5\Windows\System32\svchost.exe, SERVICE LOCAL  utilisateur
Information	16/10/2025 08:59:16	Microsoft-Windows-HttpService	113	HTTP Configuration Property Trace Task	Tentative d’ajout de l’URL (http://*:2869/upnp/eventing/) au groupe d’URL (0xFE00000020000001). État : 0x0. ID de processus 0x15C8 \Device\HarddiskVolume5\Windows\System32\svchost.exe de chemin d’accès de l’exécutable, SERVICE LOCAL  utilisateur
Information	16/10/2025 08:59:16	Microsoft-Windows-HttpService	114	HTTP Configuration Property Trace Task	URL (http://*:2869/upnp/eventing/) supprimée du groupe d’URL (0xFE00000620000003). ID de processus 0x15C8 chemin d’accès de l’exécutable \Device\HarddiskVolume5\Windows\System32\svchost.exe, SERVICE LOCAL  utilisateur
Information	16/10/2025 08:59:16	Microsoft-Windows-HttpService	113	HTTP Configuration Property Trace Task	Tentative d’ajout de l’URL (http://*:2869/upnp/eventing/) au groupe d’URL (0xFE00000620000003). État : 0x0. ID de processus 0x15C8 \Device\HarddiskVolume5\Windows\System32\svchost.exe de chemin d’accès de l’exécutable, SERVICE LOCAL  utilisateur
Information	16/10/2025 08:59:16	Microsoft-Windows-HttpService	114	HTTP Configuration Property Trace Task	URL (http://*:2869/upnp/eventing/) supprimée du groupe d’URL (0xFE00000B20000002). ID de processus 0x15C8 chemin d’accès de l’exécutable \Device\HarddiskVolume5\Windows\System32\svchost.exe, SERVICE LOCAL  utilisateur
Information	16/10/2025 08:59:16	Microsoft-Windows-HttpService	113	HTTP Configuration Property Trace Task	Tentative d’ajout de l’URL (http://*:2869/upnp/eventing/) au groupe d’URL (0xFE00000B20000002). État : 0x0. ID de processus 0x15C8 \Device\HarddiskVolume5\Windows\System32\svchost.exe de chemin d’accès de l’exécutable, SERVICE LOCAL  utilisateur
Information	16/10/2025 08:59:15	Microsoft-Windows-HttpService	114	HTTP Configuration Property Trace Task	URL (http://*:2869/upnp/eventing/) supprimée du groupe d’URL (0xFE00000B20000001). ID de processus 0x15C8 chemin d’accès de l’exécutable \Device\HarddiskVolume5\Windows\System32\svchost.exe, SERVICE LOCAL  utilisateur
Information	16/10/2025 08:59:15	Microsoft-Windows-HttpService	113	HTTP Configuration Property Trace Task	Tentative d’ajout de l’URL (http://*:2869/upnp/eventing/) au groupe d’URL (0xFE00000B20000001). État : 0x0. ID de processus 0x15C8 \Device\HarddiskVolume5\Windows\System32\svchost.exe de chemin d’accès de l’exécutable, SERVICE LOCAL  utilisateur
Information	16/10/2025 08:59:15	Microsoft-Windows-HttpService	114	HTTP Configuration Property Trace Task	URL (http://*:2869/upnp/eventing/) supprimée du groupe d’URL (0xFE00000620000002). ID de processus 0x15C8 chemin d’accès de l’exécutable \Device\HarddiskVolume5\Windows\System32\svchost.exe, SERVICE LOCAL  utilisateur
Information	16/10/2025 08:59:15	Microsoft-Windows-HttpService	113	HTTP Configuration Property Trace Task	Tentative d’ajout de l’URL (http://*:2869/upnp/eventing/) au groupe d’URL (0xFE00000620000002). État : 0x0. ID de processus 0x15C8 \Device\HarddiskVolume5\Windows\System32\svchost.exe de chemin d’accès de l’exécutable, SERVICE LOCAL  utilisateur
Information	16/10/2025 08:59:13	Microsoft-Windows-HttpService	114	HTTP Configuration Property Trace Task	URL (http://*:2869/upnp/eventing/) supprimée du groupe d’URL (0xFF00000120000004). ID de processus 0x15C8 chemin d’accès de l’exécutable \Device\HarddiskVolume5\Windows\System32\svchost.exe, SERVICE LOCAL  utilisateur
Information	16/10/2025 08:59:13	Microsoft-Windows-HttpService	113	HTTP Configuration Property Trace Task	Tentative d’ajout de l’URL (http://*:2869/upnp/eventing/) au groupe d’URL (0xFF00000120000004). État : 0x0. ID de processus 0x15C8 \Device\HarddiskVolume5\Windows\System32\svchost.exe de chemin d’accès de l’exécutable, SERVICE LOCAL  utilisateur
Information	16/10/2025 08:59:13	Microsoft-Windows-HttpService	114	HTTP Configuration Property Trace Task	URL (http://*:2869/upnp/eventing/) supprimée du groupe d’URL (0xFC00000220000001). ID de processus 0x15C8 chemin d’accès de l’exécutable \Device\HarddiskVolume5\Windows\System32\svchost.exe, SERVICE LOCAL  utilisateur
Information	16/10/2025 08:59:13	Microsoft-Windows-HttpService	113	HTTP Configuration Property Trace Task	Tentative d’ajout de l’URL (http://*:2869/upnp/eventing/) au groupe d’URL (0xFC00000220000001). État : 0x0. ID de processus 0x15C8 \Device\HarddiskVolume5\Windows\System32\svchost.exe de chemin d’accès de l’exécutable, SERVICE LOCAL  utilisateur
Information	16/10/2025 08:59:13	Microsoft-Windows-HttpService	114	HTTP Configuration Property Trace Task	URL (http://*:2869/upnp/eventing/) supprimée du groupe d’URL (0xFF00000120000003). ID de processus 0x15C8 chemin d’accès de l’exécutable \Device\HarddiskVolume5\Windows\System32\svchost.exe, SERVICE LOCAL  utilisateur
Information	16/10/2025 08:59:13	Microsoft-Windows-HttpService	113	HTTP Configuration Property Trace Task	Tentative d’ajout de l’URL (http://*:2869/upnp/eventing/) au groupe d’URL (0xFF00000120000003). État : 0x0. ID de processus 0x15C8 \Device\HarddiskVolume5\Windows\System32\svchost.exe de chemin d’accès de l’exécutable, SERVICE LOCAL  utilisateur
Information	16/10/2025 08:59:13	Microsoft-Windows-HttpService	114	HTTP Configuration Property Trace Task	URL (http://*:2869/upnp/eventing/) supprimée du groupe d’URL (0xFE00000620000001). ID de processus 0x15C8 chemin d’accès de l’exécutable \Device\HarddiskVolume5\Windows\System32\svchost.exe, SERVICE LOCAL  utilisateur
Information	16/10/2025 08:59:13	Microsoft-Windows-HttpService	113	HTTP Configuration Property Trace Task	Tentative d’ajout de l’URL (http://*:2869/upnp/eventing/) au groupe d’URL (0xFE00000620000001). État : 0x0. ID de processus 0x15C8 \Device\HarddiskVolume5\Windows\System32\svchost.exe de chemin d’accès de l’exécutable, SERVICE LOCAL  utilisateur
Information	16/10/2025 08:59:09	Service Control Manager	7040	Aucun	Le type de démarrage du service Service de transfert intelligent en arrière-plan est passé de Démarrage à la demande à Démarrage automatique.
Avertissement	16/10/2025 08:58:15	Microsoft-Windows-DistributedCOM	10016	Aucun	"Les paramètres d’autorisation propres à l’application n’accordent pas l’autorisation Local Exécution pour l’application serveur COM avec le CLSID 
Windows.SecurityCenter.WscDataProtection
 et l’APPID 
Non disponible
 au SID AUTORITE NT\Système de l’utilisateur (S-1-5-18) depuis l’adresse LocalHost (avec LRPC) s’exécutant dans le SID Non disponible du conteneur d’applications (Non disponible). Cette autorisation de sécurité peut être modifiée à l’aide de l’outil d’administration Services de composants."
Information	16/10/2025 08:58:15	Microsoft-Windows-Time-Service	158	Aucun	Le fournisseur de temps VMICTimeProvider a indiqué que le matériel et l'environnement d'exploitation actuels ne sont pas pris en charge et ont été arrêtés. Ce comportement est attendu de VMICTimeProvider dans des environnements invités non HyperV. Il peut également être attendu du fournisseur actuel dans l'environnement d'exploitation utilisé.
Erreur	16/10/2025 08:58:15	Service Control Manager	7000	Aucun	"Le service Service Google Update (gupdate) n’a pas pu démarrer en raison de l’erreur : 
Le service n’a pas répondu assez vite à la demande de lancement ou de contrôle."
Erreur	16/10/2025 08:58:15	Service Control Manager	7009	Aucun	Le dépassement de délai (30000 millisecondes) a été atteint lors de l’attente de la connexion du service Service Google Update (gupdate).
Avertissement	16/10/2025 08:57:56	Microsoft-Windows-DistributedCOM	10016	Aucun	"Les paramètres d’autorisation propres à l’application n’accordent pas l’autorisation Local Activation pour l’application serveur COM avec le CLSID 
{6B3B8D23-FA8D-40B9-8DBD-B950333E2C52}
 et l’APPID 
{4839DDB7-58C2-48F5-8283-E1D1807D0D7D}
 au SID AUTORITE NT\SERVICE LOCAL de l’utilisateur (S-1-5-19) depuis l’adresse LocalHost (avec LRPC) s’exécutant dans le SID Non disponible du conteneur d’applications (Non disponible). Cette autorisation de sécurité peut être modifiée à l’aide de l’outil d’administration Services de composants."
Avertissement	16/10/2025 08:57:56	Microsoft-Windows-DistributedCOM	10016	Aucun	"Les paramètres d’autorisation propres à l’application n’accordent pas l’autorisation Local Activation pour l’application serveur COM avec le CLSID 
{6B3B8D23-FA8D-40B9-8DBD-B950333E2C52}
 et l’APPID 
{4839DDB7-58C2-48F5-8283-E1D1807D0D7D}
 au SID AUTORITE NT\SERVICE LOCAL de l’utilisateur (S-1-5-19) depuis l’adresse LocalHost (avec LRPC) s’exécutant dans le SID Non disponible du conteneur d’applications (Non disponible). Cette autorisation de sécurité peut être modifiée à l’aide de l’outil d’administration Services de composants."
Information	16/10/2025 08:57:55	Microsoft-Windows-Winlogon	7001	(1101)	Notification d’ouverture de session utilisateur pour le Programme d’amélioration de l’expérience utilisateur
Information	16/10/2025 08:56:45	Microsoft-Windows-Kernel-General	1	(5)	"L’heure système est passée de ‎2025‎-‎10‎-‎16T06:56:45.799178400Z.
heure ‎2025‎-‎10‎-‎16T06:56:45.802274400Z 3 ms

Raison du changement : An application or system component changed the time.
Processus : '\Device\HarddiskVolume5\Windows\System32\svchost.exe' (pid 5332).

heure RTC : ‎2025‎-‎10‎-‎16T08:56:45.802274400Z
Décalage horaire actuel : -120
'heure RTC est au format UTC: false
L’heure système était basée sur l’heure RTC : false"
Information	16/10/2025 08:56:45	Microsoft-Windows-Kernel-General	24	(11)	Les informations de fuseau horaire ont été actualisées avec le motif de sortie 0. Le décalage de fuseau horaire actuel est de -120.
Erreur	16/10/2025 08:56:45	Microsoft-Windows-TPM-WMI	1801	Aucun	"Les clés/l’autorité de certification de démarrage sécurisé doivent être mises à jour. Ces informations de signature d’appareil sont incluses ici.
DeviceAttributes : FirmwareManufacturer:AMI;FirmwareVersion:F.44;OEMModelBaseBoard:8748;OEMManufacturerName:HP;OSArchitecture:amd64;
BucketId : 0545b05c786ea9c0595afba6e534093fd9e24ab163b360c0b5e5adcf4897f615
BucketConfidenceLevel : 
UpdateType : 0
HResult : L’opération a réussi."
Information	16/10/2025 08:56:44	Microsoft-Windows-Kernel-General	1	(5)	"L’heure système est passée de ‎2025‎-‎10‎-‎16T06:56:44.329042400Z.
heure ‎2025‎-‎10‎-‎16T06:56:44.332385700Z 3 ms

Raison du changement : An application or system component changed the time.
Processus : '\Device\HarddiskVolume5\Windows\System32\svchost.exe' (pid 5332).

heure RTC : ‎2025‎-‎10‎-‎16T08:56:44.332385700Z
Décalage horaire actuel : -120
'heure RTC est au format UTC: false
L’heure système était basée sur l’heure RTC : false"
Information	16/10/2025 08:56:44	Microsoft-Windows-Kernel-General	24	(11)	Les informations de fuseau horaire ont été actualisées avec le motif de sortie 0. Le décalage de fuseau horaire actuel est de -120.
Information	16/10/2025 08:56:44	Microsoft-Windows-Time-Service	35	Aucun	Le service de temps est en train de synchroniser l'heure du système avec la source de temps time.windows.com,0x9 (ntp.m|0x9|0.0.0.0:123->51.145.123.29:123) (ID de référence 494637363). Nombre actuel de couches locales : 4.
Avertissement	16/10/2025 08:56:44	Microsoft-Windows-Time-Service	52	Aucun	Le service de temps a réglé l’heure avec un décalage de 50943 secondes.
Information	16/10/2025 08:56:44	Microsoft-Windows-Kernel-General	1	(5)	"L’heure système est passée de ‎2025‎-‎10‎-‎15T16:47:40.438645400Z.
heure ‎2025‎-‎10‎-‎16T06:56:44.329042400Z 50943890 ms

Raison du changement : An application or system component changed the time.
Processus : '\Device\HarddiskVolume5\Windows\System32\svchost.exe' (pid 5332).

heure RTC : ‎2025‎-‎10‎-‎16T08:56:44.329042400Z
Décalage horaire actuel : -120
'heure RTC est au format UTC: false
L’heure système était basée sur l’heure RTC : false"
Information	16/10/2025 08:56:44	Microsoft-Windows-Kernel-General	24	(11)	Les informations de fuseau horaire ont été actualisées avec le motif de sortie 0. Le décalage de fuseau horaire actuel est de -120.
Information	15/10/2025 18:47:40	Microsoft-Windows-Time-Service	37	Aucun	Le fournisseur de temps NtpClient reçoit actuellement des données de temps valides à partir de time.windows.com,0x9 (ntp.m|0x9|0.0.0.0:123->51.145.123.29:123).
Information	15/10/2025 18:47:40	Microsoft-Windows-Time-Service	137	Aucun	NtpClient a résolu l’homologue manuel time.windows.com,0x9 après un échec préalable.
Avertissement	15/10/2025 18:47:24	Microsoft-Windows-Time-Service	134	Aucun	"NtpClient n'a pas pu définir d'homologue manuel utilisable comme source de temps en raison d'une erreur de résolution DNS sur ""time.windows.com,0x9"". NtpClient réessaiera dans 15 minutes, puis doublera l'intervalle d'attente pour les tentatives suivantes. L'erreur était : Le nom demandé est valide, mais aucune donnée du type requise n’a été trouvée. (0x80072AFC)"
Information	15/10/2025 18:47:20	nhi	9007	Aucun	"The driver entered RTD3.
 All the connected devices will be removed from driver's internal state, so it is expected that DeviceDisconnected events will happen."
Information	15/10/2025 18:47:15	Microsoft-Windows-TPM-WMI	1025	Aucun	Le Module de plateforme sécurisée (TPM) a été correctement approvisionné et est prêt à être utilisé.
Information	15/10/2025 18:47:15	Microsoft-Windows-TPM-WMI	1282	Aucun	L'identificateur de périphérique TBS a été généré.
Information	15/10/2025 18:47:14	TPM	18	Aucun	Cet événement déclenche l’exécution de la vérification de l’état/la configuration du module de plateforme sécurisée (TPM).
Information	15/10/2025 18:47:13	Netwtw10	7021	Aucun	7021 - Connection telemetry fields and analysis usage
Information	15/10/2025 18:47:12	Microsoft-Windows-FilterManager	6	Aucun	Le filtre de système de fichiers « gameflt » (Version 10.0, ‎2009‎-‎11‎-‎22T21:11:52.000000000Z) s’est chargé et s’est inscrit correctement auprès du gestionnaire de filtres.
Information	15/10/2025 18:47:11	Microsoft-Windows-HttpService	113	HTTP Configuration Property Trace Task	Tentative d’ajout de l’URL (http://*:5357/191a253b-edc2-4532-a37a-1f3c80c58d8b/) au groupe d’URL (0xFE00000220000001). État : 0x0. ID de processus 0x1B00 \Device\HarddiskVolume5\Windows\System32\svchost.exe de chemin d’accès de l’exécutable, SERVICE LOCAL  utilisateur
Information	15/10/2025 18:47:11	Microsoft-Windows-HttpService	111	HTTP Configuration Property Trace Task	Créez un 0xFE00000220000001 de groupe d’URL. État 0x0. ID de processus 0x1B00 chemin d’accès de l’exécutable \Device\HarddiskVolume5\Windows\System32\svchost.exe, SERVICE LOCAL  utilisateur
Information	15/10/2025 18:47:10	Microsoft-Windows-WLAN-AutoConfig	10001	Aucun	"Le module d’extensibilité WLAN a démarré correctement.

Chemin d’accès du module : C:\WINDOWS\system32\IntelIHVRouter10.dll
"
Information	15/10/2025 18:47:10	Service Control Manager	7026	Aucun	"Le ou les pilotes de démarrage système ou d’amorçage suivants n’ont pas pu se charger : 
dam"
Information	15/10/2025 18:47:10	Microsoft-Windows-WLAN-AutoConfig	4000	Aucun	"Le Service d’autoconfiguration WLAN a démarré correctement.
"
Information	15/10/2025 18:47:09	Microsoft-Windows-TPM-WMI	1038	Aucun	"Les vérifications d’intégrité de pré-attestation confirment que l’appareil doit réussir l’attestation.
 Consultez C:\WINDOWS\Logs\MeasuredBoot\0000000255-0000000000.json pour plus d’informations sur les vérifications effectuées."
Information	15/10/2025 18:47:09	Microsoft-Windows-TPM-WMI	1041	Aucun	"Informations détaillées sur la vérification d’intégrité préalable à l’attestation : {""Version"":1,""HealthStatus"":""Attestable"",""Required"":[{""Field"":""TpmPresent"",""Value"":true,""DesiredValue"":true},{""Field"":""TpmMeetsMinimumVersion"",""Value"":true,""DesiredValue"":true},{""Field"":""TpmIsResponsive"",""Value"":true,""DesiredValue"":true},{""Field"":""EkCertIsAvailable"",""Value"":true,""DesiredValue"":true},{""Field"":""TcgLogFound"",""Value"":true,""DesiredValue"":true}],""Expected"":[{""Field"":""PcrsMatchTcgLog"",""Value"":true,""DesiredValue"":true}],""Informational"":[{""Field"":""SecureBootEnabled"",""ValueFromComputer"":true,""ValueFromTcgLog"":true,""DesiredValue"":true,""TcgValueIsVerifiable"":true},{""Field"":""VirtualSecureMemory"",""ValueFromComputer"":false,""ValueFromTcgLog"":false,""DesiredValue"":true,""TcgValueIsVerifiable"":true},{""Field"":""SecureCorePCCompliant"",""ValueFromComputer"":false,""ValueFromTcgLog"":false,""DesiredValue"":true,""TcgValueIsVerifiable"":true}]}"
Avertissement	15/10/2025 18:47:08	Microsoft-Windows-Time-Service	134	Aucun	"NtpClient n'a pas pu définir d'homologue manuel utilisable comme source de temps en raison d'une erreur de résolution DNS sur ""time.windows.com,0x9"". NtpClient réessaiera dans 15 minutes, puis doublera l'intervalle d'attente pour les tentatives suivantes. L'erreur était : Hôte inconnu. (0x80072AF9)"
Information	15/10/2025 18:47:08	Microsoft-Windows-IsolatedUserMode	1	Aucun	Secure Trustlet \??\C:\WINDOWS\System32\NgcIso.exe Id 6 and Pid 8148 started with status STATUS_SUCCESS.
Information	15/10/2025 18:47:08	Microsoft-Windows-IsolatedUserMode	5	Aucun	Secure Trustlet NULL Id 0 and Pid 0 started with status STATUS_SUCCESS.
Information	15/10/2025 18:47:07	vmx86	34	Aucun	"La description de l’ID d’événement 34 dans la source vmx86 est introuvable. Le composant qui a déclenché cet événement n’est pas installé sur l’ordinateur local ou l’installation est endommagée. Vous pouvez installer ou réparer le composant sur l’ordinateur local.

Si l’événement provient d’un autre ordinateur, les informations d’affichage doivent être enregistrées avec l’événement.

Les informations suivantes étaient incluses avec l’événement : 

VMX86.SYS: begin DriverEntry

La ressource de message est présente, mais le message est introuvable dans la table des messages
"
Information	15/10/2025 18:47:07	Microsoft-Windows-Time-Service	158	Aucun	Le fournisseur de temps VMICTimeProvider a indiqué que le matériel et l'environnement d'exploitation actuels ne sont pas pris en charge et ont été arrêtés. Ce comportement est attendu de VMICTimeProvider dans des environnements invités non HyperV. Il peut également être attendu du fournisseur actuel dans l'environnement d'exploitation utilisé.
Information	15/10/2025 18:47:07	RST Middleware	27	Aucun	Found passthru disk: SCSI Port: 0, SCSI Bus: 0, SCSI Target: 0, SATA HDD, 1000204886016 bytes, WDC WD10SPSX-60A6WT0                   
Information	15/10/2025 18:47:07	Microsoft-Windows-HttpService	112	HTTP Setup Trace Task	Tentative de réservation de l’URL http://+:3387/rdp/. État 0x0. ID de processus 0x4 chemin d’accès de l’exécutable , Système  utilisateur
Information	15/10/2025 18:47:07	Microsoft-Windows-HttpService	112	HTTP Setup Trace Task	Tentative de réservation de l’URL https://+:3392/rdp/. État 0x0. ID de processus 0x4 chemin d’accès de l’exécutable , Système  utilisateur
Information	15/10/2025 18:47:07	Microsoft-Windows-HttpService	112	HTTP Setup Trace Task	Tentative de réservation de l’URL http://+:10246/MDEServer/. État 0x0. ID de processus 0x4 chemin d’accès de l’exécutable , Système  utilisateur
Information	15/10/2025 18:47:07	Microsoft-Windows-HttpService	112	HTTP Setup Trace Task	Tentative de réservation de l’URL http://+:10243/WMPNSSv4/. État 0x0. ID de processus 0x4 chemin d’accès de l’exécutable , Système  utilisateur
Information	15/10/2025 18:47:07	Microsoft-Windows-HttpService	112	HTTP Setup Trace Task	Tentative de réservation de l’URL https://+:10245/WMPNSSv4/. État 0x0. ID de processus 0x4 chemin d’accès de l’exécutable , Système  utilisateur
Information	15/10/2025 18:47:07	Microsoft-Windows-HttpService	112	HTTP Setup Trace Task	Tentative de réservation de l’URL http://+:10247/apps/. État 0x0. ID de processus 0x4 chemin d’accès de l’exécutable , Système  utilisateur
Information	15/10/2025 18:47:07	Microsoft-Windows-HttpService	112	HTTP Setup Trace Task	Tentative de réservation de l’URL https://+:443/sra_{BA195980-CD49-458b-9E23-C84EE0ADCD75}/. État 0x0. ID de processus 0x4 chemin d’accès de l’exécutable , Système  utilisateur
Information	15/10/2025 18:47:07	Microsoft-Windows-HttpService	112	HTTP Setup Trace Task	Tentative de réservation de l’URL http://+:5985/wsman/. État 0x0. ID de processus 0x4 chemin d’accès de l’exécutable , Système  utilisateur
Information	15/10/2025 18:47:07	Microsoft-Windows-HttpService	112	HTTP Setup Trace Task	Tentative de réservation de l’URL http://+:47001/wsman/. État 0x0. ID de processus 0x4 chemin d’accès de l’exécutable , Système  utilisateur
Information	15/10/2025 18:47:07	Microsoft-Windows-HttpService	112	HTTP Setup Trace Task	Tentative de réservation de l’URL https://+:5986/wsman/. État 0x0. ID de processus 0x4 chemin d’accès de l’exécutable , Système  utilisateur
Information	15/10/2025 18:47:07	Microsoft-Windows-HttpService	112	HTTP Setup Trace Task	Tentative de réservation de l’URL http://*:2869/. État 0x0. ID de processus 0x4 chemin d’accès de l’exécutable , Système  utilisateur
Information	15/10/2025 18:47:07	Microsoft-Windows-HttpService	112	HTTP Setup Trace Task	Tentative de réservation de l’URL https://*:5358/. État 0x0. ID de processus 0x4 chemin d’accès de l’exécutable , Système  utilisateur
Information	15/10/2025 18:47:07	Microsoft-Windows-HttpService	112	HTTP Setup Trace Task	Tentative de réservation de l’URL http://+:80/Temporary_Listen_Addresses/. État 0x0. ID de processus 0x4 chemin d’accès de l’exécutable , Système  utilisateur
Information	15/10/2025 18:47:07	Microsoft-Windows-HttpService	112	HTTP Setup Trace Task	Tentative de réservation de l’URL http://*:5357/. État 0x0. ID de processus 0x4 chemin d’accès de l’exécutable , Système  utilisateur
Information	15/10/2025 18:47:07	Microsoft-Windows-Hyper-V-VmSwitch	277	Aucun	vmswitch. sys build 26100. amd64. ge_release_svc_prod1, false débogage, true officiel, 1 1
Information	15/10/2025 18:47:07	VMnetuserif	1	Aucun	() Starting up the User Interface Driver for VMware Virtual Networks.
Information	15/10/2025 18:47:07	VMnetBridge	10	Aucun	() Starting up the Bridge Driver for VMware Virtual Networks.
Information	15/10/2025 18:47:06	Win32k	267	Aucun	La vérification d'assurance qualité du matériel tactile a réussi.
Information	15/10/2025 18:47:06	Microsoft-Windows-DHCPv6-Client	51046	Service State Event	Le service client DHCPv6 est démarré
Information	15/10/2025 18:47:06	Microsoft-Windows-Dhcp-Client	50036	Événement d’état de service	Le service client DHCPv4 est démarré
Information	15/10/2025 18:47:06	Microsoft-Windows-Dhcp-Client	50103	Événement d’état de service	Le client DHCPv4 s’est inscrit pour une notification d’arrêt
Information	15/10/2025 18:47:06	Microsoft-Windows-Dhcp-Client	50036	Événement d’état de service	Le service client DHCPv4 est démarré
Information	15/10/2025 18:47:06	Microsoft-Windows-FilterManager	6	Aucun	Le filtre de système de fichiers « bindflt » (Version 10.0, ‎2066‎-‎06‎-‎09T06:47:19.000000000Z) s’est chargé et s’est inscrit correctement auprès du gestionnaire de filtres.
Information	15/10/2025 18:47:06	Microsoft-Windows-FilterManager	6	Aucun	Le filtre de système de fichiers « storqosflt » (Version 10.0, ‎2021‎-‎03‎-‎19T12:47:34.000000000Z) s’est chargé et s’est inscrit correctement auprès du gestionnaire de filtres.
Information	15/10/2025 18:47:06	Microsoft-Windows-FilterManager	6	Aucun	Le filtre de système de fichiers « UnionFS » (Version 10.0, ‎2047‎-‎02‎-‎21T13:01:20.000000000Z) s’est chargé et s’est inscrit correctement auprès du gestionnaire de filtres.
Information	15/10/2025 18:47:06	Microsoft-Windows-FilterManager	6	Aucun	Le filtre de système de fichiers « CldFlt » (Version 10.0, ‎2002‎-‎01‎-‎02T00:06:47.000000000Z) s’est chargé et s’est inscrit correctement auprès du gestionnaire de filtres.
Information	15/10/2025 18:47:06	Microsoft-Windows-FilterManager	1	Aucun	Filtre de système de fichiers « CldFlt » (Version 10.0, ‎2002‎-‎01‎-‎02T00:06:47.000000000Z) déchargé correctement.
Information	15/10/2025 18:47:06	Microsoft-Windows-FilterManager	6	Aucun	Le filtre de système de fichiers « CldFlt » (Version 10.0, ‎2002‎-‎01‎-‎02T00:06:47.000000000Z) s’est chargé et s’est inscrit correctement auprès du gestionnaire de filtres.
Information	15/10/2025 18:47:06	Microsoft-Windows-FilterManager	6	Aucun	Le filtre de système de fichiers « luafv » (Version 10.0, ‎1988‎-‎07‎-‎19T16:24:59.000000000Z) s’est chargé et s’est inscrit correctement auprès du gestionnaire de filtres.
Information	15/10/2025 18:47:06	Microsoft-Windows-FilterManager	6	Aucun	Le filtre de système de fichiers « wcifs » (Version 10.0, ‎2037‎-‎05‎-‎28T05:10:06.000000000Z) s’est chargé et s’est inscrit correctement auprès du gestionnaire de filtres.
Information	15/10/2025 18:47:06	Microsoft-Windows-FilterManager	6	Aucun	Le filtre de système de fichiers « bfs » (Version 10.0, ‎2012‎-‎09‎-‎08T23:46:42.000000000Z) s’est chargé et s’est inscrit correctement auprès du gestionnaire de filtres.
Information	15/10/2025 18:47:06	Microsoft-Windows-Directory-Services-SAM	16983	Aucun	"Le gestionnaire de comptes de sécurité enregistre désormais des événements de résumé périodiques pour les clients distants qui appellent une modification de mot de passe héritée ou des méthodes RPC définies. 

Pour plus d’informations, voir https://go.microsoft.com/fwlink/?linkid=2150956.
"
Information	15/10/2025 18:47:06	Microsoft-Windows-Directory-Services-SAM	16977	Aucun	"Le domaine est configuré avec les paramètres suivants relatifs à la longueur minimale des mots de passe. 

MinimumPasswordLength : 0

RelaxMinimumPasswordLengthLimits : 0

MinimumPasswordLengthAudit : -1

Pour plus d’informations, voir https://go.microsoft.com/fwlink/?LinkId=2097191. 
"
Information	15/10/2025 18:47:06	Microsoft-Windows-Directory-Services-SAM	16962	Aucun	"Les appels distants vers la base de données SAM sont restreints à l’aide du descripteur de sécurité par défaut : O:SYG:SYD:(A;;RC;;;BA).
Pour plus d’informations, voir http://go.microsoft.com/fwlink/?LinkId=787651."
Information	15/10/2025 18:47:06	Microsoft-Windows-IsolatedUserMode	5	Aucun	Secure Trustlet NULL Id 0 and Pid 0 started with status STATUS_SUCCESS.
Information	15/10/2025 18:47:05	LsaSrv	6156	Aucun	"État de l’activation automatique de Credential Guard.

Exigences matérielles pour la sécurité basée sur la virtualisation :	1
Domaine joint :	0
Azure AD joint :	0
 Sous licence pour Credential Guard :	0
Contrôleur de domaine :	0"
Information	15/10/2025 18:47:05	Microsoft-Windows-Wininit	12	Aucun	LSASS.exe a démarré en tant que processus protégé avec le niveau : 4.
Information	15/10/2025 18:47:05	Microsoft-Windows-Wininit	18	Aucun	L’isolation de clé VBS a démarré et protégera les clés isolées par VSM.
Information	15/10/2025 18:47:05	Microsoft-Windows-IsolatedUserMode	1	Aucun	Secure Trustlet \??\C:\WINDOWS\system32\lsaiso.exe Id 1 and Pid 1380 started with status STATUS_SUCCESS.
Information	15/10/2025 18:47:05	Microsoft-Windows-IsolatedUserMode	5	Aucun	Secure Trustlet NULL Id 0 and Pid 0 started with status STATUS_SUCCESS.
Information	15/10/2025 18:47:05	Microsoft-Windows-Wininit	14	Aucun	"Configuration d’Credential Guard : configuration du Registre 

:  0x0
configuration de test : activation automatique  0
:  0"
Information	15/10/2025 18:47:04	Microsoft-Windows-Wininit	23	Aucun	"Anti-restauration de l’application de démarrage : initialisation terminée avec status :
HRESULT : L’opération a réussi.
Nouveau minuteur nécessaire : false
Nouveau minuteur en attente de la fin de la mise à jour du système : false
Le minuteur de verrou précédent existe mais il est désactivé par Registry : false
"
Information	15/10/2025 18:47:04	Microsoft-Windows-Wininit	25	Aucun	"Anti-restauration de l’application de démarrage : le minuteur précédent a repris avec status :

HRESULT : L’opération a réussi.
Minuteur précédent présent : true
Heure de début : ‎2025‎-‎09‎-‎10T05:59:05.268480600Z
Période de grâce : 51840000000000
Réussite de l’application de la tentative de récupération : false
"
Information	15/10/2025 18:47:04	Microsoft-Windows-Wininit	24	Aucun	"Anti-restauration de l’application de démarrage : démarrage du minuteur terminé avec status :

Win32Error : 0
Heure de début : ‎2025‎-‎09‎-‎10T05:59:05.268480600Z
Période de grâce : 51840000000000
Heure d’échéance : ‎2025‎-‎11‎-‎09T05:59:05.268480600Z
"
Information	15/10/2025 18:47:04	Microsoft-Windows-Wininit	19	Aucun	"État de création du nouveau minuteur de sécurité basé sur la virtualisation

HRESULT : L’opération a réussi.
Nouveau minuteur de verrou requis : false
Nouveau minuteur de verrou en attente de la fin de la mise à jour du système : false
Le minuteur de verrou précédent existe mais est désactivé par le registre : false
Le fichier de stratégie existe : false
"
Information	15/10/2025 18:47:03	BTHUSB	18	Aucun	Windows ne peut pas stocker les codes d’authentification Bluetooth (clés de liaison) sur la carte locale. Les claviers Bluetooth ne fonctionnent peut-être pas dans le BIOS système lors du démarrage.
Avertissement	15/10/2025 18:47:00	Microsoft-Windows-Kernel-PnP	219	(212)	"Échec du chargement du pilote \Driver\WUDFRd.
Périphérique : {DD8E82AE-334B-49A2-AEAE-AEB0FD5C40DD}\DetectionVerification\5&2c1f7258&0&0
État : 0xC0000365"
Information	15/10/2025 18:47:00	Microsoft-Windows-DriverFrameworks-UserMode	10118	Startup of the UMDF reflector	Le réflecteur UMDF n'est pas en mesure de se connecter au Gestionnaire de contrôle des services. Ce comportement est normal pendant le démarrage, quand le Gestionnaire de contrôle des services n'a pas encore démarré. Une nouvelle tentative aura lieu après son démarrage.
Information	15/10/2025 18:46:59	Netwtw10	7023	Aucun	7023 - secure boot debug logging Quasar
Information	15/10/2025 18:46:59	Netwtw10	7017	Aucun	7017 - secure boot (SB) configuration
Information	15/10/2025 18:46:59	Microsoft-Windows-Kernel-General	24	(11)	Les informations de fuseau horaire ont été actualisées avec le motif de sortie 0. Le décalage de fuseau horaire actuel est de -120.
Information	15/10/2025 18:46:59	Netwtw10	7010	Aucun	7010 - driver enabled (miniport init)
Information	15/10/2025 18:46:59	nhi	9001	Aucun	"Thunderbolt driver is loaded and initialized connection to HW.
 Driver version: 1.41.1420.0
 NVM version: 61:0
"
Information	15/10/2025 18:46:59	MEIx64	2	Aucun	Intel(R) Management Engine Interface driver has started successfully.
Information	15/10/2025 18:46:59	Netwtw10	7002	Aucun	7002 - CTDP power limit value (SPLC)
Information	15/10/2025 18:46:59	Netwtw10	7005	Aucun	7005 - SAR value max TX power (WRDS)
Information	15/10/2025 18:46:59	Netwtw10	7027	Aucun	7027 - get Nic Manufacturere on init
Information	15/10/2025 18:46:59	Netwtw10	7036	Aucun	Le service \Device\NDMP5 est entré dans l’état : Intel(R) Wi-Fi 6 AX201 160MHz.
Information	15/10/2025 18:46:58	Microsoft-Windows-Ntfs	98	Aucun	Volume \\?\Volume{c8003e95-36b3-4dfd-8462-1e725ba1c118} (\Device\HarddiskVolume7) est sain. Aucune action n’est nécessaire.
Information	15/10/2025 18:46:58	Microsoft-Windows-Ntfs	98	Aucun	Volume E: (\Device\HarddiskVolume2) est sain. Aucune action n’est nécessaire.
Information	15/10/2025 18:46:58	Microsoft-Windows-Kernel-Power	521	(220)	Changement du nombre de batteries actives.
Information	15/10/2025 18:46:58	Microsoft-Windows-Kernel-Processor-Power	55	(47)	"Le processeur 11 du groupe 0 présente les caractéristiques de gestion de l’alimentation suivantes :

Type d’état d’inactivité : ACPI Idle (C) States (3 état(s))

Type d’état de performances : ACPI Collaborative Processor Performance Control
Fréquence nominale (MHz) : 2592
Pourcentage de performances maximales : 192
Pourcentage de performances minimales : 42
Pourcentage d’accélération minimale : 3"
Information	15/10/2025 18:46:58	Microsoft-Windows-Kernel-Processor-Power	55	(47)	"Le processeur 9 du groupe 0 présente les caractéristiques de gestion de l’alimentation suivantes :

Type d’état d’inactivité : ACPI Idle (C) States (3 état(s))

Type d’état de performances : ACPI Collaborative Processor Performance Control
Fréquence nominale (MHz) : 2592
Pourcentage de performances maximales : 192
Pourcentage de performances minimales : 42
Pourcentage d’accélération minimale : 3"
Information	15/10/2025 18:46:58	Microsoft-Windows-Kernel-Processor-Power	55	(47)	"Le processeur 7 du groupe 0 présente les caractéristiques de gestion de l’alimentation suivantes :

Type d’état d’inactivité : ACPI Idle (C) States (3 état(s))

Type d’état de performances : ACPI Collaborative Processor Performance Control
Fréquence nominale (MHz) : 2592
Pourcentage de performances maximales : 192
Pourcentage de performances minimales : 42
Pourcentage d’accélération minimale : 3"
Information	15/10/2025 18:46:58	Microsoft-Windows-Kernel-Processor-Power	55	(47)	"Le processeur 5 du groupe 0 présente les caractéristiques de gestion de l’alimentation suivantes :

Type d’état d’inactivité : ACPI Idle (C) States (3 état(s))

Type d’état de performances : ACPI Collaborative Processor Performance Control
Fréquence nominale (MHz) : 2592
Pourcentage de performances maximales : 192
Pourcentage de performances minimales : 42
Pourcentage d’accélération minimale : 3"
Information	15/10/2025 18:46:58	Microsoft-Windows-Kernel-Processor-Power	55	(47)	"Le processeur 3 du groupe 0 présente les caractéristiques de gestion de l’alimentation suivantes :

Type d’état d’inactivité : ACPI Idle (C) States (3 état(s))

Type d’état de performances : ACPI Collaborative Processor Performance Control
Fréquence nominale (MHz) : 2592
Pourcentage de performances maximales : 192
Pourcentage de performances minimales : 42
Pourcentage d’accélération minimale : 3"
Information	15/10/2025 18:46:58	Microsoft-Windows-Kernel-Processor-Power	55	(47)	"Le processeur 1 du groupe 0 présente les caractéristiques de gestion de l’alimentation suivantes :

Type d’état d’inactivité : ACPI Idle (C) States (3 état(s))

Type d’état de performances : ACPI Collaborative Processor Performance Control
Fréquence nominale (MHz) : 2592
Pourcentage de performances maximales : 192
Pourcentage de performances minimales : 42
Pourcentage d’accélération minimale : 3"
Information	15/10/2025 18:46:58	Microsoft-Windows-Kernel-Processor-Power	55	(47)	"Le processeur 10 du groupe 0 présente les caractéristiques de gestion de l’alimentation suivantes :

Type d’état d’inactivité : ACPI Idle (C) States (3 état(s))

Type d’état de performances : ACPI Collaborative Processor Performance Control
Fréquence nominale (MHz) : 2592
Pourcentage de performances maximales : 192
Pourcentage de performances minimales : 42
Pourcentage d’accélération minimale : 3"
Information	15/10/2025 18:46:58	Microsoft-Windows-Kernel-Processor-Power	55	(47)	"Le processeur 8 du groupe 0 présente les caractéristiques de gestion de l’alimentation suivantes :

Type d’état d’inactivité : ACPI Idle (C) States (3 état(s))

Type d’état de performances : ACPI Collaborative Processor Performance Control
Fréquence nominale (MHz) : 2592
Pourcentage de performances maximales : 192
Pourcentage de performances minimales : 42
Pourcentage d’accélération minimale : 3"
Information	15/10/2025 18:46:58	Microsoft-Windows-Kernel-Processor-Power	55	(47)	"Le processeur 6 du groupe 0 présente les caractéristiques de gestion de l’alimentation suivantes :

Type d’état d’inactivité : ACPI Idle (C) States (3 état(s))

Type d’état de performances : ACPI Collaborative Processor Performance Control
Fréquence nominale (MHz) : 2592
Pourcentage de performances maximales : 192
Pourcentage de performances minimales : 42
Pourcentage d’accélération minimale : 3"
Information	15/10/2025 18:46:58	Microsoft-Windows-Kernel-Processor-Power	55	(47)	"Le processeur 4 du groupe 0 présente les caractéristiques de gestion de l’alimentation suivantes :

Type d’état d’inactivité : ACPI Idle (C) States (3 état(s))

Type d’état de performances : ACPI Collaborative Processor Performance Control
Fréquence nominale (MHz) : 2592
Pourcentage de performances maximales : 192
Pourcentage de performances minimales : 42
Pourcentage d’accélération minimale : 3"
Information	15/10/2025 18:46:58	Microsoft-Windows-Kernel-Processor-Power	55	(47)	"Le processeur 2 du groupe 0 présente les caractéristiques de gestion de l’alimentation suivantes :

Type d’état d’inactivité : ACPI Idle (C) States (3 état(s))

Type d’état de performances : ACPI Collaborative Processor Performance Control
Fréquence nominale (MHz) : 2592
Pourcentage de performances maximales : 192
Pourcentage de performances minimales : 42
Pourcentage d’accélération minimale : 3"
Information	15/10/2025 18:46:58	Microsoft-Windows-Kernel-Processor-Power	55	(47)	"Le processeur 0 du groupe 0 présente les caractéristiques de gestion de l’alimentation suivantes :

Type d’état d’inactivité : ACPI Idle (C) States (3 état(s))

Type d’état de performances : ACPI Collaborative Processor Performance Control
Fréquence nominale (MHz) : 2592
Pourcentage de performances maximales : 192
Pourcentage de performances minimales : 30
Pourcentage d’accélération minimale : 3"
