Information	08/10/2025 22:04:18	Microsoft-Windows-HttpService	114	HTTP Configuration Property Trace Task	URL (http://*:2869/upnp/eventing/) supprimée du groupe d’URL (0xFE00000820000001). ID de processus 0x20B4 chemin d’accès de l’exécutable \Device\HarddiskVolume5\Windows\System32\svchost.exe, SERVICE LOCAL  utilisateur
Information	08/10/2025 22:04:18	Microsoft-Windows-HttpService	113	HTTP Configuration Property Trace Task	Tentative d’ajout de l’URL (http://*:2869/upnp/eventing/) au groupe d’URL (0xFE00000820000001). État : 0x0. ID de processus 0x20B4 \Device\HarddiskVolume5\Windows\System32\svchost.exe de chemin d’accès de l’exécutable, SERVICE LOCAL  utilisateur
Information	08/10/2025 22:04:18	Microsoft-Windows-HttpService	114	HTTP Configuration Property Trace Task	URL (http://*:2869/upnp/eventing/) supprimée du groupe d’URL (0xFE00000520000002). ID de processus 0x20B4 chemin d’accès de l’exécutable \Device\HarddiskVolume5\Windows\System32\svchost.exe, SERVICE LOCAL  utilisateur
Information	08/10/2025 22:04:18	Microsoft-Windows-HttpService	113	HTTP Configuration Property Trace Task	Tentative d’ajout de l’URL (http://*:2869/upnp/eventing/) au groupe d’URL (0xFE00000520000002). État : 0x0. ID de processus 0x20B4 \Device\HarddiskVolume5\Windows\System32\svchost.exe de chemin d’accès de l’exécutable, SERVICE LOCAL  utilisateur
Information	08/10/2025 22:04:18	Microsoft-Windows-HttpService	114	HTTP Configuration Property Trace Task	URL (http://*:2869/upnp/eventing/) supprimée du groupe d’URL (0xFE00000520000001). ID de processus 0x20B4 chemin d’accès de l’exécutable \Device\HarddiskVolume5\Windows\System32\svchost.exe, SERVICE LOCAL  utilisateur
Information	08/10/2025 22:04:18	Microsoft-Windows-HttpService	113	HTTP Configuration Property Trace Task	Tentative d’ajout de l’URL (http://*:2869/upnp/eventing/) au groupe d’URL (0xFE00000520000001). État : 0x0. ID de processus 0x20B4 \Device\HarddiskVolume5\Windows\System32\svchost.exe de chemin d’accès de l’exécutable, SERVICE LOCAL  utilisateur
Information	08/10/2025 22:04:18	Microsoft-Windows-HttpService	114	HTTP Configuration Property Trace Task	URL (http://*:2869/upnp/eventing/) supprimée du groupe d’URL (0xFE00000A20000001). ID de processus 0x20B4 chemin d’accès de l’exécutable \Device\HarddiskVolume5\Windows\System32\svchost.exe, SERVICE LOCAL  utilisateur
Information	08/10/2025 22:04:18	Microsoft-Windows-HttpService	113	HTTP Configuration Property Trace Task	Tentative d’ajout de l’URL (http://*:2869/upnp/eventing/) au groupe d’URL (0xFE00000A20000001). État : 0x0. ID de processus 0x20B4 \Device\HarddiskVolume5\Windows\System32\svchost.exe de chemin d’accès de l’exécutable, SERVICE LOCAL  utilisateur
Information	08/10/2025 22:04:13	Service Control Manager	7040	Aucun	Le type de démarrage du service Service de transfert intelligent en arrière-plan est passé de Démarrage à la demande à Démarrage automatique.
Avertissement	08/10/2025 21:21:08	Tcpip	4266	Aucun	Une demande d’allocation d’un numéro de port éphémère de l’espace de port UDP global a échoué car tous les ports de ce type sont utilisés.
Information	08/10/2025 19:56:01	Microsoft-Windows-Kernel-General	16	Aucun	L’historique des accès de la ruche \??\C:\Users\Perceval\AppData\Local\Packages\Microsoft.WindowsCalculator_8wekyb3d8bbwe\Settings\settings.dat a été effacé, mettant à jour 2 clés et créant 1 pages modifiées.
Information	08/10/2025 18:56:42	Volsnap	33	Aucun	L’ancien cliché instantané du volume C: a été abandonné pour conserver l’utilisation d’espace disque pour les clichés instantanés de volume C: sous la limite définie par l’utilisateur.
Information	08/10/2025 18:56:38	Microsoft-Windows-WindowsUpdateClient	19	Agent de mise à jour automatique Windows Update	Installation réussie : Windows a installé la mise à jour suivante : Mise à jour de la sélection disjointe pour Microsoft Defender Antivirus – 2267602 Ko (version 1.439.20.0) – Canal actuel (large)
Information	08/10/2025 18:56:26	Microsoft-Windows-WindowsUpdateClient	43	Agent de mise à jour automatique Windows Update	Installation démarrée : Windows a commencé l'installation de la mise à jour suivante : Mise à jour de la sélection disjointe pour Microsoft Defender Antivirus – 2267602 Ko (version 1.439.20.0) – Canal actuel (large)
Information	08/10/2025 18:56:26	Microsoft-Windows-WindowsUpdateClient	44	Agent de mise à jour automatique Windows Update	Windows Update a démarré le téléchargement d'une mise à jour.
Information	08/10/2025 18:56:26	Microsoft-Windows-WindowsUpdateClient	44	Agent de mise à jour automatique Windows Update	Windows Update a démarré le téléchargement d'une mise à jour.
Information	08/10/2025 17:42:44	Netwtw10	7021	Aucun	7021 - Connection telemetry fields and analysis usage
Information	08/10/2025 17:42:34	Netwtw10	7021	Aucun	7021 - Connection telemetry fields and analysis usage
Information	08/10/2025 17:42:26	Netwtw10	7021	Aucun	7021 - Connection telemetry fields and analysis usage
Information	08/10/2025 17:42:20	Netwtw10	7021	Aucun	7021 - Connection telemetry fields and analysis usage
Information	08/10/2025 16:30:51	Volsnap	33	Aucun	L’ancien cliché instantané du volume C: a été abandonné pour conserver l’utilisation d’espace disque pour les clichés instantanés de volume C: sous la limite définie par l’utilisateur.
Information	08/10/2025 16:30:51	Volsnap	33	Aucun	L’ancien cliché instantané du volume C: a été abandonné pour conserver l’utilisation d’espace disque pour les clichés instantanés de volume C: sous la limite définie par l’utilisateur.
Information	08/10/2025 14:40:01	Microsoft-Windows-Kernel-General	16	Aucun	L’historique des accès de la ruche \??\C:\ProgramData\Packages\PythonSoftwareFoundation.Python.3.12_qbz5n2kfra8p0\S-1-5-21-279605357-448217104-2738636231-1001\SystemAppData\Helium\Cache\46815b985956d0f7_COM15.dat a été effacé, mettant à jour 1 clés et créant 1 pages modifiées.
Information	08/10/2025 14:26:07	Netwtw10	7021	Aucun	7021 - Connection telemetry fields and analysis usage
Information	08/10/2025 14:25:59	Netwtw10	7021	Aucun	7021 - Connection telemetry fields and analysis usage
Information	08/10/2025 14:25:54	Netwtw10	7021	Aucun	7021 - Connection telemetry fields and analysis usage
Information	08/10/2025 14:25:47	Netwtw10	7021	Aucun	7021 - Connection telemetry fields and analysis usage
Information	08/10/2025 14:25:24	Netwtw10	7021	Aucun	7021 - Connection telemetry fields and analysis usage
Information	08/10/2025 14:25:22	Netwtw10	7021	Aucun	7021 - Connection telemetry fields and analysis usage
Information	08/10/2025 14:10:14	Microsoft-Windows-Kernel-General	16	Aucun	L’historique des accès de la ruche \??\C:\ProgramData\Packages\Microsoft.OneDriveSync_8wekyb3d8bbwe\S-1-5-21-279605357-448217104-2738636231-1001\SystemAppData\Helium\Cache\e78327179c2a319c_COM15.dat a été effacé, mettant à jour 1 clés et créant 1 pages modifiées.
Information	08/10/2025 14:10:14	Microsoft-Windows-Kernel-General	16	Aucun	L’historique des accès de la ruche \??\C:\ProgramData\Packages\WinRAR.ShellExtension_s4jet1zx4n14a\S-1-5-21-279605357-448217104-2738636231-1001\SystemAppData\Helium\Cache\404089864fa344cb_COM15.dat a été effacé, mettant à jour 1 clés et créant 1 pages modifiées.
Information	08/10/2025 14:10:14	Microsoft-Windows-Kernel-General	16	Aucun	L’historique des accès de la ruche \??\C:\Users\Perceval\AppData\Local\Packages\Microsoft.Paint_8wekyb3d8bbwe\SystemAppData\Helium\UserClasses.dat a été effacé, mettant à jour 5 clés et créant 1 pages modifiées.
Information	08/10/2025 14:10:14	Microsoft-Windows-Kernel-General	16	Aucun	L’historique des accès de la ruche \??\C:\Users\Perceval\AppData\Local\Packages\Microsoft.Paint_8wekyb3d8bbwe\SystemAppData\Helium\User.dat a été effacé, mettant à jour 6 clés et créant 2 pages modifiées.
Information	08/10/2025 14:10:14	Microsoft-Windows-Kernel-General	16	Aucun	L’historique des accès de la ruche \??\C:\ProgramData\Packages\NotepadPlusPlus_7njy0v32s6xk6\S-1-5-21-279605357-448217104-2738636231-1001\SystemAppData\Helium\Cache\f3851eb54fd8cf6f_COM15.dat a été effacé, mettant à jour 1 clés et créant 1 pages modifiées.
Information	08/10/2025 14:10:14	Microsoft-Windows-Kernel-General	16	Aucun	L’historique des accès de la ruche \??\C:\Users\Perceval\AppData\Local\Packages\NotepadPlusPlus_7njy0v32s6xk6\SystemAppData\Helium\UserClasses.dat a été effacé, mettant à jour 1 clés et créant 1 pages modifiées.
Information	08/10/2025 14:10:14	Microsoft-Windows-Kernel-General	16	Aucun	L’historique des accès de la ruche \??\C:\Users\Perceval\AppData\Local\Packages\NotepadPlusPlus_7njy0v32s6xk6\SystemAppData\Helium\User.dat a été effacé, mettant à jour 1 clés et créant 1 pages modifiées.
Information	08/10/2025 14:10:13	Microsoft-Windows-Kernel-General	16	Aucun	L’historique des accès de la ruche \??\C:\ProgramData\Packages\Clipchamp.Clipchamp_yxz26nhyzhsrt\S-1-5-21-279605357-448217104-2738636231-1001\SystemAppData\Helium\Cache\53471835a06cc6c6_COM15.dat a été effacé, mettant à jour 1 clés et créant 1 pages modifiées.
Information	08/10/2025 14:10:13	Microsoft-Windows-Kernel-General	16	Aucun	L’historique des accès de la ruche \??\C:\Users\Perceval\AppData\Local\Packages\Clipchamp.Clipchamp_yxz26nhyzhsrt\SystemAppData\Helium\UserClasses.dat a été effacé, mettant à jour 9 clés et créant 1 pages modifiées.
Information	08/10/2025 14:10:13	Microsoft-Windows-Kernel-General	16	Aucun	L’historique des accès de la ruche \??\C:\Users\Perceval\AppData\Local\Packages\Clipchamp.Clipchamp_yxz26nhyzhsrt\SystemAppData\Helium\User.dat a été effacé, mettant à jour 6 clés et créant 2 pages modifiées.
Information	08/10/2025 14:10:13	Microsoft-Windows-Kernel-General	16	Aucun	L’historique des accès de la ruche \??\C:\Users\Perceval\AppData\Local\Packages\Microsoft.MicrosoftOfficeHub_8wekyb3d8bbwe\Settings\settings.dat a été effacé, mettant à jour 4 clés et créant 1 pages modifiées.
Information	08/10/2025 13:54:01	Netwtw10	7021	Aucun	7021 - Connection telemetry fields and analysis usage
Information	08/10/2025 13:36:08	Microsoft-Windows-Time-Service	35	Aucun	Le service de temps est en train de synchroniser l'heure du système avec la source de temps time.windows.com,0x9 (ntp.m|0x9|0.0.0.0:123->51.145.123.29:123) (ID de référence 494637363). Nombre actuel de couches locales : 4.
Information	08/10/2025 13:36:08	Microsoft-Windows-Time-Service	37	Aucun	Le fournisseur de temps NtpClient reçoit actuellement des données de temps valides à partir de time.windows.com,0x9 (ntp.m|0x9|0.0.0.0:123->51.145.123.29:123).
Information	08/10/2025 12:00:00	EventLog	6013	Aucun	La durée active du système est de 17874 secondes.
Avertissement	08/10/2025 11:54:29	Microsoft-Windows-DistributedCOM	10016	Aucun	"Les paramètres d’autorisation propres à l’application n’accordent pas l’autorisation Local Activation pour l’application serveur COM avec le CLSID 
{2593F8B9-4EAF-457C-B68A-50F6B8EA6B54}
 et l’APPID 
{15C20B67-12E7-4BB6-92BB-7AFF07997402}
 au SID DESKTOP-5P6VHHK\Perceval de l’utilisateur (S-1-5-21-279605357-448217104-2738636231-1001) depuis l’adresse LocalHost (avec LRPC) s’exécutant dans le SID Non disponible du conteneur d’applications (Non disponible). Cette autorisation de sécurité peut être modifiée à l’aide de l’outil d’administration Services de composants."
Information	08/10/2025 11:25:59	Microsoft-Windows-WindowsUpdateClient	44	Agent de mise à jour automatique Windows Update	Windows Update a démarré le téléchargement d'une mise à jour.
Information	08/10/2025 11:25:43	Microsoft-Windows-WindowsUpdateClient	19	Agent de mise à jour automatique Windows Update	Installation réussie : Windows a installé la mise à jour suivante : 9MZ95KL8MR0L-Microsoft.ScreenSketch
Information	08/10/2025 11:25:42	Microsoft-Windows-WindowsUpdateClient	43	Agent de mise à jour automatique Windows Update	Installation démarrée : Windows a commencé l'installation de la mise à jour suivante : 9MZ95KL8MR0L-Microsoft.ScreenSketch
Information	08/10/2025 11:25:41	Microsoft-Windows-Kernel-General	16	Aucun	L’historique des accès de la ruche \??\C:\ProgramData\Microsoft\Windows\AppRepository\Packages\Microsoft.ScreenSketch_11.2508.28.0_x64__8wekyb3d8bbwe\ActivationStore.dat a été effacé, mettant à jour 0 clés et créant 0 pages modifiées.
Information	08/10/2025 11:25:36	Microsoft-Windows-WindowsUpdateClient	44	Agent de mise à jour automatique Windows Update	Windows Update a démarré le téléchargement d'une mise à jour.
Avertissement	08/10/2025 11:10:05	Microsoft-Windows-DistributedCOM	10016	Aucun	"Les paramètres d’autorisation propres à l’application n’accordent pas l’autorisation Local Activation pour l’application serveur COM avec le CLSID 
{2593F8B9-4EAF-457C-B68A-50F6B8EA6B54}
 et l’APPID 
{15C20B67-12E7-4BB6-92BB-7AFF07997402}
 au SID DESKTOP-5P6VHHK\Perceval de l’utilisateur (S-1-5-21-279605357-448217104-2738636231-1001) depuis l’adresse LocalHost (avec LRPC) s’exécutant dans le SID Non disponible du conteneur d’applications (Non disponible). Cette autorisation de sécurité peut être modifiée à l’aide de l’outil d’administration Services de composants."
Information	08/10/2025 09:27:32	Microsoft-Windows-Kernel-General	16	Aucun	L’historique des accès de la ruche \??\C:\Users\Perceval\AppData\Local\Packages\Microsoft.AAD.BrokerPlugin_cw5n1h2txyewy\Settings\settings.dat a été effacé, mettant à jour 32 clés et créant 6 pages modifiées.
Information	08/10/2025 08:13:02	Microsoft-Windows-Time-Service	158	Aucun	Le fournisseur de temps VMICTimeProvider a indiqué que le matériel et l'environnement d'exploitation actuels ne sont pas pris en charge et ont été arrêtés. Ce comportement est attendu de VMICTimeProvider dans des environnements invités non HyperV. Il peut également être attendu du fournisseur actuel dans l'environnement d'exploitation utilisé.
Information	08/10/2025 07:55:58	Microsoft-Windows-Time-Service	158	Aucun	Le fournisseur de temps VMICTimeProvider a indiqué que le matériel et l'environnement d'exploitation actuels ne sont pas pris en charge et ont été arrêtés. Ce comportement est attendu de VMICTimeProvider dans des environnements invités non HyperV. Il peut également être attendu du fournisseur actuel dans l'environnement d'exploitation utilisé.
Information	08/10/2025 07:38:54	Microsoft-Windows-Time-Service	158	Aucun	Le fournisseur de temps VMICTimeProvider a indiqué que le matériel et l'environnement d'exploitation actuels ne sont pas pris en charge et ont été arrêtés. Ce comportement est attendu de VMICTimeProvider dans des environnements invités non HyperV. Il peut également être attendu du fournisseur actuel dans l'environnement d'exploitation utilisé.
Information	08/10/2025 07:32:51	Microsoft-Windows-Kernel-General	16	Aucun	L’historique des accès de la ruche \??\C:\Users\Perceval\AppData\Local\Packages\Microsoft.GamingApp_8wekyb3d8bbwe\Settings\settings.dat a été effacé, mettant à jour 3 clés et créant 1 pages modifiées.
Information	08/10/2025 07:21:50	Microsoft-Windows-Time-Service	158	Aucun	Le fournisseur de temps VMICTimeProvider a indiqué que le matériel et l'environnement d'exploitation actuels ne sont pas pris en charge et ont été arrêtés. Ce comportement est attendu de VMICTimeProvider dans des environnements invités non HyperV. Il peut également être attendu du fournisseur actuel dans l'environnement d'exploitation utilisé.
Information	08/10/2025 07:14:42	Microsoft-Windows-Kernel-General	16	Aucun	L’historique des accès de la ruche \??\C:\ProgramData\Microsoft\Provisioning\Microsoft-Desktop-Provisioning-Sequence.dat a été effacé, mettant à jour 0 clés et créant 0 pages modifiées.
Information	08/10/2025 07:13:26	Microsoft-Windows-WindowsUpdateClient	19	Agent de mise à jour automatique Windows Update	Installation réussie : Windows a installé la mise à jour suivante : Mise à jour de la sélection disjointe pour Microsoft Defender Antivirus – 2267602 Ko (version 1.439.5.0) – Canal actuel (large)
Information	08/10/2025 07:12:52	Microsoft-Windows-WindowsUpdateClient	43	Agent de mise à jour automatique Windows Update	Installation démarrée : Windows a commencé l'installation de la mise à jour suivante : Mise à jour de la sélection disjointe pour Microsoft Defender Antivirus – 2267602 Ko (version 1.439.5.0) – Canal actuel (large)
Information	08/10/2025 07:12:48	Microsoft-Windows-WindowsUpdateClient	44	Agent de mise à jour automatique Windows Update	Windows Update a démarré le téléchargement d'une mise à jour.
Avertissement	08/10/2025 07:10:42	Microsoft-Windows-DistributedCOM	10016	Aucun	"Les paramètres d’autorisation par défaut de l’ordinateur n’accordent pas l’autorisation Local Activation pour l’application serveur COM avec le CLSID 
{C2F03A33-21F5-47FA-B4BB-156362A2F239}
 et l’APPID 
{316CDED5-E4AE-4B15-9113-7055D84DCC97}
 au SID AUTORITE NT\SERVICE LOCAL de l’utilisateur (S-1-5-19) depuis l’adresse LocalHost (avec LRPC) s’exécutant dans le SID Non disponible du conteneur d’applications (Non disponible). Cette autorisation de sécurité peut être modifiée à l’aide de l’outil d’administration Services de composants."
Avertissement	08/10/2025 07:10:42	Microsoft-Windows-DistributedCOM	10016	Aucun	"Les paramètres d’autorisation propres à l’application n’accordent pas l’autorisation Local Activation pour l’application serveur COM avec le CLSID 
{6B3B8D23-FA8D-40B9-8DBD-B950333E2C52}
 et l’APPID 
{4839DDB7-58C2-48F5-8283-E1D1807D0D7D}
 au SID AUTORITE NT\SERVICE LOCAL de l’utilisateur (S-1-5-19) depuis l’adresse LocalHost (avec LRPC) s’exécutant dans le SID Non disponible du conteneur d’applications (Non disponible). Cette autorisation de sécurité peut être modifiée à l’aide de l’outil d’administration Services de composants."
Avertissement	08/10/2025 07:10:42	Microsoft-Windows-DistributedCOM	10016	Aucun	"Les paramètres d’autorisation par défaut de l’ordinateur n’accordent pas l’autorisation Local Activation pour l’application serveur COM avec le CLSID 
{C2F03A33-21F5-47FA-B4BB-156362A2F239}
 et l’APPID 
{316CDED5-E4AE-4B15-9113-7055D84DCC97}
 au SID AUTORITE NT\SERVICE LOCAL de l’utilisateur (S-1-5-19) depuis l’adresse LocalHost (avec LRPC) s’exécutant dans le SID Non disponible du conteneur d’applications (Non disponible). Cette autorisation de sécurité peut être modifiée à l’aide de l’outil d’administration Services de composants."
Avertissement	08/10/2025 07:10:42	Microsoft-Windows-DistributedCOM	10016	Aucun	"Les paramètres d’autorisation propres à l’application n’accordent pas l’autorisation Local Activation pour l’application serveur COM avec le CLSID 
{6B3B8D23-FA8D-40B9-8DBD-B950333E2C52}
 et l’APPID 
{4839DDB7-58C2-48F5-8283-E1D1807D0D7D}
 au SID AUTORITE NT\SERVICE LOCAL de l’utilisateur (S-1-5-19) depuis l’adresse LocalHost (avec LRPC) s’exécutant dans le SID Non disponible du conteneur d’applications (Non disponible). Cette autorisation de sécurité peut être modifiée à l’aide de l’outil d’administration Services de composants."
Information	08/10/2025 07:06:29	Service Control Manager	7040	Aucun	Le type de démarrage du service Service de transfert intelligent en arrière-plan est passé de Démarrage automatique à Démarrage à la demande.
Information	08/10/2025 07:04:41	Microsoft-Windows-Kernel-General	16	Aucun	L’historique des accès de la ruche \??\C:\Users\Perceval\AppData\Local\Packages\5319275A.WhatsAppDesktop_cv1g1gvanyjgm\Settings\settings.dat a été effacé, mettant à jour 2 clés et créant 1 pages modifiées.
Information	08/10/2025 07:04:37	Microsoft-Windows-WindowsUpdateClient	19	Agent de mise à jour automatique Windows Update	Installation réussie : Windows a installé la mise à jour suivante : Windows 11, version 25H2
Avertissement	08/10/2025 07:04:30	Microsoft-Windows-DistributedCOM	10016	Aucun	"Les paramètres d’autorisation propres à l’application n’accordent pas l’autorisation Local Exécution pour l’application serveur COM avec le CLSID 
Windows.SecurityCenter.WscDataProtection
 et l’APPID 
Non disponible
 au SID AUTORITE NT\Système de l’utilisateur (S-1-5-18) depuis l’adresse LocalHost (avec LRPC) s’exécutant dans le SID Non disponible du conteneur d’applications (Non disponible). Cette autorisation de sécurité peut être modifiée à l’aide de l’outil d’administration Services de composants."
Avertissement	08/10/2025 07:04:30	Microsoft-Windows-DistributedCOM	10016	Aucun	"Les paramètres d’autorisation propres à l’application n’accordent pas l’autorisation Local Exécution pour l’application serveur COM avec le CLSID 
Windows.SecurityCenter.SecurityAppBroker
 et l’APPID 
Non disponible
 au SID AUTORITE NT\Système de l’utilisateur (S-1-5-18) depuis l’adresse LocalHost (avec LRPC) s’exécutant dans le SID Non disponible du conteneur d’applications (Non disponible). Cette autorisation de sécurité peut être modifiée à l’aide de l’outil d’administration Services de composants."
Avertissement	08/10/2025 07:04:30	Microsoft-Windows-DistributedCOM	10016	Aucun	"Les paramètres d’autorisation propres à l’application n’accordent pas l’autorisation Local Exécution pour l’application serveur COM avec le CLSID 
Windows.SecurityCenter.WscBrokerManager
 et l’APPID 
Non disponible
 au SID AUTORITE NT\Système de l’utilisateur (S-1-5-18) depuis l’adresse LocalHost (avec LRPC) s’exécutant dans le SID Non disponible du conteneur d’applications (Non disponible). Cette autorisation de sécurité peut être modifiée à l’aide de l’outil d’administration Services de composants."
Information	08/10/2025 07:04:30	Microsoft-Windows-Time-Service	158	Aucun	Le fournisseur de temps VMICTimeProvider a indiqué que le matériel et l'environnement d'exploitation actuels ne sont pas pris en charge et ont été arrêtés. Ce comportement est attendu de VMICTimeProvider dans des environnements invités non HyperV. Il peut également être attendu du fournisseur actuel dans l'environnement d'exploitation utilisé.
Erreur	08/10/2025 07:04:29	Service Control Manager	7000	Aucun	"Le service Service Google Update (gupdate) n’a pas pu démarrer en raison de l’erreur : 
Le service n’a pas répondu assez vite à la demande de lancement ou de contrôle."
Erreur	08/10/2025 07:04:29	Service Control Manager	7009	Aucun	Le dépassement de délai (30000 millisecondes) a été atteint lors de l’attente de la connexion du service Service Google Update (gupdate).
Information	08/10/2025 07:04:29	Microsoft-Windows-Kernel-General	16	Aucun	L’historique des accès de la ruche \??\C:\WINDOWS\ServiceProfiles\NetworkService\AppData\Local\Microsoft\Windows\DeliveryOptimization\State\dosvcState.dat a été effacé, mettant à jour 24 clés et créant 6 pages modifiées.
Erreur	08/10/2025 07:03:42	Service Control Manager	7000	Aucun	"Le service Steam Client Service n’a pas pu démarrer en raison de l’erreur : 
Le service n’a pas répondu assez vite à la demande de lancement ou de contrôle."
Erreur	08/10/2025 07:03:42	Service Control Manager	7009	Aucun	Le dépassement de délai (30000 millisecondes) a été atteint lors de l’attente de la connexion du service Steam Client Service.
Information	08/10/2025 07:03:09	Microsoft-Windows-Kernel-General	16	Aucun	L’historique des accès de la ruche \??\C:\Users\Perceval\AppData\Local\Packages\MicrosoftWindows.CrossDevice_cw5n1h2txyewy\Settings\settings.dat a été effacé, mettant à jour 33 clés et créant 5 pages modifiées.
Information	08/10/2025 07:03:09	Microsoft-Windows-Kernel-General	16	Aucun	L’historique des accès de la ruche \??\C:\ProgramData\Packages\MicrosoftWindows.CrossDevice_cw5n1h2txyewy\S-1-5-21-279605357-448217104-2738636231-1001\SystemAppData\Helium\Cache\4c1b79c3ab7d06ae_COM15.dat a été effacé, mettant à jour 1 clés et créant 1 pages modifiées.
Information	08/10/2025 07:03:09	Microsoft-Windows-Kernel-General	16	Aucun	L’historique des accès de la ruche \??\C:\Users\Perceval\AppData\Local\Packages\MicrosoftWindows.CrossDevice_cw5n1h2txyewy\SystemAppData\Helium\UserClasses.dat a été effacé, mettant à jour 1 clés et créant 1 pages modifiées.
Information	08/10/2025 07:03:09	Microsoft-Windows-Kernel-General	16	Aucun	L’historique des accès de la ruche \??\C:\Users\Perceval\AppData\Local\Packages\MicrosoftWindows.CrossDevice_cw5n1h2txyewy\SystemAppData\Helium\User.dat a été effacé, mettant à jour 1 clés et créant 1 pages modifiées.
Information	08/10/2025 07:02:39	Microsoft-Windows-Kernel-General	16	Aucun	L’historique des accès de la ruche \??\C:\ProgramData\Packages\AD2F1837.OMENLightStudio_v10z8vjag6ke6\S-1-5-21-279605357-448217104-2738636231-1001\SystemAppData\Helium\Cache\fb4b1d64be5af1b8_COM15.dat a été effacé, mettant à jour 1 clés et créant 1 pages modifiées.
Information	08/10/2025 07:02:39	Microsoft-Windows-Kernel-General	16	Aucun	L’historique des accès de la ruche \??\C:\Users\Perceval\AppData\Local\Packages\AD2F1837.OMENLightStudio_v10z8vjag6ke6\SystemAppData\Helium\UserClasses.dat a été effacé, mettant à jour 7 clés et créant 2 pages modifiées.
Information	08/10/2025 07:02:39	Microsoft-Windows-Kernel-General	16	Aucun	L’historique des accès de la ruche \??\C:\Users\Perceval\AppData\Local\Packages\AD2F1837.OMENLightStudio_v10z8vjag6ke6\SystemAppData\Helium\User.dat a été effacé, mettant à jour 13 clés et créant 3 pages modifiées.
Information	08/10/2025 07:02:38	Microsoft-Windows-Kernel-General	16	Aucun	L’historique des accès de la ruche \??\C:\ProgramData\Packages\AD2F1837.HPSystemEventUtility_v10z8vjag6ke6\S-1-5-21-279605357-448217104-2738636231-1001\SystemAppData\Helium\Cache\3fb80b09ff483e25_COM15.dat a été effacé, mettant à jour 1 clés et créant 1 pages modifiées.
Information	08/10/2025 07:02:38	Microsoft-Windows-Kernel-General	16	Aucun	L’historique des accès de la ruche \??\C:\Users\Perceval\AppData\Local\Packages\AD2F1837.HPSystemEventUtility_v10z8vjag6ke6\SystemAppData\Helium\UserClasses.dat a été effacé, mettant à jour 1 clés et créant 1 pages modifiées.
Information	08/10/2025 07:02:38	Microsoft-Windows-Kernel-General	16	Aucun	L’historique des accès de la ruche \??\C:\Users\Perceval\AppData\Local\Packages\AD2F1837.HPSystemEventUtility_v10z8vjag6ke6\SystemAppData\Helium\User.dat a été effacé, mettant à jour 12 clés et créant 1 pages modifiées.
Information	08/10/2025 07:02:37	Microsoft-Windows-Kernel-General	16	Aucun	L’historique des accès de la ruche \??\C:\Users\Perceval\AppData\Local\Packages\Microsoft.People_8wekyb3d8bbwe\Settings\settings.dat a été effacé, mettant à jour 2 clés et créant 1 pages modifiées.
Information	08/10/2025 07:02:34	nhi	9007	Aucun	"The driver entered RTD3.
 All the connected devices will be removed from driver's internal state, so it is expected that DeviceDisconnected events will happen."
Information	08/10/2025 07:02:32	Microsoft-Windows-Kernel-General	16	Aucun	L’historique des accès de la ruche \??\C:\Users\Perceval\AppData\Local\Packages\Microsoft.Windows.StartMenuExperienceHost_cw5n1h2txyewy\Settings\settings.dat a été effacé, mettant à jour 11 clés et créant 1 pages modifiées.
Information	08/10/2025 07:02:32	Microsoft-Windows-Kernel-General	16	Aucun	L’historique des accès de la ruche \??\C:\ProgramData\Packages\Microsoft.WidgetsPlatformRuntime_8wekyb3d8bbwe\S-1-5-21-279605357-448217104-2738636231-1001\SystemAppData\Helium\Cache\81d060ca2aba6fa4_COM15.dat a été effacé, mettant à jour 1 clés et créant 1 pages modifiées.
Information	08/10/2025 07:02:32	Microsoft-Windows-Kernel-General	16	Aucun	L’historique des accès de la ruche \??\C:\Users\Perceval\AppData\Local\Packages\Microsoft.WidgetsPlatformRuntime_8wekyb3d8bbwe\SystemAppData\Helium\UserClasses.dat a été effacé, mettant à jour 24 clés et créant 8 pages modifiées.
Information	08/10/2025 07:02:32	Microsoft-Windows-Kernel-General	16	Aucun	L’historique des accès de la ruche \??\C:\Users\Perceval\AppData\Local\Packages\Microsoft.WidgetsPlatformRuntime_8wekyb3d8bbwe\SystemAppData\Helium\User.dat a été effacé, mettant à jour 1 clés et créant 1 pages modifiées.
Information	08/10/2025 07:02:31	Microsoft-Windows-TPM-WMI	1025	Aucun	Le Module de plateforme sécurisée (TPM) a été correctement approvisionné et est prêt à être utilisé.
Information	08/10/2025 07:02:31	Microsoft-Windows-Kernel-General	16	Aucun	L’historique des accès de la ruche \??\C:\Users\Perceval\AppData\Local\Packages\MicrosoftWindows.Client.CBS_cw5n1h2txyewy\Settings\settings.dat a été effacé, mettant à jour 88 clés et créant 12 pages modifiées.
Information	08/10/2025 07:02:31	Microsoft-Windows-Kernel-General	16	Aucun	L’historique des accès de la ruche \??\C:\ProgramData\Packages\MicrosoftWindows.Client.WebExperience_cw5n1h2txyewy\S-1-5-21-279605357-448217104-2738636231-1001\SystemAppData\Helium\Cache\26fe02ce68e5babf_COM15.dat a été effacé, mettant à jour 1 clés et créant 1 pages modifiées.
Information	08/10/2025 07:02:31	Microsoft-Windows-Kernel-General	16	Aucun	L’historique des accès de la ruche \??\C:\Users\Perceval\AppData\Local\Packages\MicrosoftWindows.Client.WebExperience_cw5n1h2txyewy\SystemAppData\Helium\UserClasses.dat a été effacé, mettant à jour 15 clés et créant 3 pages modifiées.
Information	08/10/2025 07:02:31	Microsoft-Windows-Kernel-General	16	Aucun	L’historique des accès de la ruche \??\C:\Users\Perceval\AppData\Local\Packages\MicrosoftWindows.Client.WebExperience_cw5n1h2txyewy\SystemAppData\Helium\User.dat a été effacé, mettant à jour 31 clés et créant 6 pages modifiées.
Information	08/10/2025 07:02:30	Microsoft-Windows-TPM-WMI	1282	Aucun	L'identificateur de périphérique TBS a été généré.
Information	08/10/2025 07:02:28	Microsoft-Windows-IsolatedUserMode	1	Aucun	Secure Trustlet \??\C:\WINDOWS\System32\NgcIso.exe Id 6 and Pid 12052 started with status STATUS_SUCCESS.
Information	08/10/2025 07:02:28	Microsoft-Windows-IsolatedUserMode	5	Aucun	Secure Trustlet NULL Id 0 and Pid 0 started with status STATUS_SUCCESS.
Information	08/10/2025 07:02:28	TPM	18	Aucun	Cet événement déclenche l’exécution de la vérification de l’état/la configuration du module de plateforme sécurisée (TPM).
Information	08/10/2025 07:02:27	Microsoft-Windows-FilterManager	6	Aucun	Le filtre de système de fichiers « gameflt » (Version 10.0, ‎2009‎-‎11‎-‎22T21:11:52.000000000Z) s’est chargé et s’est inscrit correctement auprès du gestionnaire de filtres.
Information	08/10/2025 07:02:27	Netwtw10	7021	Aucun	7021 - Connection telemetry fields and analysis usage
Information	08/10/2025 07:02:27	Microsoft-Windows-Kernel-General	15	(10)	La ruche \??\C:\Users\Perceval\AppData\Local\Microsoft\Windows\UsrClass.dat a été réorganisée avec une taille de départ de 11452416 octets et une taille de fin de 11436032 octets.
Information	08/10/2025 07:02:27	Microsoft-Windows-Kernel-General	16	Aucun	L’historique des accès de la ruche \??\C:\Users\Perceval\ntuser.dat a été effacé, mettant à jour 17925 clés et créant 2140 pages modifiées.
Information	08/10/2025 07:02:27	Microsoft-Windows-Winlogon	7001	(1101)	Notification d’ouverture de session utilisateur pour le Programme d’amélioration de l’expérience utilisateur
Information	08/10/2025 07:02:27	Service Control Manager	7040	Aucun	Le type de démarrage du service Programme d’installation pour les modules Windows est passé de Démarrage automatique à Démarrage à la demande.
Information	08/10/2025 07:02:25	Microsoft-Windows-HttpService	113	HTTP Configuration Property Trace Task	Tentative d’ajout de l’URL (http://*:5357/191a253b-edc2-4532-a37a-1f3c80c58d8b/) au groupe d’URL (0xFE00000620000001). État : 0x0. ID de processus 0x197C \Device\HarddiskVolume5\Windows\System32\svchost.exe de chemin d’accès de l’exécutable, SERVICE LOCAL  utilisateur
Information	08/10/2025 07:02:25	Microsoft-Windows-HttpService	111	HTTP Configuration Property Trace Task	Créez un 0xFE00000620000001 de groupe d’URL. État 0x0. ID de processus 0x197C chemin d’accès de l’exécutable \Device\HarddiskVolume5\Windows\System32\svchost.exe, SERVICE LOCAL  utilisateur
Information	08/10/2025 07:02:24	Microsoft-Windows-WLAN-AutoConfig	10001	Aucun	"Le module d’extensibilité WLAN a démarré correctement.

Chemin d’accès du module : C:\WINDOWS\system32\IntelIHVRouter10.dll
"
Information	08/10/2025 07:02:24	Microsoft-Windows-Kernel-General	16	Aucun	L’historique des accès de la ruche \??\C:\WINDOWS\AppCompat\Programs\Amcache.hve a été effacé, mettant à jour 4050 clés et créant 1334 pages modifiées.
Information	08/10/2025 07:02:24	Service Control Manager	7026	Aucun	"Le ou les pilotes de démarrage système ou d’amorçage suivants n’ont pas pu se charger : 
dam"
Information	08/10/2025 07:02:24	Microsoft-Windows-WLAN-AutoConfig	4000	Aucun	"Le Service d’autoconfiguration WLAN a démarré correctement.
"
Information	08/10/2025 07:02:24	Microsoft-Windows-Kernel-General	16	Aucun	L’historique des accès de la ruche \??\C:\ProgramData\Microsoft\Windows\WindowsApps\Microsoft.GamingServices_31.105.23001.0_x64__8wekyb3d8bbwe\Cache\c94313675137eae7_COM15.dat a été effacé, mettant à jour 1 clés et créant 1 pages modifiées.
Information	08/10/2025 07:02:23	Microsoft-Windows-TPM-WMI	1038	Aucun	"Les vérifications d’intégrité de pré-attestation confirment que l’appareil doit réussir l’attestation.
 Consultez C:\WINDOWS\Logs\MeasuredBoot\0000000248-0000000000.json pour plus d’informations sur les vérifications effectuées."
Information	08/10/2025 07:02:23	Microsoft-Windows-TPM-WMI	1041	Aucun	"Informations détaillées sur la vérification d’intégrité préalable à l’attestation : {""Version"":1,""HealthStatus"":""Attestable"",""Required"":[{""Field"":""TpmPresent"",""Value"":true,""DesiredValue"":true},{""Field"":""TpmMeetsMinimumVersion"",""Value"":true,""DesiredValue"":true},{""Field"":""TpmIsResponsive"",""Value"":true,""DesiredValue"":true},{""Field"":""EkCertIsAvailable"",""Value"":true,""DesiredValue"":true},{""Field"":""TcgLogFound"",""Value"":true,""DesiredValue"":true}],""Expected"":[{""Field"":""PcrsMatchTcgLog"",""Value"":true,""DesiredValue"":true}],""Informational"":[{""Field"":""SecureBootEnabled"",""ValueFromComputer"":true,""ValueFromTcgLog"":true,""DesiredValue"":true,""TcgValueIsVerifiable"":true},{""Field"":""VirtualSecureMemory"",""ValueFromComputer"":false,""ValueFromTcgLog"":false,""DesiredValue"":true,""TcgValueIsVerifiable"":true},{""Field"":""SecureCorePCCompliant"",""ValueFromComputer"":false,""ValueFromTcgLog"":false,""DesiredValue"":true,""TcgValueIsVerifiable"":true}]}"
Information	08/10/2025 07:02:22	vmx86	34	Aucun	"La description de l’ID d’événement 34 dans la source vmx86 est introuvable. Le composant qui a déclenché cet événement n’est pas installé sur l’ordinateur local ou l’installation est endommagée. Vous pouvez installer ou réparer le composant sur l’ordinateur local.

Si l’événement provient d’un autre ordinateur, les informations d’affichage doivent être enregistrées avec l’événement.

Les informations suivantes étaient incluses avec l’événement : 

VMX86.SYS: begin DriverEntry

La ressource de message est présente, mais le message est introuvable dans la table des messages
"
Information	08/10/2025 07:02:22	Microsoft-Windows-HttpService	112	HTTP Setup Trace Task	Tentative de réservation de l’URL http://+:10246/MDEServer/. État 0x0. ID de processus 0x4 chemin d’accès de l’exécutable , Système  utilisateur
Information	08/10/2025 07:02:22	Microsoft-Windows-HttpService	112	HTTP Setup Trace Task	Tentative de réservation de l’URL http://+:3387/rdp/. État 0x0. ID de processus 0x4 chemin d’accès de l’exécutable , Système  utilisateur
Information	08/10/2025 07:02:22	Microsoft-Windows-HttpService	112	HTTP Setup Trace Task	Tentative de réservation de l’URL https://+:3392/rdp/. État 0x0. ID de processus 0x4 chemin d’accès de l’exécutable , Système  utilisateur
Information	08/10/2025 07:02:22	Microsoft-Windows-HttpService	112	HTTP Setup Trace Task	Tentative de réservation de l’URL http://+:10243/WMPNSSv4/. État 0x0. ID de processus 0x4 chemin d’accès de l’exécutable , Système  utilisateur
Information	08/10/2025 07:02:22	Microsoft-Windows-HttpService	112	HTTP Setup Trace Task	Tentative de réservation de l’URL https://+:10245/WMPNSSv4/. État 0x0. ID de processus 0x4 chemin d’accès de l’exécutable , Système  utilisateur
Information	08/10/2025 07:02:22	Microsoft-Windows-HttpService	112	HTTP Setup Trace Task	Tentative de réservation de l’URL http://+:10247/apps/. État 0x0. ID de processus 0x4 chemin d’accès de l’exécutable , Système  utilisateur
Information	08/10/2025 07:02:22	Microsoft-Windows-HttpService	112	HTTP Setup Trace Task	Tentative de réservation de l’URL https://+:443/sra_{BA195980-CD49-458b-9E23-C84EE0ADCD75}/. État 0x0. ID de processus 0x4 chemin d’accès de l’exécutable , Système  utilisateur
Information	08/10/2025 07:02:22	Microsoft-Windows-HttpService	112	HTTP Setup Trace Task	Tentative de réservation de l’URL http://+:5985/wsman/. État 0x0. ID de processus 0x4 chemin d’accès de l’exécutable , Système  utilisateur
Information	08/10/2025 07:02:22	Microsoft-Windows-HttpService	112	HTTP Setup Trace Task	Tentative de réservation de l’URL http://+:47001/wsman/. État 0x0. ID de processus 0x4 chemin d’accès de l’exécutable , Système  utilisateur
Information	08/10/2025 07:02:22	Microsoft-Windows-HttpService	112	HTTP Setup Trace Task	Tentative de réservation de l’URL https://+:5986/wsman/. État 0x0. ID de processus 0x4 chemin d’accès de l’exécutable , Système  utilisateur
Information	08/10/2025 07:02:22	Microsoft-Windows-HttpService	112	HTTP Setup Trace Task	Tentative de réservation de l’URL http://*:2869/. État 0x0. ID de processus 0x4 chemin d’accès de l’exécutable , Système  utilisateur
Information	08/10/2025 07:02:22	Microsoft-Windows-HttpService	112	HTTP Setup Trace Task	Tentative de réservation de l’URL https://*:5358/. État 0x0. ID de processus 0x4 chemin d’accès de l’exécutable , Système  utilisateur
Information	08/10/2025 07:02:22	Microsoft-Windows-HttpService	112	HTTP Setup Trace Task	Tentative de réservation de l’URL http://+:80/Temporary_Listen_Addresses/. État 0x0. ID de processus 0x4 chemin d’accès de l’exécutable , Système  utilisateur
Information	08/10/2025 07:02:22	Microsoft-Windows-HttpService	112	HTTP Setup Trace Task	Tentative de réservation de l’URL http://*:5357/. État 0x0. ID de processus 0x4 chemin d’accès de l’exécutable , Système  utilisateur
Information	08/10/2025 07:02:22	Microsoft-Windows-Hyper-V-VmSwitch	277	Aucun	vmswitch. sys build 26100. amd64. ge_release_svc_prod3, false débogage, true officiel, 1 1
Information	08/10/2025 07:02:21	VMnetuserif	1	Aucun	() Starting up the User Interface Driver for VMware Virtual Networks.
Information	08/10/2025 07:02:21	VMnetBridge	10	Aucun	() Starting up the Bridge Driver for VMware Virtual Networks.
Information	08/10/2025 07:02:22	RST Middleware	27	Aucun	Found passthru disk: SCSI Port: 0, SCSI Bus: 0, SCSI Target: 0, SATA HDD, 1000204886016 bytes, WDC WD10SPSX-60A6WT0                   
Information	08/10/2025 07:02:21	Win32k	267	Aucun	La vérification d'assurance qualité du matériel tactile a réussi.
Information	08/10/2025 07:02:21	Microsoft-Windows-DHCPv6-Client	51046	Service State Event	Le service client DHCPv6 est démarré
Information	08/10/2025 07:02:21	Microsoft-Windows-Dhcp-Client	50036	Événement d’état de service	Le service client DHCPv4 est démarré
Information	08/10/2025 07:02:21	Microsoft-Windows-Dhcp-Client	50103	Événement d’état de service	Le client DHCPv4 s’est inscrit pour une notification d’arrêt
Information	08/10/2025 07:02:21	Microsoft-Windows-Dhcp-Client	50036	Événement d’état de service	Le service client DHCPv4 est démarré
Information	08/10/2025 07:02:21	Microsoft-Windows-FilterManager	6	Aucun	Le filtre de système de fichiers « bindflt » (Version 10.0, ‎2066‎-‎06‎-‎09T06:47:19.000000000Z) s’est chargé et s’est inscrit correctement auprès du gestionnaire de filtres.
Information	08/10/2025 07:02:21	Microsoft-Windows-FilterManager	6	Aucun	Le filtre de système de fichiers « storqosflt » (Version 10.0, ‎2021‎-‎03‎-‎19T12:47:34.000000000Z) s’est chargé et s’est inscrit correctement auprès du gestionnaire de filtres.
Information	08/10/2025 07:02:21	Microsoft-Windows-FilterManager	6	Aucun	Le filtre de système de fichiers « UnionFS » (Version 10.0, ‎2047‎-‎02‎-‎21T13:01:20.000000000Z) s’est chargé et s’est inscrit correctement auprès du gestionnaire de filtres.
Information	08/10/2025 07:02:21	Microsoft-Windows-FilterManager	6	Aucun	Le filtre de système de fichiers « CldFlt » (Version 10.0, ‎2023‎-‎07‎-‎04T19:29:47.000000000Z) s’est chargé et s’est inscrit correctement auprès du gestionnaire de filtres.
Information	08/10/2025 07:02:21	Microsoft-Windows-FilterManager	1	Aucun	Filtre de système de fichiers « CldFlt » (Version 10.0, ‎2023‎-‎07‎-‎04T19:29:47.000000000Z) déchargé correctement.
Information	08/10/2025 07:02:21	Microsoft-Windows-FilterManager	6	Aucun	Le filtre de système de fichiers « CldFlt » (Version 10.0, ‎2023‎-‎07‎-‎04T19:29:47.000000000Z) s’est chargé et s’est inscrit correctement auprès du gestionnaire de filtres.
Information	08/10/2025 07:02:21	Microsoft-Windows-Kernel-General	16	Aucun	L’historique des accès de la ruche \SystemRoot\System32\Config\bbimigrate\BBI a été effacé, mettant à jour 1 clés et créant 1 pages modifiées.
Information	08/10/2025 07:02:21	Microsoft-Windows-FilterManager	6	Aucun	Le filtre de système de fichiers « luafv » (Version 10.0, ‎1988‎-‎07‎-‎19T16:24:59.000000000Z) s’est chargé et s’est inscrit correctement auprès du gestionnaire de filtres.
Information	08/10/2025 07:02:21	Microsoft-Windows-FilterManager	6	Aucun	Le filtre de système de fichiers « wcifs » (Version 10.0, ‎2037‎-‎05‎-‎28T05:10:06.000000000Z) s’est chargé et s’est inscrit correctement auprès du gestionnaire de filtres.
Information	08/10/2025 07:02:21	Microsoft-Windows-FilterManager	6	Aucun	Le filtre de système de fichiers « bfs » (Version 10.0, ‎2075‎-‎07‎-‎29T00:11:00.000000000Z) s’est chargé et s’est inscrit correctement auprès du gestionnaire de filtres.
Information	08/10/2025 07:02:21	Microsoft-Windows-Kernel-General	16	Aucun	L’historique des accès de la ruche \SystemRoot\System32\Config\BBI a été effacé, mettant à jour 295 clés et créant 104 pages modifiées.
Information	08/10/2025 07:02:20	Microsoft-Windows-Kernel-General	16	Aucun	L’historique des accès de la ruche \??\C:\WINDOWS\ServiceProfiles\NetworkService\NTUSER.DAT a été effacé, mettant à jour 204 clés et créant 21 pages modifiées.
Information	08/10/2025 07:02:20	Microsoft-Windows-Kernel-General	16	Aucun	L’historique des accès de la ruche \??\C:\WINDOWS\ServiceProfiles\LocalService\NTUSER.DAT a été effacé, mettant à jour 185 clés et créant 20 pages modifiées.
Information	08/10/2025 07:02:20	Microsoft-Windows-Directory-Services-SAM	16983	Aucun	"Le gestionnaire de comptes de sécurité enregistre désormais des événements de résumé périodiques pour les clients distants qui appellent une modification de mot de passe héritée ou des méthodes RPC définies. 

Pour plus d’informations, voir https://go.microsoft.com/fwlink/?linkid=2150956.
"
Information	08/10/2025 07:02:20	Microsoft-Windows-Directory-Services-SAM	16977	Aucun	"Le domaine est configuré avec les paramètres suivants relatifs à la longueur minimale des mots de passe. 

MinimumPasswordLength : 0

RelaxMinimumPasswordLengthLimits : 0

MinimumPasswordLengthAudit : -1

Pour plus d’informations, voir https://go.microsoft.com/fwlink/?LinkId=2097191. 
"
Information	08/10/2025 07:02:20	Microsoft-Windows-Directory-Services-SAM	16962	Aucun	"Les appels distants vers la base de données SAM sont restreints à l’aide du descripteur de sécurité par défaut : O:SYG:SYD:(A;;RC;;;BA).
Pour plus d’informations, voir http://go.microsoft.com/fwlink/?LinkId=787651."
Information	08/10/2025 07:02:20	Microsoft-Windows-IsolatedUserMode	5	Aucun	Secure Trustlet NULL Id 0 and Pid 0 started with status STATUS_SUCCESS.
Information	08/10/2025 07:02:20	LsaSrv	6156	Aucun	"État de l’activation automatique de Credential Guard.

Exigences matérielles pour la sécurité basée sur la virtualisation :	1
Domaine joint :	0
Azure AD joint :	0
 Sous licence pour Credential Guard :	0
Contrôleur de domaine :	0"
Information	08/10/2025 07:02:20	Microsoft-Windows-Wininit	12	Aucun	LSASS.exe a démarré en tant que processus protégé avec le niveau : 4.
Information	08/10/2025 07:02:20	Microsoft-Windows-Wininit	18	Aucun	L’isolation de clé VBS a démarré et protégera les clés isolées par VSM.
Information	08/10/2025 07:02:20	Microsoft-Windows-IsolatedUserMode	1	Aucun	Secure Trustlet \??\C:\WINDOWS\system32\lsaiso.exe Id 1 and Pid 1404 started with status STATUS_SUCCESS.
Information	08/10/2025 07:02:20	Microsoft-Windows-IsolatedUserMode	5	Aucun	Secure Trustlet NULL Id 0 and Pid 0 started with status STATUS_SUCCESS.
Information	08/10/2025 07:02:20	Microsoft-Windows-Wininit	14	Aucun	"Configuration d’Credential Guard : configuration du Registre 

:  0x0
configuration de test : activation automatique  0
:  0"
Information	08/10/2025 07:02:20	Win32k	267	Aucun	La vérification d'assurance qualité du matériel tactile a réussi.
Information	08/10/2025 07:02:19	Microsoft-Windows-Wininit	23	Aucun	"Anti-restauration de l’application de démarrage : initialisation terminée avec status :
HRESULT : L’opération a réussi.
Nouveau minuteur nécessaire : false
Nouveau minuteur en attente de la fin de la mise à jour du système : false
Le minuteur de verrou précédent existe mais il est désactivé par Registry : false
"
Information	08/10/2025 07:02:19	Microsoft-Windows-Wininit	25	Aucun	"Anti-restauration de l’application de démarrage : le minuteur précédent a repris avec status :

HRESULT : L’opération a réussi.
Minuteur précédent présent : true
Heure de début : ‎2025‎-‎09‎-‎10T05:59:05.268480600Z
Période de grâce : 51840000000000
Réussite de l’application de la tentative de récupération : false
"
Information	08/10/2025 07:02:19	Microsoft-Windows-Wininit	24	Aucun	"Anti-restauration de l’application de démarrage : démarrage du minuteur terminé avec status :

Win32Error : 0
Heure de début : ‎2025‎-‎09‎-‎10T05:59:05.268480600Z
Période de grâce : 51840000000000
Heure d’échéance : ‎2025‎-‎11‎-‎09T05:59:05.268480600Z
"
Information	08/10/2025 07:02:19	Microsoft-Windows-Wininit	19	Aucun	"État de création du nouveau minuteur de sécurité basé sur la virtualisation

HRESULT : L’opération a réussi.
Nouveau minuteur de verrou requis : false
Nouveau minuteur de verrou en attente de la fin de la mise à jour du système : false
Le minuteur de verrou précédent existe mais est désactivé par le registre : false
Le fichier de stratégie existe : false
"
Avertissement	08/10/2025 07:02:14	Microsoft-Windows-Kernel-PnP	219	(212)	"Échec du chargement du pilote \Driver\WUDFRd.
Périphérique : {DD8E82AE-334B-49A2-AEAE-AEB0FD5C40DD}\DetectionVerification\5&2c1f7258&0&0
État : 0xC0000365"
Information	08/10/2025 07:02:14	Microsoft-Windows-DriverFrameworks-UserMode	10118	Startup of the UMDF reflector	Le réflecteur UMDF n'est pas en mesure de se connecter au Gestionnaire de contrôle des services. Ce comportement est normal pendant le démarrage, quand le Gestionnaire de contrôle des services n'a pas encore démarré. Une nouvelle tentative aura lieu après son démarrage.
Information	08/10/2025 07:02:13	Netwtw10	7023	Aucun	7023 - secure boot debug logging Quasar
Information	08/10/2025 07:02:13	Netwtw10	7017	Aucun	7017 - secure boot (SB) configuration
Information	08/10/2025 07:02:13	Netwtw10	7010	Aucun	7010 - driver enabled (miniport init)
Information	08/10/2025 07:02:13	nhi	9001	Aucun	"Thunderbolt driver is loaded and initialized connection to HW.
 Driver version: 1.41.1420.0
 NVM version: 61:0
"
Information	08/10/2025 07:02:13	Netwtw10	7002	Aucun	7002 - CTDP power limit value (SPLC)
Information	08/10/2025 07:02:13	Netwtw10	7005	Aucun	7005 - SAR value max TX power (WRDS)
Information	08/10/2025 07:02:13	MEIx64	2	Aucun	Intel(R) Management Engine Interface driver has started successfully.
Information	08/10/2025 07:02:13	Netwtw10	7027	Aucun	7027 - get Nic Manufacturere on init
Information	08/10/2025 07:02:13	Netwtw10	7036	Aucun	Le service \Device\NDMP5 est entré dans l’état : Intel(R) Wi-Fi 6 AX201 160MHz.
Information	08/10/2025 07:02:13	Microsoft-Windows-Kernel-Power	521	(220)	Changement du nombre de batteries actives.
Information	08/10/2025 07:02:13	Microsoft-Windows-Kernel-Processor-Power	55	(47)	"Le processeur 11 du groupe 0 présente les caractéristiques de gestion de l’alimentation suivantes :

Type d’état d’inactivité : ACPI Idle (C) States (3 état(s))

Type d’état de performances : ACPI Collaborative Processor Performance Control
Fréquence nominale (MHz) : 2592
Pourcentage de performances maximales : 192
Pourcentage de performances minimales : 42
Pourcentage d’accélération minimale : 3"
Information	08/10/2025 07:02:13	Microsoft-Windows-Kernel-Processor-Power	55	(47)	"Le processeur 9 du groupe 0 présente les caractéristiques de gestion de l’alimentation suivantes :

Type d’état d’inactivité : ACPI Idle (C) States (3 état(s))

Type d’état de performances : ACPI Collaborative Processor Performance Control
Fréquence nominale (MHz) : 2592
Pourcentage de performances maximales : 192
Pourcentage de performances minimales : 42
Pourcentage d’accélération minimale : 3"
Information	08/10/2025 07:02:13	Microsoft-Windows-Kernel-Processor-Power	55	(47)	"Le processeur 7 du groupe 0 présente les caractéristiques de gestion de l’alimentation suivantes :

Type d’état d’inactivité : ACPI Idle (C) States (3 état(s))

Type d’état de performances : ACPI Collaborative Processor Performance Control
Fréquence nominale (MHz) : 2592
Pourcentage de performances maximales : 192
Pourcentage de performances minimales : 42
Pourcentage d’accélération minimale : 3"
