Information	11/10/2025 17:59:00	Microsoft-Windows-HttpService	113	HTTP Configuration Property Trace Task	Tentative d’ajout de l’URL (http://*:2869/upnp/eventing/) au groupe d’URL (0xFF00000220000014). État : 0x0. ID de processus 0x20C4 \Device\HarddiskVolume5\Windows\System32\svchost.exe de chemin d’accès de l’exécutable, SERVICE LOCAL  utilisateur
Information	11/10/2025 17:58:58	Microsoft-Windows-HttpService	114	HTTP Configuration Property Trace Task	URL (http://*:2869/upnp/eventing/) supprimée du groupe d’URL (0xFE0000002000000E). ID de processus 0x20C4 chemin d’accès de l’exécutable \Device\HarddiskVolume5\Windows\System32\svchost.exe, SERVICE LOCAL  utilisateur
Information	11/10/2025 17:58:58	Microsoft-Windows-HttpService	113	HTTP Configuration Property Trace Task	Tentative d’ajout de l’URL (http://*:2869/upnp/eventing/) au groupe d’URL (0xFE0000002000000E). État : 0x0. ID de processus 0x20C4 \Device\HarddiskVolume5\Windows\System32\svchost.exe de chemin d’accès de l’exécutable, SERVICE LOCAL  utilisateur
Information	11/10/2025 17:58:58	Microsoft-Windows-HttpService	114	HTTP Configuration Property Trace Task	URL (http://*:2869/upnp/eventing/) supprimée du groupe d’URL (0xFF00000220000013). ID de processus 0x20C4 chemin d’accès de l’exécutable \Device\HarddiskVolume5\Windows\System32\svchost.exe, SERVICE LOCAL  utilisateur
Information	11/10/2025 17:58:58	Microsoft-Windows-HttpService	113	HTTP Configuration Property Trace Task	Tentative d’ajout de l’URL (http://*:2869/upnp/eventing/) au groupe d’URL (0xFF00000220000013). État : 0x0. ID de processus 0x20C4 \Device\HarddiskVolume5\Windows\System32\svchost.exe de chemin d’accès de l’exécutable, SERVICE LOCAL  utilisateur
Information	11/10/2025 17:58:58	Microsoft-Windows-HttpService	114	HTTP Configuration Property Trace Task	URL (http://*:2869/upnp/eventing/) supprimée du groupe d’URL (0xFE0000002000000D). ID de processus 0x20C4 chemin d’accès de l’exécutable \Device\HarddiskVolume5\Windows\System32\svchost.exe, SERVICE LOCAL  utilisateur
Information	11/10/2025 17:58:58	Microsoft-Windows-HttpService	113	HTTP Configuration Property Trace Task	Tentative d’ajout de l’URL (http://*:2869/upnp/eventing/) au groupe d’URL (0xFE0000002000000D). État : 0x0. ID de processus 0x20C4 \Device\HarddiskVolume5\Windows\System32\svchost.exe de chemin d’accès de l’exécutable, SERVICE LOCAL  utilisateur
Information	11/10/2025 17:58:58	Microsoft-Windows-HttpService	114	HTTP Configuration Property Trace Task	URL (http://*:2869/upnp/eventing/) supprimée du groupe d’URL (0xFE00000620000007). ID de processus 0x20C4 chemin d’accès de l’exécutable \Device\HarddiskVolume5\Windows\System32\svchost.exe, SERVICE LOCAL  utilisateur
Information	11/10/2025 17:58:58	Microsoft-Windows-HttpService	113	HTTP Configuration Property Trace Task	Tentative d’ajout de l’URL (http://*:2869/upnp/eventing/) au groupe d’URL (0xFE00000620000007). État : 0x0. ID de processus 0x20C4 \Device\HarddiskVolume5\Windows\System32\svchost.exe de chemin d’accès de l’exécutable, SERVICE LOCAL  utilisateur
Information	11/10/2025 17:58:54	Service Control Manager	7040	Aucun	Le type de démarrage du service Service de transfert intelligent en arrière-plan est passé de Démarrage à la demande à Démarrage automatique.
Information	11/10/2025 17:43:16	Microsoft-Windows-WindowsUpdateClient	19	Agent de mise à jour automatique Windows Update	Installation réussie : Windows a installé la mise à jour suivante : 9PKDZBMV1H3T-Microsoft.GetHelp
Information	11/10/2025 17:43:15	Microsoft-Windows-Kernel-General	16	Aucun	L’historique des accès de la ruche \??\C:\Users\Perceval\AppData\Local\Packages\Microsoft.GetHelp_8wekyb3d8bbwe\Settings\settings.dat a été effacé, mettant à jour 2 clés et créant 1 pages modifiées.
Information	11/10/2025 17:43:15	Microsoft-Windows-WindowsUpdateClient	43	Agent de mise à jour automatique Windows Update	Installation démarrée : Windows a commencé l'installation de la mise à jour suivante : 9PKDZBMV1H3T-Microsoft.GetHelp
Information	11/10/2025 17:43:14	Microsoft-Windows-Kernel-General	16	Aucun	L’historique des accès de la ruche \??\C:\ProgramData\Microsoft\Windows\AppRepository\Packages\Microsoft.GetHelp_10.2409.32612.0_x64__8wekyb3d8bbwe\ActivationStore.dat a été effacé, mettant à jour 0 clés et créant 0 pages modifiées.
Information	11/10/2025 17:43:11	Microsoft-Windows-WindowsUpdateClient	19	Agent de mise à jour automatique Windows Update	Installation réussie : Windows a installé la mise à jour suivante : 9NBLGGH4LS1F-Microsoft.StorePurchaseApp
Information	11/10/2025 17:43:11	Microsoft-Windows-Kernel-General	16	Aucun	L’historique des accès de la ruche \??\C:\Users\Perceval\AppData\Local\Packages\Microsoft.StorePurchaseApp_8wekyb3d8bbwe\Settings\settings.dat a été effacé, mettant à jour 7 clés et créant 2 pages modifiées.
Information	11/10/2025 17:43:10	Microsoft-Windows-WindowsUpdateClient	43	Agent de mise à jour automatique Windows Update	Installation démarrée : Windows a commencé l'installation de la mise à jour suivante : 9NBLGGH4LS1F-Microsoft.StorePurchaseApp
Information	11/10/2025 17:43:10	Microsoft-Windows-Kernel-General	16	Aucun	L’historique des accès de la ruche \??\C:\ProgramData\Microsoft\Windows\AppRepository\Packages\Microsoft.StorePurchaseApp_22508.1401.3.0_x64__8wekyb3d8bbwe\ActivationStore.dat a été effacé, mettant à jour 0 clés et créant 0 pages modifiées.
Information	11/10/2025 17:43:06	Microsoft-Windows-WindowsUpdateClient	44	Agent de mise à jour automatique Windows Update	Windows Update a démarré le téléchargement d'une mise à jour.
Information	11/10/2025 17:43:03	Microsoft-Windows-WindowsUpdateClient	44	Agent de mise à jour automatique Windows Update	Windows Update a démarré le téléchargement d'une mise à jour.
Information	11/10/2025 17:35:48	Microsoft-Windows-Time-Service	37	Aucun	Le fournisseur de temps NtpClient reçoit actuellement des données de temps valides à partir de time.windows.com,0x9 (ntp.m|0x9|0.0.0.0:123->51.145.123.29:123).
Information	11/10/2025 16:12:28	Volsnap	33	Aucun	L’ancien cliché instantané du volume C: a été abandonné pour conserver l’utilisation d’espace disque pour les clichés instantanés de volume C: sous la limite définie par l’utilisateur.
Information	11/10/2025 12:58:19	Microsoft-Windows-WindowsUpdateClient	44	Agent de mise à jour automatique Windows Update	Windows Update a démarré le téléchargement d'une mise à jour.
Information	11/10/2025 12:11:23	Microsoft-Windows-WindowsUpdateClient	19	Agent de mise à jour automatique Windows Update	Installation réussie : Windows a installé la mise à jour suivante : Mise à jour de la sélection disjointe pour Microsoft Defender Antivirus – 2267602 Ko (version 1.439.87.0) – Canal actuel (large)
Information	11/10/2025 12:11:14	Microsoft-Windows-WindowsUpdateClient	43	Agent de mise à jour automatique Windows Update	Installation démarrée : Windows a commencé l'installation de la mise à jour suivante : Mise à jour de la sélection disjointe pour Microsoft Defender Antivirus – 2267602 Ko (version 1.439.87.0) – Canal actuel (large)
Information	11/10/2025 12:11:14	Microsoft-Windows-WindowsUpdateClient	44	Agent de mise à jour automatique Windows Update	Windows Update a démarré le téléchargement d'une mise à jour.
Information	11/10/2025 12:00:00	EventLog	6013	Aucun	La durée active du système est de 176598 secondes.
Information	11/10/2025 11:26:58	Microsoft-Windows-Kernel-General	16	Aucun	L’historique des accès de la ruche \??\C:\ProgramData\Packages\Microsoft.WindowsStore_8wekyb3d8bbwe\S-1-5-21-279605357-448217104-2738636231-1001\SystemAppData\Helium\Cache\f61be072407162c0_COM15.dat a été effacé, mettant à jour 1 clés et créant 1 pages modifiées.
Information	11/10/2025 11:07:35	Microsoft-Windows-WindowsUpdateClient	19	Agent de mise à jour automatique Windows Update	Installation réussie : Windows a installé la mise à jour suivante : Mise à jour de la sélection disjointe pour Microsoft Defender Antivirus – 2267602 Ko (version 1.439.84.0) – Canal actuel (large)
Information	11/10/2025 11:07:25	Microsoft-Windows-WindowsUpdateClient	43	Agent de mise à jour automatique Windows Update	Installation démarrée : Windows a commencé l'installation de la mise à jour suivante : Mise à jour de la sélection disjointe pour Microsoft Defender Antivirus – 2267602 Ko (version 1.439.84.0) – Canal actuel (large)
Information	11/10/2025 11:07:25	Microsoft-Windows-WindowsUpdateClient	44	Agent de mise à jour automatique Windows Update	Windows Update a démarré le téléchargement d'une mise à jour.
Information	11/10/2025 09:52:40	Microsoft-Windows-Kernel-General	16	Aucun	L’historique des accès de la ruche \??\C:\Users\Perceval\AppData\Local\Packages\Microsoft.ZuneMusic_8wekyb3d8bbwe\Settings\settings.dat a été effacé, mettant à jour 1 clés et créant 1 pages modifiées.
Information	11/10/2025 08:07:33	Microsoft-Windows-Kernel-General	16	Aucun	L’historique des accès de la ruche \SystemRoot\System32\config\DRIVERS a été effacé, mettant à jour 50656 clés et créant 3036 pages modifiées.
Information	11/10/2025 05:19:06	Microsoft-Windows-Kernel-General	16	Aucun	L’historique des accès de la ruche \??\C:\ProgramData\Microsoft\Windows\AppRepository\Packages\Microsoft.Edge.GameAssist_1.0.3590.0_x64__8wekyb3d8bbwe\ActivationStore.dat a été effacé, mettant à jour 0 clés et créant 0 pages modifiées.
Information	11/10/2025 05:00:02	Netwtw10	7021	Aucun	7021 - Connection telemetry fields and analysis usage
Information	11/10/2025 05:00:00	Netwtw10	7021	Aucun	7021 - Connection telemetry fields and analysis usage
Information	11/10/2025 04:59:58	Netwtw10	7021	Aucun	7021 - Connection telemetry fields and analysis usage
Information	11/10/2025 04:59:55	Netwtw10	7021	Aucun	7021 - Connection telemetry fields and analysis usage
Information	11/10/2025 04:59:54	Netwtw10	7021	Aucun	7021 - Connection telemetry fields and analysis usage
Information	11/10/2025 04:59:53	Netwtw10	7021	Aucun	7021 - Connection telemetry fields and analysis usage
Information	11/10/2025 04:59:52	Netwtw10	7021	Aucun	7021 - Connection telemetry fields and analysis usage
Information	11/10/2025 04:59:44	Netwtw10	7021	Aucun	7021 - Connection telemetry fields and analysis usage
Information	11/10/2025 04:59:41	Netwtw10	7021	Aucun	7021 - Connection telemetry fields and analysis usage
Information	11/10/2025 04:59:39	Netwtw10	7021	Aucun	7021 - Connection telemetry fields and analysis usage
Information	11/10/2025 04:59:32	Netwtw10	7021	Aucun	7021 - Connection telemetry fields and analysis usage
Information	11/10/2025 04:59:21	Netwtw10	7021	Aucun	7021 - Connection telemetry fields and analysis usage
Information	11/10/2025 04:59:19	Netwtw10	7021	Aucun	7021 - Connection telemetry fields and analysis usage
Information	11/10/2025 04:59:14	Netwtw10	7021	Aucun	7021 - Connection telemetry fields and analysis usage
Avertissement	11/10/2025 04:04:41	Tcpip	4231	Aucun	Une demande d’allocation d’un numéro de port éphémère de l’espace de port TCP global a échoué car tous les ports de ce type sont utilisés.
Information	11/10/2025 03:01:26	Service Control Manager	7040	Aucun	Le type de démarrage du service Service de transfert intelligent en arrière-plan est passé de Démarrage automatique à Démarrage à la demande.
Information	11/10/2025 02:59:14	Microsoft-Windows-HttpService	114	HTTP Configuration Property Trace Task	URL (http://*:2869/upnp/eventing/) supprimée du groupe d’URL (0xFF00000220000012). ID de processus 0x20C4 chemin d’accès de l’exécutable \Device\HarddiskVolume5\Windows\System32\svchost.exe, SERVICE LOCAL  utilisateur
Information	11/10/2025 02:59:14	Microsoft-Windows-HttpService	113	HTTP Configuration Property Trace Task	Tentative d’ajout de l’URL (http://*:2869/upnp/eventing/) au groupe d’URL (0xFF00000220000012). État : 0x0. ID de processus 0x20C4 \Device\HarddiskVolume5\Windows\System32\svchost.exe de chemin d’accès de l’exécutable, SERVICE LOCAL  utilisateur
Information	11/10/2025 02:59:03	Microsoft-Windows-HttpService	114	HTTP Configuration Property Trace Task	URL (http://*:2869/upnp/eventing/) supprimée du groupe d’URL (0xFE00000820000008). ID de processus 0x20C4 chemin d’accès de l’exécutable \Device\HarddiskVolume5\Windows\System32\svchost.exe, SERVICE LOCAL  utilisateur
Information	11/10/2025 02:59:03	Microsoft-Windows-HttpService	113	HTTP Configuration Property Trace Task	Tentative d’ajout de l’URL (http://*:2869/upnp/eventing/) au groupe d’URL (0xFE00000820000008). État : 0x0. ID de processus 0x20C4 \Device\HarddiskVolume5\Windows\System32\svchost.exe de chemin d’accès de l’exécutable, SERVICE LOCAL  utilisateur
Information	11/10/2025 02:59:02	Microsoft-Windows-HttpService	114	HTTP Configuration Property Trace Task	URL (http://*:2869/upnp/eventing/) supprimée du groupe d’URL (0xFF00000220000011). ID de processus 0x20C4 chemin d’accès de l’exécutable \Device\HarddiskVolume5\Windows\System32\svchost.exe, SERVICE LOCAL  utilisateur
Information	11/10/2025 02:59:02	Microsoft-Windows-HttpService	113	HTTP Configuration Property Trace Task	Tentative d’ajout de l’URL (http://*:2869/upnp/eventing/) au groupe d’URL (0xFF00000220000011). État : 0x0. ID de processus 0x20C4 \Device\HarddiskVolume5\Windows\System32\svchost.exe de chemin d’accès de l’exécutable, SERVICE LOCAL  utilisateur
Information	11/10/2025 02:59:02	Microsoft-Windows-HttpService	114	HTTP Configuration Property Trace Task	URL (http://*:2869/upnp/eventing/) supprimée du groupe d’URL (0xFE00000920000006). ID de processus 0x20C4 chemin d’accès de l’exécutable \Device\HarddiskVolume5\Windows\System32\svchost.exe, SERVICE LOCAL  utilisateur
Information	11/10/2025 02:59:02	Microsoft-Windows-HttpService	113	HTTP Configuration Property Trace Task	Tentative d’ajout de l’URL (http://*:2869/upnp/eventing/) au groupe d’URL (0xFE00000920000006). État : 0x0. ID de processus 0x20C4 \Device\HarddiskVolume5\Windows\System32\svchost.exe de chemin d’accès de l’exécutable, SERVICE LOCAL  utilisateur
Information	11/10/2025 02:59:01	Microsoft-Windows-HttpService	114	HTTP Configuration Property Trace Task	URL (http://*:2869/upnp/eventing/) supprimée du groupe d’URL (0xFF00000420000008). ID de processus 0x20C4 chemin d’accès de l’exécutable \Device\HarddiskVolume5\Windows\System32\svchost.exe, SERVICE LOCAL  utilisateur
Information	11/10/2025 02:59:01	Microsoft-Windows-HttpService	113	HTTP Configuration Property Trace Task	Tentative d’ajout de l’URL (http://*:2869/upnp/eventing/) au groupe d’URL (0xFF00000420000008). État : 0x0. ID de processus 0x20C4 \Device\HarddiskVolume5\Windows\System32\svchost.exe de chemin d’accès de l’exécutable, SERVICE LOCAL  utilisateur
Information	11/10/2025 02:59:01	Microsoft-Windows-HttpService	114	HTTP Configuration Property Trace Task	URL (http://*:2869/upnp/eventing/) supprimée du groupe d’URL (0xFF00000220000010). ID de processus 0x20C4 chemin d’accès de l’exécutable \Device\HarddiskVolume5\Windows\System32\svchost.exe, SERVICE LOCAL  utilisateur
Information	11/10/2025 02:59:01	Microsoft-Windows-HttpService	113	HTTP Configuration Property Trace Task	Tentative d’ajout de l’URL (http://*:2869/upnp/eventing/) au groupe d’URL (0xFF00000220000010). État : 0x0. ID de processus 0x20C4 \Device\HarddiskVolume5\Windows\System32\svchost.exe de chemin d’accès de l’exécutable, SERVICE LOCAL  utilisateur
Information	11/10/2025 02:59:00	Microsoft-Windows-HttpService	114	HTTP Configuration Property Trace Task	URL (http://*:2869/upnp/eventing/) supprimée du groupe d’URL (0xFF0000022000000F). ID de processus 0x20C4 chemin d’accès de l’exécutable \Device\HarddiskVolume5\Windows\System32\svchost.exe, SERVICE LOCAL  utilisateur
Information	11/10/2025 02:59:00	Microsoft-Windows-HttpService	113	HTTP Configuration Property Trace Task	Tentative d’ajout de l’URL (http://*:2869/upnp/eventing/) au groupe d’URL (0xFF0000022000000F). État : 0x0. ID de processus 0x20C4 \Device\HarddiskVolume5\Windows\System32\svchost.exe de chemin d’accès de l’exécutable, SERVICE LOCAL  utilisateur
Information	11/10/2025 02:59:00	Microsoft-Windows-HttpService	114	HTTP Configuration Property Trace Task	URL (http://*:2869/upnp/eventing/) supprimée du groupe d’URL (0xFF00000420000007). ID de processus 0x20C4 chemin d’accès de l’exécutable \Device\HarddiskVolume5\Windows\System32\svchost.exe, SERVICE LOCAL  utilisateur
Information	11/10/2025 02:59:00	Microsoft-Windows-HttpService	113	HTTP Configuration Property Trace Task	Tentative d’ajout de l’URL (http://*:2869/upnp/eventing/) au groupe d’URL (0xFF00000420000007). État : 0x0. ID de processus 0x20C4 \Device\HarddiskVolume5\Windows\System32\svchost.exe de chemin d’accès de l’exécutable, SERVICE LOCAL  utilisateur
Information	11/10/2025 02:58:58	Microsoft-Windows-HttpService	114	HTTP Configuration Property Trace Task	URL (http://*:2869/upnp/eventing/) supprimée du groupe d’URL (0xFF0000022000000E). ID de processus 0x20C4 chemin d’accès de l’exécutable \Device\HarddiskVolume5\Windows\System32\svchost.exe, SERVICE LOCAL  utilisateur
Information	11/10/2025 02:58:58	Microsoft-Windows-HttpService	113	HTTP Configuration Property Trace Task	Tentative d’ajout de l’URL (http://*:2869/upnp/eventing/) au groupe d’URL (0xFF0000022000000E). État : 0x0. ID de processus 0x20C4 \Device\HarddiskVolume5\Windows\System32\svchost.exe de chemin d’accès de l’exécutable, SERVICE LOCAL  utilisateur
Information	11/10/2025 02:58:58	Microsoft-Windows-HttpService	114	HTTP Configuration Property Trace Task	URL (http://*:2869/upnp/eventing/) supprimée du groupe d’URL (0xFF0000022000000D). ID de processus 0x20C4 chemin d’accès de l’exécutable \Device\HarddiskVolume5\Windows\System32\svchost.exe, SERVICE LOCAL  utilisateur
Information	11/10/2025 02:58:58	Microsoft-Windows-HttpService	113	HTTP Configuration Property Trace Task	Tentative d’ajout de l’URL (http://*:2869/upnp/eventing/) au groupe d’URL (0xFF0000022000000D). État : 0x0. ID de processus 0x20C4 \Device\HarddiskVolume5\Windows\System32\svchost.exe de chemin d’accès de l’exécutable, SERVICE LOCAL  utilisateur
Information	11/10/2025 02:58:58	Microsoft-Windows-HttpService	114	HTTP Configuration Property Trace Task	URL (http://*:2869/upnp/eventing/) supprimée du groupe d’URL (0xFE0000002000000C). ID de processus 0x20C4 chemin d’accès de l’exécutable \Device\HarddiskVolume5\Windows\System32\svchost.exe, SERVICE LOCAL  utilisateur
Information	11/10/2025 02:58:58	Microsoft-Windows-HttpService	113	HTTP Configuration Property Trace Task	Tentative d’ajout de l’URL (http://*:2869/upnp/eventing/) au groupe d’URL (0xFE0000002000000C). État : 0x0. ID de processus 0x20C4 \Device\HarddiskVolume5\Windows\System32\svchost.exe de chemin d’accès de l’exécutable, SERVICE LOCAL  utilisateur
Information	11/10/2025 02:58:58	Microsoft-Windows-HttpService	114	HTTP Configuration Property Trace Task	URL (http://*:2869/upnp/eventing/) supprimée du groupe d’URL (0xFE00000A20000003). ID de processus 0x20C4 chemin d’accès de l’exécutable \Device\HarddiskVolume5\Windows\System32\svchost.exe, SERVICE LOCAL  utilisateur
Information	11/10/2025 02:58:58	Microsoft-Windows-HttpService	113	HTTP Configuration Property Trace Task	Tentative d’ajout de l’URL (http://*:2869/upnp/eventing/) au groupe d’URL (0xFE00000A20000003). État : 0x0. ID de processus 0x20C4 \Device\HarddiskVolume5\Windows\System32\svchost.exe de chemin d’accès de l’exécutable, SERVICE LOCAL  utilisateur
Information	11/10/2025 02:58:54	Service Control Manager	7040	Aucun	Le type de démarrage du service Service de transfert intelligent en arrière-plan est passé de Démarrage à la demande à Démarrage automatique.
Information	10/10/2025 23:29:57	Microsoft-Windows-WindowsUpdateClient	19	Agent de mise à jour automatique Windows Update	Installation réussie : Windows a installé la mise à jour suivante : Mise à jour de la sélection disjointe pour Microsoft Defender Antivirus – 2267602 Ko (version 1.439.74.0) – Canal actuel (large)
Information	10/10/2025 23:29:49	Microsoft-Windows-WindowsUpdateClient	43	Agent de mise à jour automatique Windows Update	Installation démarrée : Windows a commencé l'installation de la mise à jour suivante : Mise à jour de la sélection disjointe pour Microsoft Defender Antivirus – 2267602 Ko (version 1.439.74.0) – Canal actuel (large)
Information	10/10/2025 23:29:49	Microsoft-Windows-WindowsUpdateClient	44	Agent de mise à jour automatique Windows Update	Windows Update a démarré le téléchargement d'une mise à jour.
Information	10/10/2025 22:23:24	Microsoft-Windows-Kernel-General	15	(10)	La ruche \??\Volume{b582b3c3-6e25-4549-9c3d-bfcc021e2b82}\System Volume Information\SPP\SppCbsHiveStore\{cd42efe1-f6f1-427c-b004-033192c625a4}{B963E04A-835C-4D3D-9FD9-542707F4BA1D} a été réorganisée avec une taille de départ de 128581632 octets et une taille de fin de 108716032 octets.
Information	10/10/2025 22:23:22	Microsoft-Windows-Kernel-General	16	Aucun	L’historique des accès de la ruche \??\Volume{b582b3c3-6e25-4549-9c3d-bfcc021e2b82}\System Volume Information\SPP\SppCbsHiveStore\{cd42efe1-f6f1-427c-b004-033192c625a4}{9B93DC6B-9520-423B-A2C3-A7A4782E9E6B} a été effacé, mettant à jour 943 clés et créant 140 pages modifiées.
Information	10/10/2025 22:23:21	Microsoft-Windows-Kernel-General	16	Aucun	L’historique des accès de la ruche \??\Volume{b582b3c3-6e25-4549-9c3d-bfcc021e2b82}\System Volume Information\SPP\SppCbsHiveStore\{cd42efe1-f6f1-427c-b004-033192c625a4}{6809FBA7-57D5-48F6-8145-3FB9ADC05BDA} a été effacé, mettant à jour 94 clés et créant 3 pages modifiées.
Information	10/10/2025 22:23:21	Microsoft-Windows-Kernel-General	16	Aucun	L’historique des accès de la ruche \??\Volume{b582b3c3-6e25-4549-9c3d-bfcc021e2b82}\System Volume Information\SPP\SppCbsHiveStore\{cd42efe1-f6f1-427c-b004-033192c625a4}{BAA20097-E95D-498A-A055-E848E437126E} a été effacé, mettant à jour 61 clés et créant 7 pages modifiées.
Information	10/10/2025 22:23:21	Microsoft-Windows-Kernel-General	15	(10)	La ruche \??\Volume{b582b3c3-6e25-4549-9c3d-bfcc021e2b82}\System Volume Information\SPP\SppCbsHiveStore\{cd42efe1-f6f1-427c-b004-033192c625a4}{C0798A5D-078C-4698-8DC5-DD3EDB3EACDB} a été réorganisée avec une taille de départ de 49844224 octets et une taille de fin de 48353280 octets.
Information	10/10/2025 22:23:14	Microsoft-Windows-Kernel-General	11	Aucun	Phase d’initialisation de TxR pour la ruche \??\GLOBALROOT\Device\HarddiskVolumeShadowCopy2\WINDOWS\System32\config\SOFTWARE (TM : {9118da1b-a613-11f0-a738-005056c00008}, RM : {9118da1a-a613-11f0-a738-005056c00008}) terminée avec le résultat=0xC00000A2 (Code interne=7).
Information	10/10/2025 22:23:14	Microsoft-Windows-Kernel-General	15	(10)	La ruche \??\GLOBALROOT\Device\HarddiskVolumeShadowCopy2\WINDOWS\System32\config\SOFTWARE a été réorganisée avec une taille de départ de 128581632 octets et une taille de fin de 108716032 octets.
Information	10/10/2025 22:23:10	Microsoft-Windows-Kernel-General	11	Aucun	Phase d’initialisation de TxR pour la ruche \??\GLOBALROOT\Device\HarddiskVolumeShadowCopy2\WINDOWS\System32\config\DRIVERS (TM : {9118da14-a613-11f0-a738-005056c00008}, RM : {9118da13-a613-11f0-a738-005056c00008}) terminée avec le résultat=0xC00000A2 (Code interne=7).
Information	10/10/2025 22:23:10	Microsoft-Windows-Kernel-General	11	Aucun	Phase d’initialisation de TxR pour la ruche \??\GLOBALROOT\Device\HarddiskVolumeShadowCopy2\WINDOWS\System32\config\SYSTEM (TM : {9118da11-a613-11f0-a738-005056c00008}, RM : {9118da10-a613-11f0-a738-005056c00008}) terminée avec le résultat=0xC00000A2 (Code interne=7).
Information	10/10/2025 22:23:10	Microsoft-Windows-Kernel-General	15	(10)	La ruche \??\GLOBALROOT\Device\HarddiskVolumeShadowCopy2\WINDOWS\System32\config\SYSTEM a été réorganisée avec une taille de départ de 49844224 octets et une taille de fin de 48353280 octets.
Information	10/10/2025 22:23:08	Microsoft-Windows-Kernel-General	15	(10)	La ruche \??\Volume{b582b3c3-6e25-4549-9c3d-bfcc021e2b82}\System Volume Information\SPP\SppCbsHiveStore\{cd42efe1-f6f1-427c-b004-033192c625a4}{AE2B2902-E545-43C5-8AD0-3D45223A1232} a été réorganisée avec une taille de départ de 128581632 octets et une taille de fin de 108728320 octets.
Information	10/10/2025 22:23:05	Microsoft-Windows-Kernel-General	16	Aucun	L’historique des accès de la ruche \??\Volume{b582b3c3-6e25-4549-9c3d-bfcc021e2b82}\System Volume Information\SPP\SppCbsHiveStore\{cd42efe1-f6f1-427c-b004-033192c625a4}{75D2F304-5B2A-4E9B-884F-827CE2B5067C} a été effacé, mettant à jour 943 clés et créant 140 pages modifiées.
Information	10/10/2025 22:23:05	Microsoft-Windows-Kernel-General	16	Aucun	L’historique des accès de la ruche \??\Volume{b582b3c3-6e25-4549-9c3d-bfcc021e2b82}\System Volume Information\SPP\SppCbsHiveStore\{cd42efe1-f6f1-427c-b004-033192c625a4}{CE157459-14B1-4DA8-81FB-CE0236516E6D} a été effacé, mettant à jour 94 clés et créant 3 pages modifiées.
Information	10/10/2025 22:23:05	Microsoft-Windows-Kernel-General	16	Aucun	L’historique des accès de la ruche \??\Volume{b582b3c3-6e25-4549-9c3d-bfcc021e2b82}\System Volume Information\SPP\SppCbsHiveStore\{cd42efe1-f6f1-427c-b004-033192c625a4}{D5587470-7593-4D56-9A9C-CD757574C9D0} a été effacé, mettant à jour 61 clés et créant 7 pages modifiées.
Information	10/10/2025 22:23:04	Microsoft-Windows-Kernel-General	15	(10)	La ruche \??\Volume{b582b3c3-6e25-4549-9c3d-bfcc021e2b82}\System Volume Information\SPP\SppCbsHiveStore\{cd42efe1-f6f1-427c-b004-033192c625a4}{B315A3F3-A892-4D0F-B729-729C2C3EF4B4} a été réorganisée avec une taille de départ de 49844224 octets et une taille de fin de 48353280 octets.
Information	10/10/2025 22:22:57	Microsoft-Windows-Kernel-General	11	Aucun	Phase d’initialisation de TxR pour la ruche \??\GLOBALROOT\Device\HarddiskVolumeShadowCopy3\WINDOWS\System32\config\SOFTWARE (TM : {9118d9e6-a613-11f0-a738-005056c00008}, RM : {9118d9e5-a613-11f0-a738-005056c00008}) terminée avec le résultat=0xC00000A2 (Code interne=7).
Information	10/10/2025 22:22:57	Microsoft-Windows-Kernel-General	15	(10)	La ruche \??\GLOBALROOT\Device\HarddiskVolumeShadowCopy3\WINDOWS\System32\config\SOFTWARE a été réorganisée avec une taille de départ de 128581632 octets et une taille de fin de 108728320 octets.
Information	10/10/2025 22:22:54	Microsoft-Windows-Kernel-General	11	Aucun	Phase d’initialisation de TxR pour la ruche \??\GLOBALROOT\Device\HarddiskVolumeShadowCopy3\WINDOWS\System32\config\DRIVERS (TM : {9118d9e1-a613-11f0-a738-005056c00008}, RM : {9118d9e0-a613-11f0-a738-005056c00008}) terminée avec le résultat=0xC00000A2 (Code interne=7).
Information	10/10/2025 22:22:54	Microsoft-Windows-Kernel-General	11	Aucun	Phase d’initialisation de TxR pour la ruche \??\GLOBALROOT\Device\HarddiskVolumeShadowCopy3\WINDOWS\System32\config\SYSTEM (TM : {9118d9de-a613-11f0-a738-005056c00008}, RM : {9118d9dd-a613-11f0-a738-005056c00008}) terminée avec le résultat=0xC00000A2 (Code interne=7).
Information	10/10/2025 22:22:54	Microsoft-Windows-Kernel-General	15	(10)	La ruche \??\GLOBALROOT\Device\HarddiskVolumeShadowCopy3\WINDOWS\System32\config\SYSTEM a été réorganisée avec une taille de départ de 49844224 octets et une taille de fin de 48353280 octets.
Information	10/10/2025 22:22:44	Microsoft-Windows-Kernel-General	11	Aucun	Phase d’initialisation de TxR pour la ruche \??\GLOBALROOT\Device\HarddiskVolumeShadowCopy4\WINDOWS\System32\config\SOFTWARE (TM : {9118d9b4-a613-11f0-a738-005056c00008}, RM : {9118d9b3-a613-11f0-a738-005056c00008}) terminée avec le résultat=0xC00000A2 (Code interne=7).
Information	10/10/2025 22:22:43	Microsoft-Windows-Kernel-General	11	Aucun	Phase d’initialisation de TxR pour la ruche \??\GLOBALROOT\Device\HarddiskVolumeShadowCopy4\WINDOWS\System32\config\DRIVERS (TM : {9118d9b1-a613-11f0-a738-005056c00008}, RM : {9118d9b0-a613-11f0-a738-005056c00008}) terminée avec le résultat=0xC00000A2 (Code interne=7).
Information	10/10/2025 22:22:43	Microsoft-Windows-Kernel-General	11	Aucun	Phase d’initialisation de TxR pour la ruche \??\GLOBALROOT\Device\HarddiskVolumeShadowCopy4\WINDOWS\System32\config\SYSTEM (TM : {9118d9ae-a613-11f0-a738-005056c00008}, RM : {9118d9ad-a613-11f0-a738-005056c00008}) terminée avec le résultat=0xC00000A2 (Code interne=7).
Information	10/10/2025 22:01:22	Service Control Manager	7040	Aucun	Le type de démarrage du service Service de transfert intelligent en arrière-plan est passé de Démarrage automatique à Démarrage à la demande.
Information	10/10/2025 21:59:03	Microsoft-Windows-HttpService	114	HTTP Configuration Property Trace Task	URL (http://*:2869/upnp/eventing/) supprimée du groupe d’URL (0xFF0000022000000C). ID de processus 0x20C4 chemin d’accès de l’exécutable \Device\HarddiskVolume5\Windows\System32\svchost.exe, SERVICE LOCAL  utilisateur
Information	10/10/2025 21:59:03	Microsoft-Windows-HttpService	113	HTTP Configuration Property Trace Task	Tentative d’ajout de l’URL (http://*:2869/upnp/eventing/) au groupe d’URL (0xFF0000022000000C). État : 0x0. ID de processus 0x20C4 \Device\HarddiskVolume5\Windows\System32\svchost.exe de chemin d’accès de l’exécutable, SERVICE LOCAL  utilisateur
Information	10/10/2025 21:59:02	Microsoft-Windows-HttpService	114	HTTP Configuration Property Trace Task	URL (http://*:2869/upnp/eventing/) supprimée du groupe d’URL (0xFE0000002000000B). ID de processus 0x20C4 chemin d’accès de l’exécutable \Device\HarddiskVolume5\Windows\System32\svchost.exe, SERVICE LOCAL  utilisateur
Information	10/10/2025 21:59:02	Microsoft-Windows-HttpService	113	HTTP Configuration Property Trace Task	Tentative d’ajout de l’URL (http://*:2869/upnp/eventing/) au groupe d’URL (0xFE0000002000000B). État : 0x0. ID de processus 0x20C4 \Device\HarddiskVolume5\Windows\System32\svchost.exe de chemin d’accès de l’exécutable, SERVICE LOCAL  utilisateur
Information	10/10/2025 21:59:02	Microsoft-Windows-HttpService	114	HTTP Configuration Property Trace Task	URL (http://*:2869/upnp/eventing/) supprimée du groupe d’URL (0xFE00000720000004). ID de processus 0x20C4 chemin d’accès de l’exécutable \Device\HarddiskVolume5\Windows\System32\svchost.exe, SERVICE LOCAL  utilisateur
Information	10/10/2025 21:59:02	Microsoft-Windows-HttpService	113	HTTP Configuration Property Trace Task	Tentative d’ajout de l’URL (http://*:2869/upnp/eventing/) au groupe d’URL (0xFE00000720000004). État : 0x0. ID de processus 0x20C4 \Device\HarddiskVolume5\Windows\System32\svchost.exe de chemin d’accès de l’exécutable, SERVICE LOCAL  utilisateur
Information	10/10/2025 21:59:01	Microsoft-Windows-HttpService	114	HTTP Configuration Property Trace Task	URL (http://*:2869/upnp/eventing/) supprimée du groupe d’URL (0xFE00000820000007). ID de processus 0x20C4 chemin d’accès de l’exécutable \Device\HarddiskVolume5\Windows\System32\svchost.exe, SERVICE LOCAL  utilisateur
Information	10/10/2025 21:59:01	Microsoft-Windows-HttpService	113	HTTP Configuration Property Trace Task	Tentative d’ajout de l’URL (http://*:2869/upnp/eventing/) au groupe d’URL (0xFE00000820000007). État : 0x0. ID de processus 0x20C4 \Device\HarddiskVolume5\Windows\System32\svchost.exe de chemin d’accès de l’exécutable, SERVICE LOCAL  utilisateur
Information	10/10/2025 21:59:01	Microsoft-Windows-HttpService	114	HTTP Configuration Property Trace Task	URL (http://*:2869/upnp/eventing/) supprimée du groupe d’URL (0xFE00000820000006). ID de processus 0x20C4 chemin d’accès de l’exécutable \Device\HarddiskVolume5\Windows\System32\svchost.exe, SERVICE LOCAL  utilisateur
Information	10/10/2025 21:59:01	Microsoft-Windows-HttpService	113	HTTP Configuration Property Trace Task	Tentative d’ajout de l’URL (http://*:2869/upnp/eventing/) au groupe d’URL (0xFE00000820000006). État : 0x0. ID de processus 0x20C4 \Device\HarddiskVolume5\Windows\System32\svchost.exe de chemin d’accès de l’exécutable, SERVICE LOCAL  utilisateur
Information	10/10/2025 21:59:00	Microsoft-Windows-HttpService	114	HTTP Configuration Property Trace Task	URL (http://*:2869/upnp/eventing/) supprimée du groupe d’URL (0xFE0000002000000A). ID de processus 0x20C4 chemin d’accès de l’exécutable \Device\HarddiskVolume5\Windows\System32\svchost.exe, SERVICE LOCAL  utilisateur
Information	10/10/2025 21:59:00	Microsoft-Windows-HttpService	113	HTTP Configuration Property Trace Task	Tentative d’ajout de l’URL (http://*:2869/upnp/eventing/) au groupe d’URL (0xFE0000002000000A). État : 0x0. ID de processus 0x20C4 \Device\HarddiskVolume5\Windows\System32\svchost.exe de chemin d’accès de l’exécutable, SERVICE LOCAL  utilisateur
Information	10/10/2025 21:59:00	Microsoft-Windows-HttpService	114	HTTP Configuration Property Trace Task	URL (http://*:2869/upnp/eventing/) supprimée du groupe d’URL (0xFE00000320000007). ID de processus 0x20C4 chemin d’accès de l’exécutable \Device\HarddiskVolume5\Windows\System32\svchost.exe, SERVICE LOCAL  utilisateur
Information	10/10/2025 21:59:00	Microsoft-Windows-HttpService	113	HTTP Configuration Property Trace Task	Tentative d’ajout de l’URL (http://*:2869/upnp/eventing/) au groupe d’URL (0xFE00000320000007). État : 0x0. ID de processus 0x20C4 \Device\HarddiskVolume5\Windows\System32\svchost.exe de chemin d’accès de l’exécutable, SERVICE LOCAL  utilisateur
Information	10/10/2025 21:58:58	Microsoft-Windows-HttpService	114	HTTP Configuration Property Trace Task	URL (http://*:2869/upnp/eventing/) supprimée du groupe d’URL (0xFF0000022000000B). ID de processus 0x20C4 chemin d’accès de l’exécutable \Device\HarddiskVolume5\Windows\System32\svchost.exe, SERVICE LOCAL  utilisateur
Information	10/10/2025 21:58:58	Microsoft-Windows-HttpService	113	HTTP Configuration Property Trace Task	Tentative d’ajout de l’URL (http://*:2869/upnp/eventing/) au groupe d’URL (0xFF0000022000000B). État : 0x0. ID de processus 0x20C4 \Device\HarddiskVolume5\Windows\System32\svchost.exe de chemin d’accès de l’exécutable, SERVICE LOCAL  utilisateur
Information	10/10/2025 21:58:58	Microsoft-Windows-HttpService	114	HTTP Configuration Property Trace Task	URL (http://*:2869/upnp/eventing/) supprimée du groupe d’URL (0xFF0000022000000A). ID de processus 0x20C4 chemin d’accès de l’exécutable \Device\HarddiskVolume5\Windows\System32\svchost.exe, SERVICE LOCAL  utilisateur
Information	10/10/2025 21:58:58	Microsoft-Windows-HttpService	113	HTTP Configuration Property Trace Task	Tentative d’ajout de l’URL (http://*:2869/upnp/eventing/) au groupe d’URL (0xFF0000022000000A). État : 0x0. ID de processus 0x20C4 \Device\HarddiskVolume5\Windows\System32\svchost.exe de chemin d’accès de l’exécutable, SERVICE LOCAL  utilisateur
Information	10/10/2025 21:58:58	Microsoft-Windows-HttpService	114	HTTP Configuration Property Trace Task	URL (http://*:2869/upnp/eventing/) supprimée du groupe d’URL (0xFF00000220000009). ID de processus 0x20C4 chemin d’accès de l’exécutable \Device\HarddiskVolume5\Windows\System32\svchost.exe, SERVICE LOCAL  utilisateur
Information	10/10/2025 21:58:58	Microsoft-Windows-HttpService	113	HTTP Configuration Property Trace Task	Tentative d’ajout de l’URL (http://*:2869/upnp/eventing/) au groupe d’URL (0xFF00000220000009). État : 0x0. ID de processus 0x20C4 \Device\HarddiskVolume5\Windows\System32\svchost.exe de chemin d’accès de l’exécutable, SERVICE LOCAL  utilisateur
Information	10/10/2025 21:58:58	Microsoft-Windows-HttpService	114	HTTP Configuration Property Trace Task	URL (http://*:2869/upnp/eventing/) supprimée du groupe d’URL (0xFF00000220000008). ID de processus 0x20C4 chemin d’accès de l’exécutable \Device\HarddiskVolume5\Windows\System32\svchost.exe, SERVICE LOCAL  utilisateur
Information	10/10/2025 21:58:58	Microsoft-Windows-HttpService	113	HTTP Configuration Property Trace Task	Tentative d’ajout de l’URL (http://*:2869/upnp/eventing/) au groupe d’URL (0xFF00000220000008). État : 0x0. ID de processus 0x20C4 \Device\HarddiskVolume5\Windows\System32\svchost.exe de chemin d’accès de l’exécutable, SERVICE LOCAL  utilisateur
Information	10/10/2025 21:58:54	Service Control Manager	7040	Aucun	Le type de démarrage du service Service de transfert intelligent en arrière-plan est passé de Démarrage à la demande à Démarrage automatique.
Information	10/10/2025 17:57:05	Microsoft-Windows-Kernel-General	16	Aucun	L’historique des accès de la ruche \??\C:\Users\Perceval\AppData\Local\Packages\Microsoft.ScreenSketch_8wekyb3d8bbwe\Settings\settings.dat a été effacé, mettant à jour 2 clés et créant 1 pages modifiées.
Information	10/10/2025 17:57:05	Microsoft-Windows-Kernel-General	16	Aucun	L’historique des accès de la ruche \??\C:\Users\Perceval\AppData\Local\Packages\Microsoft.ScreenSketch_8wekyb3d8bbwe\SystemAppData\Helium\UserClasses.dat a été effacé, mettant à jour 17 clés et créant 4 pages modifiées.
Information	10/10/2025 17:57:05	Microsoft-Windows-Kernel-General	16	Aucun	L’historique des accès de la ruche \??\C:\Users\Perceval\AppData\Local\Packages\Microsoft.ScreenSketch_8wekyb3d8bbwe\SystemAppData\Helium\User.dat a été effacé, mettant à jour 10 clés et créant 3 pages modifiées.
Information	10/10/2025 17:40:25	Service Control Manager	7040	Aucun	Le type de démarrage du service Service de transfert intelligent en arrière-plan est passé de Démarrage automatique à Démarrage à la demande.
Information	10/10/2025 17:34:15	Microsoft-Windows-HttpService	114	HTTP Configuration Property Trace Task	URL (http://*:2869/upnp/eventing/) supprimée du groupe d’URL (0xFC00000120000001). ID de processus 0x20C4 chemin d’accès de l’exécutable \Device\HarddiskVolume5\Windows\System32\svchost.exe, SERVICE LOCAL  utilisateur
Information	10/10/2025 17:34:15	Microsoft-Windows-HttpService	113	HTTP Configuration Property Trace Task	Tentative d’ajout de l’URL (http://*:2869/upnp/eventing/) au groupe d’URL (0xFC00000120000001). État : 0x0. ID de processus 0x20C4 \Device\HarddiskVolume5\Windows\System32\svchost.exe de chemin d’accès de l’exécutable, SERVICE LOCAL  utilisateur
Information	10/10/2025 17:34:14	Microsoft-Windows-HttpService	114	HTTP Configuration Property Trace Task	URL (http://*:2869/upnp/eventing/) supprimée du groupe d’URL (0xFE00000020000009). ID de processus 0x20C4 chemin d’accès de l’exécutable \Device\HarddiskVolume5\Windows\System32\svchost.exe, SERVICE LOCAL  utilisateur
Information	10/10/2025 17:34:14	Microsoft-Windows-HttpService	113	HTTP Configuration Property Trace Task	Tentative d’ajout de l’URL (http://*:2869/upnp/eventing/) au groupe d’URL (0xFE00000020000009). État : 0x0. ID de processus 0x20C4 \Device\HarddiskVolume5\Windows\System32\svchost.exe de chemin d’accès de l’exécutable, SERVICE LOCAL  utilisateur
Information	10/10/2025 17:34:14	Microsoft-Windows-HttpService	114	HTTP Configuration Property Trace Task	URL (http://*:2869/upnp/eventing/) supprimée du groupe d’URL (0xFE00000920000005). ID de processus 0x20C4 chemin d’accès de l’exécutable \Device\HarddiskVolume5\Windows\System32\svchost.exe, SERVICE LOCAL  utilisateur
Information	10/10/2025 17:34:14	Microsoft-Windows-HttpService	113	HTTP Configuration Property Trace Task	Tentative d’ajout de l’URL (http://*:2869/upnp/eventing/) au groupe d’URL (0xFE00000920000005). État : 0x0. ID de processus 0x20C4 \Device\HarddiskVolume5\Windows\System32\svchost.exe de chemin d’accès de l’exécutable, SERVICE LOCAL  utilisateur
Information	10/10/2025 17:34:13	Microsoft-Windows-HttpService	114	HTTP Configuration Property Trace Task	URL (http://*:2869/upnp/eventing/) supprimée du groupe d’URL (0xFE00000920000004). ID de processus 0x20C4 chemin d’accès de l’exécutable \Device\HarddiskVolume5\Windows\System32\svchost.exe, SERVICE LOCAL  utilisateur
Information	10/10/2025 17:34:13	Microsoft-Windows-HttpService	113	HTTP Configuration Property Trace Task	Tentative d’ajout de l’URL (http://*:2869/upnp/eventing/) au groupe d’URL (0xFE00000920000004). État : 0x0. ID de processus 0x20C4 \Device\HarddiskVolume5\Windows\System32\svchost.exe de chemin d’accès de l’exécutable, SERVICE LOCAL  utilisateur
Information	10/10/2025 17:34:13	Microsoft-Windows-HttpService	114	HTTP Configuration Property Trace Task	URL (http://*:2869/upnp/eventing/) supprimée du groupe d’URL (0xFE00000620000006). ID de processus 0x20C4 chemin d’accès de l’exécutable \Device\HarddiskVolume5\Windows\System32\svchost.exe, SERVICE LOCAL  utilisateur
Information	10/10/2025 17:34:13	Microsoft-Windows-HttpService	113	HTTP Configuration Property Trace Task	Tentative d’ajout de l’URL (http://*:2869/upnp/eventing/) au groupe d’URL (0xFE00000620000006). État : 0x0. ID de processus 0x20C4 \Device\HarddiskVolume5\Windows\System32\svchost.exe de chemin d’accès de l’exécutable, SERVICE LOCAL  utilisateur
Information	10/10/2025 17:34:12	Microsoft-Windows-HttpService	114	HTTP Configuration Property Trace Task	URL (http://*:2869/upnp/eventing/) supprimée du groupe d’URL (0xFE00000020000008). ID de processus 0x20C4 chemin d’accès de l’exécutable \Device\HarddiskVolume5\Windows\System32\svchost.exe, SERVICE LOCAL  utilisateur
Information	10/10/2025 17:34:12	Microsoft-Windows-HttpService	113	HTTP Configuration Property Trace Task	Tentative d’ajout de l’URL (http://*:2869/upnp/eventing/) au groupe d’URL (0xFE00000020000008). État : 0x0. ID de processus 0x20C4 \Device\HarddiskVolume5\Windows\System32\svchost.exe de chemin d’accès de l’exécutable, SERVICE LOCAL  utilisateur
Information	10/10/2025 17:34:12	Microsoft-Windows-HttpService	114	HTTP Configuration Property Trace Task	URL (http://*:2869/upnp/eventing/) supprimée du groupe d’URL (0xFF00000420000006). ID de processus 0x20C4 chemin d’accès de l’exécutable \Device\HarddiskVolume5\Windows\System32\svchost.exe, SERVICE LOCAL  utilisateur
Information	10/10/2025 17:34:12	Microsoft-Windows-HttpService	113	HTTP Configuration Property Trace Task	Tentative d’ajout de l’URL (http://*:2869/upnp/eventing/) au groupe d’URL (0xFF00000420000006). État : 0x0. ID de processus 0x20C4 \Device\HarddiskVolume5\Windows\System32\svchost.exe de chemin d’accès de l’exécutable, SERVICE LOCAL  utilisateur
Information	10/10/2025 17:34:10	Microsoft-Windows-HttpService	114	HTTP Configuration Property Trace Task	URL (http://*:2869/upnp/eventing/) supprimée du groupe d’URL (0xFE00000A20000002). ID de processus 0x20C4 chemin d’accès de l’exécutable \Device\HarddiskVolume5\Windows\System32\svchost.exe, SERVICE LOCAL  utilisateur
Information	10/10/2025 17:34:10	Microsoft-Windows-HttpService	113	HTTP Configuration Property Trace Task	Tentative d’ajout de l’URL (http://*:2869/upnp/eventing/) au groupe d’URL (0xFE00000A20000002). État : 0x0. ID de processus 0x20C4 \Device\HarddiskVolume5\Windows\System32\svchost.exe de chemin d’accès de l’exécutable, SERVICE LOCAL  utilisateur
Information	10/10/2025 17:34:10	Microsoft-Windows-HttpService	114	HTTP Configuration Property Trace Task	URL (http://*:2869/upnp/eventing/) supprimée du groupe d’URL (0xFE00000320000006). ID de processus 0x20C4 chemin d’accès de l’exécutable \Device\HarddiskVolume5\Windows\System32\svchost.exe, SERVICE LOCAL  utilisateur
Information	10/10/2025 17:34:10	Microsoft-Windows-HttpService	113	HTTP Configuration Property Trace Task	Tentative d’ajout de l’URL (http://*:2869/upnp/eventing/) au groupe d’URL (0xFE00000320000006). État : 0x0. ID de processus 0x20C4 \Device\HarddiskVolume5\Windows\System32\svchost.exe de chemin d’accès de l’exécutable, SERVICE LOCAL  utilisateur
Information	10/10/2025 17:34:10	Microsoft-Windows-HttpService	114	HTTP Configuration Property Trace Task	URL (http://*:2869/upnp/eventing/) supprimée du groupe d’URL (0xFF00000220000007). ID de processus 0x20C4 chemin d’accès de l’exécutable \Device\HarddiskVolume5\Windows\System32\svchost.exe, SERVICE LOCAL  utilisateur
Information	10/10/2025 17:34:10	Microsoft-Windows-HttpService	113	HTTP Configuration Property Trace Task	Tentative d’ajout de l’URL (http://*:2869/upnp/eventing/) au groupe d’URL (0xFF00000220000007). État : 0x0. ID de processus 0x20C4 \Device\HarddiskVolume5\Windows\System32\svchost.exe de chemin d’accès de l’exécutable, SERVICE LOCAL  utilisateur
Information	10/10/2025 17:34:10	Microsoft-Windows-HttpService	114	HTTP Configuration Property Trace Task	URL (http://*:2869/upnp/eventing/) supprimée du groupe d’URL (0xFE00000320000005). ID de processus 0x20C4 chemin d’accès de l’exécutable \Device\HarddiskVolume5\Windows\System32\svchost.exe, SERVICE LOCAL  utilisateur
Information	10/10/2025 17:34:10	Microsoft-Windows-HttpService	113	HTTP Configuration Property Trace Task	Tentative d’ajout de l’URL (http://*:2869/upnp/eventing/) au groupe d’URL (0xFE00000320000005). État : 0x0. ID de processus 0x20C4 \Device\HarddiskVolume5\Windows\System32\svchost.exe de chemin d’accès de l’exécutable, SERVICE LOCAL  utilisateur
Information	10/10/2025 17:34:05	Service Control Manager	7040	Aucun	Le type de démarrage du service Service de transfert intelligent en arrière-plan est passé de Démarrage à la demande à Démarrage automatique.
Information	10/10/2025 14:17:24	Microsoft-Windows-Time-Service	37	Aucun	Le fournisseur de temps NtpClient reçoit actuellement des données de temps valides à partir de time.windows.com,0x9 (ntp.m|0x9|0.0.0.0:123->51.145.123.29:123).
Information	10/10/2025 12:21:47	Microsoft-Windows-WindowsUpdateClient	44	Agent de mise à jour automatique Windows Update	Windows Update a démarré le téléchargement d'une mise à jour.
Information	10/10/2025 12:01:14	Service Control Manager	7040	Aucun	Le type de démarrage du service Service de transfert intelligent en arrière-plan est passé de Démarrage automatique à Démarrage à la demande.
Information	10/10/2025 12:00:00	EventLog	6013	Aucun	La durée active du système est de 90198 secondes.
Information	10/10/2025 11:59:59	EventLog	6013	Aucun	La durée active du système est de 90197 secondes.
Information	10/10/2025 11:59:03	Microsoft-Windows-HttpService	114	HTTP Configuration Property Trace Task	URL (http://*:2869/upnp/eventing/) supprimée du groupe d’URL (0xFF00000220000006). ID de processus 0x20C4 chemin d’accès de l’exécutable \Device\HarddiskVolume5\Windows\System32\svchost.exe, SERVICE LOCAL  utilisateur
Information	10/10/2025 11:59:03	Microsoft-Windows-HttpService	113	HTTP Configuration Property Trace Task	Tentative d’ajout de l’URL (http://*:2869/upnp/eventing/) au groupe d’URL (0xFF00000220000006). État : 0x0. ID de processus 0x20C4 \Device\HarddiskVolume5\Windows\System32\svchost.exe de chemin d’accès de l’exécutable, SERVICE LOCAL  utilisateur
Information	10/10/2025 11:59:02	Microsoft-Windows-HttpService	114	HTTP Configuration Property Trace Task	URL (http://*:2869/upnp/eventing/) supprimée du groupe d’URL (0xFE00000320000004). ID de processus 0x20C4 chemin d’accès de l’exécutable \Device\HarddiskVolume5\Windows\System32\svchost.exe, SERVICE LOCAL  utilisateur
Information	10/10/2025 11:59:02	Microsoft-Windows-HttpService	113	HTTP Configuration Property Trace Task	Tentative d’ajout de l’URL (http://*:2869/upnp/eventing/) au groupe d’URL (0xFE00000320000004). État : 0x0. ID de processus 0x20C4 \Device\HarddiskVolume5\Windows\System32\svchost.exe de chemin d’accès de l’exécutable, SERVICE LOCAL  utilisateur
Information	10/10/2025 11:59:02	Microsoft-Windows-HttpService	114	HTTP Configuration Property Trace Task	URL (http://*:2869/upnp/eventing/) supprimée du groupe d’URL (0xFE00000820000005). ID de processus 0x20C4 chemin d’accès de l’exécutable \Device\HarddiskVolume5\Windows\System32\svchost.exe, SERVICE LOCAL  utilisateur
Information	10/10/2025 11:59:02	Microsoft-Windows-HttpService	113	HTTP Configuration Property Trace Task	Tentative d’ajout de l’URL (http://*:2869/upnp/eventing/) au groupe d’URL (0xFE00000820000005). État : 0x0. ID de processus 0x20C4 \Device\HarddiskVolume5\Windows\System32\svchost.exe de chemin d’accès de l’exécutable, SERVICE LOCAL  utilisateur
Information	10/10/2025 11:59:01	Microsoft-Windows-HttpService	114	HTTP Configuration Property Trace Task	URL (http://*:2869/upnp/eventing/) supprimée du groupe d’URL (0xFE00000320000003). ID de processus 0x20C4 chemin d’accès de l’exécutable \Device\HarddiskVolume5\Windows\System32\svchost.exe, SERVICE LOCAL  utilisateur
Information	10/10/2025 11:59:01	Microsoft-Windows-HttpService	113	HTTP Configuration Property Trace Task	Tentative d’ajout de l’URL (http://*:2869/upnp/eventing/) au groupe d’URL (0xFE00000320000003). État : 0x0. ID de processus 0x20C4 \Device\HarddiskVolume5\Windows\System32\svchost.exe de chemin d’accès de l’exécutable, SERVICE LOCAL  utilisateur
Information	10/10/2025 11:59:01	Microsoft-Windows-HttpService	114	HTTP Configuration Property Trace Task	URL (http://*:2869/upnp/eventing/) supprimée du groupe d’URL (0xFE00000320000002). ID de processus 0x20C4 chemin d’accès de l’exécutable \Device\HarddiskVolume5\Windows\System32\svchost.exe, SERVICE LOCAL  utilisateur
Information	10/10/2025 11:59:01	Microsoft-Windows-HttpService	113	HTTP Configuration Property Trace Task	Tentative d’ajout de l’URL (http://*:2869/upnp/eventing/) au groupe d’URL (0xFE00000320000002). État : 0x0. ID de processus 0x20C4 \Device\HarddiskVolume5\Windows\System32\svchost.exe de chemin d’accès de l’exécutable, SERVICE LOCAL  utilisateur
Information	10/10/2025 11:59:00	Microsoft-Windows-HttpService	114	HTTP Configuration Property Trace Task	URL (http://*:2869/upnp/eventing/) supprimée du groupe d’URL (0xFE00000820000004). ID de processus 0x20C4 chemin d’accès de l’exécutable \Device\HarddiskVolume5\Windows\System32\svchost.exe, SERVICE LOCAL  utilisateur
Information	10/10/2025 11:59:00	Microsoft-Windows-HttpService	113	HTTP Configuration Property Trace Task	Tentative d’ajout de l’URL (http://*:2869/upnp/eventing/) au groupe d’URL (0xFE00000820000004). État : 0x0. ID de processus 0x20C4 \Device\HarddiskVolume5\Windows\System32\svchost.exe de chemin d’accès de l’exécutable, SERVICE LOCAL  utilisateur
Information	10/10/2025 11:59:00	Microsoft-Windows-HttpService	114	HTTP Configuration Property Trace Task	URL (http://*:2869/upnp/eventing/) supprimée du groupe d’URL (0xFE00000620000005). ID de processus 0x20C4 chemin d’accès de l’exécutable \Device\HarddiskVolume5\Windows\System32\svchost.exe, SERVICE LOCAL  utilisateur
