Information	01/10/2025 23:34:24	Microsoft-Windows-WindowsUpdateClient	43	Agent de mise à jour automatique Windows Update	Installation démarrée : Windows a commencé l'installation de la mise à jour suivante : Mise à jour de la sélection disjointe pour Microsoft Defender Antivirus – 2267602 Ko (version 1.437.256.0) – Canal actuel (large)
Information	01/10/2025 23:34:24	Microsoft-Windows-WindowsUpdateClient	44	Agent de mise à jour automatique Windows Update	Windows Update a démarré le téléchargement d'une mise à jour.
Information	01/10/2025 23:03:21	Microsoft-Windows-Kernel-General	15	(10)	La ruche \??\Volume{b582b3c3-6e25-4549-9c3d-bfcc021e2b82}\System Volume Information\SPP\SppCbsHiveStore\{cd42efe1-f6f1-427c-b004-033192c625a4}{0E29E685-B46F-42E9-912C-6E2E041ADC39} a été réorganisée avec une taille de départ de 108949504 octets et une taille de fin de 108580864 octets.
Information	01/10/2025 23:03:19	Microsoft-Windows-Kernel-General	16	Aucun	L’historique des accès de la ruche \??\Volume{b582b3c3-6e25-4549-9c3d-bfcc021e2b82}\System Volume Information\SPP\SppCbsHiveStore\{cd42efe1-f6f1-427c-b004-033192c625a4}{145175DA-E251-4480-A342-502D6B887372} a été effacé, mettant à jour 868 clés et créant 129 pages modifiées.
Information	01/10/2025 23:03:19	Microsoft-Windows-Kernel-General	15	(10)	La ruche \??\Volume{b582b3c3-6e25-4549-9c3d-bfcc021e2b82}\System Volume Information\SPP\SppCbsHiveStore\{cd42efe1-f6f1-427c-b004-033192c625a4}{5D8102C8-AE30-4595-8B9E-CFF447DF385F} a été réorganisée avec une taille de départ de 73420800 octets et une taille de fin de 73420800 octets.
Information	01/10/2025 23:03:17	Microsoft-Windows-Kernel-General	16	Aucun	L’historique des accès de la ruche \??\Volume{b582b3c3-6e25-4549-9c3d-bfcc021e2b82}\System Volume Information\SPP\SppCbsHiveStore\{cd42efe1-f6f1-427c-b004-033192c625a4}{65A81554-9F10-40B8-9454-44E2EB9E3DD3} a été effacé, mettant à jour 88 clés et créant 4 pages modifiées.
Information	01/10/2025 23:03:17	Microsoft-Windows-Kernel-General	16	Aucun	L’historique des accès de la ruche \??\Volume{b582b3c3-6e25-4549-9c3d-bfcc021e2b82}\System Volume Information\SPP\SppCbsHiveStore\{cd42efe1-f6f1-427c-b004-033192c625a4}{C7CE7CAD-B0FF-45DC-B09E-7F25B757E1F4} a été effacé, mettant à jour 61 clés et créant 7 pages modifiées.
Information	01/10/2025 23:03:17	Microsoft-Windows-Kernel-General	15	(10)	La ruche \??\Volume{b582b3c3-6e25-4549-9c3d-bfcc021e2b82}\System Volume Information\SPP\SppCbsHiveStore\{cd42efe1-f6f1-427c-b004-033192c625a4}{0E7B40EF-61A3-4689-B06E-165E467162A4} a été réorganisée avec une taille de départ de 48377856 octets et une taille de fin de 48304128 octets.
Information	01/10/2025 23:03:10	Microsoft-Windows-Kernel-General	11	Aucun	Phase d’initialisation de TxR pour la ruche \??\GLOBALROOT\Device\HarddiskVolumeShadowCopy2\WINDOWS\System32\config\SOFTWARE (TM : {e25fa6d4-9ef1-11f0-a736-005056c00008}, RM : {e25fa6d3-9ef1-11f0-a736-005056c00008}) terminée avec le résultat=0xC00000A2 (Code interne=7).
Information	01/10/2025 23:03:10	Microsoft-Windows-Kernel-General	15	(10)	La ruche \??\GLOBALROOT\Device\HarddiskVolumeShadowCopy2\WINDOWS\System32\config\SOFTWARE a été réorganisée avec une taille de départ de 108949504 octets et une taille de fin de 108580864 octets.
Information	01/10/2025 23:03:07	Microsoft-Windows-Kernel-General	11	Aucun	Phase d’initialisation de TxR pour la ruche \??\GLOBALROOT\Device\HarddiskVolumeShadowCopy2\WINDOWS\System32\config\DRIVERS (TM : {e25fa6d1-9ef1-11f0-a736-005056c00008}, RM : {e25fa6d0-9ef1-11f0-a736-005056c00008}) terminée avec le résultat=0xC00000A2 (Code interne=7).
Information	01/10/2025 23:03:07	Microsoft-Windows-Kernel-General	11	Aucun	Phase d’initialisation de TxR pour la ruche \??\GLOBALROOT\Device\HarddiskVolumeShadowCopy2\WINDOWS\System32\config\SYSTEM (TM : {e25fa6ce-9ef1-11f0-a736-005056c00008}, RM : {e25fa6cd-9ef1-11f0-a736-005056c00008}) terminée avec le résultat=0xC00000A2 (Code interne=7).
Information	01/10/2025 23:03:07	Microsoft-Windows-Kernel-General	15	(10)	La ruche \??\GLOBALROOT\Device\HarddiskVolumeShadowCopy2\WINDOWS\System32\config\SYSTEM a été réorganisée avec une taille de départ de 48377856 octets et une taille de fin de 48304128 octets.
Information	01/10/2025 23:02:57	Microsoft-Windows-Kernel-General	15	(10)	La ruche \??\Volume{b582b3c3-6e25-4549-9c3d-bfcc021e2b82}\System Volume Information\SPP\SppCbsHiveStore\{cd42efe1-f6f1-427c-b004-033192c625a4}{12F5D6E0-613D-4B3F-B938-E05B626086B6} a été réorganisée avec une taille de départ de 108965888 octets et une taille de fin de 108576768 octets.
Information	01/10/2025 23:02:55	Microsoft-Windows-Kernel-General	16	Aucun	L’historique des accès de la ruche \??\Volume{b582b3c3-6e25-4549-9c3d-bfcc021e2b82}\System Volume Information\SPP\SppCbsHiveStore\{cd42efe1-f6f1-427c-b004-033192c625a4}{661171AC-E6AD-4D3B-9A4C-B9E5BDE0758F} a été effacé, mettant à jour 868 clés et créant 129 pages modifiées.
Information	01/10/2025 23:02:55	Microsoft-Windows-Kernel-General	15	(10)	La ruche \??\Volume{b582b3c3-6e25-4549-9c3d-bfcc021e2b82}\System Volume Information\SPP\SppCbsHiveStore\{cd42efe1-f6f1-427c-b004-033192c625a4}{3C06FD31-916C-4B85-8A0E-40FCC01AFDDA} a été réorganisée avec une taille de départ de 73420800 octets et une taille de fin de 73420800 octets.
Information	01/10/2025 23:02:53	Microsoft-Windows-Kernel-General	16	Aucun	L’historique des accès de la ruche \??\Volume{b582b3c3-6e25-4549-9c3d-bfcc021e2b82}\System Volume Information\SPP\SppCbsHiveStore\{cd42efe1-f6f1-427c-b004-033192c625a4}{74F6BC91-D69E-4AC1-8C8D-9DA0EA3EB88C} a été effacé, mettant à jour 88 clés et créant 4 pages modifiées.
Information	01/10/2025 23:02:53	Microsoft-Windows-Kernel-General	16	Aucun	L’historique des accès de la ruche \??\Volume{b582b3c3-6e25-4549-9c3d-bfcc021e2b82}\System Volume Information\SPP\SppCbsHiveStore\{cd42efe1-f6f1-427c-b004-033192c625a4}{88D89881-7DDE-4E30-844A-01D46D9B63DD} a été effacé, mettant à jour 61 clés et créant 7 pages modifiées.
Information	01/10/2025 23:02:53	Microsoft-Windows-Kernel-General	15	(10)	La ruche \??\Volume{b582b3c3-6e25-4549-9c3d-bfcc021e2b82}\System Volume Information\SPP\SppCbsHiveStore\{cd42efe1-f6f1-427c-b004-033192c625a4}{BF0D4CA2-0F69-48A4-9227-9E61704723D9} a été réorganisée avec une taille de départ de 48377856 octets et une taille de fin de 48304128 octets.
Information	01/10/2025 23:02:45	Microsoft-Windows-Kernel-General	11	Aucun	Phase d’initialisation de TxR pour la ruche \??\GLOBALROOT\Device\HarddiskVolumeShadowCopy3\WINDOWS\System32\config\SOFTWARE (TM : {e25fa6a4-9ef1-11f0-a736-005056c00008}, RM : {e25fa6a3-9ef1-11f0-a736-005056c00008}) terminée avec le résultat=0xC00000A2 (Code interne=7).
Information	01/10/2025 23:02:45	Microsoft-Windows-Kernel-General	15	(10)	La ruche \??\GLOBALROOT\Device\HarddiskVolumeShadowCopy3\WINDOWS\System32\config\SOFTWARE a été réorganisée avec une taille de départ de 108965888 octets et une taille de fin de 108576768 octets.
Information	01/10/2025 23:02:42	Microsoft-Windows-Kernel-General	11	Aucun	Phase d’initialisation de TxR pour la ruche \??\GLOBALROOT\Device\HarddiskVolumeShadowCopy3\WINDOWS\System32\config\DRIVERS (TM : {e25fa6a1-9ef1-11f0-a736-005056c00008}, RM : {e25fa6a0-9ef1-11f0-a736-005056c00008}) terminée avec le résultat=0xC00000A2 (Code interne=7).
Information	01/10/2025 23:02:42	Microsoft-Windows-Kernel-General	11	Aucun	Phase d’initialisation de TxR pour la ruche \??\GLOBALROOT\Device\HarddiskVolumeShadowCopy3\WINDOWS\System32\config\SYSTEM (TM : {e25fa69e-9ef1-11f0-a736-005056c00008}, RM : {e25fa69d-9ef1-11f0-a736-005056c00008}) terminée avec le résultat=0xC00000A2 (Code interne=7).
Information	01/10/2025 23:02:42	Microsoft-Windows-Kernel-General	15	(10)	La ruche \??\GLOBALROOT\Device\HarddiskVolumeShadowCopy3\WINDOWS\System32\config\SYSTEM a été réorganisée avec une taille de départ de 48377856 octets et une taille de fin de 48304128 octets.
Information	01/10/2025 22:22:38	Netwtw10	7021	Aucun	7021 - Connection telemetry fields and analysis usage
Information	01/10/2025 22:22:36	Netwtw10	7021	Aucun	7021 - Connection telemetry fields and analysis usage
Information	01/10/2025 22:22:33	Netwtw10	7021	Aucun	7021 - Connection telemetry fields and analysis usage
Information	01/10/2025 22:22:31	Netwtw10	7021	Aucun	7021 - Connection telemetry fields and analysis usage
Information	01/10/2025 22:22:29	Netwtw10	7021	Aucun	7021 - Connection telemetry fields and analysis usage
Information	01/10/2025 22:22:25	Netwtw10	7021	Aucun	7021 - Connection telemetry fields and analysis usage
Information	01/10/2025 21:30:49	Netwtw10	7021	Aucun	7021 - Connection telemetry fields and analysis usage
Information	01/10/2025 21:30:47	Netwtw10	7021	Aucun	7021 - Connection telemetry fields and analysis usage
Information	01/10/2025 21:30:45	Netwtw10	7021	Aucun	7021 - Connection telemetry fields and analysis usage
Avertissement	01/10/2025 20:30:28	Microsoft-Windows-EnhancedPhishingProtection-Events	8265	Aucun	Aggregated Threat assessment of current system instance
Information	01/10/2025 20:23:55	Microsoft-Windows-IsolatedUserMode	5	Aucun	Secure Trustlet NULL Id 0 and Pid 0 started with status STATUS_SUCCESS.
Information	01/10/2025 20:23:55	Microsoft-Windows-IsolatedUserMode	2	Aucun	Secure Trustlet Id 0 and Pid 0 stopped with status STATUS_SUCCESS.
Information	01/10/2025 19:30:34	Service Control Manager	7040	Aucun	Le type de démarrage du service Service de transfert intelligent en arrière-plan est passé de Démarrage automatique à Démarrage à la demande.
Information	01/10/2025 19:28:30	Microsoft-Windows-HttpService	114	HTTP Configuration Property Trace Task	URL (http://*:2869/upnp/eventing/) supprimée du groupe d’URL (0xFC0000002000000B). ID de processus 0x20F4 chemin d’accès de l’exécutable \Device\HarddiskVolume5\Windows\System32\svchost.exe, SERVICE LOCAL  utilisateur
Information	01/10/2025 19:28:30	Microsoft-Windows-HttpService	113	HTTP Configuration Property Trace Task	Tentative d’ajout de l’URL (http://*:2869/upnp/eventing/) au groupe d’URL (0xFC0000002000000B). État : 0x0. ID de processus 0x20F4 \Device\HarddiskVolume5\Windows\System32\svchost.exe de chemin d’accès de l’exécutable, SERVICE LOCAL  utilisateur
Information	01/10/2025 19:27:50	Microsoft-Windows-HttpService	114	HTTP Configuration Property Trace Task	URL (http://*:2869/upnp/eventing/) supprimée du groupe d’URL (0xFE00000820000001). ID de processus 0x20F4 chemin d’accès de l’exécutable \Device\HarddiskVolume5\Windows\System32\svchost.exe, SERVICE LOCAL  utilisateur
Information	01/10/2025 19:27:49	Microsoft-Windows-HttpService	113	HTTP Configuration Property Trace Task	Tentative d’ajout de l’URL (http://*:2869/upnp/eventing/) au groupe d’URL (0xFE00000820000001). État : 0x0. ID de processus 0x20F4 \Device\HarddiskVolume5\Windows\System32\svchost.exe de chemin d’accès de l’exécutable, SERVICE LOCAL  utilisateur
Information	01/10/2025 19:27:13	Microsoft-Windows-HttpService	114	HTTP Configuration Property Trace Task	URL (http://*:2869/upnp/eventing/) supprimée du groupe d’URL (0xFE00000920000002). ID de processus 0x20F4 chemin d’accès de l’exécutable \Device\HarddiskVolume5\Windows\System32\svchost.exe, SERVICE LOCAL  utilisateur
Information	01/10/2025 19:27:13	Microsoft-Windows-HttpService	113	HTTP Configuration Property Trace Task	Tentative d’ajout de l’URL (http://*:2869/upnp/eventing/) au groupe d’URL (0xFE00000920000002). État : 0x0. ID de processus 0x20F4 \Device\HarddiskVolume5\Windows\System32\svchost.exe de chemin d’accès de l’exécutable, SERVICE LOCAL  utilisateur
Information	01/10/2025 19:26:40	Microsoft-Windows-HttpService	114	HTTP Configuration Property Trace Task	URL (http://*:2869/upnp/eventing/) supprimée du groupe d’URL (0xFC0000002000000A). ID de processus 0x20F4 chemin d’accès de l’exécutable \Device\HarddiskVolume5\Windows\System32\svchost.exe, SERVICE LOCAL  utilisateur
Information	01/10/2025 19:26:40	Microsoft-Windows-HttpService	113	HTTP Configuration Property Trace Task	Tentative d’ajout de l’URL (http://*:2869/upnp/eventing/) au groupe d’URL (0xFC0000002000000A). État : 0x0. ID de processus 0x20F4 \Device\HarddiskVolume5\Windows\System32\svchost.exe de chemin d’accès de l’exécutable, SERVICE LOCAL  utilisateur
Information	01/10/2025 19:26:12	Microsoft-Windows-HttpService	114	HTTP Configuration Property Trace Task	URL (http://*:2869/upnp/eventing/) supprimée du groupe d’URL (0xFE00000B20000003). ID de processus 0x20F4 chemin d’accès de l’exécutable \Device\HarddiskVolume5\Windows\System32\svchost.exe, SERVICE LOCAL  utilisateur
Information	01/10/2025 19:26:12	Microsoft-Windows-HttpService	113	HTTP Configuration Property Trace Task	Tentative d’ajout de l’URL (http://*:2869/upnp/eventing/) au groupe d’URL (0xFE00000B20000003). État : 0x0. ID de processus 0x20F4 \Device\HarddiskVolume5\Windows\System32\svchost.exe de chemin d’accès de l’exécutable, SERVICE LOCAL  utilisateur
Information	01/10/2025 19:25:48	Microsoft-Windows-HttpService	114	HTTP Configuration Property Trace Task	URL (http://*:2869/upnp/eventing/) supprimée du groupe d’URL (0xFE00000620000002). ID de processus 0x20F4 chemin d’accès de l’exécutable \Device\HarddiskVolume5\Windows\System32\svchost.exe, SERVICE LOCAL  utilisateur
Information	01/10/2025 19:25:47	Microsoft-Windows-HttpService	113	HTTP Configuration Property Trace Task	Tentative d’ajout de l’URL (http://*:2869/upnp/eventing/) au groupe d’URL (0xFE00000620000002). État : 0x0. ID de processus 0x20F4 \Device\HarddiskVolume5\Windows\System32\svchost.exe de chemin d’accès de l’exécutable, SERVICE LOCAL  utilisateur
Information	01/10/2025 19:25:27	Microsoft-Windows-HttpService	114	HTTP Configuration Property Trace Task	URL (http://*:2869/upnp/eventing/) supprimée du groupe d’URL (0xFF0000042000000A). ID de processus 0x20F4 chemin d’accès de l’exécutable \Device\HarddiskVolume5\Windows\System32\svchost.exe, SERVICE LOCAL  utilisateur
Information	01/10/2025 19:25:27	Microsoft-Windows-HttpService	113	HTTP Configuration Property Trace Task	Tentative d’ajout de l’URL (http://*:2869/upnp/eventing/) au groupe d’URL (0xFF0000042000000A). État : 0x0. ID de processus 0x20F4 \Device\HarddiskVolume5\Windows\System32\svchost.exe de chemin d’accès de l’exécutable, SERVICE LOCAL  utilisateur
Information	01/10/2025 19:25:11	Microsoft-Windows-HttpService	114	HTTP Configuration Property Trace Task	URL (http://*:2869/upnp/eventing/) supprimée du groupe d’URL (0xFE00000120000003). ID de processus 0x20F4 chemin d’accès de l’exécutable \Device\HarddiskVolume5\Windows\System32\svchost.exe, SERVICE LOCAL  utilisateur
Information	01/10/2025 19:25:11	Microsoft-Windows-HttpService	113	HTTP Configuration Property Trace Task	Tentative d’ajout de l’URL (http://*:2869/upnp/eventing/) au groupe d’URL (0xFE00000120000003). État : 0x0. ID de processus 0x20F4 \Device\HarddiskVolume5\Windows\System32\svchost.exe de chemin d’accès de l’exécutable, SERVICE LOCAL  utilisateur
Information	01/10/2025 19:24:58	Microsoft-Windows-HttpService	114	HTTP Configuration Property Trace Task	URL (http://*:2869/upnp/eventing/) supprimée du groupe d’URL (0xFF00000420000009). ID de processus 0x20F4 chemin d’accès de l’exécutable \Device\HarddiskVolume5\Windows\System32\svchost.exe, SERVICE LOCAL  utilisateur
Information	01/10/2025 19:24:58	Microsoft-Windows-HttpService	113	HTTP Configuration Property Trace Task	Tentative d’ajout de l’URL (http://*:2869/upnp/eventing/) au groupe d’URL (0xFF00000420000009). État : 0x0. ID de processus 0x20F4 \Device\HarddiskVolume5\Windows\System32\svchost.exe de chemin d’accès de l’exécutable, SERVICE LOCAL  utilisateur
Information	01/10/2025 19:24:34	Microsoft-Windows-HttpService	114	HTTP Configuration Property Trace Task	URL (http://*:2869/upnp/eventing/) supprimée du groupe d’URL (0xFE00000120000002). ID de processus 0x20F4 chemin d’accès de l’exécutable \Device\HarddiskVolume5\Windows\System32\svchost.exe, SERVICE LOCAL  utilisateur
Information	01/10/2025 19:24:34	Microsoft-Windows-HttpService	113	HTTP Configuration Property Trace Task	Tentative d’ajout de l’URL (http://*:2869/upnp/eventing/) au groupe d’URL (0xFE00000120000002). État : 0x0. ID de processus 0x20F4 \Device\HarddiskVolume5\Windows\System32\svchost.exe de chemin d’accès de l’exécutable, SERVICE LOCAL  utilisateur
Information	01/10/2025 19:24:33	Microsoft-Windows-HttpService	114	HTTP Configuration Property Trace Task	URL (http://*:2869/upnp/eventing/) supprimée du groupe d’URL (0xFC00000020000009). ID de processus 0x20F4 chemin d’accès de l’exécutable \Device\HarddiskVolume5\Windows\System32\svchost.exe, SERVICE LOCAL  utilisateur
Information	01/10/2025 19:24:33	Microsoft-Windows-HttpService	113	HTTP Configuration Property Trace Task	Tentative d’ajout de l’URL (http://*:2869/upnp/eventing/) au groupe d’URL (0xFC00000020000009). État : 0x0. ID de processus 0x20F4 \Device\HarddiskVolume5\Windows\System32\svchost.exe de chemin d’accès de l’exécutable, SERVICE LOCAL  utilisateur
Information	01/10/2025 19:24:33	Microsoft-Windows-HttpService	114	HTTP Configuration Property Trace Task	URL (http://*:2869/upnp/eventing/) supprimée du groupe d’URL (0xFC00000020000008). ID de processus 0x20F4 chemin d’accès de l’exécutable \Device\HarddiskVolume5\Windows\System32\svchost.exe, SERVICE LOCAL  utilisateur
Information	01/10/2025 19:24:33	Microsoft-Windows-HttpService	113	HTTP Configuration Property Trace Task	Tentative d’ajout de l’URL (http://*:2869/upnp/eventing/) au groupe d’URL (0xFC00000020000008). État : 0x0. ID de processus 0x20F4 \Device\HarddiskVolume5\Windows\System32\svchost.exe de chemin d’accès de l’exécutable, SERVICE LOCAL  utilisateur
Information	01/10/2025 19:24:32	Microsoft-Windows-HttpService	114	HTTP Configuration Property Trace Task	URL (http://*:2869/upnp/eventing/) supprimée du groupe d’URL (0xFC00000020000007). ID de processus 0x20F4 chemin d’accès de l’exécutable \Device\HarddiskVolume5\Windows\System32\svchost.exe, SERVICE LOCAL  utilisateur
Information	01/10/2025 19:24:32	Microsoft-Windows-HttpService	113	HTTP Configuration Property Trace Task	Tentative d’ajout de l’URL (http://*:2869/upnp/eventing/) au groupe d’URL (0xFC00000020000007). État : 0x0. ID de processus 0x20F4 \Device\HarddiskVolume5\Windows\System32\svchost.exe de chemin d’accès de l’exécutable, SERVICE LOCAL  utilisateur
Information	01/10/2025 19:24:32	Microsoft-Windows-HttpService	114	HTTP Configuration Property Trace Task	URL (http://*:2869/upnp/eventing/) supprimée du groupe d’URL (0xFE00000B20000002). ID de processus 0x20F4 chemin d’accès de l’exécutable \Device\HarddiskVolume5\Windows\System32\svchost.exe, SERVICE LOCAL  utilisateur
Information	01/10/2025 19:24:32	Microsoft-Windows-HttpService	113	HTTP Configuration Property Trace Task	Tentative d’ajout de l’URL (http://*:2869/upnp/eventing/) au groupe d’URL (0xFE00000B20000002). État : 0x0. ID de processus 0x20F4 \Device\HarddiskVolume5\Windows\System32\svchost.exe de chemin d’accès de l’exécutable, SERVICE LOCAL  utilisateur
Information	01/10/2025 19:24:31	Microsoft-Windows-HttpService	114	HTTP Configuration Property Trace Task	URL (http://*:2869/upnp/eventing/) supprimée du groupe d’URL (0xFE00000B20000001). ID de processus 0x20F4 chemin d’accès de l’exécutable \Device\HarddiskVolume5\Windows\System32\svchost.exe, SERVICE LOCAL  utilisateur
Information	01/10/2025 19:24:31	Microsoft-Windows-HttpService	113	HTTP Configuration Property Trace Task	Tentative d’ajout de l’URL (http://*:2869/upnp/eventing/) au groupe d’URL (0xFE00000B20000001). État : 0x0. ID de processus 0x20F4 \Device\HarddiskVolume5\Windows\System32\svchost.exe de chemin d’accès de l’exécutable, SERVICE LOCAL  utilisateur
Information	01/10/2025 19:24:31	Microsoft-Windows-HttpService	114	HTTP Configuration Property Trace Task	URL (http://*:2869/upnp/eventing/) supprimée du groupe d’URL (0xFC00000020000006). ID de processus 0x20F4 chemin d’accès de l’exécutable \Device\HarddiskVolume5\Windows\System32\svchost.exe, SERVICE LOCAL  utilisateur
Information	01/10/2025 19:24:31	Microsoft-Windows-HttpService	113	HTTP Configuration Property Trace Task	Tentative d’ajout de l’URL (http://*:2869/upnp/eventing/) au groupe d’URL (0xFC00000020000006). État : 0x0. ID de processus 0x20F4 \Device\HarddiskVolume5\Windows\System32\svchost.exe de chemin d’accès de l’exécutable, SERVICE LOCAL  utilisateur
Information	01/10/2025 19:24:29	Microsoft-Windows-HttpService	114	HTTP Configuration Property Trace Task	URL (http://*:2869/upnp/eventing/) supprimée du groupe d’URL (0xFF00000420000008). ID de processus 0x20F4 chemin d’accès de l’exécutable \Device\HarddiskVolume5\Windows\System32\svchost.exe, SERVICE LOCAL  utilisateur
Information	01/10/2025 19:24:29	Microsoft-Windows-HttpService	113	HTTP Configuration Property Trace Task	Tentative d’ajout de l’URL (http://*:2869/upnp/eventing/) au groupe d’URL (0xFF00000420000008). État : 0x0. ID de processus 0x20F4 \Device\HarddiskVolume5\Windows\System32\svchost.exe de chemin d’accès de l’exécutable, SERVICE LOCAL  utilisateur
Information	01/10/2025 19:24:29	Microsoft-Windows-HttpService	114	HTTP Configuration Property Trace Task	URL (http://*:2869/upnp/eventing/) supprimée du groupe d’URL (0xFC00000020000005). ID de processus 0x20F4 chemin d’accès de l’exécutable \Device\HarddiskVolume5\Windows\System32\svchost.exe, SERVICE LOCAL  utilisateur
Information	01/10/2025 19:24:29	Microsoft-Windows-HttpService	113	HTTP Configuration Property Trace Task	Tentative d’ajout de l’URL (http://*:2869/upnp/eventing/) au groupe d’URL (0xFC00000020000005). État : 0x0. ID de processus 0x20F4 \Device\HarddiskVolume5\Windows\System32\svchost.exe de chemin d’accès de l’exécutable, SERVICE LOCAL  utilisateur
Information	01/10/2025 19:24:29	Microsoft-Windows-HttpService	114	HTTP Configuration Property Trace Task	URL (http://*:2869/upnp/eventing/) supprimée du groupe d’URL (0xFC00000020000004). ID de processus 0x20F4 chemin d’accès de l’exécutable \Device\HarddiskVolume5\Windows\System32\svchost.exe, SERVICE LOCAL  utilisateur
Information	01/10/2025 19:24:29	Microsoft-Windows-HttpService	113	HTTP Configuration Property Trace Task	Tentative d’ajout de l’URL (http://*:2869/upnp/eventing/) au groupe d’URL (0xFC00000020000004). État : 0x0. ID de processus 0x20F4 \Device\HarddiskVolume5\Windows\System32\svchost.exe de chemin d’accès de l’exécutable, SERVICE LOCAL  utilisateur
Information	01/10/2025 19:24:29	Microsoft-Windows-HttpService	114	HTTP Configuration Property Trace Task	URL (http://*:2869/upnp/eventing/) supprimée du groupe d’URL (0xFC00000020000003). ID de processus 0x20F4 chemin d’accès de l’exécutable \Device\HarddiskVolume5\Windows\System32\svchost.exe, SERVICE LOCAL  utilisateur
Information	01/10/2025 19:24:29	Microsoft-Windows-HttpService	113	HTTP Configuration Property Trace Task	Tentative d’ajout de l’URL (http://*:2869/upnp/eventing/) au groupe d’URL (0xFC00000020000003). État : 0x0. ID de processus 0x20F4 \Device\HarddiskVolume5\Windows\System32\svchost.exe de chemin d’accès de l’exécutable, SERVICE LOCAL  utilisateur
Information	01/10/2025 19:24:25	Service Control Manager	7040	Aucun	Le type de démarrage du service Service de transfert intelligent en arrière-plan est passé de Démarrage à la demande à Démarrage automatique.
Information	01/10/2025 19:23:54	Microsoft-Windows-IsolatedUserMode	5	Aucun	Secure Trustlet NULL Id 0 and Pid 0 started with status STATUS_SUCCESS.
Information	01/10/2025 19:23:54	Microsoft-Windows-Kernel-General	16	Aucun	L’historique des accès de la ruche \??\C:\Users\Perceval\AppData\Local\Packages\Microsoft.Edge.GameAssist_8wekyb3d8bbwe\Settings\settings.dat a été effacé, mettant à jour 2 clés et créant 1 pages modifiées.
Information	01/10/2025 18:04:03	Service Control Manager	7040	Aucun	Le type de démarrage du service Service de transfert intelligent en arrière-plan est passé de Démarrage automatique à Démarrage à la demande.
Information	01/10/2025 18:02:00	Microsoft-Windows-HttpService	114	HTTP Configuration Property Trace Task	URL (http://*:2869/upnp/eventing/) supprimée du groupe d’URL (0xFC00000020000002). ID de processus 0x20F4 chemin d’accès de l’exécutable \Device\HarddiskVolume5\Windows\System32\svchost.exe, SERVICE LOCAL  utilisateur
Information	01/10/2025 18:02:00	Microsoft-Windows-HttpService	113	HTTP Configuration Property Trace Task	Tentative d’ajout de l’URL (http://*:2869/upnp/eventing/) au groupe d’URL (0xFC00000020000002). État : 0x0. ID de processus 0x20F4 \Device\HarddiskVolume5\Windows\System32\svchost.exe de chemin d’accès de l’exécutable, SERVICE LOCAL  utilisateur
Information	01/10/2025 18:01:59	Microsoft-Windows-HttpService	114	HTTP Configuration Property Trace Task	URL (http://*:2869/upnp/eventing/) supprimée du groupe d’URL (0xFC00000020000001). ID de processus 0x20F4 chemin d’accès de l’exécutable \Device\HarddiskVolume5\Windows\System32\svchost.exe, SERVICE LOCAL  utilisateur
Information	01/10/2025 18:01:59	Microsoft-Windows-HttpService	113	HTTP Configuration Property Trace Task	Tentative d’ajout de l’URL (http://*:2869/upnp/eventing/) au groupe d’URL (0xFC00000020000001). État : 0x0. ID de processus 0x20F4 \Device\HarddiskVolume5\Windows\System32\svchost.exe de chemin d’accès de l’exécutable, SERVICE LOCAL  utilisateur
Information	01/10/2025 18:01:59	Microsoft-Windows-HttpService	114	HTTP Configuration Property Trace Task	URL (http://*:2869/upnp/eventing/) supprimée du groupe d’URL (0xFF00000420000007). ID de processus 0x20F4 chemin d’accès de l’exécutable \Device\HarddiskVolume5\Windows\System32\svchost.exe, SERVICE LOCAL  utilisateur
Information	01/10/2025 18:01:59	Microsoft-Windows-HttpService	113	HTTP Configuration Property Trace Task	Tentative d’ajout de l’URL (http://*:2869/upnp/eventing/) au groupe d’URL (0xFF00000420000007). État : 0x0. ID de processus 0x20F4 \Device\HarddiskVolume5\Windows\System32\svchost.exe de chemin d’accès de l’exécutable, SERVICE LOCAL  utilisateur
Information	01/10/2025 18:01:58	Microsoft-Windows-HttpService	114	HTTP Configuration Property Trace Task	URL (http://*:2869/upnp/eventing/) supprimée du groupe d’URL (0xFF00000420000006). ID de processus 0x20F4 chemin d’accès de l’exécutable \Device\HarddiskVolume5\Windows\System32\svchost.exe, SERVICE LOCAL  utilisateur
Information	01/10/2025 18:01:58	Microsoft-Windows-HttpService	113	HTTP Configuration Property Trace Task	Tentative d’ajout de l’URL (http://*:2869/upnp/eventing/) au groupe d’URL (0xFF00000420000006). État : 0x0. ID de processus 0x20F4 \Device\HarddiskVolume5\Windows\System32\svchost.exe de chemin d’accès de l’exécutable, SERVICE LOCAL  utilisateur
Information	01/10/2025 18:01:58	Microsoft-Windows-HttpService	114	HTTP Configuration Property Trace Task	URL (http://*:2869/upnp/eventing/) supprimée du groupe d’URL (0xFF00000420000005). ID de processus 0x20F4 chemin d’accès de l’exécutable \Device\HarddiskVolume5\Windows\System32\svchost.exe, SERVICE LOCAL  utilisateur
Information	01/10/2025 18:01:58	Microsoft-Windows-HttpService	113	HTTP Configuration Property Trace Task	Tentative d’ajout de l’URL (http://*:2869/upnp/eventing/) au groupe d’URL (0xFF00000420000005). État : 0x0. ID de processus 0x20F4 \Device\HarddiskVolume5\Windows\System32\svchost.exe de chemin d’accès de l’exécutable, SERVICE LOCAL  utilisateur
Information	01/10/2025 18:01:57	Microsoft-Windows-HttpService	114	HTTP Configuration Property Trace Task	URL (http://*:2869/upnp/eventing/) supprimée du groupe d’URL (0xFF00000420000004). ID de processus 0x20F4 chemin d’accès de l’exécutable \Device\HarddiskVolume5\Windows\System32\svchost.exe, SERVICE LOCAL  utilisateur
Information	01/10/2025 18:01:57	Microsoft-Windows-HttpService	113	HTTP Configuration Property Trace Task	Tentative d’ajout de l’URL (http://*:2869/upnp/eventing/) au groupe d’URL (0xFF00000420000004). État : 0x0. ID de processus 0x20F4 \Device\HarddiskVolume5\Windows\System32\svchost.exe de chemin d’accès de l’exécutable, SERVICE LOCAL  utilisateur
Information	01/10/2025 18:01:57	Microsoft-Windows-HttpService	114	HTTP Configuration Property Trace Task	URL (http://*:2869/upnp/eventing/) supprimée du groupe d’URL (0xFF00000420000003). ID de processus 0x20F4 chemin d’accès de l’exécutable \Device\HarddiskVolume5\Windows\System32\svchost.exe, SERVICE LOCAL  utilisateur
Information	01/10/2025 18:01:57	Microsoft-Windows-HttpService	113	HTTP Configuration Property Trace Task	Tentative d’ajout de l’URL (http://*:2869/upnp/eventing/) au groupe d’URL (0xFF00000420000003). État : 0x0. ID de processus 0x20F4 \Device\HarddiskVolume5\Windows\System32\svchost.exe de chemin d’accès de l’exécutable, SERVICE LOCAL  utilisateur
Information	01/10/2025 18:01:55	Microsoft-Windows-HttpService	114	HTTP Configuration Property Trace Task	URL (http://*:2869/upnp/eventing/) supprimée du groupe d’URL (0xFE00000620000001). ID de processus 0x20F4 chemin d’accès de l’exécutable \Device\HarddiskVolume5\Windows\System32\svchost.exe, SERVICE LOCAL  utilisateur
Information	01/10/2025 18:01:55	Microsoft-Windows-HttpService	113	HTTP Configuration Property Trace Task	Tentative d’ajout de l’URL (http://*:2869/upnp/eventing/) au groupe d’URL (0xFE00000620000001). État : 0x0. ID de processus 0x20F4 \Device\HarddiskVolume5\Windows\System32\svchost.exe de chemin d’accès de l’exécutable, SERVICE LOCAL  utilisateur
Information	01/10/2025 18:01:55	Microsoft-Windows-HttpService	114	HTTP Configuration Property Trace Task	URL (http://*:2869/upnp/eventing/) supprimée du groupe d’URL (0xFE00000120000001). ID de processus 0x20F4 chemin d’accès de l’exécutable \Device\HarddiskVolume5\Windows\System32\svchost.exe, SERVICE LOCAL  utilisateur
Information	01/10/2025 18:01:55	Microsoft-Windows-HttpService	113	HTTP Configuration Property Trace Task	Tentative d’ajout de l’URL (http://*:2869/upnp/eventing/) au groupe d’URL (0xFE00000120000001). État : 0x0. ID de processus 0x20F4 \Device\HarddiskVolume5\Windows\System32\svchost.exe de chemin d’accès de l’exécutable, SERVICE LOCAL  utilisateur
Information	01/10/2025 18:01:55	Microsoft-Windows-HttpService	114	HTTP Configuration Property Trace Task	URL (http://*:2869/upnp/eventing/) supprimée du groupe d’URL (0xFE00000A20000003). ID de processus 0x20F4 chemin d’accès de l’exécutable \Device\HarddiskVolume5\Windows\System32\svchost.exe, SERVICE LOCAL  utilisateur
Information	01/10/2025 18:01:55	Microsoft-Windows-HttpService	113	HTTP Configuration Property Trace Task	Tentative d’ajout de l’URL (http://*:2869/upnp/eventing/) au groupe d’URL (0xFE00000A20000003). État : 0x0. ID de processus 0x20F4 \Device\HarddiskVolume5\Windows\System32\svchost.exe de chemin d’accès de l’exécutable, SERVICE LOCAL  utilisateur
Information	01/10/2025 18:01:55	Microsoft-Windows-HttpService	114	HTTP Configuration Property Trace Task	URL (http://*:2869/upnp/eventing/) supprimée du groupe d’URL (0xFE00000920000001). ID de processus 0x20F4 chemin d’accès de l’exécutable \Device\HarddiskVolume5\Windows\System32\svchost.exe, SERVICE LOCAL  utilisateur
Information	01/10/2025 18:01:55	Microsoft-Windows-HttpService	113	HTTP Configuration Property Trace Task	Tentative d’ajout de l’URL (http://*:2869/upnp/eventing/) au groupe d’URL (0xFE00000920000001). État : 0x0. ID de processus 0x20F4 \Device\HarddiskVolume5\Windows\System32\svchost.exe de chemin d’accès de l’exécutable, SERVICE LOCAL  utilisateur
Information	01/10/2025 18:01:50	Service Control Manager	7040	Aucun	Le type de démarrage du service Service de transfert intelligent en arrière-plan est passé de Démarrage à la demande à Démarrage automatique.
Information	01/10/2025 18:00:39	Microsoft-Windows-Kernel-General	16	Aucun	L’historique des accès de la ruche \??\C:\ProgramData\Packages\Microsoft.4297127D64EC6_8wekyb3d8bbwe\S-1-5-21-279605357-448217104-2738636231-1001\SystemAppData\Helium\Cache\b5b7365bb8aab612_COM15.dat a été effacé, mettant à jour 1 clés et créant 1 pages modifiées.
Information	01/10/2025 17:46:08	Microsoft-Windows-Time-Service	35	Aucun	Le service de temps est en train de synchroniser l'heure du système avec la source de temps time.windows.com,0x9 (ntp.m|0x9|0.0.0.0:123->51.145.123.29:123) (ID de référence 494637363). Nombre actuel de couches locales : 4.
Information	01/10/2025 17:46:08	Microsoft-Windows-Time-Service	37	Aucun	Le fournisseur de temps NtpClient reçoit actuellement des données de temps valides à partir de time.windows.com,0x9 (ntp.m|0x9|0.0.0.0:123->51.145.123.29:123).
Information	01/10/2025 17:11:21	Microsoft-Windows-Kernel-General	16	Aucun	L’historique des accès de la ruche \??\C:\Users\Perceval\AppData\Local\Packages\Microsoft.WindowsCalculator_8wekyb3d8bbwe\Settings\settings.dat a été effacé, mettant à jour 2 clés et créant 1 pages modifiées.
Avertissement	01/10/2025 15:25:54	Tcpip	4266	Aucun	Une demande d’allocation d’un numéro de port éphémère de l’espace de port UDP global a échoué car tous les ports de ce type sont utilisés.
Information	01/10/2025 12:00:00	EventLog	6013	Aucun	La durée active du système est de 11882 secondes.
Information	01/10/2025 11:38:17	Microsoft-Windows-Kernel-General	16	Aucun	L’historique des accès de la ruche \??\C:\Users\Perceval\AppData\Local\Packages\Microsoft.Windows.ShellExperienceHost_cw5n1h2txyewy\Settings\settings.dat a été effacé, mettant à jour 2 clés et créant 1 pages modifiées.
Information	01/10/2025 11:38:08	Microsoft-Windows-Kernel-General	16	Aucun	L’historique des accès de la ruche \??\C:\Users\Perceval\AppData\Local\Packages\Microsoft.DesktopAppInstaller_8wekyb3d8bbwe\Settings\settings.dat a été effacé, mettant à jour 2 clés et créant 1 pages modifiées.
Information	01/10/2025 09:52:50	Microsoft-Windows-Time-Service	158	Aucun	Le fournisseur de temps VMICTimeProvider a indiqué que le matériel et l'environnement d'exploitation actuels ne sont pas pris en charge et ont été arrêtés. Ce comportement est attendu de VMICTimeProvider dans des environnements invités non HyperV. Il peut également être attendu du fournisseur actuel dans l'environnement d'exploitation utilisé.
Information	01/10/2025 09:35:46	Microsoft-Windows-Time-Service	158	Aucun	Le fournisseur de temps VMICTimeProvider a indiqué que le matériel et l'environnement d'exploitation actuels ne sont pas pris en charge et ont été arrêtés. Ce comportement est attendu de VMICTimeProvider dans des environnements invités non HyperV. Il peut également être attendu du fournisseur actuel dans l'environnement d'exploitation utilisé.
Information	01/10/2025 09:23:56	Microsoft-Windows-Kernel-General	16	Aucun	L’historique des accès de la ruche \??\C:\ProgramData\Microsoft\Provisioning\Microsoft-Desktop-Provisioning-Sequence.dat a été effacé, mettant à jour 0 clés et créant 0 pages modifiées.
Information	01/10/2025 09:20:24	Microsoft-Windows-Kernel-General	16	Aucun	L’historique des accès de la ruche \??\C:\Users\Perceval\AppData\Local\Packages\Microsoft.StartExperiencesApp_8wekyb3d8bbwe\SystemAppData\Helium\UserClasses.dat a été effacé, mettant à jour 13 clés et créant 1 pages modifiées.
Information	01/10/2025 09:20:24	Microsoft-Windows-Kernel-General	16	Aucun	L’historique des accès de la ruche \??\C:\Users\Perceval\AppData\Local\Packages\Microsoft.StartExperiencesApp_8wekyb3d8bbwe\SystemAppData\Helium\User.dat a été effacé, mettant à jour 17 clés et créant 1 pages modifiées.
Avertissement	01/10/2025 09:19:56	Microsoft-Windows-DistributedCOM	10016	Aucun	"Les paramètres d’autorisation par défaut de l’ordinateur n’accordent pas l’autorisation Local Activation pour l’application serveur COM avec le CLSID 
{C2F03A33-21F5-47FA-B4BB-156362A2F239}
 et l’APPID 
{316CDED5-E4AE-4B15-9113-7055D84DCC97}
 au SID AUTORITE NT\SERVICE LOCAL de l’utilisateur (S-1-5-19) depuis l’adresse LocalHost (avec LRPC) s’exécutant dans le SID Non disponible du conteneur d’applications (Non disponible). Cette autorisation de sécurité peut être modifiée à l’aide de l’outil d’administration Services de composants."
Avertissement	01/10/2025 09:19:56	Microsoft-Windows-DistributedCOM	10016	Aucun	"Les paramètres d’autorisation propres à l’application n’accordent pas l’autorisation Local Activation pour l’application serveur COM avec le CLSID 
{6B3B8D23-FA8D-40B9-8DBD-B950333E2C52}
 et l’APPID 
{4839DDB7-58C2-48F5-8283-E1D1807D0D7D}
 au SID AUTORITE NT\SERVICE LOCAL de l’utilisateur (S-1-5-19) depuis l’adresse LocalHost (avec LRPC) s’exécutant dans le SID Non disponible du conteneur d’applications (Non disponible). Cette autorisation de sécurité peut être modifiée à l’aide de l’outil d’administration Services de composants."
Avertissement	01/10/2025 09:19:56	Microsoft-Windows-DistributedCOM	10016	Aucun	"Les paramètres d’autorisation par défaut de l’ordinateur n’accordent pas l’autorisation Local Activation pour l’application serveur COM avec le CLSID 
{C2F03A33-21F5-47FA-B4BB-156362A2F239}
 et l’APPID 
{316CDED5-E4AE-4B15-9113-7055D84DCC97}
 au SID AUTORITE NT\SERVICE LOCAL de l’utilisateur (S-1-5-19) depuis l’adresse LocalHost (avec LRPC) s’exécutant dans le SID Non disponible du conteneur d’applications (Non disponible). Cette autorisation de sécurité peut être modifiée à l’aide de l’outil d’administration Services de composants."
Avertissement	01/10/2025 09:19:56	Microsoft-Windows-DistributedCOM	10016	Aucun	"Les paramètres d’autorisation propres à l’application n’accordent pas l’autorisation Local Activation pour l’application serveur COM avec le CLSID 
{6B3B8D23-FA8D-40B9-8DBD-B950333E2C52}
 et l’APPID 
{4839DDB7-58C2-48F5-8283-E1D1807D0D7D}
 au SID AUTORITE NT\SERVICE LOCAL de l’utilisateur (S-1-5-19) depuis l’adresse LocalHost (avec LRPC) s’exécutant dans le SID Non disponible du conteneur d’applications (Non disponible). Cette autorisation de sécurité peut être modifiée à l’aide de l’outil d’administration Services de composants."
Avertissement	01/10/2025 09:18:49	Microsoft-Windows-DistributedCOM	10016	Aucun	"Les paramètres d’autorisation propres à l’application n’accordent pas l’autorisation Local Activation pour l’application serveur COM avec le CLSID 
{2593F8B9-4EAF-457C-B68A-50F6B8EA6B54}
 et l’APPID 
{15C20B67-12E7-4BB6-92BB-7AFF07997402}
 au SID DESKTOP-5P6VHHK\Perceval de l’utilisateur (S-1-5-21-279605357-448217104-2738636231-1001) depuis l’adresse LocalHost (avec LRPC) s’exécutant dans le SID Non disponible du conteneur d’applications (Non disponible). Cette autorisation de sécurité peut être modifiée à l’aide de l’outil d’administration Services de composants."
Information	01/10/2025 09:18:42	Microsoft-Windows-Time-Service	158	Aucun	Le fournisseur de temps VMICTimeProvider a indiqué que le matériel et l'environnement d'exploitation actuels ne sont pas pris en charge et ont été arrêtés. Ce comportement est attendu de VMICTimeProvider dans des environnements invités non HyperV. Il peut également être attendu du fournisseur actuel dans l'environnement d'exploitation utilisé.
Information	01/10/2025 09:18:14	Microsoft-Windows-Kernel-General	16	Aucun	L’historique des accès de la ruche \??\C:\Users\Perceval\AppData\Local\Packages\Microsoft.MinecraftUWP_8wekyb3d8bbwe\Settings\settings.dat a été effacé, mettant à jour 4 clés et créant 1 pages modifiées.
Information	01/10/2025 09:18:13	Microsoft-Windows-Kernel-General	16	Aucun	L’historique des accès de la ruche \??\C:\Users\Perceval\AppData\Local\Packages\Microsoft.StartExperiencesApp_8wekyb3d8bbwe\Settings\settings.dat a été effacé, mettant à jour 1 clés et créant 1 pages modifiées.
Information	01/10/2025 09:18:12	Microsoft-Windows-Kernel-General	16	Aucun	L’historique des accès de la ruche \??\C:\Users\Perceval\AppData\Local\Packages\Microsoft.MicrosoftOfficeHub_8wekyb3d8bbwe\Settings\settings.dat a été effacé, mettant à jour 1 clés et créant 1 pages modifiées.
Avertissement	01/10/2025 09:18:03	Microsoft-Windows-DistributedCOM	10016	Aucun	"Les paramètres d’autorisation propres à l’application n’accordent pas l’autorisation Local Activation pour l’application serveur COM avec le CLSID 
{2593F8B9-4EAF-457C-B68A-50F6B8EA6B54}
 et l’APPID 
{15C20B67-12E7-4BB6-92BB-7AFF07997402}
 au SID DESKTOP-5P6VHHK\Perceval de l’utilisateur (S-1-5-21-279605357-448217104-2738636231-1001) depuis l’adresse LocalHost (avec LRPC) s’exécutant dans le SID Non disponible du conteneur d’applications (Non disponible). Cette autorisation de sécurité peut être modifiée à l’aide de l’outil d’administration Services de composants."
Information	01/10/2025 09:17:48	Microsoft-Windows-Kernel-General	16	Aucun	L’historique des accès de la ruche \??\C:\Users\Perceval\AppData\Local\Packages\AD2F1837.OMENCommandCenter_v10z8vjag6ke6\Settings\settings.dat a été effacé, mettant à jour 3 clés et créant 1 pages modifiées.
Information	01/10/2025 09:17:48	Microsoft-Windows-Kernel-General	16	Aucun	L’historique des accès de la ruche \??\C:\ProgramData\Packages\AD2F1837.OMENCommandCenter_v10z8vjag6ke6\S-1-5-21-279605357-448217104-2738636231-1001\SystemAppData\Helium\Cache\e317930b156ca077_COM15.dat a été effacé, mettant à jour 1 clés et créant 1 pages modifiées.
Information	01/10/2025 09:17:48	Microsoft-Windows-Kernel-General	16	Aucun	L’historique des accès de la ruche \??\C:\Users\Perceval\AppData\Local\Packages\AD2F1837.OMENCommandCenter_v10z8vjag6ke6\SystemAppData\Helium\UserClasses.dat a été effacé, mettant à jour 9 clés et créant 3 pages modifiées.
Information	01/10/2025 09:17:48	Microsoft-Windows-Kernel-General	16	Aucun	L’historique des accès de la ruche \??\C:\Users\Perceval\AppData\Local\Packages\AD2F1837.OMENCommandCenter_v10z8vjag6ke6\SystemAppData\Helium\User.dat a été effacé, mettant à jour 50 clés et créant 12 pages modifiées.
Information	01/10/2025 09:17:45	Microsoft-Windows-Kernel-General	16	Aucun	L’historique des accès de la ruche \??\C:\Users\Perceval\AppData\Local\Packages\Microsoft.AAD.BrokerPlugin_cw5n1h2txyewy\Settings\settings.dat a été effacé, mettant à jour 16 clés et créant 4 pages modifiées.
Information	01/10/2025 09:17:40	Microsoft-Windows-Kernel-General	16	Aucun	L’historique des accès de la ruche \??\C:\Users\Perceval\AppData\Local\Packages\MicrosoftWindows.Client.OOBE_cw5n1h2txyewy\Settings\settings.dat a été effacé, mettant à jour 1 clés et créant 1 pages modifiées.
Information	01/10/2025 09:17:40	Microsoft-Windows-Kernel-General	16	Aucun	L’historique des accès de la ruche \??\C:\Users\Perceval\AppData\Local\Packages\MicrosoftWindows.Client.CoreAI_cw5n1h2txyewy\Settings\settings.dat a été effacé, mettant à jour 1 clés et créant 1 pages modifiées.
Information	01/10/2025 09:17:38	Microsoft-Windows-Winlogon	7001	(1101)	Notification d’ouverture de session utilisateur pour le Programme d’amélioration de l’expérience utilisateur
Information	01/10/2025 09:03:08	Microsoft-Windows-Kernel-General	16	Aucun	L’historique des accès de la ruche \??\C:\ProgramData\Microsoft\Windows\AppRepository\Packages\Microsoft.MinecraftUWP_1.21.11101.0_x64__8wekyb3d8bbwe\ActivationStore.dat a été effacé, mettant à jour 0 clés et créant 0 pages modifiées.
Information	01/10/2025 09:02:22	Microsoft-Windows-WindowsUpdateClient	44	Agent de mise à jour automatique Windows Update	Windows Update a démarré le téléchargement d'une mise à jour.
Information	01/10/2025 09:01:38	Microsoft-Windows-Time-Service	158	Aucun	Le fournisseur de temps VMICTimeProvider a indiqué que le matériel et l'environnement d'exploitation actuels ne sont pas pris en charge et ont été arrêtés. Ce comportement est attendu de VMICTimeProvider dans des environnements invités non HyperV. Il peut également être attendu du fournisseur actuel dans l'environnement d'exploitation utilisé.
Information	01/10/2025 08:52:46	Microsoft-Windows-Kernel-General	16	Aucun	L’historique des accès de la ruche \??\C:\ProgramData\Microsoft\Windows\AppRepository\Packages\Microsoft.DesktopAppInstaller_1.26.510.0_x64__8wekyb3d8bbwe\ActivationStore.dat a été effacé, mettant à jour 0 clés et créant 0 pages modifiées.
Information	01/10/2025 08:52:45	Microsoft-Windows-Kernel-General	16	Aucun	L’historique des accès de la ruche \??\C:\ProgramData\Microsoft\Windows\AppRepository\Packages\Microsoft.MicrosoftOfficeHub_19.2509.56111.0_x64__8wekyb3d8bbwe\ActivationStore.dat a été effacé, mettant à jour 0 clés et créant 0 pages modifiées.
Information	01/10/2025 08:52:40	Microsoft-Windows-WindowsUpdateClient	44	Agent de mise à jour automatique Windows Update	Windows Update a démarré le téléchargement d'une mise à jour.
Information	01/10/2025 08:52:40	Microsoft-Windows-WindowsUpdateClient	44	Agent de mise à jour automatique Windows Update	Windows Update a démarré le téléchargement d'une mise à jour.
Information	01/10/2025 08:52:40	Microsoft-Windows-WindowsUpdateClient	44	Agent de mise à jour automatique Windows Update	Windows Update a démarré le téléchargement d'une mise à jour.
Information	01/10/2025 08:52:35	Microsoft-Windows-WindowsUpdateClient	19	Agent de mise à jour automatique Windows Update	Installation réussie : Windows a installé la mise à jour suivante : Mise à jour de la sélection disjointe pour Microsoft Defender Antivirus – 2267602 Ko (version 1.437.245.0) – Canal actuel (large)
Information	01/10/2025 08:52:27	Microsoft-Windows-WindowsUpdateClient	43	Agent de mise à jour automatique Windows Update	Installation démarrée : Windows a commencé l'installation de la mise à jour suivante : Mise à jour de la sélection disjointe pour Microsoft Defender Antivirus – 2267602 Ko (version 1.437.245.0) – Canal actuel (large)
Information	01/10/2025 08:52:27	Microsoft-Windows-WindowsUpdateClient	44	Agent de mise à jour automatique Windows Update	Windows Update a démarré le téléchargement d'une mise à jour.
Information	01/10/2025 08:47:14	Microsoft-Windows-TPM-WMI	1034	Aucun	Mise à jour Secure Boot Dbx appliquée avec succès
Information	01/10/2025 08:44:27	Microsoft-Windows-WindowsUpdateClient	19	Agent de mise à jour automatique Windows Update	Installation réussie : Windows a installé la mise à jour suivante : 2025-09 Aperçu de la mise à jour cumulative pour Windows 11 Version 24H2 pour les systèmes x64 (KB5065789) (26100.6725)
Avertissement	01/10/2025 08:44:18	Microsoft-Windows-DistributedCOM	10016	Aucun	"Les paramètres d’autorisation propres à l’application n’accordent pas l’autorisation Local Exécution pour l’application serveur COM avec le CLSID 
Windows.SecurityCenter.WscDataProtection
 et l’APPID 
Non disponible
 au SID AUTORITE NT\Système de l’utilisateur (S-1-5-18) depuis l’adresse LocalHost (avec LRPC) s’exécutant dans le SID Non disponible du conteneur d’applications (Non disponible). Cette autorisation de sécurité peut être modifiée à l’aide de l’outil d’administration Services de composants."
Information	01/10/2025 08:44:18	Microsoft-Windows-Time-Service	158	Aucun	Le fournisseur de temps VMICTimeProvider a indiqué que le matériel et l'environnement d'exploitation actuels ne sont pas pris en charge et ont été arrêtés. Ce comportement est attendu de VMICTimeProvider dans des environnements invités non HyperV. Il peut également être attendu du fournisseur actuel dans l'environnement d'exploitation utilisé.
Erreur	01/10/2025 08:44:17	Service Control Manager	7000	Aucun	"Le service Service Google Update (gupdate) n’a pas pu démarrer en raison de l’erreur : 
Le service n’a pas répondu assez vite à la demande de lancement ou de contrôle."
Erreur	01/10/2025 08:44:17	Service Control Manager	7009	Aucun	Le dépassement de délai (30000 millisecondes) a été atteint lors de l’attente de la connexion du service Service Google Update (gupdate).
Information	01/10/2025 08:42:27	Service Control Manager	7040	Aucun	Le type de démarrage du service Programme d’installation pour les modules Windows est passé de Démarrage automatique à Démarrage à la demande.
Information	01/10/2025 08:42:26	nhi	9007	Aucun	"The driver entered RTD3.
 All the connected devices will be removed from driver's internal state, so it is expected that DeviceDisconnected events will happen."
Information	01/10/2025 08:42:23	Microsoft-Windows-TPM-WMI	1025	Aucun	Le Module de plateforme sécurisée (TPM) a été correctement approvisionné et est prêt à être utilisé.
Information	01/10/2025 08:42:22	Microsoft-Windows-TPM-WMI	1282	Aucun	L'identificateur de périphérique TBS a été généré.
Information	01/10/2025 08:42:21	Microsoft-Windows-IsolatedUserMode	1	Aucun	Secure Trustlet \??\C:\WINDOWS\System32\NgcIso.exe Id 6 and Pid 10492 started with status STATUS_SUCCESS.
Information	01/10/2025 08:42:21	Microsoft-Windows-IsolatedUserMode	5	Aucun	Secure Trustlet NULL Id 0 and Pid 0 started with status STATUS_SUCCESS.
Information	01/10/2025 08:42:21	TPM	18	Aucun	Cet événement déclenche l’exécution de la vérification de l’état/la configuration du module de plateforme sécurisée (TPM).
Information	01/10/2025 08:42:20	Netwtw10	7021	Aucun	7021 - Connection telemetry fields and analysis usage
Information	01/10/2025 08:42:18	Microsoft-Windows-FilterManager	6	Aucun	Le filtre de système de fichiers « gameflt » (Version 10.0, ‎2009‎-‎11‎-‎22T21:11:52.000000000Z) s’est chargé et s’est inscrit correctement auprès du gestionnaire de filtres.
Information	01/10/2025 08:42:17	Microsoft-Windows-HttpService	113	HTTP Configuration Property Trace Task	Tentative d’ajout de l’URL (http://*:5357/191a253b-edc2-4532-a37a-1f3c80c58d8b/) au groupe d’URL (0xFE00000020000001). État : 0x0. ID de processus 0x17E8 \Device\HarddiskVolume5\Windows\System32\svchost.exe de chemin d’accès de l’exécutable, SERVICE LOCAL  utilisateur
Information	01/10/2025 08:42:17	Microsoft-Windows-HttpService	111	HTTP Configuration Property Trace Task	Créez un 0xFE00000020000001 de groupe d’URL. État 0x0. ID de processus 0x17E8 chemin d’accès de l’exécutable \Device\HarddiskVolume5\Windows\System32\svchost.exe, SERVICE LOCAL  utilisateur
Information	01/10/2025 08:42:16	Microsoft-Windows-WLAN-AutoConfig	10001	Aucun	"Le module d’extensibilité WLAN a démarré correctement.

Chemin d’accès du module : C:\WINDOWS\system32\IntelIHVRouter10.dll
"
