Information	15/10/2025 14:57:21	BTHUSB	18	Aucun	Windows ne peut pas stocker les codes d’authentification Bluetooth (clés de liaison) sur la carte locale. Les claviers Bluetooth ne fonctionnent peut-être pas dans le BIOS système lors du démarrage.
Avertissement	15/10/2025 14:57:19	BTHUSB	7	Aucun	Une erreur matérielle s'est produite. L'événement contient le code d'erreur spécifique au fournisseur.
Information	15/10/2025 14:49:26	BTHUSB	18	Aucun	Windows ne peut pas stocker les codes d’authentification Bluetooth (clés de liaison) sur la carte locale. Les claviers Bluetooth ne fonctionnent peut-être pas dans le BIOS système lors du démarrage.
Avertissement	15/10/2025 14:49:24	BTHUSB	7	Aucun	Une erreur matérielle s'est produite. L'événement contient le code d'erreur spécifique au fournisseur.
Information	15/10/2025 14:44:47	BTHUSB	18	Aucun	Windows ne peut pas stocker les codes d’authentification Bluetooth (clés de liaison) sur la carte locale. Les claviers Bluetooth ne fonctionnent peut-être pas dans le BIOS système lors du démarrage.
Avertissement	15/10/2025 14:44:45	BTHUSB	7	Aucun	Une erreur matérielle s'est produite. L'événement contient le code d'erreur spécifique au fournisseur.
Information	15/10/2025 14:37:54	BTHUSB	18	Aucun	Windows ne peut pas stocker les codes d’authentification Bluetooth (clés de liaison) sur la carte locale. Les claviers Bluetooth ne fonctionnent peut-être pas dans le BIOS système lors du démarrage.
Avertissement	15/10/2025 14:37:52	BTHUSB	7	Aucun	Une erreur matérielle s'est produite. L'événement contient le code d'erreur spécifique au fournisseur.
Information	15/10/2025 14:20:59	BTHUSB	18	Aucun	Windows ne peut pas stocker les codes d’authentification Bluetooth (clés de liaison) sur la carte locale. Les claviers Bluetooth ne fonctionnent peut-être pas dans le BIOS système lors du démarrage.
Avertissement	15/10/2025 14:20:58	BTHUSB	7	Aucun	Une erreur matérielle s'est produite. L'événement contient le code d'erreur spécifique au fournisseur.
Information	15/10/2025 14:20:30	BTHUSB	18	Aucun	Windows ne peut pas stocker les codes d’authentification Bluetooth (clés de liaison) sur la carte locale. Les claviers Bluetooth ne fonctionnent peut-être pas dans le BIOS système lors du démarrage.
Avertissement	15/10/2025 14:20:28	BTHUSB	7	Aucun	Une erreur matérielle s'est produite. L'événement contient le code d'erreur spécifique au fournisseur.
Information	15/10/2025 14:11:08	BTHUSB	18	Aucun	Windows ne peut pas stocker les codes d’authentification Bluetooth (clés de liaison) sur la carte locale. Les claviers Bluetooth ne fonctionnent peut-être pas dans le BIOS système lors du démarrage.
Avertissement	15/10/2025 14:11:06	BTHUSB	7	Aucun	Une erreur matérielle s'est produite. L'événement contient le code d'erreur spécifique au fournisseur.
Information	15/10/2025 14:04:49	Microsoft-Windows-Kernel-General	16	Aucun	L’historique des accès de la ruche \??\C:\ProgramData\Microsoft\Windows\AppRepository\Packages\Microsoft.WindowsAppRuntime.1.8_8000.642.119.0_x86__8wekyb3d8bbwe\ActivationStore.dat a été effacé, mettant à jour 0 clés et créant 0 pages modifiées.
Information	15/10/2025 14:04:33	Microsoft-Windows-Kernel-General	16	Aucun	L’historique des accès de la ruche \??\C:\ProgramData\Microsoft\Windows\AppRepository\Packages\Microsoft.WindowsAppRuntime.1.8_8000.642.119.0_x64__8wekyb3d8bbwe\ActivationStore.dat a été effacé, mettant à jour 0 clés et créant 0 pages modifiées.
Information	15/10/2025 14:04:00	Microsoft-Windows-WindowsUpdateClient	44	Agent de mise à jour automatique Windows Update	Windows Update a démarré le téléchargement d'une mise à jour.
Information	15/10/2025 14:03:45	Microsoft-Windows-WindowsUpdateClient	44	Agent de mise à jour automatique Windows Update	Windows Update a démarré le téléchargement d'une mise à jour.
Information	15/10/2025 14:00:58	BTHUSB	18	Aucun	Windows ne peut pas stocker les codes d’authentification Bluetooth (clés de liaison) sur la carte locale. Les claviers Bluetooth ne fonctionnent peut-être pas dans le BIOS système lors du démarrage.
Avertissement	15/10/2025 14:00:56	BTHUSB	7	Aucun	Une erreur matérielle s'est produite. L'événement contient le code d'erreur spécifique au fournisseur.
Information	15/10/2025 13:56:58	BTHUSB	18	Aucun	Windows ne peut pas stocker les codes d’authentification Bluetooth (clés de liaison) sur la carte locale. Les claviers Bluetooth ne fonctionnent peut-être pas dans le BIOS système lors du démarrage.
Avertissement	15/10/2025 13:56:56	BTHUSB	7	Aucun	Une erreur matérielle s'est produite. L'événement contient le code d'erreur spécifique au fournisseur.
Information	15/10/2025 13:52:12	BTHUSB	18	Aucun	Windows ne peut pas stocker les codes d’authentification Bluetooth (clés de liaison) sur la carte locale. Les claviers Bluetooth ne fonctionnent peut-être pas dans le BIOS système lors du démarrage.
Avertissement	15/10/2025 13:52:10	BTHUSB	7	Aucun	Une erreur matérielle s'est produite. L'événement contient le code d'erreur spécifique au fournisseur.
Information	15/10/2025 13:46:09	nhi	9007	Aucun	"The driver entered RTD3.
 All the connected devices will be removed from driver's internal state, so it is expected that DeviceDisconnected events will happen."
Information	15/10/2025 13:45:54	Microsoft-Windows-Power-Troubleshooter	1	Aucun	"Le système est sorti d’un état de faible alimentation.

Temps de veille : ‎2025‎-‎10‎-‎15T10:31:13.600968100Z
Temps de réveil : ‎2025‎-‎10‎-‎15T11:45:54.009515500Z

Source de réveil : Power Button"
Information	15/10/2025 13:45:54	BTHUSB	18	Aucun	Windows ne peut pas stocker les codes d’authentification Bluetooth (clés de liaison) sur la carte locale. Les claviers Bluetooth ne fonctionnent peut-être pas dans le BIOS système lors du démarrage.
Information	15/10/2025 13:45:54	Microsoft-Windows-Kernel-Power	566	(268)	"La session système est passée de 2 à 4.

Raison Unknown 

BootId: 82"
Erreur	15/10/2025 13:45:53	VBoxNetLwf	12	Aucun	Le pilote a détecté une erreur de pilote interne sur \Device\VBoxNetLwf.
Information	15/10/2025 13:45:53	Microsoft-Windows-Kernel-Power	566	(268)	"La session système est passée de 1 à 2.

Raison SxTransition 

BootId: 82"
Information	15/10/2025 13:45:53	Netwtw10	7023	Aucun	7023 - secure boot debug logging Quasar
Information	15/10/2025 13:45:52	Netwtw10	7025	Aucun	7025 - Dump after return from D3 before cmd 
Information	15/10/2025 13:45:51	Microsoft-Windows-Kernel-Power	130	(33)	Temps S3 du microprogramme. SuspendStart : 9469656, SuspendEnd : 9469657
Information	15/10/2025 13:45:51	Microsoft-Windows-Kernel-Power	131	(33)	Temps S3 du microprogramme. ResumeCount : 1, FullResume : 755, AverageResume : 755
Information	15/10/2025 13:45:51	Microsoft-Windows-Kernel-General	1	(5)	"L’heure système est passée de ‎2025‎-‎10‎-‎15T10:31:19.071281300Z.
heure ‎2025‎-‎10‎-‎15T11:45:51.500000000Z 4472428 ms

Raison du changement : System time synchronized with the hardware clock.
Processus : '' (pid 4).

heure RTC : ‎2025‎-‎10‎-‎15T13:45:51.500000000Z
Décalage horaire actuel : -120
'heure RTC est au format UTC: false
L’heure système était basée sur l’heure RTC : false"
Information	15/10/2025 12:31:19	Microsoft-Windows-Kernel-Power	107	(102)	Le système est sorti de la veille.
Information	15/10/2025 12:31:14	Microsoft-Windows-Kernel-Power	42	(64)	"Le système entre en veille.

Motif de la mise en veille : Button or Lid"
Information	15/10/2025 12:31:14	nhi	9008	Aucun	"Driver exit RTD3.
 All the connected devices will now cause DeviceConnected events."
Information	15/10/2025 12:31:13	Microsoft-Windows-Kernel-Power	566	(268)	"La session système est passée de 0 à 1.

Raison ScreenOffGracePeriod 

BootId: 82"
Information	15/10/2025 12:26:30	Microsoft-Windows-Kernel-General	16	Aucun	L’historique des accès de la ruche \??\C:\Users\Perceval\AppData\Local\Packages\Microsoft.SecHealthUI_8wekyb3d8bbwe\Settings\settings.dat a été effacé, mettant à jour 1 clés et créant 1 pages modifiées.
Information	15/10/2025 12:26:30	Microsoft-Windows-Kernel-General	16	Aucun	L’historique des accès de la ruche \??\C:\ProgramData\Microsoft\Windows\AppRepository\Packages\Microsoft.SecHealthUI_1000.29429.1000.0_x64__8wekyb3d8bbwe\ActivationStore.dat a été effacé, mettant à jour 0 clés et créant 0 pages modifiées.
Information	15/10/2025 12:25:56	Microsoft-Windows-WindowsUpdateClient	19	Agent de mise à jour automatique Windows Update	Installation réussie : Windows a installé la mise à jour suivante : Mise à jour pour Windows Security platform - KB5007651 (version 10.0.29429.1000)
Information	15/10/2025 12:25:55	Microsoft-Windows-WindowsUpdateClient	43	Agent de mise à jour automatique Windows Update	Installation démarrée : Windows a commencé l'installation de la mise à jour suivante : Mise à jour pour Windows Security platform - KB5007651 (version 10.0.29429.1000)
Information	15/10/2025 12:25:55	Microsoft-Windows-WindowsUpdateClient	19	Agent de mise à jour automatique Windows Update	Installation réussie : Windows a installé la mise à jour suivante : Outil de suppression de logiciels malveillants Windows x64 - v5.136 (KB890830)
Information	15/10/2025 12:24:50	Service Control Manager	7040	Aucun	Le type de démarrage du service Service de transfert intelligent en arrière-plan est passé de Démarrage à la demande à Démarrage automatique.
Information	15/10/2025 12:23:41	Microsoft-Windows-WindowsUpdateClient	43	Agent de mise à jour automatique Windows Update	Installation démarrée : Windows a commencé l'installation de la mise à jour suivante : Outil de suppression de logiciels malveillants Windows x64 - v5.136 (KB890830)
Information	15/10/2025 12:23:37	Virtual Disk Service	4	Aucun	Le service s’est arrêté.
Information	15/10/2025 12:18:52	Service Control Manager	7040	Aucun	Le type de démarrage du service Programme d’installation pour les modules Windows est passé de Démarrage à la demande à Démarrage automatique.
Information	15/10/2025 12:18:46	Service Control Manager	7040	Aucun	Le type de démarrage du service Programme d’installation pour les modules Windows est passé de Démarrage automatique à Démarrage à la demande.
Information	15/10/2025 12:16:46	BTHUSB	18	Aucun	Windows ne peut pas stocker les codes d’authentification Bluetooth (clés de liaison) sur la carte locale. Les claviers Bluetooth ne fonctionnent peut-être pas dans le BIOS système lors du démarrage.
Avertissement	15/10/2025 12:16:41	BTHUSB	7	Aucun	Une erreur matérielle s'est produite. L'événement contient le code d'erreur spécifique au fournisseur.
Information	15/10/2025 12:15:38	Service Control Manager	7040	Aucun	Le type de démarrage du service Programme d’installation pour les modules Windows est passé de Démarrage à la demande à Démarrage automatique.
Information	15/10/2025 12:15:03	Service Control Manager	7040	Aucun	Le type de démarrage du service Programme d’installation pour les modules Windows est passé de Démarrage automatique à Démarrage à la demande.
Information	15/10/2025 12:14:59	Service Control Manager	7040	Aucun	Le type de démarrage du service Programme d’installation pour les modules Windows est passé de Démarrage à la demande à Démarrage automatique.
Information	15/10/2025 12:12:38	Microsoft-Windows-Kernel-General	16	Aucun	L’historique des accès de la ruche \??\C:\$WinREAgent\Scratch\Mount\Windows\system32\smi\store\Machine\schema.dat a été effacé, mettant à jour 132 clés et créant 26 pages modifiées.
Information	15/10/2025 12:12:38	Microsoft-Windows-Kernel-General	16	Aucun	L’historique des accès de la ruche \??\C:\$WinREAgent\Scratch\Mount\Users\Default\ntuser.dat a été effacé, mettant à jour 1 clés et créant 1 pages modifiées.
Information	15/10/2025 12:12:38	Microsoft-Windows-Kernel-General	16	Aucun	L’historique des accès de la ruche \??\C:\$WinREAgent\Scratch\Mount\Windows\System32\config\DEFAULT a été effacé, mettant à jour 1 clés et créant 1 pages modifiées.
Information	15/10/2025 12:12:38	Microsoft-Windows-Kernel-General	16	Aucun	L’historique des accès de la ruche \??\C:\$WinREAgent\Scratch\Mount\Windows\System32\config\DRIVERS a été effacé, mettant à jour 355 clés et créant 39 pages modifiées.
Information	15/10/2025 12:12:38	Microsoft-Windows-Kernel-General	15	(10)	La ruche \??\C:\$WinREAgent\Scratch\Mount\Windows\System32\config\COMPONENTS a été réorganisée avec une taille de départ de 9142272 octets et une taille de fin de 7139328 octets.
Information	15/10/2025 12:12:38	Microsoft-Windows-Kernel-General	16	Aucun	L’historique des accès de la ruche \??\C:\$WinREAgent\Scratch\Mount\Windows\System32\config\SAM a été effacé, mettant à jour 1 clés et créant 1 pages modifiées.
Information	15/10/2025 12:12:38	Microsoft-Windows-Kernel-General	16	Aucun	L’historique des accès de la ruche \??\C:\$WinREAgent\Scratch\Mount\Windows\System32\config\SECURITY a été effacé, mettant à jour 1 clés et créant 1 pages modifiées.
Information	15/10/2025 12:12:38	Microsoft-Windows-Kernel-General	16	Aucun	L’historique des accès de la ruche \??\C:\$WinREAgent\Scratch\Mount\Windows\System32\config\SYSTEM a été effacé, mettant à jour 82664 clés et créant 9522 pages modifiées.
Information	15/10/2025 12:12:36	Microsoft-Windows-Kernel-General	16	Aucun	L’historique des accès de la ruche \??\C:\$WinREAgent\Scratch\Mount\Windows\system32\config\SOFTWARE a été effacé, mettant à jour 40666 clés et créant 2754 pages modifiées.
Information	15/10/2025 12:12:22	Microsoft-Windows-FilterManager	6	Aucun	Le filtre de système de fichiers « WIMMount » (Version 10.0, ‎2097‎-‎11‎-‎16T19:39:24.000000000Z) s’est chargé et s’est inscrit correctement auprès du gestionnaire de filtres.
Information	15/10/2025 12:12:21	Microsoft-Windows-WinREAgent	4500	Aucun	Démarrage de la maintenance de l’environnement de récupération Windows.
Information	15/10/2025 12:12:19	Microsoft-Windows-Kernel-General	16	Aucun	L’historique des accès de la ruche \Device\HarddiskVolume3\EFI\Microsoft\Recovery\BCD a été effacé, mettant à jour 85 clés et créant 4 pages modifiées.
Information	15/10/2025 12:12:20	Virtual Disk Service	3	Aucun	Le service a démarré.
Information	15/10/2025 12:12:10	Microsoft-Windows-WindowsUpdateClient	43	Agent de mise à jour automatique Windows Update	Installation démarrée : Windows a commencé l'installation de la mise à jour suivante : 2025-10 Mise à jour cumulative pour Windows 11, version 25H2 pour les systèmes x64 (KB5066835) (26200.6899)
Information	15/10/2025 12:12:07	Microsoft-Windows-WindowsUpdateClient	19	Agent de mise à jour automatique Windows Update	Installation réussie : Windows a installé la mise à jour suivante : 2025-10 Mise à jour cumulative pour .NET Framework 3.5 pour et 4.8.1 pour Windows 11, version 25H2 pour les systèmes x64 (KB5066128)
Information	15/10/2025 12:12:06	Service Control Manager	7040	Aucun	Le type de démarrage du service Programme d’installation pour les modules Windows est passé de Démarrage automatique à Démarrage à la demande.
Information	15/10/2025 12:11:47	Service Control Manager	7040	Aucun	Le type de démarrage du service Programme d’installation pour les modules Windows est passé de Démarrage à la demande à Démarrage automatique.
Information	15/10/2025 12:11:43	Service Control Manager	7040	Aucun	Le type de démarrage du service Programme d’installation pour les modules Windows est passé de Démarrage automatique à Démarrage à la demande.
Information	15/10/2025 12:11:31	Service Control Manager	7040	Aucun	Le type de démarrage du service Programme d’installation pour les modules Windows est passé de Démarrage à la demande à Démarrage automatique.
Information	15/10/2025 12:11:30	Microsoft-Windows-WindowsUpdateClient	43	Agent de mise à jour automatique Windows Update	Installation démarrée : Windows a commencé l'installation de la mise à jour suivante : 2025-10 Mise à jour cumulative pour .NET Framework 3.5 pour et 4.8.1 pour Windows 11, version 25H2 pour les systèmes x64 (KB5066128)
Information	15/10/2025 12:06:43	BTHUSB	18	Aucun	Windows ne peut pas stocker les codes d’authentification Bluetooth (clés de liaison) sur la carte locale. Les claviers Bluetooth ne fonctionnent peut-être pas dans le BIOS système lors du démarrage.
Avertissement	15/10/2025 12:06:41	BTHUSB	7	Aucun	Une erreur matérielle s'est produite. L'événement contient le code d'erreur spécifique au fournisseur.
Information	15/10/2025 12:00:47	BTHUSB	18	Aucun	Windows ne peut pas stocker les codes d’authentification Bluetooth (clés de liaison) sur la carte locale. Les claviers Bluetooth ne fonctionnent peut-être pas dans le BIOS système lors du démarrage.
Avertissement	15/10/2025 12:00:45	BTHUSB	7	Aucun	Une erreur matérielle s'est produite. L'événement contient le code d'erreur spécifique au fournisseur.
Information	15/10/2025 12:00:00	EventLog	6013	Aucun	La durée active du système est de 7583 secondes.
Information	15/10/2025 11:56:41	BTHUSB	18	Aucun	Windows ne peut pas stocker les codes d’authentification Bluetooth (clés de liaison) sur la carte locale. Les claviers Bluetooth ne fonctionnent peut-être pas dans le BIOS système lors du démarrage.
Avertissement	15/10/2025 11:56:39	BTHUSB	7	Aucun	Une erreur matérielle s'est produite. L'événement contient le code d'erreur spécifique au fournisseur.
Information	15/10/2025 11:47:46	BTHUSB	18	Aucun	Windows ne peut pas stocker les codes d’authentification Bluetooth (clés de liaison) sur la carte locale. Les claviers Bluetooth ne fonctionnent peut-être pas dans le BIOS système lors du démarrage.
Avertissement	15/10/2025 11:47:39	BTHUSB	7	Aucun	Une erreur matérielle s'est produite. L'événement contient le code d'erreur spécifique au fournisseur.
Avertissement	15/10/2025 11:26:31	Tcpip	4266	Aucun	Une demande d’allocation d’un numéro de port éphémère de l’espace de port UDP global a échoué car tous les ports de ce type sont utilisés.
Information	15/10/2025 11:04:27	Microsoft-Windows-Time-Service	158	Aucun	Le fournisseur de temps VMICTimeProvider a indiqué que le matériel et l'environnement d'exploitation actuels ne sont pas pris en charge et ont été arrêtés. Ce comportement est attendu de VMICTimeProvider dans des environnements invités non HyperV. Il peut également être attendu du fournisseur actuel dans l'environnement d'exploitation utilisé.
Information	15/10/2025 10:47:23	Microsoft-Windows-Time-Service	158	Aucun	Le fournisseur de temps VMICTimeProvider a indiqué que le matériel et l'environnement d'exploitation actuels ne sont pas pris en charge et ont été arrêtés. Ce comportement est attendu de VMICTimeProvider dans des environnements invités non HyperV. Il peut également être attendu du fournisseur actuel dans l'environnement d'exploitation utilisé.
Information	15/10/2025 10:45:34	Service Control Manager	7040	Aucun	Le type de démarrage du service Service de transfert intelligent en arrière-plan est passé de Démarrage automatique à Démarrage à la demande.
Information	15/10/2025 10:43:56	BTHUSB	18	Aucun	Windows ne peut pas stocker les codes d’authentification Bluetooth (clés de liaison) sur la carte locale. Les claviers Bluetooth ne fonctionnent peut-être pas dans le BIOS système lors du démarrage.
Avertissement	15/10/2025 10:43:54	BTHUSB	7	Aucun	Une erreur matérielle s'est produite. L'événement contient le code d'erreur spécifique au fournisseur.
Information	15/10/2025 10:43:30	Service Control Manager	7040	Aucun	Le type de démarrage du service Service de transfert intelligent en arrière-plan est passé de Démarrage à la demande à Démarrage automatique.
Information	15/10/2025 10:33:29	BTHUSB	18	Aucun	Windows ne peut pas stocker les codes d’authentification Bluetooth (clés de liaison) sur la carte locale. Les claviers Bluetooth ne fonctionnent peut-être pas dans le BIOS système lors du démarrage.
Avertissement	15/10/2025 10:33:27	BTHUSB	7	Aucun	Une erreur matérielle s'est produite. L'événement contient le code d'erreur spécifique au fournisseur.
Information	15/10/2025 10:30:19	Microsoft-Windows-Time-Service	158	Aucun	Le fournisseur de temps VMICTimeProvider a indiqué que le matériel et l'environnement d'exploitation actuels ne sont pas pris en charge et ont été arrêtés. Ce comportement est attendu de VMICTimeProvider dans des environnements invités non HyperV. Il peut également être attendu du fournisseur actuel dans l'environnement d'exploitation utilisé.
Information	15/10/2025 10:26:27	BTHUSB	18	Aucun	Windows ne peut pas stocker les codes d’authentification Bluetooth (clés de liaison) sur la carte locale. Les claviers Bluetooth ne fonctionnent peut-être pas dans le BIOS système lors du démarrage.
Avertissement	15/10/2025 10:26:25	BTHUSB	7	Aucun	Une erreur matérielle s'est produite. L'événement contient le code d'erreur spécifique au fournisseur.
Information	15/10/2025 10:24:01	Microsoft-Windows-Kernel-General	16	Aucun	L’historique des accès de la ruche \??\C:\Users\Perceval\AppData\Local\Packages\Microsoft.GamingApp_8wekyb3d8bbwe\Settings\settings.dat a été effacé, mettant à jour 3 clés et créant 1 pages modifiées.
Information	15/10/2025 10:22:32	BTHUSB	18	Aucun	Windows ne peut pas stocker les codes d’authentification Bluetooth (clés de liaison) sur la carte locale. Les claviers Bluetooth ne fonctionnent peut-être pas dans le BIOS système lors du démarrage.
Avertissement	15/10/2025 10:22:30	BTHUSB	7	Aucun	Une erreur matérielle s'est produite. L'événement contient le code d'erreur spécifique au fournisseur.
Information	15/10/2025 10:20:52	Service Control Manager	7040	Aucun	Le type de démarrage du service Programme d’installation pour les modules Windows est passé de Démarrage automatique à Démarrage à la demande.
Information	15/10/2025 10:20:48	Microsoft-Windows-Ntfs	98	Aucun	Volume ?? (\Device\HarddiskVolumeShadowCopy3) est sain. Aucune action n’est nécessaire.
Information	15/10/2025 10:20:48	Volsnap	33	Aucun	L’ancien cliché instantané du volume C: a été abandonné pour conserver l’utilisation d’espace disque pour les clichés instantanés de volume C: sous la limite définie par l’utilisateur.
Information	15/10/2025 10:20:34	Service Control Manager	7040	Aucun	Le type de démarrage du service Programme d’installation pour les modules Windows est passé de Démarrage à la demande à Démarrage automatique.
Information	15/10/2025 10:18:41	Microsoft-Windows-Kernel-General	15	(10)	La ruche \??\C:\WINDOWS\System32\config\COMPONENTS a été réorganisée avec une taille de départ de 73342976 octets et une taille de fin de 69312512 octets.
Information	15/10/2025 10:18:14	Microsoft-Windows-WindowsUpdateClient	44	Agent de mise à jour automatique Windows Update	Windows Update a démarré le téléchargement d'une mise à jour.
Information	15/10/2025 10:17:55	Microsoft-Windows-WindowsUpdateClient	44	Agent de mise à jour automatique Windows Update	Windows Update a démarré le téléchargement d'une mise à jour.
Information	15/10/2025 10:17:55	Microsoft-Windows-WindowsUpdateClient	44	Agent de mise à jour automatique Windows Update	Windows Update a démarré le téléchargement d'une mise à jour.
Information	15/10/2025 10:17:55	Microsoft-Windows-WindowsUpdateClient	44	Agent de mise à jour automatique Windows Update	Windows Update a démarré le téléchargement d'une mise à jour.
Information	15/10/2025 10:16:38	Microsoft-Windows-Kernel-General	16	Aucun	L’historique des accès de la ruche \??\C:\ProgramData\Packages\Microsoft.WindowsTerminal_8wekyb3d8bbwe\S-1-5-21-279605357-448217104-2738636231-1001\SystemAppData\Helium\Cache\e59fd33af7a9be35_COM15.dat a été effacé, mettant à jour 1 clés et créant 1 pages modifiées.
Information	15/10/2025 10:16:38	Microsoft-Windows-Kernel-General	16	Aucun	L’historique des accès de la ruche \??\C:\Users\Perceval\AppData\Local\Packages\Microsoft.WindowsTerminal_8wekyb3d8bbwe\SystemAppData\Helium\UserClasses.dat a été effacé, mettant à jour 12 clés et créant 2 pages modifiées.
Information	15/10/2025 10:16:38	Microsoft-Windows-Kernel-General	16	Aucun	L’historique des accès de la ruche \??\C:\Users\Perceval\AppData\Local\Packages\Microsoft.WindowsTerminal_8wekyb3d8bbwe\SystemAppData\Helium\User.dat a été effacé, mettant à jour 6 clés et créant 1 pages modifiées.
Avertissement	15/10/2025 10:13:28	Microsoft-Windows-DistributedCOM	10016	Aucun	"Les paramètres d’autorisation propres à l’application n’accordent pas l’autorisation Local Activation pour l’application serveur COM avec le CLSID 
{2593F8B9-4EAF-457C-B68A-50F6B8EA6B54}
 et l’APPID 
{15C20B67-12E7-4BB6-92BB-7AFF07997402}
 au SID DESKTOP-5P6VHHK\Perceval de l’utilisateur (S-1-5-21-279605357-448217104-2738636231-1001) depuis l’adresse LocalHost (avec LRPC) s’exécutant dans le SID Non disponible du conteneur d’applications (Non disponible). Cette autorisation de sécurité peut être modifiée à l’aide de l’outil d’administration Services de composants."
Information	15/10/2025 10:13:15	Microsoft-Windows-Time-Service	158	Aucun	Le fournisseur de temps VMICTimeProvider a indiqué que le matériel et l'environnement d'exploitation actuels ne sont pas pris en charge et ont été arrêtés. Ce comportement est attendu de VMICTimeProvider dans des environnements invités non HyperV. Il peut également être attendu du fournisseur actuel dans l'environnement d'exploitation utilisé.
Information	15/10/2025 10:04:39	Microsoft-Windows-WindowsUpdateClient	19	Agent de mise à jour automatique Windows Update	Installation réussie : Windows a installé la mise à jour suivante : Mise à jour de la sélection disjointe pour Microsoft Defender Antivirus – 2267602 Ko (version 1.439.185.0) – Canal actuel (large)
Avertissement	15/10/2025 10:04:34	Microsoft-Windows-DistributedCOM	10016	Aucun	"Les paramètres d’autorisation propres à l’application n’accordent pas l’autorisation Local Activation pour l’application serveur COM avec le CLSID 
{2593F8B9-4EAF-457C-B68A-50F6B8EA6B54}
 et l’APPID 
{15C20B67-12E7-4BB6-92BB-7AFF07997402}
 au SID DESKTOP-5P6VHHK\Perceval de l’utilisateur (S-1-5-21-279605357-448217104-2738636231-1001) depuis l’adresse LocalHost (avec LRPC) s’exécutant dans le SID Non disponible du conteneur d’applications (Non disponible). Cette autorisation de sécurité peut être modifiée à l’aide de l’outil d’administration Services de composants."
Information	15/10/2025 10:04:29	Microsoft-Windows-WindowsUpdateClient	43	Agent de mise à jour automatique Windows Update	Installation démarrée : Windows a commencé l'installation de la mise à jour suivante : Mise à jour de la sélection disjointe pour Microsoft Defender Antivirus – 2267602 Ko (version 1.439.185.0) – Canal actuel (large)
Information	15/10/2025 10:04:27	Microsoft-Windows-WindowsUpdateClient	44	Agent de mise à jour automatique Windows Update	Windows Update a démarré le téléchargement d'une mise à jour.
Information	15/10/2025 10:00:42	Microsoft-Windows-Kernel-General	16	Aucun	L’historique des accès de la ruche \??\C:\ProgramData\Microsoft\Provisioning\Microsoft-Desktop-Provisioning-Sequence.dat a été effacé, mettant à jour 0 clés et créant 0 pages modifiées.
Information	15/10/2025 09:56:42	Microsoft-Windows-Kernel-General	16	Aucun	L’historique des accès de la ruche \??\C:\Users\Perceval\AppData\Local\Packages\5319275A.WhatsAppDesktop_cv1g1gvanyjgm\Settings\settings.dat a été effacé, mettant à jour 2 clés et créant 1 pages modifiées.
Avertissement	15/10/2025 09:55:55	Microsoft-Windows-DistributedCOM	10016	Aucun	"Les paramètres d’autorisation propres à l’application n’accordent pas l’autorisation Local Exécution pour l’application serveur COM avec le CLSID 
Windows.SecurityCenter.SecurityAppBroker
 et l’APPID 
Non disponible
 au SID AUTORITE NT\Système de l’utilisateur (S-1-5-18) depuis l’adresse LocalHost (avec LRPC) s’exécutant dans le SID Non disponible du conteneur d’applications (Non disponible). Cette autorisation de sécurité peut être modifiée à l’aide de l’outil d’administration Services de composants."
Avertissement	15/10/2025 09:55:55	Microsoft-Windows-DistributedCOM	10016	Aucun	"Les paramètres d’autorisation propres à l’application n’accordent pas l’autorisation Local Exécution pour l’application serveur COM avec le CLSID 
Windows.SecurityCenter.WscBrokerManager
 et l’APPID 
Non disponible
 au SID AUTORITE NT\Système de l’utilisateur (S-1-5-18) depuis l’adresse LocalHost (avec LRPC) s’exécutant dans le SID Non disponible du conteneur d’applications (Non disponible). Cette autorisation de sécurité peut être modifiée à l’aide de l’outil d’administration Services de composants."
Avertissement	15/10/2025 09:55:55	Microsoft-Windows-DistributedCOM	10016	Aucun	"Les paramètres d’autorisation propres à l’application n’accordent pas l’autorisation Local Exécution pour l’application serveur COM avec le CLSID 
Windows.SecurityCenter.WscDataProtection
 et l’APPID 
Non disponible
 au SID AUTORITE NT\Système de l’utilisateur (S-1-5-18) depuis l’adresse LocalHost (avec LRPC) s’exécutant dans le SID Non disponible du conteneur d’applications (Non disponible). Cette autorisation de sécurité peut être modifiée à l’aide de l’outil d’administration Services de composants."
Information	15/10/2025 09:55:55	Microsoft-Windows-Time-Service	158	Aucun	Le fournisseur de temps VMICTimeProvider a indiqué que le matériel et l'environnement d'exploitation actuels ne sont pas pris en charge et ont été arrêtés. Ce comportement est attendu de VMICTimeProvider dans des environnements invités non HyperV. Il peut également être attendu du fournisseur actuel dans l'environnement d'exploitation utilisé.
Erreur	15/10/2025 09:55:54	Service Control Manager	7000	Aucun	"Le service Service Google Update (gupdate) n’a pas pu démarrer en raison de l’erreur : 
Le service n’a pas répondu assez vite à la demande de lancement ou de contrôle."
Erreur	15/10/2025 09:55:54	Service Control Manager	7009	Aucun	Le dépassement de délai (30000 millisecondes) a été atteint lors de l’attente de la connexion du service Service Google Update (gupdate).
Information	15/10/2025 09:55:54	Microsoft-Windows-Kernel-General	16	Aucun	L’historique des accès de la ruche \??\C:\WINDOWS\ServiceProfiles\NetworkService\AppData\Local\Microsoft\Windows\DeliveryOptimization\State\dosvcState.dat a été effacé, mettant à jour 14 clés et créant 3 pages modifiées.
Information	15/10/2025 09:54:32	Microsoft-Windows-Kernel-General	16	Aucun	L’historique des accès de la ruche \??\C:\Users\Perceval\AppData\Local\Packages\MicrosoftWindows.CrossDevice_cw5n1h2txyewy\Settings\settings.dat a été effacé, mettant à jour 33 clés et créant 5 pages modifiées.
Information	15/10/2025 09:54:32	Microsoft-Windows-Kernel-General	16	Aucun	L’historique des accès de la ruche \??\C:\ProgramData\Packages\MicrosoftWindows.CrossDevice_cw5n1h2txyewy\S-1-5-21-279605357-448217104-2738636231-1001\SystemAppData\Helium\Cache\4c1b79c3ab7d06ae_COM15.dat a été effacé, mettant à jour 1 clés et créant 1 pages modifiées.
Information	15/10/2025 09:54:32	Microsoft-Windows-Kernel-General	16	Aucun	L’historique des accès de la ruche \??\C:\Users\Perceval\AppData\Local\Packages\MicrosoftWindows.CrossDevice_cw5n1h2txyewy\SystemAppData\Helium\UserClasses.dat a été effacé, mettant à jour 1 clés et créant 1 pages modifiées.
Information	15/10/2025 09:54:32	Microsoft-Windows-Kernel-General	16	Aucun	L’historique des accès de la ruche \??\C:\Users\Perceval\AppData\Local\Packages\MicrosoftWindows.CrossDevice_cw5n1h2txyewy\SystemAppData\Helium\User.dat a été effacé, mettant à jour 1 clés et créant 1 pages modifiées.
Information	15/10/2025 09:54:10	Microsoft-Windows-Kernel-General	1	(5)	"L’heure système est passée de ‎2025‎-‎10‎-‎15T07:54:10.074906300Z.
heure ‎2025‎-‎10‎-‎15T07:54:10.077893000Z 2 ms

Raison du changement : An application or system component changed the time.
Processus : '\Device\HarddiskVolume5\Windows\System32\svchost.exe' (pid 5636).

heure RTC : ‎2025‎-‎10‎-‎15T09:54:10.077893000Z
Décalage horaire actuel : -120
'heure RTC est au format UTC: false
L’heure système était basée sur l’heure RTC : false"
Information	15/10/2025 09:54:10	Microsoft-Windows-Kernel-General	24	(11)	Les informations de fuseau horaire ont été actualisées avec le motif de sortie 0. Le décalage de fuseau horaire actuel est de -120.
Information	15/10/2025 09:54:09	Microsoft-Windows-Kernel-General	16	Aucun	L’historique des accès de la ruche \??\C:\Users\Perceval\AppData\Local\Packages\Microsoft.AAD.BrokerPlugin_cw5n1h2txyewy\Settings\settings.dat a été effacé, mettant à jour 30 clés et créant 6 pages modifiées.
Information	15/10/2025 09:54:08	Microsoft-Windows-Kernel-General	1	(5)	"L’heure système est passée de ‎2025‎-‎10‎-‎15T07:54:08.433114800Z.
heure ‎2025‎-‎10‎-‎15T07:54:08.434440500Z 1 ms

Raison du changement : An application or system component changed the time.
Processus : '\Device\HarddiskVolume5\Windows\System32\svchost.exe' (pid 5636).

heure RTC : ‎2025‎-‎10‎-‎15T09:54:08.434440500Z
Décalage horaire actuel : -120
'heure RTC est au format UTC: false
L’heure système était basée sur l’heure RTC : false"
Information	15/10/2025 09:54:08	Microsoft-Windows-Kernel-General	24	(11)	Les informations de fuseau horaire ont été actualisées avec le motif de sortie 0. Le décalage de fuseau horaire actuel est de -120.
Information	15/10/2025 09:54:08	Microsoft-Windows-Time-Service	35	Aucun	Le service de temps est en train de synchroniser l'heure du système avec la source de temps time.windows.com,0x9 (ntp.m|0x9|0.0.0.0:123->51.145.123.29:123) (ID de référence 494637363). Nombre actuel de couches locales : 4.
Avertissement	15/10/2025 09:54:08	Microsoft-Windows-Time-Service	52	Aucun	Le service de temps a réglé l’heure avec un décalage de 60714 secondes.
Information	15/10/2025 09:54:08	Microsoft-Windows-Kernel-General	1	(5)	"L’heure système est passée de ‎2025‎-‎10‎-‎14T15:02:13.655925600Z.
heure ‎2025‎-‎10‎-‎15T07:54:08.431571800Z 60714775 ms

Raison du changement : An application or system component changed the time.
Processus : '\Device\HarddiskVolume5\Windows\System32\svchost.exe' (pid 5636).

heure RTC : ‎2025‎-‎10‎-‎15T09:54:08.431571800Z
Décalage horaire actuel : -120
'heure RTC est au format UTC: false
L’heure système était basée sur l’heure RTC : false"
Information	15/10/2025 09:54:08	Microsoft-Windows-Kernel-General	24	(11)	Les informations de fuseau horaire ont été actualisées avec le motif de sortie 0. Le décalage de fuseau horaire actuel est de -120.
Information	14/10/2025 17:02:13	Microsoft-Windows-Time-Service	37	Aucun	Le fournisseur de temps NtpClient reçoit actuellement des données de temps valides à partir de time.windows.com,0x9 (ntp.m|0x9|0.0.0.0:123->51.145.123.29:123).
Information	14/10/2025 17:02:09	nhi	9007	Aucun	"The driver entered RTD3.
 All the connected devices will be removed from driver's internal state, so it is expected that DeviceDisconnected events will happen."
Information	14/10/2025 17:02:07	Microsoft-Windows-TPM-WMI	1025	Aucun	Le Module de plateforme sécurisée (TPM) a été correctement approvisionné et est prêt à être utilisé.
Information	14/10/2025 17:02:06	Microsoft-Windows-TPM-WMI	1282	Aucun	L'identificateur de périphérique TBS a été généré.
Information	14/10/2025 17:02:03	TPM	18	Aucun	Cet événement déclenche l’exécution de la vérification de l’état/la configuration du module de plateforme sécurisée (TPM).
Information	14/10/2025 17:02:01	Microsoft-Windows-FilterManager	6	Aucun	Le filtre de système de fichiers « gameflt » (Version 10.0, ‎2009‎-‎11‎-‎22T21:11:52.000000000Z) s’est chargé et s’est inscrit correctement auprès du gestionnaire de filtres.
Erreur	14/10/2025 17:02:01	Service Control Manager	7034	Aucun	Le service CCleaner Performance Optimizer Service s’est terminé de façon inattendue pour la 1ème fois.
Information	14/10/2025 17:02:00	Microsoft-Windows-HttpService	113	HTTP Configuration Property Trace Task	Tentative d’ajout de l’URL (http://*:5357/191a253b-edc2-4532-a37a-1f3c80c58d8b/) au groupe d’URL (0xFE00000920000001). État : 0x0. ID de processus 0x1D4C \Device\HarddiskVolume5\Windows\System32\svchost.exe de chemin d’accès de l’exécutable, SERVICE LOCAL  utilisateur
Information	14/10/2025 17:02:00	Microsoft-Windows-HttpService	111	HTTP Configuration Property Trace Task	Créez un 0xFE00000920000001 de groupe d’URL. État 0x0. ID de processus 0x1D4C chemin d’accès de l’exécutable \Device\HarddiskVolume5\Windows\System32\svchost.exe, SERVICE LOCAL  utilisateur
Avertissement	14/10/2025 17:02:00	Microsoft-Windows-DistributedCOM	10016	Aucun	"Les paramètres d’autorisation propres à l’application n’accordent pas l’autorisation Local Activation pour l’application serveur COM avec le CLSID 
{6B3B8D23-FA8D-40B9-8DBD-B950333E2C52}
 et l’APPID 
{4839DDB7-58C2-48F5-8283-E1D1807D0D7D}
 au SID AUTORITE NT\SERVICE LOCAL de l’utilisateur (S-1-5-19) depuis l’adresse LocalHost (avec LRPC) s’exécutant dans le SID Non disponible du conteneur d’applications (Non disponible). Cette autorisation de sécurité peut être modifiée à l’aide de l’outil d’administration Services de composants."
Avertissement	14/10/2025 17:02:00	Microsoft-Windows-DistributedCOM	10016	Aucun	"Les paramètres d’autorisation propres à l’application n’accordent pas l’autorisation Local Activation pour l’application serveur COM avec le CLSID 
{6B3B8D23-FA8D-40B9-8DBD-B950333E2C52}
 et l’APPID 
{4839DDB7-58C2-48F5-8283-E1D1807D0D7D}
 au SID AUTORITE NT\SERVICE LOCAL de l’utilisateur (S-1-5-19) depuis l’adresse LocalHost (avec LRPC) s’exécutant dans le SID Non disponible du conteneur d’applications (Non disponible). Cette autorisation de sécurité peut être modifiée à l’aide de l’outil d’administration Services de composants."
Information	14/10/2025 17:02:00	Microsoft-Windows-IsolatedUserMode	1	Aucun	Secure Trustlet \??\C:\WINDOWS\System32\NgcIso.exe Id 6 and Pid 10596 started with status STATUS_SUCCESS.
Information	14/10/2025 17:02:00	Microsoft-Windows-IsolatedUserMode	5	Aucun	Secure Trustlet NULL Id 0 and Pid 0 started with status STATUS_SUCCESS.
Information	14/10/2025 17:01:59	Microsoft-Windows-WLAN-AutoConfig	10001	Aucun	"Le module d’extensibilité WLAN a démarré correctement.

Chemin d’accès du module : C:\WINDOWS\system32\IntelIHVRouter10.dll
"
Information	14/10/2025 17:01:59	Service Control Manager	7026	Aucun	"Le ou les pilotes de démarrage système ou d’amorçage suivants n’ont pas pu se charger : 
dam"
Information	14/10/2025 17:01:59	Microsoft-Windows-WLAN-AutoConfig	4000	Aucun	"Le Service d’autoconfiguration WLAN a démarré correctement.
"
Information	14/10/2025 17:01:58	Microsoft-Windows-TPM-WMI	1038	Aucun	"Les vérifications d’intégrité de pré-attestation confirment que l’appareil doit réussir l’attestation.
 Consultez C:\WINDOWS\Logs\MeasuredBoot\0000000251-0000000000.json pour plus d’informations sur les vérifications effectuées."
Information	14/10/2025 17:01:58	Microsoft-Windows-TPM-WMI	1041	Aucun	"Informations détaillées sur la vérification d’intégrité préalable à l’attestation : {""Version"":1,""HealthStatus"":""Attestable"",""Required"":[{""Field"":""TpmPresent"",""Value"":true,""DesiredValue"":true},{""Field"":""TpmMeetsMinimumVersion"",""Value"":true,""DesiredValue"":true},{""Field"":""TpmIsResponsive"",""Value"":true,""DesiredValue"":true},{""Field"":""EkCertIsAvailable"",""Value"":true,""DesiredValue"":true},{""Field"":""TcgLogFound"",""Value"":true,""DesiredValue"":true}],""Expected"":[{""Field"":""PcrsMatchTcgLog"",""Value"":true,""DesiredValue"":true}],""Informational"":[{""Field"":""SecureBootEnabled"",""ValueFromComputer"":true,""ValueFromTcgLog"":true,""DesiredValue"":true,""TcgValueIsVerifiable"":true},{""Field"":""VirtualSecureMemory"",""ValueFromComputer"":false,""ValueFromTcgLog"":false,""DesiredValue"":true,""TcgValueIsVerifiable"":true},{""Field"":""SecureCorePCCompliant"",""ValueFromComputer"":false,""ValueFromTcgLog"":false,""DesiredValue"":true,""TcgValueIsVerifiable"":true}]}"
Avertissement	14/10/2025 17:01:57	Microsoft-Windows-Time-Service	134	Aucun	"NtpClient n'a pas pu définir d'homologue manuel utilisable comme source de temps en raison d'une erreur de résolution DNS sur ""time.windows.com,0x9"". NtpClient réessaiera dans 15 minutes, puis doublera l'intervalle d'attente pour les tentatives suivantes. L'erreur était : Hôte inconnu. (0x80072AF9)"
Information	14/10/2025 17:01:57	RST Middleware	27	Aucun	Found passthru disk: SCSI Port: 0, SCSI Bus: 0, SCSI Target: 0, SATA HDD, 1000204886016 bytes, WDC WD10SPSX-60A6WT0                   
Information	14/10/2025 17:01:56	Microsoft-Windows-Winlogon	7001	(1101)	Notification d’ouverture de session utilisateur pour le Programme d’amélioration de l’expérience utilisateur
Information	14/10/2025 17:01:56	vmx86	34	Aucun	"La description de l’ID d’événement 34 dans la source vmx86 est introuvable. Le composant qui a déclenché cet événement n’est pas installé sur l’ordinateur local ou l’installation est endommagée. Vous pouvez installer ou réparer le composant sur l’ordinateur local.

Si l’événement provient d’un autre ordinateur, les informations d’affichage doivent être enregistrées avec l’événement.

Les informations suivantes étaient incluses avec l’événement : 

VMX86.SYS: begin DriverEntry

La ressource de message est présente, mais le message est introuvable dans la table des messages
"
Information	14/10/2025 17:01:56	Microsoft-Windows-Time-Service	158	Aucun	Le fournisseur de temps VMICTimeProvider a indiqué que le matériel et l'environnement d'exploitation actuels ne sont pas pris en charge et ont été arrêtés. Ce comportement est attendu de VMICTimeProvider dans des environnements invités non HyperV. Il peut également être attendu du fournisseur actuel dans l'environnement d'exploitation utilisé.
Information	14/10/2025 17:01:56	Microsoft-Windows-HttpService	112	HTTP Setup Trace Task	Tentative de réservation de l’URL http://+:10246/MDEServer/. État 0x0. ID de processus 0x4 chemin d’accès de l’exécutable , Système  utilisateur
Information	14/10/2025 17:01:56	Microsoft-Windows-HttpService	112	HTTP Setup Trace Task	Tentative de réservation de l’URL http://+:3387/rdp/. État 0x0. ID de processus 0x4 chemin d’accès de l’exécutable , Système  utilisateur
Information	14/10/2025 17:01:56	Microsoft-Windows-HttpService	112	HTTP Setup Trace Task	Tentative de réservation de l’URL https://+:3392/rdp/. État 0x0. ID de processus 0x4 chemin d’accès de l’exécutable , Système  utilisateur
Information	14/10/2025 17:01:56	Microsoft-Windows-HttpService	112	HTTP Setup Trace Task	Tentative de réservation de l’URL http://+:10243/WMPNSSv4/. État 0x0. ID de processus 0x4 chemin d’accès de l’exécutable , Système  utilisateur
Information	14/10/2025 17:01:56	Microsoft-Windows-HttpService	112	HTTP Setup Trace Task	Tentative de réservation de l’URL https://+:10245/WMPNSSv4/. État 0x0. ID de processus 0x4 chemin d’accès de l’exécutable , Système  utilisateur
Information	14/10/2025 17:01:56	Microsoft-Windows-HttpService	112	HTTP Setup Trace Task	Tentative de réservation de l’URL http://+:10247/apps/. État 0x0. ID de processus 0x4 chemin d’accès de l’exécutable , Système  utilisateur
Information	14/10/2025 17:01:56	Microsoft-Windows-HttpService	112	HTTP Setup Trace Task	Tentative de réservation de l’URL https://+:443/sra_{BA195980-CD49-458b-9E23-C84EE0ADCD75}/. État 0x0. ID de processus 0x4 chemin d’accès de l’exécutable , Système  utilisateur
Information	14/10/2025 17:01:56	Microsoft-Windows-HttpService	112	HTTP Setup Trace Task	Tentative de réservation de l’URL http://+:5985/wsman/. État 0x0. ID de processus 0x4 chemin d’accès de l’exécutable , Système  utilisateur
Information	14/10/2025 17:01:56	Microsoft-Windows-HttpService	112	HTTP Setup Trace Task	Tentative de réservation de l’URL http://+:47001/wsman/. État 0x0. ID de processus 0x4 chemin d’accès de l’exécutable , Système  utilisateur
Information	14/10/2025 17:01:56	Microsoft-Windows-HttpService	112	HTTP Setup Trace Task	Tentative de réservation de l’URL https://+:5986/wsman/. État 0x0. ID de processus 0x4 chemin d’accès de l’exécutable , Système  utilisateur
Information	14/10/2025 17:01:56	Microsoft-Windows-HttpService	112	HTTP Setup Trace Task	Tentative de réservation de l’URL http://*:2869/. État 0x0. ID de processus 0x4 chemin d’accès de l’exécutable , Système  utilisateur
Information	14/10/2025 17:01:56	Microsoft-Windows-HttpService	112	HTTP Setup Trace Task	Tentative de réservation de l’URL https://*:5358/. État 0x0. ID de processus 0x4 chemin d’accès de l’exécutable , Système  utilisateur
Information	14/10/2025 17:01:56	Microsoft-Windows-HttpService	112	HTTP Setup Trace Task	Tentative de réservation de l’URL http://+:80/Temporary_Listen_Addresses/. État 0x0. ID de processus 0x4 chemin d’accès de l’exécutable , Système  utilisateur
Information	14/10/2025 17:01:56	Microsoft-Windows-HttpService	112	HTTP Setup Trace Task	Tentative de réservation de l’URL http://*:5357/. État 0x0. ID de processus 0x4 chemin d’accès de l’exécutable , Système  utilisateur
Information	14/10/2025 17:01:56	Microsoft-Windows-Hyper-V-VmSwitch	277	Aucun	vmswitch. sys build 26100. amd64. ge_release_svc_prod3, false débogage, true officiel, 1 1
Information	14/10/2025 17:01:56	VMnetuserif	1	Aucun	() Starting up the User Interface Driver for VMware Virtual Networks.
Information	14/10/2025 17:01:56	VMnetBridge	10	Aucun	() Starting up the Bridge Driver for VMware Virtual Networks.
Information	14/10/2025 17:01:56	Win32k	267	Aucun	La vérification d'assurance qualité du matériel tactile a réussi.
Information	14/10/2025 17:01:56	Microsoft-Windows-DHCPv6-Client	51046	Service State Event	Le service client DHCPv6 est démarré
Information	14/10/2025 17:01:56	Microsoft-Windows-Dhcp-Client	50036	Événement d’état de service	Le service client DHCPv4 est démarré
Information	14/10/2025 17:01:56	Microsoft-Windows-Dhcp-Client	50103	Événement d’état de service	Le client DHCPv4 s’est inscrit pour une notification d’arrêt
Information	14/10/2025 17:01:56	Microsoft-Windows-Dhcp-Client	50036	Événement d’état de service	Le service client DHCPv4 est démarré
Information	14/10/2025 17:01:55	Microsoft-Windows-FilterManager	6	Aucun	Le filtre de système de fichiers « bindflt » (Version 10.0, ‎2066‎-‎06‎-‎09T06:47:19.000000000Z) s’est chargé et s’est inscrit correctement auprès du gestionnaire de filtres.
Information	14/10/2025 17:01:55	Microsoft-Windows-FilterManager	6	Aucun	Le filtre de système de fichiers « storqosflt » (Version 10.0, ‎2021‎-‎03‎-‎19T12:47:34.000000000Z) s’est chargé et s’est inscrit correctement auprès du gestionnaire de filtres.
Information	14/10/2025 17:01:55	Microsoft-Windows-FilterManager	6	Aucun	Le filtre de système de fichiers « UnionFS » (Version 10.0, ‎2047‎-‎02‎-‎21T13:01:20.000000000Z) s’est chargé et s’est inscrit correctement auprès du gestionnaire de filtres.
Information	14/10/2025 17:01:55	Microsoft-Windows-FilterManager	6	Aucun	Le filtre de système de fichiers « CldFlt » (Version 10.0, ‎2023‎-‎07‎-‎04T19:29:47.000000000Z) s’est chargé et s’est inscrit correctement auprès du gestionnaire de filtres.
Information	14/10/2025 17:01:55	Microsoft-Windows-FilterManager	1	Aucun	Filtre de système de fichiers « CldFlt » (Version 10.0, ‎2023‎-‎07‎-‎04T19:29:47.000000000Z) déchargé correctement.
Information	14/10/2025 17:01:55	Microsoft-Windows-FilterManager	6	Aucun	Le filtre de système de fichiers « CldFlt » (Version 10.0, ‎2023‎-‎07‎-‎04T19:29:47.000000000Z) s’est chargé et s’est inscrit correctement auprès du gestionnaire de filtres.
Information	14/10/2025 17:01:55	Microsoft-Windows-FilterManager	6	Aucun	Le filtre de système de fichiers « luafv » (Version 10.0, ‎1988‎-‎07‎-‎19T16:24:59.000000000Z) s’est chargé et s’est inscrit correctement auprès du gestionnaire de filtres.
Information	14/10/2025 17:01:55	Microsoft-Windows-FilterManager	6	Aucun	Le filtre de système de fichiers « wcifs » (Version 10.0, ‎2037‎-‎05‎-‎28T05:10:06.000000000Z) s’est chargé et s’est inscrit correctement auprès du gestionnaire de filtres.
Information	14/10/2025 17:01:55	Microsoft-Windows-FilterManager	6	Aucun	Le filtre de système de fichiers « bfs » (Version 10.0, ‎2075‎-‎07‎-‎29T00:11:00.000000000Z) s’est chargé et s’est inscrit correctement auprès du gestionnaire de filtres.
Information	14/10/2025 17:01:55	Microsoft-Windows-Directory-Services-SAM	16983	Aucun	"Le gestionnaire de comptes de sécurité enregistre désormais des événements de résumé périodiques pour les clients distants qui appellent une modification de mot de passe héritée ou des méthodes RPC définies. 

Pour plus d’informations, voir https://go.microsoft.com/fwlink/?linkid=2150956.
"
Information	14/10/2025 17:01:55	Microsoft-Windows-Directory-Services-SAM	16977	Aucun	"Le domaine est configuré avec les paramètres suivants relatifs à la longueur minimale des mots de passe. 

MinimumPasswordLength : 0

RelaxMinimumPasswordLengthLimits : 0

MinimumPasswordLengthAudit : -1

Pour plus d’informations, voir https://go.microsoft.com/fwlink/?LinkId=2097191. 
"
Information	14/10/2025 17:01:55	Microsoft-Windows-Directory-Services-SAM	16962	Aucun	"Les appels distants vers la base de données SAM sont restreints à l’aide du descripteur de sécurité par défaut : O:SYG:SYD:(A;;RC;;;BA).
Pour plus d’informations, voir http://go.microsoft.com/fwlink/?LinkId=787651."
Information	14/10/2025 17:01:55	Microsoft-Windows-IsolatedUserMode	5	Aucun	Secure Trustlet NULL Id 0 and Pid 0 started with status STATUS_SUCCESS.
Information	14/10/2025 17:01:55	LsaSrv	6156	Aucun	"État de l’activation automatique de Credential Guard.

Exigences matérielles pour la sécurité basée sur la virtualisation :	1
Domaine joint :	0
Azure AD joint :	0
 Sous licence pour Credential Guard :	0
Contrôleur de domaine :	0"
Information	14/10/2025 17:01:55	Microsoft-Windows-Wininit	12	Aucun	LSASS.exe a démarré en tant que processus protégé avec le niveau : 4.
Information	14/10/2025 17:01:55	Microsoft-Windows-Wininit	18	Aucun	L’isolation de clé VBS a démarré et protégera les clés isolées par VSM.
Information	14/10/2025 17:01:55	Microsoft-Windows-IsolatedUserMode	1	Aucun	Secure Trustlet \??\C:\WINDOWS\system32\lsaiso.exe Id 1 and Pid 1440 started with status STATUS_SUCCESS.
