Information	15/10/2025 13:46:51	Microsoft-Windows-Wininit	19	Aucun	"État de création du nouveau minuteur de sécurité basé sur la virtualisation

HRESULT : L’opération a réussi.
Nouveau minuteur de verrou requis : false
Nouveau minuteur de verrou en attente de la fin de la mise à jour du système : false
Le minuteur de verrou précédent existe mais est désactivé par le registre : false
Le fichier de stratégie existe : false
"
Information	15/10/2025 13:46:50	BTHUSB	18	Aucun	Windows ne peut pas stocker les codes d’authentification Bluetooth (clés de liaison) sur la carte locale. Les claviers Bluetooth ne fonctionnent peut-être pas dans le BIOS système lors du démarrage.
Avertissement	15/10/2025 13:46:47	Microsoft-Windows-Kernel-PnP	219	(212)	"Échec du chargement du pilote \Driver\WUDFRd.
Périphérique : {DD8E82AE-334B-49A2-AEAE-AEB0FD5C40DD}\DetectionVerification\5&2c1f7258&0&0
État : 0xC0000365"
Information	15/10/2025 13:46:47	Microsoft-Windows-DriverFrameworks-UserMode	10118	Startup of the UMDF reflector	Le réflecteur UMDF n'est pas en mesure de se connecter au Gestionnaire de contrôle des services. Ce comportement est normal pendant le démarrage, quand le Gestionnaire de contrôle des services n'a pas encore démarré. Une nouvelle tentative aura lieu après son démarrage.
Information	15/10/2025 13:46:46	Netwtw10	7023	Aucun	7023 - secure boot debug logging Quasar
Information	15/10/2025 13:46:46	Netwtw10	7017	Aucun	7017 - secure boot (SB) configuration
Information	15/10/2025 13:46:46	Netwtw10	7010	Aucun	7010 - driver enabled (miniport init)
Information	15/10/2025 13:46:46	MEIx64	2	Aucun	Intel(R) Management Engine Interface driver has started successfully.
Information	15/10/2025 13:46:46	nhi	9001	Aucun	"Thunderbolt driver is loaded and initialized connection to HW.
 Driver version: 1.41.1420.0
 NVM version: 61:0
"
Information	15/10/2025 13:46:46	Netwtw10	7002	Aucun	7002 - CTDP power limit value (SPLC)
Information	15/10/2025 13:46:46	Netwtw10	7005	Aucun	7005 - SAR value max TX power (WRDS)
Information	15/10/2025 13:46:46	Netwtw10	7027	Aucun	7027 - get Nic Manufacturere on init
Information	15/10/2025 13:46:46	Netwtw10	7036	Aucun	Le service \Device\NDMP5 est entré dans l’état : Intel(R) Wi-Fi 6 AX201 160MHz.
Information	15/10/2025 13:46:46	Microsoft-Windows-Kernel-General	24	(11)	Les informations de fuseau horaire ont été actualisées avec le motif de sortie 0. Le décalage de fuseau horaire actuel est de -120.
Information	15/10/2025 13:46:46	Microsoft-Windows-Ntfs	98	Aucun	Volume \\?\Volume{c8003e95-36b3-4dfd-8462-1e725ba1c118} (\Device\HarddiskVolume7) est sain. Aucune action n’est nécessaire.
Information	15/10/2025 13:46:46	Microsoft-Windows-Kernel-Power	521	(220)	Changement du nombre de batteries actives.
Information	15/10/2025 13:46:46	Microsoft-Windows-Ntfs	98	Aucun	Volume E: (\Device\HarddiskVolume2) est sain. Aucune action n’est nécessaire.
Information	15/10/2025 13:46:46	Microsoft-Windows-Kernel-Processor-Power	55	(47)	"Le processeur 11 du groupe 0 présente les caractéristiques de gestion de l’alimentation suivantes :

Type d’état d’inactivité : ACPI Idle (C) States (3 état(s))

Type d’état de performances : ACPI Collaborative Processor Performance Control
Fréquence nominale (MHz) : 2592
Pourcentage de performances maximales : 192
Pourcentage de performances minimales : 46
Pourcentage d’accélération minimale : 3"
Information	15/10/2025 13:46:46	Microsoft-Windows-Kernel-Processor-Power	55	(47)	"Le processeur 9 du groupe 0 présente les caractéristiques de gestion de l’alimentation suivantes :

Type d’état d’inactivité : ACPI Idle (C) States (3 état(s))

Type d’état de performances : ACPI Collaborative Processor Performance Control
Fréquence nominale (MHz) : 2592
Pourcentage de performances maximales : 192
Pourcentage de performances minimales : 46
Pourcentage d’accélération minimale : 3"
Information	15/10/2025 13:46:46	Microsoft-Windows-Kernel-Processor-Power	55	(47)	"Le processeur 7 du groupe 0 présente les caractéristiques de gestion de l’alimentation suivantes :

Type d’état d’inactivité : ACPI Idle (C) States (3 état(s))

Type d’état de performances : ACPI Collaborative Processor Performance Control
Fréquence nominale (MHz) : 2592
Pourcentage de performances maximales : 192
Pourcentage de performances minimales : 46
Pourcentage d’accélération minimale : 3"
Information	15/10/2025 13:46:46	Microsoft-Windows-Kernel-Processor-Power	55	(47)	"Le processeur 5 du groupe 0 présente les caractéristiques de gestion de l’alimentation suivantes :

Type d’état d’inactivité : ACPI Idle (C) States (3 état(s))

Type d’état de performances : ACPI Collaborative Processor Performance Control
Fréquence nominale (MHz) : 2592
Pourcentage de performances maximales : 192
Pourcentage de performances minimales : 46
Pourcentage d’accélération minimale : 3"
Information	15/10/2025 13:46:46	Microsoft-Windows-Kernel-Processor-Power	55	(47)	"Le processeur 3 du groupe 0 présente les caractéristiques de gestion de l’alimentation suivantes :

Type d’état d’inactivité : ACPI Idle (C) States (3 état(s))

Type d’état de performances : ACPI Collaborative Processor Performance Control
Fréquence nominale (MHz) : 2592
Pourcentage de performances maximales : 192
Pourcentage de performances minimales : 46
Pourcentage d’accélération minimale : 3"
Information	15/10/2025 13:46:46	Microsoft-Windows-Kernel-Processor-Power	55	(47)	"Le processeur 1 du groupe 0 présente les caractéristiques de gestion de l’alimentation suivantes :

Type d’état d’inactivité : ACPI Idle (C) States (3 état(s))

Type d’état de performances : ACPI Collaborative Processor Performance Control
Fréquence nominale (MHz) : 2592
Pourcentage de performances maximales : 192
Pourcentage de performances minimales : 46
Pourcentage d’accélération minimale : 3"
Information	15/10/2025 13:46:46	Microsoft-Windows-Kernel-Processor-Power	55	(47)	"Le processeur 10 du groupe 0 présente les caractéristiques de gestion de l’alimentation suivantes :

Type d’état d’inactivité : ACPI Idle (C) States (3 état(s))

Type d’état de performances : ACPI Collaborative Processor Performance Control
Fréquence nominale (MHz) : 2592
Pourcentage de performances maximales : 192
Pourcentage de performances minimales : 46
Pourcentage d’accélération minimale : 3"
Information	15/10/2025 13:46:46	Microsoft-Windows-Kernel-Processor-Power	55	(47)	"Le processeur 8 du groupe 0 présente les caractéristiques de gestion de l’alimentation suivantes :

Type d’état d’inactivité : ACPI Idle (C) States (3 état(s))

Type d’état de performances : ACPI Collaborative Processor Performance Control
Fréquence nominale (MHz) : 2592
Pourcentage de performances maximales : 192
Pourcentage de performances minimales : 46
Pourcentage d’accélération minimale : 3"
Information	15/10/2025 13:46:46	Microsoft-Windows-Kernel-Processor-Power	55	(47)	"Le processeur 6 du groupe 0 présente les caractéristiques de gestion de l’alimentation suivantes :

Type d’état d’inactivité : ACPI Idle (C) States (3 état(s))

Type d’état de performances : ACPI Collaborative Processor Performance Control
Fréquence nominale (MHz) : 2592
Pourcentage de performances maximales : 192
Pourcentage de performances minimales : 46
Pourcentage d’accélération minimale : 3"
Information	15/10/2025 13:46:46	Microsoft-Windows-Kernel-Processor-Power	55	(47)	"Le processeur 4 du groupe 0 présente les caractéristiques de gestion de l’alimentation suivantes :

Type d’état d’inactivité : ACPI Idle (C) States (3 état(s))

Type d’état de performances : ACPI Collaborative Processor Performance Control
Fréquence nominale (MHz) : 2592
Pourcentage de performances maximales : 192
Pourcentage de performances minimales : 46
Pourcentage d’accélération minimale : 3"
Information	15/10/2025 13:46:46	Microsoft-Windows-Kernel-Processor-Power	55	(47)	"Le processeur 2 du groupe 0 présente les caractéristiques de gestion de l’alimentation suivantes :

Type d’état d’inactivité : ACPI Idle (C) States (3 état(s))

Type d’état de performances : ACPI Collaborative Processor Performance Control
Fréquence nominale (MHz) : 2592
Pourcentage de performances maximales : 192
Pourcentage de performances minimales : 46
Pourcentage d’accélération minimale : 3"
Information	15/10/2025 13:46:46	Microsoft-Windows-Kernel-Processor-Power	55	(47)	"Le processeur 0 du groupe 0 présente les caractéristiques de gestion de l’alimentation suivantes :

Type d’état d’inactivité : ACPI Idle (C) States (3 état(s))

Type d’état de performances : ACPI Collaborative Processor Performance Control
Fréquence nominale (MHz) : 2592
Pourcentage de performances maximales : 192
Pourcentage de performances minimales : 30
Pourcentage d’accélération minimale : 3"
Information	15/10/2025 13:46:46	Microsoft-Windows-Ntfs	98	Aucun	Volume D: (\Device\HarddiskVolume1) est sain. Aucune action n’est nécessaire.
Erreur	15/10/2025 13:46:45	VBoxNetLwf	12	Aucun	Le pilote a détecté une erreur de pilote interne sur \Device\VBoxNetLwf.
Information	15/10/2025 13:46:45	Microsoft-Windows-Ntfs	98	Aucun	Volume \\?\Volume{af0ea105-8d30-46b0-918e-e762a5cf62fa} (\Device\HarddiskVolume6) est sain. Aucune action n’est nécessaire.
Information	15/10/2025 13:46:43	VMnetAdapter	36	Aucun	() Starting up the Adapter Driver for VMware Virtual Networks.
Information	15/10/2025 13:46:43	Microsoft-Windows-Kernel-Power	172	(203)	L’état de connectivité est en attente : Disconnected, Motif : NIC compliance
Information	15/10/2025 13:46:43	Microsoft-Windows-Kernel-Power	125	(86)	"La zone thermique ACPI \_TZ.TZ02 a été énumérée.             
_PSV = 0K             
_TC1 = 0             
_TC2 = 0             
_TSP = 0ms             
_AC0 = 0K             
_AC1 = 0K             
_AC2 = 0K             
_AC3 = 0K             
_AC4 = 0K             
_AC5 = 0K             
_AC6 = 0K             
_AC7 = 0K             
_AC8 = 0K             
_AC9 = 0K             
_CRT = 0K             
_HOT = 372K             
limitation minimale = 0             
_CR3 = 0K"
Information	15/10/2025 13:46:43	Microsoft-Windows-Kernel-Power	125	(86)	"La zone thermique ACPI \_TZ.TZ00 a été énumérée.             
_PSV = 0K             
_TC1 = 0             
_TC2 = 0             
_TSP = 0ms             
_AC0 = 344K             
_AC1 = 328K             
_AC2 = 323K             
_AC3 = 318K             
_AC4 = 313K             
_AC5 = 0K             
_AC6 = 0K             
_AC7 = 0K             
_AC8 = 0K             
_AC9 = 0K             
_CRT = 392K             
_HOT = 0K             
limitation minimale = 0             
_CR3 = 0K"
Information	15/10/2025 13:46:43	Microsoft-Windows-FilterManager	6	Aucun	Le filtre de système de fichiers « npsvctrig » (Version 10.0, ‎1978‎-‎05‎-‎14T11:13:30.000000000Z) s’est chargé et s’est inscrit correctement auprès du gestionnaire de filtres.
Information	15/10/2025 13:46:43	VfpExt	7036	Aucun	Le service  est entré dans l’état : Driver load complete.
Information	15/10/2025 13:46:43	VfpExt	7036	Aucun	Le service  est entré dans l’état : Driver load start.
Information	15/10/2025 13:46:43	Microsoft-Windows-FilterManager	6	Aucun	Le filtre de système de fichiers « UCPD » (Version 10.0, ‎1979‎-‎01‎-‎22T01:01:06.000000000Z) s’est chargé et s’est inscrit correctement auprès du gestionnaire de filtres.
Information	15/10/2025 13:46:43	Microsoft-Windows-FilterManager	6	Aucun	Le filtre de système de fichiers « FileCrypt » (Version 10.0, ‎2075‎-‎09‎-‎01T00:07:07.000000000Z) s’est chargé et s’est inscrit correctement auprès du gestionnaire de filtres.
Information	15/10/2025 13:46:43	Microsoft-Windows-Ntfs	98	Aucun	Volume C: (\Device\HarddiskVolume5) est sain. Aucune action n’est nécessaire.
Information	15/10/2025 13:46:42	hpdskflt	1001	Aucun	"La description de l’ID d’événement 1001 dans la source hpdskflt est introuvable. Le composant qui a déclenché cet événement n’est pas installé sur l’ordinateur local ou l’installation est endommagée. Vous pouvez installer ou réparer le composant sur l’ordinateur local.

Si l’événement provient d’un autre ordinateur, les informations d’affichage doivent être enregistrées avec l’événement.

Les informations suivantes étaient incluses avec l’événement : 


Le type de ressource spécifié ne peut être trouvé dans le fichier image
"
Information	15/10/2025 13:46:42	hpdskflt	1001	Aucun	"La description de l’ID d’événement 1001 dans la source hpdskflt est introuvable. Le composant qui a déclenché cet événement n’est pas installé sur l’ordinateur local ou l’installation est endommagée. Vous pouvez installer ou réparer le composant sur l’ordinateur local.

Si l’événement provient d’un autre ordinateur, les informations d’affichage doivent être enregistrées avec l’événement.

Les informations suivantes étaient incluses avec l’événement : 


Le type de ressource spécifié ne peut être trouvé dans le fichier image
"
Information	15/10/2025 13:46:42	Microsoft-Windows-FilterManager	6	Aucun	Le filtre de système de fichiers « WdFilter » (Version 10.0, ‎2028‎-‎06‎-‎06T11:57:32.000000000Z) s’est chargé et s’est inscrit correctement auprès du gestionnaire de filtres.
Information	15/10/2025 13:46:42	Microsoft-Windows-FilterManager	6	Aucun	Le filtre de système de fichiers « Wof » (Version 10.0, ‎2089‎-‎07‎-‎15T04:58:05.000000000Z) s’est chargé et s’est inscrit correctement auprès du gestionnaire de filtres.
Information	15/10/2025 13:46:42	Microsoft-Windows-FilterManager	6	Aucun	Le filtre de système de fichiers « FileInfo » (Version 10.0, ‎2093‎-‎04‎-‎02T03:29:43.000000000Z) s’est chargé et s’est inscrit correctement auprès du gestionnaire de filtres.
Information	15/10/2025 13:46:39	Microsoft-Windows-HAL	16	Aucun	Le rapport d’erreurs IOMMU a été initialisé.
Information	15/10/2025 13:46:39	Microsoft-Windows-Kernel-General	20	(6)	"La configuration d'une seconde intercalaire a été mise à jour. 
Raison : Leap second data initialized from registry during boot
Secondes intercalaires activées : true
Nouveau nombre de secondes intercalaires : 0
Ancien nombre de secondes intercalaires : 0"
Information	15/10/2025 13:46:39	Microsoft-Windows-Kernel-Boot	30	(21)	Le microprogramme a signalé des mesures de démarrage.
Information	15/10/2025 13:46:39	Microsoft-Windows-IsolatedUserMode	3	Aucun	Secure Kernel started with status STATUS_SUCCESS and flags HvciEnabled,HvciStrictMode.
Avertissement	15/10/2025 13:46:39	Microsoft-Windows-Hyper-V-Hypervisor	167	Aucun	L’hyperviseur n’a pas activé les atténuations des vulnérabilités de canal latéral pour les machines virtuelles, car HyperThreading est activé. Pour activer les atténuations pour les machines virtuelles, désactivez HyperThreading.
Information	15/10/2025 13:46:39	Microsoft-Windows-Hyper-V-Hypervisor	165	Aucun	"L’hyperviseur a configuré des atténuations pour CVE-2019-11091, CVE-2018-12126, CVE-2018-12127, CVE-2018-12130 pour les ordinateurs virtuels.

Processeur non affecté : true
Famille de processeurs non affectée : false
Processeur prend en charge le vidage de mémoire tampon microarchitique : true
Vidage de mémoire tampon nécessaire : true
"
Information	15/10/2025 13:46:39	Microsoft-Windows-Hyper-V-Hypervisor	156	Aucun	"L’hyperviseur a configuré des atténuations pour CVE-2018-3646 pour les machines virtuelles.

Processeur non affecté : true
Famille de processeurs non affectée : false
Le processeur prend en charge le vidage du cache : true
HyperThreading activé : true
'hyperviseur parent applique des atténuations : false
Atténuations désactivées par bcdedit: false
Atténuations activées : true
Vidage du cache nécessaire : false
"
Information	15/10/2025 13:46:39	Microsoft-Windows-Hyper-V-Hypervisor	129	Aucun	"L'hyperviseur a initialisé le remappage E/S.

Matériel présent : true
Matériel activé : true
Politique : 0x0
Fonctions activées : 0x43
Informations internes : 0x0
Problèmes : 0x0
Informations supplémentaires : 0x0 "
Information	15/10/2025 13:46:39	Microsoft-Windows-Hyper-V-Hypervisor	2	Aucun	Le type du planificateur de l’hyperviseur est 0x4.
Information	15/10/2025 13:46:39	Microsoft-Windows-Hyper-V-Hypervisor	1	Aucun	Hyperviseur démarré.
Information	15/10/2025 13:46:39	Microsoft-Windows-Kernel-Boot	27	(33)	Le type de démarrage était 0x0.
Information	15/10/2025 13:46:39	Microsoft-Windows-Kernel-Boot	25	(32)	La stratégie de menu de démarrage était 0x1.
Information	15/10/2025 13:46:39	Microsoft-Windows-Kernel-Boot	238	(101)	Décalage du fuseau horaire EFI : 2047. Indicateurs d’heure d’été : 0. Durée du microprogramme : ‎2025‎-‎10‎-‎15T13:46:38.000000000Z. 
Information	15/10/2025 13:46:39	Microsoft-Windows-Kernel-Boot	247	(99)	Impossible de charger Pluton-Windows microprogramme. StatusCode : STATUS_SUCCESS, Raison :  Failed to apply firmware.
Information	15/10/2025 13:46:39	Microsoft-Windows-Kernel-Boot	20	(31)	L’état de réussite du dernier arrêt était true. L’état de réussite du dernier démarrage était true.
Information	15/10/2025 13:46:39	Microsoft-Windows-Kernel-Boot	32	(58)	Le gestionnaire de démarrage a attendu 0 ms l’entrée utilisateur.
Information	15/10/2025 13:46:39	Microsoft-Windows-Kernel-Boot	18	(57)	Ce système dispose de 0x1 options de démarrage.
Information	15/10/2025 13:46:39	Microsoft-Windows-Kernel-Boot	153	(62)	La sécurité basée sur la virtualisation (stratégies : VBS Enabled,VSM Required,Hvci,Boot Chain Signer Soft Enforced) est enabled due to VBS registry configuration.
Information	15/10/2025 13:46:39	Microsoft-Windows-Kernel-General	25	(12)	"L’heure système a été initialisée sur ‎2025‎-‎10‎-‎15T11:46:39.500000000Z. 

Heure du chargeur : ‎2025‎-‎10‎-‎15T11:46:38.000000000Z
Indicateurs de démarrage internes : 0x2
Code d’erreur HAL RTC :  0x0
'heure RTC est au format UTC : false
Démarrage à chaud : false
Réussite : true
Phase : 0"
Information	15/10/2025 13:46:39	Microsoft-Windows-Kernel-General	12	(1)	Le système d'exploitation a démarré à l'heure système ‎2025‎-‎10‎-‎15T11:46:39.500000000Z.
Information	15/10/2025 13:46:29	Microsoft-Windows-Kernel-General	13	(2)	Le système d’exploitation s’est arrêté à l’heure système ‎2025‎-‎10‎-‎15T11:46:29.196340600Z.
Information	15/10/2025 13:46:29	Microsoft-Windows-Kernel-Power	577	(280)	Le système s’est préparé pour qu’un redémarrage du système soit lancé à partir Active.
Information	15/10/2025 13:46:28	nhi	9008	Aucun	"Driver exit RTD3.
 All the connected devices will now cause DeviceConnected events."
Information	15/10/2025 13:46:28	Microsoft-Windows-Kernel-Power	109	(103)	"Le gestionnaire d’alimentation du noyau a lancé une transition d’arrêt.

Action : Power Action Reboot 
Code d’événement : 0x0 
Raison : Kernel API"
Information	15/10/2025 13:46:27	TPM	18	Aucun	Cet événement déclenche l’exécution de la vérification de l’état/la configuration du module de plateforme sécurisée (TPM).
Information	15/10/2025 13:46:27	User32	1074	Aucun	"Le processus C:\WINDOWS\servicing\TrustedInstaller.exe (DESKTOP-5P6VHHK) a lancé le Redémarrer de l’ordinateur DESKTOP-5P6VHHK pour l’utilisateur AUTORITE NT\Système pour la raison suivante : Système d’exploitation : mise à jour (planifiée)
  Code : 0x80020003
  Type d’extinction : Redémarrer
 Commentaire : "
Information	15/10/2025 13:46:27	Service Control Manager	7026	Aucun	"Le ou les pilotes de démarrage système ou d’amorçage suivants n’ont pas pu se charger : 
dam"
Information	15/10/2025 13:46:24	nhi	9007	Aucun	"The driver entered RTD3.
 All the connected devices will be removed from driver's internal state, so it is expected that DeviceDisconnected events will happen."
Information	15/10/2025 13:46:09	Microsoft-Windows-Kernel-General	16	Aucun	L’historique des accès de la ruche \??\C:\WINDOWS\ServiceProfiles\NetworkService\NTUSER.DAT a été effacé, mettant à jour 204 clés et créant 21 pages modifiées.
Information	15/10/2025 13:46:09	Microsoft-Windows-Kernel-General	16	Aucun	L’historique des accès de la ruche \??\C:\WINDOWS\ServiceProfiles\LocalService\NTUSER.DAT a été effacé, mettant à jour 183 clés et créant 20 pages modifiées.
Information	15/10/2025 13:46:09	Microsoft-Windows-Directory-Services-SAM	16983	Aucun	"Le gestionnaire de comptes de sécurité enregistre désormais des événements de résumé périodiques pour les clients distants qui appellent une modification de mot de passe héritée ou des méthodes RPC définies. 

Pour plus d’informations, voir https://go.microsoft.com/fwlink/?linkid=2150956.
"
Information	15/10/2025 13:46:09	Microsoft-Windows-Directory-Services-SAM	16977	Aucun	"Le domaine est configuré avec les paramètres suivants relatifs à la longueur minimale des mots de passe. 

MinimumPasswordLength : 0

RelaxMinimumPasswordLengthLimits : 0

MinimumPasswordLengthAudit : -1

Pour plus d’informations, voir https://go.microsoft.com/fwlink/?LinkId=2097191. 
"
Information	15/10/2025 13:46:09	Microsoft-Windows-Directory-Services-SAM	16962	Aucun	"Les appels distants vers la base de données SAM sont restreints à l’aide du descripteur de sécurité par défaut : O:SYG:SYD:(A;;RC;;;BA).
Pour plus d’informations, voir http://go.microsoft.com/fwlink/?LinkId=787651."
Information	15/10/2025 13:46:09	Microsoft-Windows-IsolatedUserMode	5	Aucun	Secure Trustlet NULL Id 0 and Pid 0 started with status STATUS_SUCCESS.
Information	15/10/2025 13:46:09	LsaSrv	6156	Aucun	"État de l’activation automatique de Credential Guard.

Exigences matérielles pour la sécurité basée sur la virtualisation :	1
Domaine joint :	0
Azure AD joint :	0
 Sous licence pour Credential Guard :	0
Contrôleur de domaine :	0"
Information	15/10/2025 13:46:09	Microsoft-Windows-Wininit	12	Aucun	LSASS.exe a démarré en tant que processus protégé avec le niveau : 4.
Information	15/10/2025 13:46:09	Microsoft-Windows-Wininit	18	Aucun	L’isolation de clé VBS a démarré et protégera les clés isolées par VSM.
Information	15/10/2025 13:46:09	Microsoft-Windows-IsolatedUserMode	1	Aucun	Secure Trustlet \??\C:\WINDOWS\system32\lsaiso.exe Id 1 and Pid 1432 started with status STATUS_SUCCESS.
Information	15/10/2025 13:46:09	Microsoft-Windows-IsolatedUserMode	5	Aucun	Secure Trustlet NULL Id 0 and Pid 0 started with status STATUS_SUCCESS.
Information	15/10/2025 13:46:09	Microsoft-Windows-Wininit	14	Aucun	"Configuration d’Credential Guard : configuration du Registre 

:  0x0
configuration de test : activation automatique  0
:  0"
Information	15/10/2025 13:46:08	Microsoft-Windows-Wininit	23	Aucun	"Anti-restauration de l’application de démarrage : initialisation terminée avec status :
HRESULT : L’opération a réussi.
Nouveau minuteur nécessaire : false
Nouveau minuteur en attente de la fin de la mise à jour du système : false
Le minuteur de verrou précédent existe mais il est désactivé par Registry : false
"
Information	15/10/2025 13:46:08	Microsoft-Windows-Wininit	25	Aucun	"Anti-restauration de l’application de démarrage : le minuteur précédent a repris avec status :

HRESULT : L’opération a réussi.
Minuteur précédent présent : true
Heure de début : ‎2025‎-‎09‎-‎10T05:59:05.268480600Z
Période de grâce : 51840000000000
Réussite de l’application de la tentative de récupération : false
"
Information	15/10/2025 13:46:08	Microsoft-Windows-Wininit	24	Aucun	"Anti-restauration de l’application de démarrage : démarrage du minuteur terminé avec status :

Win32Error : 0
Heure de début : ‎2025‎-‎09‎-‎10T05:59:05.268480600Z
Période de grâce : 51840000000000
Heure d’échéance : ‎2025‎-‎11‎-‎09T05:59:05.268480600Z
"
Information	15/10/2025 13:46:08	Microsoft-Windows-Wininit	19	Aucun	"État de création du nouveau minuteur de sécurité basé sur la virtualisation

HRESULT : L’opération a réussi.
Nouveau minuteur de verrou requis : false
Nouveau minuteur de verrou en attente de la fin de la mise à jour du système : false
Le minuteur de verrou précédent existe mais est désactivé par le registre : false
Le fichier de stratégie existe : false
"
Information	15/10/2025 13:46:07	BTHUSB	18	Aucun	Windows ne peut pas stocker les codes d’authentification Bluetooth (clés de liaison) sur la carte locale. Les claviers Bluetooth ne fonctionnent peut-être pas dans le BIOS système lors du démarrage.
Avertissement	15/10/2025 13:46:04	Microsoft-Windows-Kernel-PnP	219	(212)	"Échec du chargement du pilote \Driver\WUDFRd.
Périphérique : {DD8E82AE-334B-49A2-AEAE-AEB0FD5C40DD}\DetectionVerification\5&2c1f7258&0&0
État : 0xC0000365"
Information	15/10/2025 13:46:04	Microsoft-Windows-DriverFrameworks-UserMode	10118	Startup of the UMDF reflector	Le réflecteur UMDF n'est pas en mesure de se connecter au Gestionnaire de contrôle des services. Ce comportement est normal pendant le démarrage, quand le Gestionnaire de contrôle des services n'a pas encore démarré. Une nouvelle tentative aura lieu après son démarrage.
Information	15/10/2025 13:46:03	Microsoft-Windows-Kernel-General	16	Aucun	L’historique des accès de la ruche \Device\HarddiskVolume3\EFI\Microsoft\Boot\BCD a été effacé, mettant à jour 140 clés et créant 9 pages modifiées.
Information	15/10/2025 13:46:03	Microsoft-Windows-Kernel-General	24	(11)	Les informations de fuseau horaire ont été actualisées avec le motif de sortie 0. Le décalage de fuseau horaire actuel est de -120.
Information	15/10/2025 13:46:02	Netwtw10	7023	Aucun	7023 - secure boot debug logging Quasar
Information	15/10/2025 13:46:02	Netwtw10	7017	Aucun	7017 - secure boot (SB) configuration
Information	15/10/2025 13:46:02	Netwtw10	7010	Aucun	7010 - driver enabled (miniport init)
Information	15/10/2025 13:46:02	nhi	9001	Aucun	"Thunderbolt driver is loaded and initialized connection to HW.
 Driver version: 1.41.1420.0
 NVM version: 61:0
"
Information	15/10/2025 13:46:02	Microsoft-Windows-Kernel-General	16	Aucun	L’historique des accès de la ruche \Device\HarddiskVolume3\EFI\Microsoft\Boot\BCD a été effacé, mettant à jour 140 clés et créant 9 pages modifiées.
Information	15/10/2025 13:46:02	Microsoft-Windows-Kernel-General	16	Aucun	L’historique des accès de la ruche \Device\HarddiskVolume3\EFI\Microsoft\Boot\BCD a été effacé, mettant à jour 140 clés et créant 9 pages modifiées.
Information	15/10/2025 13:46:02	Microsoft-Windows-Ntfs	98	Aucun	Volume \\?\Volume{c8003e95-36b3-4dfd-8462-1e725ba1c118} (\Device\HarddiskVolume7) est sain. Aucune action n’est nécessaire.
Information	15/10/2025 13:46:02	Microsoft-Windows-Kernel-General	16	Aucun	L’historique des accès de la ruche \Device\HarddiskVolume3\EFI\Microsoft\Boot\BCD a été effacé, mettant à jour 140 clés et créant 9 pages modifiées.
Information	15/10/2025 13:46:02	Netwtw10	7002	Aucun	7002 - CTDP power limit value (SPLC)
Information	15/10/2025 13:46:02	Microsoft-Windows-Kernel-General	16	Aucun	L’historique des accès de la ruche \Device\HarddiskVolume3\EFI\Microsoft\Boot\BCD a été effacé, mettant à jour 140 clés et créant 9 pages modifiées.
Information	15/10/2025 13:46:02	Netwtw10	7005	Aucun	7005 - SAR value max TX power (WRDS)
Information	15/10/2025 13:46:02	MEIx64	2	Aucun	Intel(R) Management Engine Interface driver has started successfully.
Information	15/10/2025 13:46:02	Microsoft-Windows-Ntfs	98	Aucun	Volume E: (\Device\HarddiskVolume2) est sain. Aucune action n’est nécessaire.
Information	15/10/2025 13:46:02	Netwtw10	7027	Aucun	7027 - get Nic Manufacturere on init
Information	15/10/2025 13:46:02	Netwtw10	7036	Aucun	Le service \Device\NDMP5 est entré dans l’état : Intel(R) Wi-Fi 6 AX201 160MHz.
Information	15/10/2025 13:46:02	Microsoft-Windows-Kernel-General	16	Aucun	L’historique des accès de la ruche \Device\HarddiskVolume3\EFI\Microsoft\Boot\BCD a été effacé, mettant à jour 140 clés et créant 9 pages modifiées.
Information	15/10/2025 13:46:02	Microsoft-Windows-Kernel-Power	521	(220)	Changement du nombre de batteries actives.
Information	15/10/2025 13:46:02	Microsoft-Windows-Ntfs	98	Aucun	Volume D: (\Device\HarddiskVolume1) est sain. Aucune action n’est nécessaire.
Information	15/10/2025 13:46:02	Microsoft-Windows-Kernel-Processor-Power	55	(47)	"Le processeur 11 du groupe 0 présente les caractéristiques de gestion de l’alimentation suivantes :

Type d’état d’inactivité : ACPI Idle (C) States (3 état(s))

Type d’état de performances : ACPI Collaborative Processor Performance Control
Fréquence nominale (MHz) : 2592
Pourcentage de performances maximales : 192
Pourcentage de performances minimales : 46
Pourcentage d’accélération minimale : 3"
Information	15/10/2025 13:46:02	Microsoft-Windows-Kernel-Processor-Power	55	(47)	"Le processeur 9 du groupe 0 présente les caractéristiques de gestion de l’alimentation suivantes :

Type d’état d’inactivité : ACPI Idle (C) States (3 état(s))

Type d’état de performances : ACPI Collaborative Processor Performance Control
Fréquence nominale (MHz) : 2592
Pourcentage de performances maximales : 192
Pourcentage de performances minimales : 46
Pourcentage d’accélération minimale : 3"
Information	15/10/2025 13:46:02	Microsoft-Windows-Kernel-Processor-Power	55	(47)	"Le processeur 7 du groupe 0 présente les caractéristiques de gestion de l’alimentation suivantes :

Type d’état d’inactivité : ACPI Idle (C) States (3 état(s))

Type d’état de performances : ACPI Collaborative Processor Performance Control
Fréquence nominale (MHz) : 2592
Pourcentage de performances maximales : 192
Pourcentage de performances minimales : 46
Pourcentage d’accélération minimale : 3"
Information	15/10/2025 13:46:02	Microsoft-Windows-Kernel-Processor-Power	55	(47)	"Le processeur 5 du groupe 0 présente les caractéristiques de gestion de l’alimentation suivantes :

Type d’état d’inactivité : ACPI Idle (C) States (3 état(s))

Type d’état de performances : ACPI Collaborative Processor Performance Control
Fréquence nominale (MHz) : 2592
Pourcentage de performances maximales : 192
Pourcentage de performances minimales : 46
Pourcentage d’accélération minimale : 3"
Information	15/10/2025 13:46:02	Microsoft-Windows-Kernel-Processor-Power	55	(47)	"Le processeur 3 du groupe 0 présente les caractéristiques de gestion de l’alimentation suivantes :

Type d’état d’inactivité : ACPI Idle (C) States (3 état(s))

Type d’état de performances : ACPI Collaborative Processor Performance Control
Fréquence nominale (MHz) : 2592
Pourcentage de performances maximales : 192
Pourcentage de performances minimales : 46
Pourcentage d’accélération minimale : 3"
Information	15/10/2025 13:46:02	Microsoft-Windows-Kernel-Processor-Power	55	(47)	"Le processeur 1 du groupe 0 présente les caractéristiques de gestion de l’alimentation suivantes :

Type d’état d’inactivité : ACPI Idle (C) States (3 état(s))

Type d’état de performances : ACPI Collaborative Processor Performance Control
Fréquence nominale (MHz) : 2592
Pourcentage de performances maximales : 192
Pourcentage de performances minimales : 46
Pourcentage d’accélération minimale : 3"
Information	15/10/2025 13:46:02	Microsoft-Windows-Kernel-Processor-Power	55	(47)	"Le processeur 10 du groupe 0 présente les caractéristiques de gestion de l’alimentation suivantes :

Type d’état d’inactivité : ACPI Idle (C) States (3 état(s))

Type d’état de performances : ACPI Collaborative Processor Performance Control
Fréquence nominale (MHz) : 2592
Pourcentage de performances maximales : 192
Pourcentage de performances minimales : 46
Pourcentage d’accélération minimale : 3"
Information	15/10/2025 13:46:02	Microsoft-Windows-Kernel-Processor-Power	55	(47)	"Le processeur 8 du groupe 0 présente les caractéristiques de gestion de l’alimentation suivantes :

Type d’état d’inactivité : ACPI Idle (C) States (3 état(s))

Type d’état de performances : ACPI Collaborative Processor Performance Control
Fréquence nominale (MHz) : 2592
Pourcentage de performances maximales : 192
Pourcentage de performances minimales : 46
Pourcentage d’accélération minimale : 3"
Information	15/10/2025 13:46:02	Microsoft-Windows-Kernel-Processor-Power	55	(47)	"Le processeur 6 du groupe 0 présente les caractéristiques de gestion de l’alimentation suivantes :

Type d’état d’inactivité : ACPI Idle (C) States (3 état(s))

Type d’état de performances : ACPI Collaborative Processor Performance Control
Fréquence nominale (MHz) : 2592
Pourcentage de performances maximales : 192
Pourcentage de performances minimales : 46
Pourcentage d’accélération minimale : 3"
Information	15/10/2025 13:46:02	Microsoft-Windows-Kernel-Processor-Power	55	(47)	"Le processeur 4 du groupe 0 présente les caractéristiques de gestion de l’alimentation suivantes :

Type d’état d’inactivité : ACPI Idle (C) States (3 état(s))

Type d’état de performances : ACPI Collaborative Processor Performance Control
Fréquence nominale (MHz) : 2592
Pourcentage de performances maximales : 192
Pourcentage de performances minimales : 46
Pourcentage d’accélération minimale : 3"
Information	15/10/2025 13:46:02	Microsoft-Windows-Kernel-Processor-Power	55	(47)	"Le processeur 2 du groupe 0 présente les caractéristiques de gestion de l’alimentation suivantes :

Type d’état d’inactivité : ACPI Idle (C) States (3 état(s))

Type d’état de performances : ACPI Collaborative Processor Performance Control
Fréquence nominale (MHz) : 2592
Pourcentage de performances maximales : 192
Pourcentage de performances minimales : 46
Pourcentage d’accélération minimale : 3"
Information	15/10/2025 13:46:02	Microsoft-Windows-Kernel-Processor-Power	55	(47)	"Le processeur 0 du groupe 0 présente les caractéristiques de gestion de l’alimentation suivantes :

Type d’état d’inactivité : ACPI Idle (C) States (3 état(s))

Type d’état de performances : ACPI Collaborative Processor Performance Control
Fréquence nominale (MHz) : 2592
Pourcentage de performances maximales : 192
Pourcentage de performances minimales : 30
Pourcentage d’accélération minimale : 3"
Erreur	15/10/2025 13:46:02	VBoxNetLwf	12	Aucun	Le pilote a détecté une erreur de pilote interne sur \Device\VBoxNetLwf.
Information	15/10/2025 13:46:01	Microsoft-Windows-Kernel-General	15	(10)	La ruche \SystemRoot\System32\Config\SOFTWARE a été réorganisée avec une taille de départ de 120406016 octets et une taille de fin de 119283712 octets.
Information	15/10/2025 13:46:01	Microsoft-Windows-Kernel-General	16	Aucun	L’historique des accès de la ruche \Device\HarddiskVolume3\EFI\Microsoft\Boot\BCD a été effacé, mettant à jour 140 clés et créant 9 pages modifiées.
Information	15/10/2025 13:46:01	Microsoft-Windows-Ntfs	98	Aucun	Volume \\?\Volume{af0ea105-8d30-46b0-918e-e762a5cf62fa} (\Device\HarddiskVolume6) est sain. Aucune action n’est nécessaire.
Information	15/10/2025 13:46:01	Microsoft-Windows-Kernel-General	16	Aucun	L’historique des accès de la ruche \Device\HarddiskVolume3\EFI\Microsoft\Boot\BCD a été effacé, mettant à jour 140 clés et créant 9 pages modifiées.
Information	15/10/2025 13:45:59	VMnetAdapter	36	Aucun	() Starting up the Adapter Driver for VMware Virtual Networks.
Information	15/10/2025 13:45:59	Microsoft-Windows-Kernel-General	16	Aucun	L’historique des accès de la ruche \SystemRoot\System32\Config\DEFAULT a été effacé, mettant à jour 906 clés et créant 139 pages modifiées.
Information	15/10/2025 13:45:59	Microsoft-Windows-Kernel-General	16	Aucun	L’historique des accès de la ruche \SystemRoot\System32\Config\SAM a été effacé, mettant à jour 63 clés et créant 7 pages modifiées.
Information	15/10/2025 13:45:59	Microsoft-Windows-Kernel-General	16	Aucun	L’historique des accès de la ruche \SystemRoot\System32\Config\SECURITY a été effacé, mettant à jour 88 clés et créant 4 pages modifiées.
Information	15/10/2025 13:45:59	Microsoft-Windows-Kernel-Power	172	(203)	L’état de connectivité est en attente : Disconnected, Motif : NIC compliance
Critique	15/10/2025 13:45:59	Microsoft-Windows-Kernel-Power	41	(63)	Le système a redémarré sans s’arrêter correctement au préalable. Cette erreur peut survenir si le système ne répond plus, s’est bloqué ou n’est plus alimenté de façon inattendue.
Information	15/10/2025 13:45:59	Microsoft-Windows-Kernel-Power	125	(86)	"La zone thermique ACPI \_TZ.TZ02 a été énumérée.             
_PSV = 0K             
_TC1 = 0             
_TC2 = 0             
_TSP = 0ms             
_AC0 = 0K             
_AC1 = 0K             
_AC2 = 0K             
_AC3 = 0K             
_AC4 = 0K             
_AC5 = 0K             
_AC6 = 0K             
_AC7 = 0K             
_AC8 = 0K             
_AC9 = 0K             
_CRT = 0K             
_HOT = 372K             
limitation minimale = 0             
_CR3 = 0K"
Information	15/10/2025 13:45:59	Microsoft-Windows-Kernel-Power	125	(86)	"La zone thermique ACPI \_TZ.TZ00 a été énumérée.             
_PSV = 0K             
_TC1 = 0             
_TC2 = 0             
_TSP = 0ms             
_AC0 = 344K             
_AC1 = 328K             
_AC2 = 323K             
_AC3 = 318K             
_AC4 = 313K             
_AC5 = 0K             
_AC6 = 0K             
_AC7 = 0K             
_AC8 = 0K             
_AC9 = 0K             
_CRT = 392K             
_HOT = 0K             
limitation minimale = 0             
_CR3 = 0K"
Information	15/10/2025 13:45:59	Microsoft-Windows-FilterManager	6	Aucun	Le filtre de système de fichiers « npsvctrig » (Version 10.0, ‎1978‎-‎05‎-‎14T11:13:30.000000000Z) s’est chargé et s’est inscrit correctement auprès du gestionnaire de filtres.
Information	15/10/2025 13:45:59	VfpExt	7036	Aucun	Le service  est entré dans l’état : Driver load complete.
Information	15/10/2025 13:45:59	VfpExt	7036	Aucun	Le service  est entré dans l’état : Driver load start.
Information	15/10/2025 13:45:59	Microsoft-Windows-FilterManager	6	Aucun	Le filtre de système de fichiers « UCPD » (Version 10.0, ‎2037‎-‎11‎-‎17T14:30:48.000000000Z) s’est chargé et s’est inscrit correctement auprès du gestionnaire de filtres.
Information	15/10/2025 13:45:59	Microsoft-Windows-FilterManager	6	Aucun	Le filtre de système de fichiers « FileCrypt » (Version 10.0, ‎2075‎-‎09‎-‎01T00:07:07.000000000Z) s’est chargé et s’est inscrit correctement auprès du gestionnaire de filtres.
Information	15/10/2025 13:45:59	Microsoft-Windows-Ntfs	98	Aucun	Volume C: (\Device\HarddiskVolume5) est sain. Aucune action n’est nécessaire.
Information	15/10/2025 13:45:58	hpdskflt	1001	Aucun	"La description de l’ID d’événement 1001 dans la source hpdskflt est introuvable. Le composant qui a déclenché cet événement n’est pas installé sur l’ordinateur local ou l’installation est endommagée. Vous pouvez installer ou réparer le composant sur l’ordinateur local.

Si l’événement provient d’un autre ordinateur, les informations d’affichage doivent être enregistrées avec l’événement.

Les informations suivantes étaient incluses avec l’événement : 


Le type de ressource spécifié ne peut être trouvé dans le fichier image
"
Information	15/10/2025 13:45:58	hpdskflt	1001	Aucun	"La description de l’ID d’événement 1001 dans la source hpdskflt est introuvable. Le composant qui a déclenché cet événement n’est pas installé sur l’ordinateur local ou l’installation est endommagée. Vous pouvez installer ou réparer le composant sur l’ordinateur local.

Si l’événement provient d’un autre ordinateur, les informations d’affichage doivent être enregistrées avec l’événement.

Les informations suivantes étaient incluses avec l’événement : 


Le type de ressource spécifié ne peut être trouvé dans le fichier image
"
Information	15/10/2025 13:45:58	Microsoft-Windows-FilterManager	6	Aucun	Le filtre de système de fichiers « WdFilter » (Version 10.0, ‎2028‎-‎06‎-‎06T11:57:32.000000000Z) s’est chargé et s’est inscrit correctement auprès du gestionnaire de filtres.
Information	15/10/2025 13:45:58	Microsoft-Windows-FilterManager	6	Aucun	Le filtre de système de fichiers « Wof » (Version 10.0, ‎2089‎-‎07‎-‎15T04:58:05.000000000Z) s’est chargé et s’est inscrit correctement auprès du gestionnaire de filtres.
Information	15/10/2025 13:45:58	Microsoft-Windows-FilterManager	6	Aucun	Le filtre de système de fichiers « FileInfo » (Version 10.0, ‎2093‎-‎04‎-‎02T03:29:43.000000000Z) s’est chargé et s’est inscrit correctement auprès du gestionnaire de filtres.
Information	15/10/2025 13:45:56	Microsoft-Windows-HAL	16	Aucun	Le rapport d’erreurs IOMMU a été initialisé.
Information	15/10/2025 13:45:56	Microsoft-Windows-Kernel-General	20	(6)	"La configuration d'une seconde intercalaire a été mise à jour. 
Raison : Leap second data initialized from registry during boot
Secondes intercalaires activées : true
Nouveau nombre de secondes intercalaires : 0
Ancien nombre de secondes intercalaires : 0"
Information	15/10/2025 13:45:56	Microsoft-Windows-Kernel-Boot	30	(21)	Le microprogramme a signalé des mesures de démarrage.
Information	15/10/2025 13:45:56	Microsoft-Windows-IsolatedUserMode	3	Aucun	Secure Kernel started with status STATUS_SUCCESS and flags HvciEnabled,HvciStrictMode.
Avertissement	15/10/2025 13:45:56	Microsoft-Windows-Hyper-V-Hypervisor	167	Aucun	L’hyperviseur n’a pas activé les atténuations des vulnérabilités de canal latéral pour les machines virtuelles, car HyperThreading est activé. Pour activer les atténuations pour les machines virtuelles, désactivez HyperThreading.
Information	15/10/2025 13:45:56	Microsoft-Windows-Hyper-V-Hypervisor	165	Aucun	"L’hyperviseur a configuré des atténuations pour CVE-2019-11091, CVE-2018-12126, CVE-2018-12127, CVE-2018-12130 pour les ordinateurs virtuels.

Processeur non affecté : true
Famille de processeurs non affectée : false
Processeur prend en charge le vidage de mémoire tampon microarchitique : true
Vidage de mémoire tampon nécessaire : true
"
Information	15/10/2025 13:45:56	Microsoft-Windows-Hyper-V-Hypervisor	156	Aucun	"L’hyperviseur a configuré des atténuations pour CVE-2018-3646 pour les machines virtuelles.

Processeur non affecté : true
Famille de processeurs non affectée : false
Le processeur prend en charge le vidage du cache : true
HyperThreading activé : true
'hyperviseur parent applique des atténuations : false
Atténuations désactivées par bcdedit: false
Atténuations activées : true
Vidage du cache nécessaire : false
"
Information	15/10/2025 13:45:56	Microsoft-Windows-Hyper-V-Hypervisor	129	Aucun	"L'hyperviseur a initialisé le remappage E/S.

Matériel présent : true
Matériel activé : true
Politique : 0x0
Fonctions activées : 0x43
Informations internes : 0x0
Problèmes : 0x0
Informations supplémentaires : 0x0 "
Information	15/10/2025 13:45:56	Microsoft-Windows-Hyper-V-Hypervisor	2	Aucun	Le type du planificateur de l’hyperviseur est 0x4.
Information	15/10/2025 13:45:56	Microsoft-Windows-Hyper-V-Hypervisor	1	Aucun	Hyperviseur démarré.
Information	15/10/2025 13:45:56	Microsoft-Windows-Kernel-Boot	27	(33)	Le type de démarrage était 0x0.
Information	15/10/2025 13:45:56	Microsoft-Windows-Kernel-Boot	25	(32)	La stratégie de menu de démarrage était 0x1.
Information	15/10/2025 13:45:56	Microsoft-Windows-Kernel-Boot	238	(101)	Décalage du fuseau horaire EFI : 2047. Indicateurs d’heure d’été : 0. Durée du microprogramme : ‎2018‎-‎01‎-‎01T00:00:24.000000000Z. 
Information	15/10/2025 13:46:53	EventLog	6013	Aucun	La durée active du système est de 14 secondes.
Information	15/10/2025 13:46:53	EventLog	6005	Aucun	Le service d’Enregistrement d’événement a démarré.
Information	15/10/2025 13:46:53	EventLog	6009	Aucun	Microsoft (R) Windows (R) 10.00. 26200  Multiprocessor Free.
Erreur	15/10/2025 13:46:53	EventLog	6008	Aucun	L’arrêt système précédant à 16:28:23 le ‎15/‎10/‎2025 n’était pas prévu.
Information	15/10/2025 13:45:56	Microsoft-Windows-Kernel-Boot	247	(99)	Impossible de charger Pluton-Windows microprogramme. StatusCode : STATUS_SUCCESS, Raison :  Failed to apply firmware.
Information	15/10/2025 13:45:56	Microsoft-Windows-Kernel-Boot	20	(31)	L’état de réussite du dernier arrêt était false. L’état de réussite du dernier démarrage était true.
Information	15/10/2025 13:45:56	Microsoft-Windows-Kernel-Boot	32	(58)	Le gestionnaire de démarrage a attendu 0 ms l’entrée utilisateur.
Information	15/10/2025 13:45:56	Microsoft-Windows-Kernel-Boot	18	(57)	Ce système dispose de 0x1 options de démarrage.
Information	15/10/2025 13:45:56	Microsoft-Windows-Kernel-Boot	153	(62)	La sécurité basée sur la virtualisation (stratégies : VBS Enabled,VSM Required,Hvci,Boot Chain Signer Soft Enforced) est enabled due to VBS registry configuration.
Information	15/10/2025 13:45:56	Microsoft-Windows-Kernel-General	25	(12)	"L’heure système a été initialisée sur ‎2025‎-‎10‎-‎15T11:45:55.521836100Z. 

Heure du chargeur : ‎2025‎-‎10‎-‎15T11:45:54.411000000Z
Indicateurs de démarrage internes : 0x1
Code d’erreur HAL RTC :  0x0
'heure RTC est au format UTC : false
Démarrage à chaud : false
Réussite : true
Phase : 1"
Information	15/10/2025 13:45:56	Microsoft-Windows-Kernel-General	12	(1)	Le système d'exploitation a démarré à l'heure système ‎2025‎-‎10‎-‎15T11:45:55.521836100Z.
Information	15/10/2025 16:52:06	BTHUSB	18	Aucun	Windows ne peut pas stocker les codes d’authentification Bluetooth (clés de liaison) sur la carte locale. Les claviers Bluetooth ne fonctionnent peut-être pas dans le BIOS système lors du démarrage.
Avertissement	15/10/2025 16:52:04	BTHUSB	7	Aucun	Une erreur matérielle s'est produite. L'événement contient le code d'erreur spécifique au fournisseur.
Information	15/10/2025 16:51:10	BTHUSB	18	Aucun	Windows ne peut pas stocker les codes d’authentification Bluetooth (clés de liaison) sur la carte locale. Les claviers Bluetooth ne fonctionnent peut-être pas dans le BIOS système lors du démarrage.
Avertissement	15/10/2025 16:51:08	BTHUSB	7	Aucun	Une erreur matérielle s'est produite. L'événement contient le code d'erreur spécifique au fournisseur.
Information	15/10/2025 16:44:13	BTHUSB	18	Aucun	Windows ne peut pas stocker les codes d’authentification Bluetooth (clés de liaison) sur la carte locale. Les claviers Bluetooth ne fonctionnent peut-être pas dans le BIOS système lors du démarrage.
Avertissement	15/10/2025 16:44:11	BTHUSB	7	Aucun	Une erreur matérielle s'est produite. L'événement contient le code d'erreur spécifique au fournisseur.
Information	15/10/2025 16:39:54	BTHUSB	18	Aucun	Windows ne peut pas stocker les codes d’authentification Bluetooth (clés de liaison) sur la carte locale. Les claviers Bluetooth ne fonctionnent peut-être pas dans le BIOS système lors du démarrage.
Avertissement	15/10/2025 16:39:52	BTHUSB	7	Aucun	Une erreur matérielle s'est produite. L'événement contient le code d'erreur spécifique au fournisseur.
Avertissement	15/10/2025 16:38:40	Microsoft-Windows-DistributedCOM	10016	Aucun	"Les paramètres d’autorisation propres à l’application n’accordent pas l’autorisation Local Activation pour l’application serveur COM avec le CLSID 
{B52D54BB-4818-4EB9-AA80-F9EACD371DF8}
 et l’APPID 
{9E175B9C-F52A-11D8-B9A5-505054503030}
 au SID DESKTOP-5P6VHHK\Perceval de l’utilisateur (S-1-5-21-279605357-448217104-2738636231-1001) depuis l’adresse LocalHost (avec LRPC) s’exécutant dans le SID Non disponible du conteneur d’applications (Non disponible). Cette autorisation de sécurité peut être modifiée à l’aide de l’outil d’administration Services de composants."
Information	15/10/2025 16:18:39	BTHUSB	18	Aucun	Windows ne peut pas stocker les codes d’authentification Bluetooth (clés de liaison) sur la carte locale. Les claviers Bluetooth ne fonctionnent peut-être pas dans le BIOS système lors du démarrage.
Avertissement	15/10/2025 16:18:37	BTHUSB	7	Aucun	Une erreur matérielle s'est produite. L'événement contient le code d'erreur spécifique au fournisseur.
Information	15/10/2025 16:08:23	BTHUSB	18	Aucun	Windows ne peut pas stocker les codes d’authentification Bluetooth (clés de liaison) sur la carte locale. Les claviers Bluetooth ne fonctionnent peut-être pas dans le BIOS système lors du démarrage.
Avertissement	15/10/2025 16:08:21	BTHUSB	7	Aucun	Une erreur matérielle s'est produite. L'événement contient le code d'erreur spécifique au fournisseur.
Information	15/10/2025 16:04:22	BTHUSB	18	Aucun	Windows ne peut pas stocker les codes d’authentification Bluetooth (clés de liaison) sur la carte locale. Les claviers Bluetooth ne fonctionnent peut-être pas dans le BIOS système lors du démarrage.
Avertissement	15/10/2025 16:04:20	BTHUSB	7	Aucun	Une erreur matérielle s'est produite. L'événement contient le code d'erreur spécifique au fournisseur.
Information	15/10/2025 16:00:03	BTHUSB	18	Aucun	Windows ne peut pas stocker les codes d’authentification Bluetooth (clés de liaison) sur la carte locale. Les claviers Bluetooth ne fonctionnent peut-être pas dans le BIOS système lors du démarrage.
Avertissement	15/10/2025 16:00:01	BTHUSB	7	Aucun	Une erreur matérielle s'est produite. L'événement contient le code d'erreur spécifique au fournisseur.
Information	15/10/2025 15:55:43	BTHUSB	18	Aucun	Windows ne peut pas stocker les codes d’authentification Bluetooth (clés de liaison) sur la carte locale. Les claviers Bluetooth ne fonctionnent peut-être pas dans le BIOS système lors du démarrage.
Avertissement	15/10/2025 15:55:41	BTHUSB	7	Aucun	Une erreur matérielle s'est produite. L'événement contient le code d'erreur spécifique au fournisseur.
Information	15/10/2025 15:49:26	BTHUSB	18	Aucun	Windows ne peut pas stocker les codes d’authentification Bluetooth (clés de liaison) sur la carte locale. Les claviers Bluetooth ne fonctionnent peut-être pas dans le BIOS système lors du démarrage.
Avertissement	15/10/2025 15:49:24	BTHUSB	7	Aucun	Une erreur matérielle s'est produite. L'événement contient le code d'erreur spécifique au fournisseur.
Information	15/10/2025 15:43:23	BTHUSB	18	Aucun	Windows ne peut pas stocker les codes d’authentification Bluetooth (clés de liaison) sur la carte locale. Les claviers Bluetooth ne fonctionnent peut-être pas dans le BIOS système lors du démarrage.
Avertissement	15/10/2025 15:43:21	BTHUSB	7	Aucun	Une erreur matérielle s'est produite. L'événement contient le code d'erreur spécifique au fournisseur.
