Information	08/10/2025 07:02:13	Microsoft-Windows-Kernel-Processor-Power	55	(47)	"Le processeur 5 du groupe 0 présente les caractéristiques de gestion de l’alimentation suivantes :

Type d’état d’inactivité : ACPI Idle (C) States (3 état(s))

Type d’état de performances : ACPI Collaborative Processor Performance Control
Fréquence nominale (MHz) : 2592
Pourcentage de performances maximales : 192
Pourcentage de performances minimales : 42
Pourcentage d’accélération minimale : 3"
Information	08/10/2025 07:02:13	Microsoft-Windows-Kernel-Processor-Power	55	(47)	"Le processeur 3 du groupe 0 présente les caractéristiques de gestion de l’alimentation suivantes :

Type d’état d’inactivité : ACPI Idle (C) States (3 état(s))

Type d’état de performances : ACPI Collaborative Processor Performance Control
Fréquence nominale (MHz) : 2592
Pourcentage de performances maximales : 192
Pourcentage de performances minimales : 42
Pourcentage d’accélération minimale : 3"
Information	08/10/2025 07:02:13	Microsoft-Windows-Kernel-Processor-Power	55	(47)	"Le processeur 1 du groupe 0 présente les caractéristiques de gestion de l’alimentation suivantes :

Type d’état d’inactivité : ACPI Idle (C) States (3 état(s))

Type d’état de performances : ACPI Collaborative Processor Performance Control
Fréquence nominale (MHz) : 2592
Pourcentage de performances maximales : 192
Pourcentage de performances minimales : 42
Pourcentage d’accélération minimale : 3"
Information	08/10/2025 07:02:13	Microsoft-Windows-Kernel-Processor-Power	55	(47)	"Le processeur 10 du groupe 0 présente les caractéristiques de gestion de l’alimentation suivantes :

Type d’état d’inactivité : ACPI Idle (C) States (3 état(s))

Type d’état de performances : ACPI Collaborative Processor Performance Control
Fréquence nominale (MHz) : 2592
Pourcentage de performances maximales : 192
Pourcentage de performances minimales : 42
Pourcentage d’accélération minimale : 3"
Information	08/10/2025 07:02:13	Microsoft-Windows-Kernel-Processor-Power	55	(47)	"Le processeur 8 du groupe 0 présente les caractéristiques de gestion de l’alimentation suivantes :

Type d’état d’inactivité : ACPI Idle (C) States (3 état(s))

Type d’état de performances : ACPI Collaborative Processor Performance Control
Fréquence nominale (MHz) : 2592
Pourcentage de performances maximales : 192
Pourcentage de performances minimales : 42
Pourcentage d’accélération minimale : 3"
Information	08/10/2025 07:02:13	Microsoft-Windows-Kernel-Processor-Power	55	(47)	"Le processeur 6 du groupe 0 présente les caractéristiques de gestion de l’alimentation suivantes :

Type d’état d’inactivité : ACPI Idle (C) States (3 état(s))

Type d’état de performances : ACPI Collaborative Processor Performance Control
Fréquence nominale (MHz) : 2592
Pourcentage de performances maximales : 192
Pourcentage de performances minimales : 42
Pourcentage d’accélération minimale : 3"
Information	08/10/2025 07:02:13	Microsoft-Windows-Kernel-Processor-Power	55	(47)	"Le processeur 4 du groupe 0 présente les caractéristiques de gestion de l’alimentation suivantes :

Type d’état d’inactivité : ACPI Idle (C) States (3 état(s))

Type d’état de performances : ACPI Collaborative Processor Performance Control
Fréquence nominale (MHz) : 2592
Pourcentage de performances maximales : 192
Pourcentage de performances minimales : 42
Pourcentage d’accélération minimale : 3"
Information	08/10/2025 07:02:13	Microsoft-Windows-Kernel-Processor-Power	55	(47)	"Le processeur 2 du groupe 0 présente les caractéristiques de gestion de l’alimentation suivantes :

Type d’état d’inactivité : ACPI Idle (C) States (3 état(s))

Type d’état de performances : ACPI Collaborative Processor Performance Control
Fréquence nominale (MHz) : 2592
Pourcentage de performances maximales : 192
Pourcentage de performances minimales : 46
Pourcentage d’accélération minimale : 3"
Information	08/10/2025 07:02:13	Microsoft-Windows-Kernel-Processor-Power	55	(47)	"Le processeur 0 du groupe 0 présente les caractéristiques de gestion de l’alimentation suivantes :

Type d’état d’inactivité : ACPI Idle (C) States (3 état(s))

Type d’état de performances : ACPI Collaborative Processor Performance Control
Fréquence nominale (MHz) : 2592
Pourcentage de performances maximales : 192
Pourcentage de performances minimales : 30
Pourcentage d’accélération minimale : 3"
Erreur	08/10/2025 07:02:13	VBoxNetLwf	12	Aucun	Le pilote a détecté une erreur de pilote interne sur \Device\VBoxNetLwf.
Information	08/10/2025 07:02:12	Microsoft-Windows-Kernel-General	16	Aucun	L’historique des accès de la ruche \Device\HarddiskVolume3\EFI\Microsoft\Boot\BCD a été effacé, mettant à jour 141 clés et créant 9 pages modifiées.
Information	08/10/2025 07:02:12	Microsoft-Windows-Kernel-General	24	(11)	Les informations de fuseau horaire ont été actualisées avec le motif de sortie 0. Le décalage de fuseau horaire actuel est de -120.
Information	08/10/2025 07:02:12	Microsoft-Windows-Kernel-General	15	(10)	La ruche \SystemRoot\System32\Config\SOFTWARE a été réorganisée avec une taille de départ de 128581632 octets et une taille de fin de 108756992 octets.
Information	08/10/2025 07:02:12	Microsoft-Windows-Kernel-General	16	Aucun	L’historique des accès de la ruche \Device\HarddiskVolume3\EFI\Microsoft\Boot\BCD a été effacé, mettant à jour 141 clés et créant 9 pages modifiées.
Information	08/10/2025 07:02:12	Microsoft-Windows-Kernel-General	16	Aucun	L’historique des accès de la ruche \Device\HarddiskVolume3\EFI\Microsoft\Boot\BCD a été effacé, mettant à jour 141 clés et créant 9 pages modifiées.
Information	08/10/2025 07:02:12	Microsoft-Windows-Ntfs	98	Aucun	Volume \\?\Volume{c8003e95-36b3-4dfd-8462-1e725ba1c118} (\Device\HarddiskVolume7) est sain. Aucune action n’est nécessaire.
Information	08/10/2025 07:02:12	Microsoft-Windows-Kernel-General	16	Aucun	L’historique des accès de la ruche \Device\HarddiskVolume3\EFI\Microsoft\Boot\BCD a été effacé, mettant à jour 141 clés et créant 9 pages modifiées.
Information	08/10/2025 07:02:12	Microsoft-Windows-Kernel-General	16	Aucun	L’historique des accès de la ruche \Device\HarddiskVolume3\EFI\Microsoft\Boot\BCD a été effacé, mettant à jour 141 clés et créant 9 pages modifiées.
Information	08/10/2025 07:02:12	Microsoft-Windows-Ntfs	98	Aucun	Volume E: (\Device\HarddiskVolume2) est sain. Aucune action n’est nécessaire.
Information	08/10/2025 07:02:12	Microsoft-Windows-Kernel-General	16	Aucun	L’historique des accès de la ruche \Device\HarddiskVolume3\EFI\Microsoft\Boot\BCD a été effacé, mettant à jour 141 clés et créant 9 pages modifiées.
Information	08/10/2025 07:02:12	Microsoft-Windows-Kernel-General	16	Aucun	L’historique des accès de la ruche \Device\HarddiskVolume3\EFI\Microsoft\Boot\BCD a été effacé, mettant à jour 141 clés et créant 9 pages modifiées.
Information	08/10/2025 07:02:12	Microsoft-Windows-Ntfs	98	Aucun	Volume \\?\Volume{af0ea105-8d30-46b0-918e-e762a5cf62fa} (\Device\HarddiskVolume6) est sain. Aucune action n’est nécessaire.
Information	08/10/2025 07:02:12	Microsoft-Windows-Kernel-General	16	Aucun	L’historique des accès de la ruche \Device\HarddiskVolume3\EFI\Microsoft\Boot\BCD a été effacé, mettant à jour 141 clés et créant 9 pages modifiées.
Information	08/10/2025 07:02:11	Microsoft-Windows-Ntfs	98	Aucun	Volume D: (\Device\HarddiskVolume1) est sain. Aucune action n’est nécessaire.
Information	08/10/2025 07:02:10	VMnetAdapter	36	Aucun	() Starting up the Adapter Driver for VMware Virtual Networks.
Information	08/10/2025 07:02:10	Microsoft-Windows-Kernel-General	16	Aucun	L’historique des accès de la ruche \SystemRoot\System32\Config\DEFAULT a été effacé, mettant à jour 943 clés et créant 140 pages modifiées.
Information	08/10/2025 07:02:10	Microsoft-Windows-Kernel-General	16	Aucun	L’historique des accès de la ruche \SystemRoot\System32\Config\SAM a été effacé, mettant à jour 61 clés et créant 7 pages modifiées.
Information	08/10/2025 07:02:10	Microsoft-Windows-Kernel-General	16	Aucun	L’historique des accès de la ruche \SystemRoot\System32\Config\SECURITY a été effacé, mettant à jour 100 clés et créant 3 pages modifiées.
Information	08/10/2025 07:02:10	Microsoft-Windows-Kernel-Power	172	(203)	L’état de connectivité est en attente : Disconnected, Motif : NIC compliance
Information	08/10/2025 07:02:10	Microsoft-Windows-Kernel-Power	578	(281)	Le système a détecté un redémarrage initié par le système à partir de Active. 
Information	08/10/2025 07:02:10	Microsoft-Windows-Kernel-Power	125	(86)	"La zone thermique ACPI \_TZ.TZ02 a été énumérée.             
_PSV = 0K             
_TC1 = 0             
_TC2 = 0             
_TSP = 0ms             
_AC0 = 0K             
_AC1 = 0K             
_AC2 = 0K             
_AC3 = 0K             
_AC4 = 0K             
_AC5 = 0K             
_AC6 = 0K             
_AC7 = 0K             
_AC8 = 0K             
_AC9 = 0K             
_CRT = 0K             
_HOT = 372K             
limitation minimale = 0             
_CR3 = 0K"
Information	08/10/2025 07:02:10	Microsoft-Windows-Kernel-Power	125	(86)	"La zone thermique ACPI \_TZ.TZ00 a été énumérée.             
_PSV = 0K             
_TC1 = 0             
_TC2 = 0             
_TSP = 0ms             
_AC0 = 344K             
_AC1 = 328K             
_AC2 = 323K             
_AC3 = 318K             
_AC4 = 313K             
_AC5 = 0K             
_AC6 = 0K             
_AC7 = 0K             
_AC8 = 0K             
_AC9 = 0K             
_CRT = 392K             
_HOT = 0K             
limitation minimale = 0             
_CR3 = 0K"
Information	08/10/2025 07:02:10	Microsoft-Windows-FilterManager	6	Aucun	Le filtre de système de fichiers « npsvctrig » (Version 10.0, ‎1978‎-‎05‎-‎14T11:13:30.000000000Z) s’est chargé et s’est inscrit correctement auprès du gestionnaire de filtres.
Information	08/10/2025 07:02:10	VfpExt	7036	Aucun	Le service  est entré dans l’état : Driver load complete.
Information	08/10/2025 07:02:10	VfpExt	7036	Aucun	Le service  est entré dans l’état : Driver load start.
Information	08/10/2025 07:02:10	Microsoft-Windows-FilterManager	6	Aucun	Le filtre de système de fichiers « UCPD » (Version 10.0, ‎2037‎-‎11‎-‎17T14:30:48.000000000Z) s’est chargé et s’est inscrit correctement auprès du gestionnaire de filtres.
Information	08/10/2025 07:02:10	Microsoft-Windows-FilterManager	6	Aucun	Le filtre de système de fichiers « FileCrypt » (Version 10.0, ‎2075‎-‎09‎-‎01T00:07:07.000000000Z) s’est chargé et s’est inscrit correctement auprès du gestionnaire de filtres.
Information	08/10/2025 07:02:09	Microsoft-Windows-Ntfs	98	Aucun	Volume C: (\Device\HarddiskVolume5) est sain. Aucune action n’est nécessaire.
Information	08/10/2025 07:02:09	hpdskflt	1001	Aucun	"La description de l’ID d’événement 1001 dans la source hpdskflt est introuvable. Le composant qui a déclenché cet événement n’est pas installé sur l’ordinateur local ou l’installation est endommagée. Vous pouvez installer ou réparer le composant sur l’ordinateur local.

Si l’événement provient d’un autre ordinateur, les informations d’affichage doivent être enregistrées avec l’événement.

Les informations suivantes étaient incluses avec l’événement : 


Le type de ressource spécifié ne peut être trouvé dans le fichier image
"
Information	08/10/2025 07:02:09	hpdskflt	1001	Aucun	"La description de l’ID d’événement 1001 dans la source hpdskflt est introuvable. Le composant qui a déclenché cet événement n’est pas installé sur l’ordinateur local ou l’installation est endommagée. Vous pouvez installer ou réparer le composant sur l’ordinateur local.

Si l’événement provient d’un autre ordinateur, les informations d’affichage doivent être enregistrées avec l’événement.

Les informations suivantes étaient incluses avec l’événement : 


Le type de ressource spécifié ne peut être trouvé dans le fichier image
"
Information	08/10/2025 07:02:09	Microsoft-Windows-FilterManager	6	Aucun	Le filtre de système de fichiers « WdFilter » (Version 10.0, ‎2028‎-‎06‎-‎06T11:57:32.000000000Z) s’est chargé et s’est inscrit correctement auprès du gestionnaire de filtres.
Information	08/10/2025 07:02:09	Microsoft-Windows-FilterManager	6	Aucun	Le filtre de système de fichiers « Wof » (Version 10.0, ‎2089‎-‎07‎-‎15T04:58:05.000000000Z) s’est chargé et s’est inscrit correctement auprès du gestionnaire de filtres.
Information	08/10/2025 07:02:09	Microsoft-Windows-FilterManager	6	Aucun	Le filtre de système de fichiers « FileInfo » (Version 10.0, ‎2093‎-‎04‎-‎02T03:29:43.000000000Z) s’est chargé et s’est inscrit correctement auprès du gestionnaire de filtres.
Information	08/10/2025 07:02:06	Microsoft-Windows-HAL	16	Aucun	Le rapport d’erreurs IOMMU a été initialisé.
Information	08/10/2025 07:02:06	Microsoft-Windows-Kernel-General	20	(6)	"La configuration d'une seconde intercalaire a été mise à jour. 
Raison : Leap second data initialized from registry during boot
Secondes intercalaires activées : true
Nouveau nombre de secondes intercalaires : 0
Ancien nombre de secondes intercalaires : 0"
Information	08/10/2025 07:02:06	Microsoft-Windows-Kernel-Boot	30	(21)	Le microprogramme a signalé des mesures de démarrage.
Information	08/10/2025 07:02:06	Microsoft-Windows-IsolatedUserMode	3	Aucun	Secure Kernel started with status STATUS_SUCCESS and flags HvciEnabled,HvciStrictMode.
Avertissement	08/10/2025 07:02:06	Microsoft-Windows-Hyper-V-Hypervisor	167	Aucun	L’hyperviseur n’a pas activé les atténuations des vulnérabilités de canal latéral pour les machines virtuelles, car HyperThreading est activé. Pour activer les atténuations pour les machines virtuelles, désactivez HyperThreading.
Information	08/10/2025 07:02:06	Microsoft-Windows-Hyper-V-Hypervisor	165	Aucun	"L’hyperviseur a configuré des atténuations pour CVE-2019-11091, CVE-2018-12126, CVE-2018-12127, CVE-2018-12130 pour les ordinateurs virtuels.

Processeur non affecté : true
Famille de processeurs non affectée : false
Processeur prend en charge le vidage de mémoire tampon microarchitique : true
Vidage de mémoire tampon nécessaire : true
"
Information	08/10/2025 07:02:06	Microsoft-Windows-Hyper-V-Hypervisor	156	Aucun	"L’hyperviseur a configuré des atténuations pour CVE-2018-3646 pour les machines virtuelles.

Processeur non affecté : true
Famille de processeurs non affectée : false
Le processeur prend en charge le vidage du cache : true
HyperThreading activé : true
'hyperviseur parent applique des atténuations : false
Atténuations désactivées par bcdedit: false
Atténuations activées : true
Vidage du cache nécessaire : false
"
Information	08/10/2025 07:02:06	Microsoft-Windows-Hyper-V-Hypervisor	129	Aucun	"L'hyperviseur a initialisé le remappage E/S.

Matériel présent : true
Matériel activé : true
Politique : 0x0
Fonctions activées : 0x43
Informations internes : 0x0
Problèmes : 0x0
Informations supplémentaires : 0x0 "
Information	08/10/2025 07:02:06	Microsoft-Windows-Hyper-V-Hypervisor	2	Aucun	Le type du planificateur de l’hyperviseur est 0x4.
Information	08/10/2025 07:02:06	Microsoft-Windows-Hyper-V-Hypervisor	1	Aucun	Hyperviseur démarré.
Information	08/10/2025 07:02:06	Microsoft-Windows-Kernel-Boot	27	(33)	Le type de démarrage était 0x0.
Information	08/10/2025 07:02:06	Microsoft-Windows-Kernel-Boot	25	(32)	La stratégie de menu de démarrage était 0x1.
Information	08/10/2025 07:02:06	Microsoft-Windows-Kernel-Boot	238	(101)	Décalage du fuseau horaire EFI : 2047. Indicateurs d’heure d’été : 0. Durée du microprogramme : ‎2025‎-‎10‎-‎08T07:02:04.000000000Z. 
Information	08/10/2025 07:02:06	Microsoft-Windows-Kernel-Boot	247	(99)	Impossible de charger Pluton-Windows microprogramme. StatusCode : STATUS_SUCCESS, Raison :  Failed to apply firmware.
Information	08/10/2025 07:02:06	Microsoft-Windows-Kernel-Boot	20	(31)	L’état de réussite du dernier arrêt était true. L’état de réussite du dernier démarrage était true.
Information	08/10/2025 07:02:06	Microsoft-Windows-Kernel-Boot	32	(58)	Le gestionnaire de démarrage a attendu 0 ms l’entrée utilisateur.
Information	08/10/2025 07:02:06	Microsoft-Windows-Kernel-Boot	18	(57)	Ce système dispose de 0x1 options de démarrage.
Information	08/10/2025 07:02:06	Microsoft-Windows-Kernel-Boot	153	(62)	La sécurité basée sur la virtualisation (stratégies : VBS Enabled,VSM Required,Hvci,Boot Chain Signer Soft Enforced) est enabled due to VBS registry configuration.
Information	08/10/2025 07:02:06	Microsoft-Windows-Kernel-General	25	(12)	"L’heure système a été initialisée sur ‎2025‎-‎10‎-‎08T05:02:05.500000000Z. 

Heure du chargeur : ‎2025‎-‎10‎-‎08T05:02:04.000000000Z
Indicateurs de démarrage internes : 0x2
Code d’erreur HAL RTC :  0x0
'heure RTC est au format UTC : false
Démarrage à chaud : false
Réussite : true
Phase : 0"
Information	08/10/2025 07:02:06	Microsoft-Windows-Kernel-General	12	(1)	Le système d'exploitation a démarré à l'heure système ‎2025‎-‎10‎-‎08T05:02:05.500000000Z.
Information	08/10/2025 06:44:28	Microsoft-Windows-Kernel-General	13	(2)	Le système d’exploitation s’est arrêté à l’heure système ‎2025‎-‎10‎-‎08T04:44:28.932763500Z.
Information	08/10/2025 06:44:28	Microsoft-Windows-Kernel-Power	577	(280)	Le système s’est préparé pour qu’un redémarrage du système soit lancé à partir Active.
Information	08/10/2025 06:44:28	nhi	9008	Aucun	"Driver exit RTD3.
 All the connected devices will now cause DeviceConnected events."
Information	08/10/2025 06:44:27	Microsoft-Windows-Kernel-Power	109	(103)	"Le gestionnaire d’alimentation du noyau a lancé une transition d’arrêt.

Action : Power Action Reboot 
Code d’événement : 0x0 
Raison : Kernel API"
Information	08/10/2025 06:44:24	Microsoft-Windows-WLAN-AutoConfig	4001	Aucun	"Le Service d’autoconfiguration WLAN s’est arrêté correctement.
"
Avertissement	08/10/2025 06:44:24	Microsoft-Windows-WLAN-AutoConfig	10002	Aucun	"Le module d’extensibilité WLAN s’est arrêté.

Chemin d’accès du module : C:\WINDOWS\system32\IntelIHVRouter10.dll
"
Information	08/10/2025 06:44:23	Microsoft-Windows-HttpService	117	HTTP Configuration Property Trace Task	Supprimez le 0xFE00000020000001 du groupe d’URL. État 0x0. ID de processus 0x17E8 chemin d’accès de l’exécutable \Device\HarddiskVolume5\Windows\System32\svchost.exe, SERVICE LOCAL  utilisateur
Information	08/10/2025 06:44:23	Microsoft-Windows-HttpService	114	HTTP Configuration Property Trace Task	URL (http://*:5357/191a253b-edc2-4532-a37a-1f3c80c58d8b/) supprimée du groupe d’URL (0xFE00000020000001). ID de processus 0x17E8 chemin d’accès de l’exécutable \Device\HarddiskVolume5\Windows\System32\svchost.exe, SERVICE LOCAL  utilisateur
Information	08/10/2025 07:02:21	EventLog	6013	Aucun	La durée active du système est de 15 secondes.
Information	08/10/2025 07:02:21	EventLog	6005	Aucun	Le service d’Enregistrement d’événement a démarré.
Information	08/10/2025 07:02:21	EventLog	6009	Aucun	Microsoft (R) Windows (R) 10.00. 26200  Multiprocessor Free.
Information	08/10/2025 06:44:22	Microsoft-Windows-Dhcp-Client	50037	Événement d’état de service	Le service client DHCPv4 est arrêté. La valeur de l’indicateur d’arrêt est 1
Information	08/10/2025 06:44:22	Microsoft-Windows-Dhcp-Client	50106	Événement d’état de service	DHCPv4 attend l’arrêt du service DHCPv6
Information	08/10/2025 06:44:22	Microsoft-Windows-DHCPv6-Client	51057	Service State Event	L’arrêt du service du client DHCPv6 est presque effectué. Nombre de références de contexte DHCP : 1
Information	08/10/2025 06:44:22	Microsoft-Windows-DHCPv6-Client	51057	Service State Event	L’arrêt du service du client DHCPv6 est presque effectué. Nombre de références de contexte DHCP : 1
Information	08/10/2025 06:44:22	Microsoft-Windows-DHCPv6-Client	51057	Service State Event	L’arrêt du service du client DHCPv6 est presque effectué. Nombre de références de contexte DHCP : 1
Information	08/10/2025 06:44:22	Microsoft-Windows-DHCPv6-Client	51057	Service State Event	L’arrêt du service du client DHCPv6 est presque effectué. Nombre de références de contexte DHCP : 1
Information	08/10/2025 06:44:22	Microsoft-Windows-DHCPv6-Client	51047	Service State Event	Le service client DHCPv6 est arrêté. La valeur de l’indicateur d’arrêt est 1
Information	08/10/2025 06:44:22	Microsoft-Windows-Dhcp-Client	50105	Événement d’état de service	Client DHCPv4 ProcessDHCPRequestForever reçu TERMINATE_EVENT
Information	08/10/2025 06:44:22	Microsoft-Windows-Dhcp-Client	50104	Événement d’état de service	Le client DHCPv4 a reçu une notification d’arrêt
Information	08/10/2025 06:44:22	Microsoft-Windows-Kernel-General	1	(5)	"L’heure système est passée de ‎2025‎-‎10‎-‎08T04:44:22.617942400Z.
heure ‎2025‎-‎10‎-‎08T04:44:22.618571200Z 0 ms

Raison du changement : An application or system component changed the time.
Processus : '\Device\HarddiskVolume5\Windows\System32\svchost.exe' (pid 6064).

heure RTC : ‎2025‎-‎10‎-‎08T06:44:22.618571200Z
Décalage horaire actuel : -120
'heure RTC est au format UTC: false
L’heure système était basée sur l’heure RTC : false"
Information	08/10/2025 06:44:22	Microsoft-Windows-Kernel-General	24	(11)	Les informations de fuseau horaire ont été actualisées avec le motif de sortie 0. Le décalage de fuseau horaire actuel est de -120.
Information	08/10/2025 06:44:22	Microsoft-Windows-IsolatedUserMode	2	Aucun	Secure Trustlet Id 6 and Pid 10492 stopped with status STATUS_SUCCESS.
Information	08/10/2025 06:44:22	EventLog	6006	Aucun	Le service d’Enregistrement d’événement a été arrêté.
Information	08/10/2025 06:44:17	Microsoft-Windows-Winlogon	7002	(1102)	Notification de fermeture de session utilisateur pour le Programme d’amélioration de l’expérience utilisateur
Information	08/10/2025 06:44:15	Microsoft-Windows-IsolatedUserMode	2	Aucun	Secure Trustlet Id 0 and Pid 0 stopped with status STATUS_SUCCESS.
Information	08/10/2025 06:44:11	User32	1074	Aucun	"Le processus C:\WINDOWS\uus\AMD64\MoUsoCoreWorker.exe (DESKTOP-5P6VHHK) a lancé le Redémarrer de l’ordinateur DESKTOP-5P6VHHK pour l’utilisateur AUTORITE NT\Système pour la raison suivante : Système d’exploitation : Service pack (Planifié)
  Code : 0x80020010
  Type d’extinction : Redémarrer
 Commentaire : "
Information	08/10/2025 06:22:41	Microsoft-Windows-Ntfs	98	Aucun	Volume ?? (\Device\HarddiskVolumeShadowCopy9) est sain. Aucune action n’est nécessaire.
Information	08/10/2025 06:22:31	Service Control Manager	7040	Aucun	Le type de démarrage du service Programme d’installation pour les modules Windows est passé de Démarrage à la demande à Démarrage automatique.
Information	08/10/2025 06:22:30	Service Control Manager	7040	Aucun	Le type de démarrage du service Programme d’installation pour les modules Windows est passé de Démarrage automatique à Démarrage à la demande.
Information	08/10/2025 06:22:28	Microsoft-Windows-Ntfs	98	Aucun	Volume ?? (\Device\HarddiskVolumeShadowCopy8) est sain. Aucune action n’est nécessaire.
Information	08/10/2025 06:22:16	Service Control Manager	7040	Aucun	Le type de démarrage du service Programme d’installation pour les modules Windows est passé de Démarrage à la demande à Démarrage automatique.
Information	08/10/2025 06:22:14	Microsoft-Windows-WindowsUpdateClient	43	Agent de mise à jour automatique Windows Update	Installation démarrée : Windows a commencé l'installation de la mise à jour suivante : Windows 11, version 25H2
Information	08/10/2025 06:21:51	Microsoft-Windows-Kernel-General	15	(10)	La ruche \??\C:\WINDOWS\System32\config\COMPONENTS a été réorganisée avec une taille de départ de 96169984 octets et une taille de fin de 70721536 octets.
Information	08/10/2025 06:21:18	Microsoft-Windows-WindowsUpdateClient	19	Agent de mise à jour automatique Windows Update	Installation réussie : Windows a installé la mise à jour suivante : Mise à jour de la sélection disjointe pour Microsoft Defender Antivirus – 2267602 Ko (version 1.437.393.0) – Canal actuel (large)
Information	08/10/2025 06:21:07	Microsoft-Windows-WindowsUpdateClient	44	Agent de mise à jour automatique Windows Update	Windows Update a démarré le téléchargement d'une mise à jour.
Information	08/10/2025 06:20:58	Microsoft-Windows-WindowsUpdateClient	43	Agent de mise à jour automatique Windows Update	Installation démarrée : Windows a commencé l'installation de la mise à jour suivante : Mise à jour de la sélection disjointe pour Microsoft Defender Antivirus – 2267602 Ko (version 1.437.393.0) – Canal actuel (large)
Information	08/10/2025 06:20:56	Microsoft-Windows-WindowsUpdateClient	44	Agent de mise à jour automatique Windows Update	Windows Update a démarré le téléchargement d'une mise à jour.
Information	08/10/2025 06:19:19	Microsoft-Windows-HttpService	114	HTTP Configuration Property Trace Task	URL (http://*:2869/upnp/eventing/) supprimée du groupe d’URL (0xFE00000520000012). ID de processus 0x20F4 chemin d’accès de l’exécutable \Device\HarddiskVolume5\Windows\System32\svchost.exe, SERVICE LOCAL  utilisateur
Information	08/10/2025 06:19:19	Microsoft-Windows-HttpService	113	HTTP Configuration Property Trace Task	Tentative d’ajout de l’URL (http://*:2869/upnp/eventing/) au groupe d’URL (0xFE00000520000012). État : 0x0. ID de processus 0x20F4 \Device\HarddiskVolume5\Windows\System32\svchost.exe de chemin d’accès de l’exécutable, SERVICE LOCAL  utilisateur
Information	08/10/2025 02:23:53	Microsoft-Windows-IsolatedUserMode	5	Aucun	Secure Trustlet NULL Id 0 and Pid 0 started with status STATUS_SUCCESS.
Information	08/10/2025 02:23:52	Microsoft-Windows-IsolatedUserMode	2	Aucun	Secure Trustlet Id 0 and Pid 0 stopped with status STATUS_SUCCESS.
Information	08/10/2025 01:19:19	Microsoft-Windows-HttpService	114	HTTP Configuration Property Trace Task	URL (http://*:2869/upnp/eventing/) supprimée du groupe d’URL (0xFE00000620000013). ID de processus 0x20F4 chemin d’accès de l’exécutable \Device\HarddiskVolume5\Windows\System32\svchost.exe, SERVICE LOCAL  utilisateur
Information	08/10/2025 01:19:19	Microsoft-Windows-HttpService	113	HTTP Configuration Property Trace Task	Tentative d’ajout de l’URL (http://*:2869/upnp/eventing/) au groupe d’URL (0xFE00000620000013). État : 0x0. ID de processus 0x20F4 \Device\HarddiskVolume5\Windows\System32\svchost.exe de chemin d’accès de l’exécutable, SERVICE LOCAL  utilisateur
Avertissement	08/10/2025 01:01:58	Tcpip	4231	Aucun	Une demande d’allocation d’un numéro de port éphémère de l’espace de port TCP global a échoué car tous les ports de ce type sont utilisés.
Information	07/10/2025 22:47:09	Microsoft-Windows-Kernel-General	15	(10)	La ruche \??\Volume{b582b3c3-6e25-4549-9c3d-bfcc021e2b82}\System Volume Information\SPP\SppCbsHiveStore\{cd42efe1-f6f1-427c-b004-033192c625a4}{5647E44E-7CA7-4138-9E65-B171B67CA16D} a été réorganisée avec une taille de départ de 128581632 octets et une taille de fin de 108724224 octets.
Information	07/10/2025 22:47:07	Microsoft-Windows-Kernel-General	16	Aucun	L’historique des accès de la ruche \??\Volume{b582b3c3-6e25-4549-9c3d-bfcc021e2b82}\System Volume Information\SPP\SppCbsHiveStore\{cd42efe1-f6f1-427c-b004-033192c625a4}{4D4BCE19-15B8-4129-94D7-3F44F59C7E82} a été effacé, mettant à jour 939 clés et créant 138 pages modifiées.
Information	07/10/2025 22:47:06	Microsoft-Windows-Kernel-General	16	Aucun	L’historique des accès de la ruche \??\Volume{b582b3c3-6e25-4549-9c3d-bfcc021e2b82}\System Volume Information\SPP\SppCbsHiveStore\{cd42efe1-f6f1-427c-b004-033192c625a4}{6873FF36-41D9-4585-812F-7CF4D0D7A775} a été effacé, mettant à jour 94 clés et créant 3 pages modifiées.
Information	07/10/2025 22:47:06	Microsoft-Windows-Kernel-General	16	Aucun	L’historique des accès de la ruche \??\Volume{b582b3c3-6e25-4549-9c3d-bfcc021e2b82}\System Volume Information\SPP\SppCbsHiveStore\{cd42efe1-f6f1-427c-b004-033192c625a4}{93ACA438-FEDC-438B-96B4-1D5F0462E658} a été effacé, mettant à jour 61 clés et créant 7 pages modifiées.
Information	07/10/2025 22:47:06	Microsoft-Windows-Kernel-General	15	(10)	La ruche \??\Volume{b582b3c3-6e25-4549-9c3d-bfcc021e2b82}\System Volume Information\SPP\SppCbsHiveStore\{cd42efe1-f6f1-427c-b004-033192c625a4}{70733F2B-F6C2-4E06-8A1F-A8965591A119} a été réorganisée avec une taille de départ de 49844224 octets et une taille de fin de 48340992 octets.
Information	07/10/2025 22:46:58	Microsoft-Windows-Kernel-General	11	Aucun	Phase d’initialisation de TxR pour la ruche \??\GLOBALROOT\Device\HarddiskVolumeShadowCopy7\WINDOWS\System32\config\SOFTWARE (TM : {f2c09967-a3ac-11f0-a736-005056c00008}, RM : {f2c09966-a3ac-11f0-a736-005056c00008}) terminée avec le résultat=0xC00000A2 (Code interne=7).
Information	07/10/2025 22:46:58	Microsoft-Windows-Kernel-General	15	(10)	La ruche \??\GLOBALROOT\Device\HarddiskVolumeShadowCopy7\WINDOWS\System32\config\SOFTWARE a été réorganisée avec une taille de départ de 128581632 octets et une taille de fin de 108724224 octets.
Information	07/10/2025 22:46:55	Microsoft-Windows-Kernel-General	11	Aucun	Phase d’initialisation de TxR pour la ruche \??\GLOBALROOT\Device\HarddiskVolumeShadowCopy7\WINDOWS\System32\config\DRIVERS (TM : {f2c09964-a3ac-11f0-a736-005056c00008}, RM : {f2c09963-a3ac-11f0-a736-005056c00008}) terminée avec le résultat=0xC00000A2 (Code interne=7).
Information	07/10/2025 22:46:55	Microsoft-Windows-Kernel-General	11	Aucun	Phase d’initialisation de TxR pour la ruche \??\GLOBALROOT\Device\HarddiskVolumeShadowCopy7\WINDOWS\System32\config\SYSTEM (TM : {f2c09961-a3ac-11f0-a736-005056c00008}, RM : {f2c09960-a3ac-11f0-a736-005056c00008}) terminée avec le résultat=0xC00000A2 (Code interne=7).
Information	07/10/2025 22:46:55	Microsoft-Windows-Kernel-General	15	(10)	La ruche \??\GLOBALROOT\Device\HarddiskVolumeShadowCopy7\WINDOWS\System32\config\SYSTEM a été réorganisée avec une taille de départ de 49844224 octets et une taille de fin de 48340992 octets.
Avertissement	07/10/2025 20:42:58	Microsoft-Windows-DistributedCOM	10016	Aucun	"Les paramètres d’autorisation propres à l’application n’accordent pas l’autorisation Local Activation pour l’application serveur COM avec le CLSID 
{B52D54BB-4818-4EB9-AA80-F9EACD371DF8}
 et l’APPID 
{9E175B9C-F52A-11D8-B9A5-505054503030}
 au SID DESKTOP-5P6VHHK\Perceval de l’utilisateur (S-1-5-21-279605357-448217104-2738636231-1001) depuis l’adresse LocalHost (avec LRPC) s’exécutant dans le SID Non disponible du conteneur d’applications (Non disponible). Cette autorisation de sécurité peut être modifiée à l’aide de l’outil d’administration Services de composants."
Avertissement	07/10/2025 20:34:47	Microsoft-Windows-DistributedCOM	10016	Aucun	"Les paramètres d’autorisation propres à l’application n’accordent pas l’autorisation Local Activation pour l’application serveur COM avec le CLSID 
{B52D54BB-4818-4EB9-AA80-F9EACD371DF8}
 et l’APPID 
{9E175B9C-F52A-11D8-B9A5-505054503030}
 au SID DESKTOP-5P6VHHK\Perceval de l’utilisateur (S-1-5-21-279605357-448217104-2738636231-1001) depuis l’adresse LocalHost (avec LRPC) s’exécutant dans le SID Non disponible du conteneur d’applications (Non disponible). Cette autorisation de sécurité peut être modifiée à l’aide de l’outil d’administration Services de composants."
Avertissement	07/10/2025 20:33:53	Microsoft-Windows-DistributedCOM	10016	Aucun	"Les paramètres d’autorisation propres à l’application n’accordent pas l’autorisation Local Activation pour l’application serveur COM avec le CLSID 
{B52D54BB-4818-4EB9-AA80-F9EACD371DF8}
 et l’APPID 
{9E175B9C-F52A-11D8-B9A5-505054503030}
 au SID DESKTOP-5P6VHHK\Perceval de l’utilisateur (S-1-5-21-279605357-448217104-2738636231-1001) depuis l’adresse LocalHost (avec LRPC) s’exécutant dans le SID Non disponible du conteneur d’applications (Non disponible). Cette autorisation de sécurité peut être modifiée à l’aide de l’outil d’administration Services de composants."
Information	07/10/2025 20:23:52	Microsoft-Windows-IsolatedUserMode	5	Aucun	Secure Trustlet NULL Id 0 and Pid 0 started with status STATUS_SUCCESS.
Information	07/10/2025 20:23:52	Microsoft-Windows-IsolatedUserMode	2	Aucun	Secure Trustlet Id 0 and Pid 0 stopped with status STATUS_SUCCESS.
Information	07/10/2025 20:19:35	Microsoft-Windows-HttpService	114	HTTP Configuration Property Trace Task	URL (http://*:2869/upnp/eventing/) supprimée du groupe d’URL (0xFE00000B2000000B). ID de processus 0x20F4 chemin d’accès de l’exécutable \Device\HarddiskVolume5\Windows\System32\svchost.exe, SERVICE LOCAL  utilisateur
Information	07/10/2025 20:19:35	Microsoft-Windows-HttpService	113	HTTP Configuration Property Trace Task	Tentative d’ajout de l’URL (http://*:2869/upnp/eventing/) au groupe d’URL (0xFE00000B2000000B). État : 0x0. ID de processus 0x20F4 \Device\HarddiskVolume5\Windows\System32\svchost.exe de chemin d’accès de l’exécutable, SERVICE LOCAL  utilisateur
Information	07/10/2025 20:19:19	Microsoft-Windows-HttpService	114	HTTP Configuration Property Trace Task	URL (http://*:2869/upnp/eventing/) supprimée du groupe d’URL (0xFE00000B2000000A). ID de processus 0x20F4 chemin d’accès de l’exécutable \Device\HarddiskVolume5\Windows\System32\svchost.exe, SERVICE LOCAL  utilisateur
Information	07/10/2025 20:19:19	Microsoft-Windows-HttpService	113	HTTP Configuration Property Trace Task	Tentative d’ajout de l’URL (http://*:2869/upnp/eventing/) au groupe d’URL (0xFE00000B2000000A). État : 0x0. ID de processus 0x20F4 \Device\HarddiskVolume5\Windows\System32\svchost.exe de chemin d’accès de l’exécutable, SERVICE LOCAL  utilisateur
Avertissement	07/10/2025 20:07:24	Microsoft-Windows-DistributedCOM	10016	Aucun	"Les paramètres d’autorisation propres à l’application n’accordent pas l’autorisation Local Activation pour l’application serveur COM avec le CLSID 
{B52D54BB-4818-4EB9-AA80-F9EACD371DF8}
 et l’APPID 
{9E175B9C-F52A-11D8-B9A5-505054503030}
 au SID DESKTOP-5P6VHHK\Perceval de l’utilisateur (S-1-5-21-279605357-448217104-2738636231-1001) depuis l’adresse LocalHost (avec LRPC) s’exécutant dans le SID Non disponible du conteneur d’applications (Non disponible). Cette autorisation de sécurité peut être modifiée à l’aide de l’outil d’administration Services de composants."
Avertissement	07/10/2025 19:55:04	Microsoft-Windows-DistributedCOM	10016	Aucun	"Les paramètres d’autorisation propres à l’application n’accordent pas l’autorisation Local Activation pour l’application serveur COM avec le CLSID 
{B52D54BB-4818-4EB9-AA80-F9EACD371DF8}
 et l’APPID 
{9E175B9C-F52A-11D8-B9A5-505054503030}
 au SID DESKTOP-5P6VHHK\Perceval de l’utilisateur (S-1-5-21-279605357-448217104-2738636231-1001) depuis l’adresse LocalHost (avec LRPC) s’exécutant dans le SID Non disponible du conteneur d’applications (Non disponible). Cette autorisation de sécurité peut être modifiée à l’aide de l’outil d’administration Services de composants."
Avertissement	07/10/2025 19:51:50	Microsoft-Windows-DistributedCOM	10016	Aucun	"Les paramètres d’autorisation propres à l’application n’accordent pas l’autorisation Local Activation pour l’application serveur COM avec le CLSID 
{B52D54BB-4818-4EB9-AA80-F9EACD371DF8}
 et l’APPID 
{9E175B9C-F52A-11D8-B9A5-505054503030}
 au SID DESKTOP-5P6VHHK\Perceval de l’utilisateur (S-1-5-21-279605357-448217104-2738636231-1001) depuis l’adresse LocalHost (avec LRPC) s’exécutant dans le SID Non disponible du conteneur d’applications (Non disponible). Cette autorisation de sécurité peut être modifiée à l’aide de l’outil d’administration Services de composants."
Avertissement	07/10/2025 18:42:17	Microsoft-Windows-DistributedCOM	10016	Aucun	"Les paramètres d’autorisation propres à l’application n’accordent pas l’autorisation Local Activation pour l’application serveur COM avec le CLSID 
{B52D54BB-4818-4EB9-AA80-F9EACD371DF8}
 et l’APPID 
{9E175B9C-F52A-11D8-B9A5-505054503030}
 au SID DESKTOP-5P6VHHK\Perceval de l’utilisateur (S-1-5-21-279605357-448217104-2738636231-1001) depuis l’adresse LocalHost (avec LRPC) s’exécutant dans le SID Non disponible du conteneur d’applications (Non disponible). Cette autorisation de sécurité peut être modifiée à l’aide de l’outil d’administration Services de composants."
Information	07/10/2025 18:27:40	Netwtw10	7021	Aucun	7021 - Connection telemetry fields and analysis usage
Information	07/10/2025 18:27:38	Netwtw10	7021	Aucun	7021 - Connection telemetry fields and analysis usage
Information	07/10/2025 18:27:34	Netwtw10	7021	Aucun	7021 - Connection telemetry fields and analysis usage
Information	07/10/2025 18:27:30	Netwtw10	7021	Aucun	7021 - Connection telemetry fields and analysis usage
Information	07/10/2025 18:27:28	Netwtw10	7021	Aucun	7021 - Connection telemetry fields and analysis usage
Information	07/10/2025 18:27:23	Netwtw10	7021	Aucun	7021 - Connection telemetry fields and analysis usage
Information	07/10/2025 18:27:17	Netwtw10	7021	Aucun	7021 - Connection telemetry fields and analysis usage
Information	07/10/2025 18:27:14	Netwtw10	7021	Aucun	7021 - Connection telemetry fields and analysis usage
Information	07/10/2025 18:27:08	Netwtw10	7021	Aucun	7021 - Connection telemetry fields and analysis usage
Information	07/10/2025 18:27:06	Netwtw10	7021	Aucun	7021 - Connection telemetry fields and analysis usage
Information	07/10/2025 18:26:56	Netwtw10	7021	Aucun	7021 - Connection telemetry fields and analysis usage
Information	07/10/2025 18:26:54	Netwtw10	7021	Aucun	7021 - Connection telemetry fields and analysis usage
Information	07/10/2025 18:09:48	Microsoft-Windows-WindowsUpdateClient	19	Agent de mise à jour automatique Windows Update	Installation réussie : Windows a installé la mise à jour suivante : Mise à jour de la sélection disjointe pour Microsoft Defender Antivirus – 2267602 Ko (version 1.437.389.0) – Canal actuel (large)
Information	07/10/2025 18:09:34	Microsoft-Windows-WindowsUpdateClient	43	Agent de mise à jour automatique Windows Update	Installation démarrée : Windows a commencé l'installation de la mise à jour suivante : Mise à jour de la sélection disjointe pour Microsoft Defender Antivirus – 2267602 Ko (version 1.437.389.0) – Canal actuel (large)
Information	07/10/2025 18:09:34	Microsoft-Windows-WindowsUpdateClient	44	Agent de mise à jour automatique Windows Update	Windows Update a démarré le téléchargement d'une mise à jour.
Information	07/10/2025 16:11:49	Microsoft-Windows-HttpService	114	HTTP Configuration Property Trace Task	URL (http://*:2869/upnp/eventing/) supprimée du groupe d’URL (0xFE00000220000018). ID de processus 0x20F4 chemin d’accès de l’exécutable \Device\HarddiskVolume5\Windows\System32\svchost.exe, SERVICE LOCAL  utilisateur
Information	07/10/2025 16:11:49	Microsoft-Windows-HttpService	113	HTTP Configuration Property Trace Task	Tentative d’ajout de l’URL (http://*:2869/upnp/eventing/) au groupe d’URL (0xFE00000220000018). État : 0x0. ID de processus 0x20F4 \Device\HarddiskVolume5\Windows\System32\svchost.exe de chemin d’accès de l’exécutable, SERVICE LOCAL  utilisateur
Information	07/10/2025 12:32:06	Microsoft-Windows-HttpService	114	HTTP Configuration Property Trace Task	URL (http://*:2869/upnp/eventing/) supprimée du groupe d’URL (0xFF00000420000014). ID de processus 0x20F4 chemin d’accès de l’exécutable \Device\HarddiskVolume5\Windows\System32\svchost.exe, SERVICE LOCAL  utilisateur
Information	07/10/2025 12:26:27	Microsoft-Windows-HttpService	113	HTTP Configuration Property Trace Task	Tentative d’ajout de l’URL (http://*:2869/upnp/eventing/) au groupe d’URL (0xFF00000420000014). État : 0x0. ID de processus 0x20F4 \Device\HarddiskVolume5\Windows\System32\svchost.exe de chemin d’accès de l’exécutable, SERVICE LOCAL  utilisateur
Information	07/10/2025 12:26:27	Microsoft-Windows-HttpService	114	HTTP Configuration Property Trace Task	URL (http://*:2869/upnp/eventing/) supprimée du groupe d’URL (0xFF00000820000027). ID de processus 0x20F4 chemin d’accès de l’exécutable \Device\HarddiskVolume5\Windows\System32\svchost.exe, SERVICE LOCAL  utilisateur
Information	07/10/2025 12:26:27	Microsoft-Windows-HttpService	113	HTTP Configuration Property Trace Task	Tentative d’ajout de l’URL (http://*:2869/upnp/eventing/) au groupe d’URL (0xFF00000820000027). État : 0x0. ID de processus 0x20F4 \Device\HarddiskVolume5\Windows\System32\svchost.exe de chemin d’accès de l’exécutable, SERVICE LOCAL  utilisateur
Information	07/10/2025 12:20:30	Microsoft-Windows-HttpService	114	HTTP Configuration Property Trace Task	URL (http://*:2869/upnp/eventing/) supprimée du groupe d’URL (0xFF00000820000026). ID de processus 0x20F4 chemin d’accès de l’exécutable \Device\HarddiskVolume5\Windows\System32\svchost.exe, SERVICE LOCAL  utilisateur
Information	07/10/2025 12:20:30	Microsoft-Windows-HttpService	113	HTTP Configuration Property Trace Task	Tentative d’ajout de l’URL (http://*:2869/upnp/eventing/) au groupe d’URL (0xFF00000820000026). État : 0x0. ID de processus 0x20F4 \Device\HarddiskVolume5\Windows\System32\svchost.exe de chemin d’accès de l’exécutable, SERVICE LOCAL  utilisateur
Information	07/10/2025 12:19:45	Microsoft-Windows-HttpService	114	HTTP Configuration Property Trace Task	URL (http://*:2869/upnp/eventing/) supprimée du groupe d’URL (0xFE00000620000012). ID de processus 0x20F4 chemin d’accès de l’exécutable \Device\HarddiskVolume5\Windows\System32\svchost.exe, SERVICE LOCAL  utilisateur
Information	07/10/2025 12:19:45	Microsoft-Windows-HttpService	113	HTTP Configuration Property Trace Task	Tentative d’ajout de l’URL (http://*:2869/upnp/eventing/) au groupe d’URL (0xFE00000620000012). État : 0x0. ID de processus 0x20F4 \Device\HarddiskVolume5\Windows\System32\svchost.exe de chemin d’accès de l’exécutable, SERVICE LOCAL  utilisateur
Information	07/10/2025 12:19:04	Microsoft-Windows-HttpService	114	HTTP Configuration Property Trace Task	URL (http://*:2869/upnp/eventing/) supprimée du groupe d’URL (0xFF00000820000025). ID de processus 0x20F4 chemin d’accès de l’exécutable \Device\HarddiskVolume5\Windows\System32\svchost.exe, SERVICE LOCAL  utilisateur
Information	07/10/2025 12:19:04	Microsoft-Windows-HttpService	113	HTTP Configuration Property Trace Task	Tentative d’ajout de l’URL (http://*:2869/upnp/eventing/) au groupe d’URL (0xFF00000820000025). État : 0x0. ID de processus 0x20F4 \Device\HarddiskVolume5\Windows\System32\svchost.exe de chemin d’accès de l’exécutable, SERVICE LOCAL  utilisateur
Information	07/10/2025 12:18:27	Microsoft-Windows-HttpService	114	HTTP Configuration Property Trace Task	URL (http://*:2869/upnp/eventing/) supprimée du groupe d’URL (0xFE00000A2000001A). ID de processus 0x20F4 chemin d’accès de l’exécutable \Device\HarddiskVolume5\Windows\System32\svchost.exe, SERVICE LOCAL  utilisateur
Information	07/10/2025 12:18:27	Microsoft-Windows-HttpService	113	HTTP Configuration Property Trace Task	Tentative d’ajout de l’URL (http://*:2869/upnp/eventing/) au groupe d’URL (0xFE00000A2000001A). État : 0x0. ID de processus 0x20F4 \Device\HarddiskVolume5\Windows\System32\svchost.exe de chemin d’accès de l’exécutable, SERVICE LOCAL  utilisateur
Information	07/10/2025 12:17:55	Microsoft-Windows-HttpService	114	HTTP Configuration Property Trace Task	URL (http://*:2869/upnp/eventing/) supprimée du groupe d’URL (0xFF00000420000013). ID de processus 0x20F4 chemin d’accès de l’exécutable \Device\HarddiskVolume5\Windows\System32\svchost.exe, SERVICE LOCAL  utilisateur
Information	07/10/2025 12:17:55	Microsoft-Windows-HttpService	113	HTTP Configuration Property Trace Task	Tentative d’ajout de l’URL (http://*:2869/upnp/eventing/) au groupe d’URL (0xFF00000420000013). État : 0x0. ID de processus 0x20F4 \Device\HarddiskVolume5\Windows\System32\svchost.exe de chemin d’accès de l’exécutable, SERVICE LOCAL  utilisateur
Information	07/10/2025 12:17:26	Microsoft-Windows-HttpService	114	HTTP Configuration Property Trace Task	URL (http://*:2869/upnp/eventing/) supprimée du groupe d’URL (0xFF00000820000024). ID de processus 0x20F4 chemin d’accès de l’exécutable \Device\HarddiskVolume5\Windows\System32\svchost.exe, SERVICE LOCAL  utilisateur
Information	07/10/2025 12:17:26	Microsoft-Windows-HttpService	113	HTTP Configuration Property Trace Task	Tentative d’ajout de l’URL (http://*:2869/upnp/eventing/) au groupe d’URL (0xFF00000820000024). État : 0x0. ID de processus 0x20F4 \Device\HarddiskVolume5\Windows\System32\svchost.exe de chemin d’accès de l’exécutable, SERVICE LOCAL  utilisateur
Information	07/10/2025 12:17:01	Microsoft-Windows-HttpService	114	HTTP Configuration Property Trace Task	URL (http://*:2869/upnp/eventing/) supprimée du groupe d’URL (0xFE00000520000011). ID de processus 0x20F4 chemin d’accès de l’exécutable \Device\HarddiskVolume5\Windows\System32\svchost.exe, SERVICE LOCAL  utilisateur
Information	07/10/2025 12:17:01	Microsoft-Windows-HttpService	113	HTTP Configuration Property Trace Task	Tentative d’ajout de l’URL (http://*:2869/upnp/eventing/) au groupe d’URL (0xFE00000520000011). État : 0x0. ID de processus 0x20F4 \Device\HarddiskVolume5\Windows\System32\svchost.exe de chemin d’accès de l’exécutable, SERVICE LOCAL  utilisateur
Information	07/10/2025 12:16:41	Microsoft-Windows-HttpService	114	HTTP Configuration Property Trace Task	URL (http://*:2869/upnp/eventing/) supprimée du groupe d’URL (0xFF00000420000012). ID de processus 0x20F4 chemin d’accès de l’exécutable \Device\HarddiskVolume5\Windows\System32\svchost.exe, SERVICE LOCAL  utilisateur
Information	07/10/2025 12:16:41	Microsoft-Windows-HttpService	113	HTTP Configuration Property Trace Task	Tentative d’ajout de l’URL (http://*:2869/upnp/eventing/) au groupe d’URL (0xFF00000420000012). État : 0x0. ID de processus 0x20F4 \Device\HarddiskVolume5\Windows\System32\svchost.exe de chemin d’accès de l’exécutable, SERVICE LOCAL  utilisateur
Information	07/10/2025 12:16:25	Microsoft-Windows-HttpService	114	HTTP Configuration Property Trace Task	URL (http://*:2869/upnp/eventing/) supprimée du groupe d’URL (0xFE00000520000010). ID de processus 0x20F4 chemin d’accès de l’exécutable \Device\HarddiskVolume5\Windows\System32\svchost.exe, SERVICE LOCAL  utilisateur
Information	07/10/2025 12:16:25	Microsoft-Windows-HttpService	113	HTTP Configuration Property Trace Task	Tentative d’ajout de l’URL (http://*:2869/upnp/eventing/) au groupe d’URL (0xFE00000520000010). État : 0x0. ID de processus 0x20F4 \Device\HarddiskVolume5\Windows\System32\svchost.exe de chemin d’accès de l’exécutable, SERVICE LOCAL  utilisateur
Information	07/10/2025 12:16:09	Microsoft-Windows-HttpService	114	HTTP Configuration Property Trace Task	URL (http://*:2869/upnp/eventing/) supprimée du groupe d’URL (0xFF00000820000023). ID de processus 0x20F4 chemin d’accès de l’exécutable \Device\HarddiskVolume5\Windows\System32\svchost.exe, SERVICE LOCAL  utilisateur
Information	07/10/2025 12:16:09	Microsoft-Windows-HttpService	113	HTTP Configuration Property Trace Task	Tentative d’ajout de l’URL (http://*:2869/upnp/eventing/) au groupe d’URL (0xFF00000820000023). État : 0x0. ID de processus 0x20F4 \Device\HarddiskVolume5\Windows\System32\svchost.exe de chemin d’accès de l’exécutable, SERVICE LOCAL  utilisateur
Information	07/10/2025 12:15:26	Volsnap	33	Aucun	L’ancien cliché instantané du volume C: a été abandonné pour conserver l’utilisation d’espace disque pour les clichés instantanés de volume C: sous la limite définie par l’utilisateur.
Information	07/10/2025 12:00:00	EventLog	6013	Aucun	La durée active du système est de 530282 secondes.
Information	07/10/2025 11:59:59	EventLog	6013	Aucun	La durée active du système est de 530281 secondes.
Avertissement	07/10/2025 11:36:39	Microsoft-Windows-DistributedCOM	10016	Aucun	"Les paramètres d’autorisation propres à l’application n’accordent pas l’autorisation Local Activation pour l’application serveur COM avec le CLSID 
{B52D54BB-4818-4EB9-AA80-F9EACD371DF8}
 et l’APPID 
{9E175B9C-F52A-11D8-B9A5-505054503030}
 au SID DESKTOP-5P6VHHK\Perceval de l’utilisateur (S-1-5-21-279605357-448217104-2738636231-1001) depuis l’adresse LocalHost (avec LRPC) s’exécutant dans le SID Non disponible du conteneur d’applications (Non disponible). Cette autorisation de sécurité peut être modifiée à l’aide de l’outil d’administration Services de composants."
Information	07/10/2025 11:36:00	Volsnap	33	Aucun	L’ancien cliché instantané du volume C: a été abandonné pour conserver l’utilisation d’espace disque pour les clichés instantanés de volume C: sous la limite définie par l’utilisateur.
Erreur	07/10/2025 11:18:57	Microsoft-Windows-WindowsUpdateClient	20	Agent de mise à jour automatique Windows Update	Échec de l’installation : l’installation de la mise à jour suivante a échoue avec l’erreur 0x80073D02 : 9MV0B5HZVK9Z-Microsoft.GamingApp.
Erreur	07/10/2025 11:18:57	Microsoft-Windows-WindowsUpdateClient	20	Agent de mise à jour automatique Windows Update	Échec de l’installation : l’installation de la mise à jour suivante a échoue avec l’erreur 0x80073D02 : 9NKSQGP7F2NH-5319275A.WhatsAppDesktop.
Information	07/10/2025 11:18:57	Microsoft-Windows-WindowsUpdateClient	43	Agent de mise à jour automatique Windows Update	Installation démarrée : Windows a commencé l'installation de la mise à jour suivante : 9MV0B5HZVK9Z-Microsoft.GamingApp
Information	07/10/2025 11:18:57	Microsoft-Windows-WindowsUpdateClient	43	Agent de mise à jour automatique Windows Update	Installation démarrée : Windows a commencé l'installation de la mise à jour suivante : 9NKSQGP7F2NH-5319275A.WhatsAppDesktop
Information	07/10/2025 11:18:56	Microsoft-Windows-Kernel-General	16	Aucun	L’historique des accès de la ruche \??\C:\ProgramData\Microsoft\Windows\AppRepository\Packages\Microsoft.GamingApp_2509.1001.15.0_x64__8wekyb3d8bbwe\ActivationStore.dat a été effacé, mettant à jour 0 clés et créant 0 pages modifiées.
Information	07/10/2025 11:18:56	Microsoft-Windows-WindowsUpdateClient	19	Agent de mise à jour automatique Windows Update	Installation réussie : Windows a installé la mise à jour suivante : 9PCFS5B6T72H-Microsoft.Paint
